#
# A fatal error has been detected by the Java Runtime Environment:
#
#  EXCEPTION_ACCESS_VIOLATION (0xc0000005) at pc=0x00000000032374d7, pid=360, tid=4512
#
# JRE version: Java(TM) SE Runtime Environment (8.0_51-b16) (build 1.8.0_51-b16)
# Java VM: Java HotSpot(TM) 64-Bit Server VM (25.51-b03 mixed mode windows-amd64 compressed oops)
# Problematic frame:
# J 3065 C1 com.sun.prism.impl.ps.BaseShaderGraphics.renderGeneralRoundedRect(FFFFFFLcom/sun/prism/impl/ps/BaseShaderContext$MaskType;Lcom/sun/prism/BasicStroke;)V (388 bytes) @ 0x00000000032374d7 [0x00000000032365c0+0xf17]
#
# Failed to write core dump. Minidumps are not enabled by default on client versions of Windows
#
# If you would like to submit a bug report, please visit:
#   http://bugreport.java.com/bugreport/crash.jsp
#

---------------  T H R E A D  ---------------

Current thread (0x000000001eb86000):  JavaThread "QuantumRenderer-0" daemon [_thread_in_Java, id=4512, stack(0x000000001f470000,0x000000001f570000)]

siginfo: ExceptionCode=0xc0000005, reading address 0xffffffffffffffff

Registers:
RAX=0x0000000000000001, RBX=0x00000000000002f0, RCX=0x000000076b9a8288, RDX=0x000000076b9a8288
RSP=0x000000001f56c600, RBP=0x000000001f56c7b0, RSI=0x00000006c065fe08, RDI=0x000000002501ef00
R8 =0x000000076b9a8288, R9 =0x00000006c0c59e40, R10=0x000000005e82bba0, R11=0x00000000032365e0
R12=0x0000000000000000, R13=0x000000001f56c728, R14=0x000000001f56c7f8, R15=0x000000001eb86000
RIP=0x00000000032374d7, EFLAGS=0x0000000000010202

Top of Stack: (sp=0x000000001f56c600)
0x000000001f56c600:   000000001bd46fb8 000007fe24fe4c80
0x000000001f56c610:   000000001f68b7e8 000007fee5a95cc0
0x000000001f56c620:   0000000024fcf260 000000e91bd5a690
0x000000001f56c630:   0000000024f60e90 000007fe24f41910
0x000000001f56c640:   000000001f68b7e8 0000000000000000
0x000000001f56c650:   0000000024fb7198 0000005000000006
0x000000001f56c660:   0000000000000000 000007fee59ae4dd
0x000000001f56c670:   000000001f73bf80 0000000000000000
0x000000001f56c680:   0000000024fcf280 0000000024fd94e0
0x000000001f56c690:   000000001beff948 0000000024f98f50
0x000000001f56c6a0:   0000000024ef7580 000007fe1bea6568
0x000000001f56c6b0:   0000000024f4c930 000007fe24f4c8b0
0x000000001f56c6c0:   000000001f716420 000000001f56c800
0x000000001f56c6d0:   000000001f7133a4 000000001f56c810
0x000000001f56c6e0:   000000000000000c 000007fee593321c
0x000000001f56c6f0:   000000010000000c 0000000002d209b0 

Instructions: (pc=0x00000000032374d7)
0x00000000032374b7:   da 5e e7 c5 f8 28 fd c5 c2 5e fe 4c 8b c2 48 bf
0x00000000032374c7:   00 ef 01 25 00 00 00 00 48 83 87 48 04 00 00 01
0x00000000032374d7:   c5 f8 28 70 c4 c1 78 28 c4 c5 78 28 e1 c4 c1 78
0x00000000032374e7:   28 c9 c5 78 28 ca c4 c1 78 28 d7 c5 78 28 fb c4 


Register to memory mapping:

RAX=0x0000000000000001 is an unknown value
RBX=0x00000000000002f0 is an unknown value
RCX=0x000000076b9a8288 is an oop
com.sun.prism.d3d.D3DGraphics 
 - klass: 'com/sun/prism/d3d/D3DGraphics'
RDX=0x000000076b9a8288 is an oop
com.sun.prism.d3d.D3DGraphics 
 - klass: 'com/sun/prism/d3d/D3DGraphics'
RSP=0x000000001f56c600 is pointing into the stack for thread: 0x000000001eb86000
RBP=0x000000001f56c7b0 is pointing into the stack for thread: 0x000000001eb86000
RSI=0x00000006c065fe08 is an oop
com.sun.javafx.geom.transform.Identity 
 - klass: 'com/sun/javafx/geom/transform/Identity'
RDI=0x000000002501ef00 is pointing into metadata
R8 =0x000000076b9a8288 is an oop
com.sun.prism.d3d.D3DGraphics 
 - klass: 'com/sun/prism/d3d/D3DGraphics'
R9 =0x00000006c0c59e40 is an oop
com.sun.prism.impl.ps.BaseShaderContext$MaskType 
 - klass: 'com/sun/prism/impl/ps/BaseShaderContext$MaskType'
R10=0x000000005e82bba0 is an unknown value
R11=0x00000000032365e0 is at entry_point+32 in (nmethod*)0x0000000003236390
R12=0x0000000000000000 is an unknown value
R13=0x000000001f56c728 is pointing into the stack for thread: 0x000000001eb86000
R14=0x000000001f56c7f8 is pointing into the stack for thread: 0x000000001eb86000
R15=0x000000001eb86000 is a thread


Stack: [0x000000001f470000,0x000000001f570000],  sp=0x000000001f56c600,  free space=1009k
Native frames: (J=compiled Java code, j=interpreted, Vv=VM code, C=native code)
C  0x00000000032374d7


---------------  P R O C E S S  ---------------

Java Threads: ( => current thread )
  0x000000001eba8000 JavaThread "Prism Font Disposer" daemon [_thread_blocked, id=3296, stack(0x0000000022f00000,0x0000000023000000)]
  0x000000001eba7000 JavaThread "Thread-3" daemon [_thread_in_native, id=4088, stack(0x0000000020cf0000,0x0000000020df0000)]
  0x000000001eba6800 JavaThread "JavaFX-Launcher" [_thread_blocked, id=1604, stack(0x0000000020f30000,0x0000000021030000)]
  0x000000001eba5800 JavaThread "JavaFX Application Thread" [_thread_in_native, id=3780, stack(0x000000001f9f0000,0x000000001faf0000)]
  0x000000001eba5000 JavaThread "Thread-1" daemon [_thread_blocked, id=4064, stack(0x000000001f7d0000,0x000000001f8d0000)]
=>0x000000001eb86000 JavaThread "QuantumRenderer-0" daemon [_thread_in_Java, id=4512, stack(0x000000001f470000,0x000000001f570000)]
  0x000000001dd7c800 JavaThread "Service Thread" daemon [_thread_blocked, id=1316, stack(0x000000001e8f0000,0x000000001e9f0000)]
  0x000000001dcfb800 JavaThread "C1 CompilerThread2" daemon [_thread_blocked, id=3344, stack(0x000000001e550000,0x000000001e650000)]
  0x000000001dcf9800 JavaThread "C2 CompilerThread1" daemon [_thread_blocked, id=4312, stack(0x000000001e770000,0x000000001e870000)]
  0x000000001dcf5800 JavaThread "C2 CompilerThread0" daemon [_thread_blocked, id=2604, stack(0x000000001e670000,0x000000001e770000)]
  0x000000001dcf0800 JavaThread "Attach Listener" daemon [_thread_blocked, id=5976, stack(0x000000001e3d0000,0x000000001e4d0000)]
  0x000000001dcef800 JavaThread "Signal Dispatcher" daemon [_thread_blocked, id=1660, stack(0x000000001e1a0000,0x000000001e2a0000)]
  0x000000001c3a4800 JavaThread "Finalizer" daemon [_thread_blocked, id=6564, stack(0x000000001dba0000,0x000000001dca0000)]
  0x000000001c39c800 JavaThread "Reference Handler" daemon [_thread_blocked, id=4632, stack(0x000000001da90000,0x000000001db90000)]
  0x000000000034e800 JavaThread "main" [_thread_blocked, id=3952, stack(0x0000000002520000,0x0000000002620000)]

Other Threads:
  0x000000001c396800 VMThread [stack: 0x000000001d900000,0x000000001da00000] [id=3328]
  0x000000001dd80800 WatcherThread [stack: 0x000000001ea00000,0x000000001eb00000] [id=6632]

VM state:not at safepoint (normal execution)

VM Mutex/Monitor currently owned by a thread: None

Heap:
 PSYoungGen      total 76288K, used 14572K [0x000000076ad00000, 0x0000000770200000, 0x00000007c0000000)
  eden space 65536K, 22% used [0x000000076ad00000,0x000000076bb3b1d0,0x000000076ed00000)
  from space 10752K, 0% used [0x000000076ed00000,0x000000076ed00000,0x000000076f780000)
  to   space 10752K, 0% used [0x000000076f780000,0x000000076f780000,0x0000000770200000)
 ParOldGen       total 123904K, used 7715K [0x00000006c0600000, 0x00000006c7f00000, 0x000000076ad00000)
  object space 123904K, 6% used [0x00000006c0600000,0x00000006c0d88c48,0x00000006c7f00000)
 Metaspace       used 21906K, capacity 23188K, committed 23424K, reserved 1069056K
  class space    used 3107K, capacity 3363K, committed 3456K, reserved 1048576K

Card table byte_map: [0x0000000011cb0000,0x00000000124b0000] byte_map_base: 0x000000000e6ad000

Marking Bits: (ParMarkBitMap*) 0x000000005e844040
 Begin Bits: [0x00000000131e0000, 0x00000000171c8000)
 End Bits:   [0x00000000171c8000, 0x000000001b1b0000)

Polling page: 0x0000000000330000

CodeCache: size=245760Kb used=9572Kb max_used=9572Kb free=236188Kb
 bounds [0x00000000028f0000, 0x0000000003250000, 0x00000000118f0000]
 total_blobs=3764 nmethods=3078 adapters=598
 compilation: enabled

Compilation events (10 events):
Event: 5.931 Thread 0x000000001dcfb800 nmethod 3066 0x0000000003246250 code [0x00000000032463e0, 0x00000000032467e8]
Event: 5.931 Thread 0x000000001dcfb800 3067       3       com.sun.javafx.css.PseudoClassState::cast (21 bytes)
Event: 5.931 Thread 0x000000001dcfb800 nmethod 3067 0x0000000003246950 code [0x0000000003246ac0, 0x0000000003246e08]
Event: 5.932 Thread 0x000000001dcfb800 3068   !   3       com.sun.javafx.stage.StageHelper::getStages (34 bytes)
Event: 5.933 Thread 0x000000001dcfb800 nmethod 3068 0x0000000003246f10 code [0x0000000003247140, 0x0000000003247ef8]
Event: 5.933 Thread 0x000000001dcfb800 3069       3       javafx.stage.Stage$2::getStages (4 bytes)
Event: 5.933 Thread 0x000000001dcfb800 nmethod 3069 0x0000000003235c50 code [0x0000000003235dc0, 0x0000000003235f70]
Event: 5.933 Thread 0x000000001dcfb800 3070       3       javafx.stage.Stage::access$000 (4 bytes)
Event: 5.933 Thread 0x000000001dcfb800 nmethod 3070 0x0000000003248650 code [0x00000000032487a0, 0x00000000032488f0]
Event: 5.933 Thread 0x000000001dcfb800 3071       3       com.sun.javafx.sg.prism.NGNode::setTransformMatrix (280 bytes)

GC Heap History (4 events):
Event: 1.905 GC heap before
{Heap before GC invocations=1 (full 0):
 PSYoungGen      total 76288K, used 55086K [0x000000076ad00000, 0x0000000770200000, 0x00000007c0000000)
  eden space 65536K, 84% used [0x000000076ad00000,0x000000076e2cb8c0,0x000000076ed00000)
  from space 10752K, 0% used [0x000000076f780000,0x000000076f780000,0x0000000770200000)
  to   space 10752K, 0% used [0x000000076ed00000,0x000000076ed00000,0x000000076f780000)
 ParOldGen       total 175104K, used 0K [0x00000006c0600000, 0x00000006cb100000, 0x000000076ad00000)
  object space 175104K, 0% used [0x00000006c0600000,0x00000006c0600000,0x00000006cb100000)
 Metaspace       used 20144K, capacity 21258K, committed 21296K, reserved 1067008K
  class space    used 2943K, capacity 3162K, committed 3200K, reserved 1048576K
Event: 1.920 GC heap after
Heap after GC invocations=1 (full 0):
 PSYoungGen      total 76288K, used 7844K [0x000000076ad00000, 0x0000000770200000, 0x00000007c0000000)
  eden space 65536K, 0% used [0x000000076ad00000,0x000000076ad00000,0x000000076ed00000)
  from space 10752K, 72% used [0x000000076ed00000,0x000000076f4a93c0,0x000000076f780000)
  to   space 10752K, 0% used [0x000000076f780000,0x000000076f780000,0x0000000770200000)
 ParOldGen       total 175104K, used 88K [0x00000006c0600000, 0x00000006cb100000, 0x000000076ad00000)
  object space 175104K, 0% used [0x00000006c0600000,0x00000006c0616010,0x00000006cb100000)
 Metaspace       used 20144K, capacity 21258K, committed 21296K, reserved 1067008K
  class space    used 2943K, capacity 3162K, committed 3200K, reserved 1048576K
}
Event: 1.920 GC heap before
{Heap before GC invocations=2 (full 1):
 PSYoungGen      total 76288K, used 7844K [0x000000076ad00000, 0x0000000770200000, 0x00000007c0000000)
  eden space 65536K, 0% used [0x000000076ad00000,0x000000076ad00000,0x000000076ed00000)
  from space 10752K, 72% used [0x000000076ed00000,0x000000076f4a93c0,0x000000076f780000)
  to   space 10752K, 0% used [0x000000076f780000,0x000000076f780000,0x0000000770200000)
 ParOldGen       total 175104K, used 88K [0x00000006c0600000, 0x00000006cb100000, 0x000000076ad00000)
  object space 175104K, 0% used [0x00000006c0600000,0x00000006c0616010,0x00000006cb100000)
 Metaspace       used 20144K, capacity 21258K, committed 21296K, reserved 1067008K
  class space    used 2943K, capacity 3162K, committed 3200K, reserved 1048576K
Event: 1.968 GC heap after
Heap after GC invocations=2 (full 1):
 PSYoungGen      total 76288K, used 0K [0x000000076ad00000, 0x0000000770200000, 0x00000007c0000000)
  eden space 65536K, 0% used [0x000000076ad00000,0x000000076ad00000,0x000000076ed00000)
  from space 10752K, 0% used [0x000000076ed00000,0x000000076ed00000,0x000000076f780000)
  to   space 10752K, 0% used [0x000000076f780000,0x000000076f780000,0x0000000770200000)
 ParOldGen       total 123904K, used 7715K [0x00000006c0600000, 0x00000006c7f00000, 0x000000076ad00000)
  object space 123904K, 6% used [0x00000006c0600000,0x00000006c0d88c48,0x00000006c7f00000)
 Metaspace       used 20144K, capacity 21258K, committed 21296K, reserved 1067008K
  class space    used 2943K, capacity 3162K, committed 3200K, reserved 1048576K
}

Deoptimization events (10 events):
Event: 3.019 Thread 0x000000001eba5800 Uncommon trap: reason=bimorphic action=maybe_recompile pc=0x0000000002f775d0 method=javafx.scene.Node.impl_geomChanged()V @ 33
Event: 3.756 Thread 0x000000001eba5800 Uncommon trap: reason=unstable_if action=reinterpret pc=0x0000000002dd6ab8 method=jdk.internal.org.objectweb.asm.Type.getArgumentsAndReturnSizes(Ljava/lang/String;)I @ 47
Event: 3.875 Thread 0x000000001eba5800 Uncommon trap: reason=unstable_if action=reinterpret pc=0x0000000002f9e22c method=com.sun.javafx.css.StyleManager$CacheContainer.getStyleMap(I)Lcom/sun/javafx/css/StyleMap; @ 22
Event: 3.875 Thread 0x000000001eba5800 Uncommon trap: reason=unstable_if action=reinterpret pc=0x0000000002eb789c method=com.sun.javafx.css.StyleManager$CacheContainer.getStyleMap(I)Lcom/sun/javafx/css/StyleMap; @ 22
Event: 3.889 Thread 0x000000001eba5800 Uncommon trap: reason=unstable_if action=reinterpret pc=0x0000000002db25ac method=com.sun.javafx.css.BitSet.add(Ljava/lang/Object;)Z @ 91
Event: 3.918 Thread 0x000000001eba5800 Uncommon trap: reason=class_check action=maybe_recompile pc=0x0000000003036884 method=javafx.scene.Node.updateLocalToParentTransform()V @ 11
Event: 3.918 Thread 0x000000001eba5800 Uncommon trap: reason=class_check action=maybe_recompile pc=0x0000000003036884 method=javafx.scene.Node.updateLocalToParentTransform()V @ 11
Event: 3.918 Thread 0x000000001eba5800 Uncommon trap: reason=class_check action=maybe_recompile pc=0x0000000003036884 method=javafx.scene.Node.updateLocalToParentTransform()V @ 11
Event: 3.919 Thread 0x000000001eba5800 Uncommon trap: reason=class_check action=maybe_recompile pc=0x0000000003036884 method=javafx.scene.Node.updateLocalToParentTransform()V @ 11
Event: 5.822 Thread 0x000000001eb86000 Uncommon trap: reason=unstable_if action=reinterpret pc=0x00000000031879f8 method=java.lang.Math.round(F)I @ 23

Internal exceptions (10 events):
Event: 0.564 Thread 0x000000001eba5800 Exception <a 'java/lang/ArrayIndexOutOfBoundsException': 57> (0x000000076c05dd08) thrown at [C:\re\workspace\8-2-build-windows-amd64-cygwin\jdk8u51\3951\hotspot\src\share\vm\interpreter\interpreterRuntime.cpp, line 366]
Event: 0.564 Thread 0x000000001eba5800 Exception <a 'java/lang/ArrayIndexOutOfBoundsException': 18> (0x000000076c05ead0) thrown at [C:\re\workspace\8-2-build-windows-amd64-cygwin\jdk8u51\3951\hotspot\src\share\vm\interpreter\interpreterRuntime.cpp, line 366]
Event: 0.565 Thread 0x000000001eba5800 Exception <a 'java/lang/ArrayIndexOutOfBoundsException': 86> (0x000000076c05fdc8) thrown at [C:\re\workspace\8-2-build-windows-amd64-cygwin\jdk8u51\3951\hotspot\src\share\vm\interpreter\interpreterRuntime.cpp, line 366]
Event: 0.573 Thread 0x000000001eba5800 Exception <a 'java/lang/ArrayIndexOutOfBoundsException'> (0x000000076c0b6370) thrown at [C:\re\workspace\8-2-build-windows-amd64-cygwin\jdk8u51\3951\hotspot\src\share\vm\runtime\sharedRuntime.cpp, line 605]
Event: 0.790 Thread 0x000000001eba5800 Exception <a 'java/lang/ArrayIndexOutOfBoundsException'> (0x000000076c92a0c8) thrown at [C:\re\workspace\8-2-build-windows-amd64-cygwin\jdk8u51\3951\hotspot\src\share\vm\runtime\sharedRuntime.cpp, line 605]
Event: 0.795 Thread 0x000000001eba5800 Exception <a 'java/lang/ArrayIndexOutOfBoundsException'> (0x000000076c974888) thrown at [C:\re\workspace\8-2-build-windows-amd64-cygwin\jdk8u51\3951\hotspot\src\share\vm\runtime\sharedRuntime.cpp, line 605]
Event: 0.953 Thread 0x000000001eba5800 Implicit null exception at 0x0000000002b82716 to 0x0000000002b82a2d
Event: 1.139 Thread 0x000000001eba5800 Implicit null exception at 0x0000000002bbcb75 to 0x0000000002bbcd65
Event: 1.139 Thread 0x000000001eba5800 Implicit null exception at 0x0000000002c75458 to 0x0000000002c754e6
Event: 1.249 Thread 0x000000001eba5800 Exception <a 'java/lang/NoSuchMethodError': com.sun.javafx.scene.traversal.TraversalEngine.<init>(Ljavafx/scene/Parent;Z)V> (0x000000076d504a40) thrown at [C:\re\workspace\8-2-build-windows-amd64-cygwin\jdk8u51\3951\hotspot\src\share\vm\interpreter\linkRes¡¢J`<	‚?

Events (10 events):
Event: 5.752 loading class com/sun/glass/ui/ClipboardAssistance done
Event: 5.752 loading class com/sun/javafx/tk/quantum/GlassViewEventHandler
Event: 5.752 loading class com/sun/javafx/tk/quantum/GlassViewEventHandler done
Event: 5.753 loading class com/sun/glass/ui/ClipboardAssistance
Event: 5.753 loading class com/sun/glass/ui/ClipboardAssistance done
Event: 5.754 loading class com/sun/javafx/tk/quantum/GlassSceneDnDEventHandler
Event: 5.754 loading class com/sun/javafx/tk/quantum/GlassSceneDnDEventHandler done
Event: 5.822 Thread 0x000000001eb86000 Uncommon trap: trap_request=0xffffff65 fr.pc=0x00000000031879f8
Event: 5.822 Thread 0x000000001eb86000 DEOPT PACKING pc=0x00000000031879f8 sp=0x000000001f56c320
Event: 5.822 Thread 0x000000001eb86000 DEOPT UNPACKING pc=0x000000000293582a sp=0x000000001f56c2a8 mode 2


Dynamic libraries:
0x000000013f670000 - 0x000000013f6a7000 	C:\Program Files\Java\jdk1.8.0_51\jre\bin\java.exe
0x00000000773a0000 - 0x0000000077549000 	C:\Windows\SYSTEM32\ntdll.dll
0x0000000077180000 - 0x000000007729f000 	C:\Windows\system32\kernel32.dll
0x000007fefd410000 - 0x000007fefd47c000 	C:\Windows\system32\KERNELBASE.dll
0x000007feff150000 - 0x000007feff22b000 	C:\Windows\system32\ADVAPI32.dll
0x000007fefd6a0000 - 0x000007fefd73f000 	C:\Windows\system32\msvcrt.dll
0x000007fefefa0000 - 0x000007fefefbf000 	C:\Windows\SYSTEM32\sechost.dll
0x000007fefd570000 - 0x000007fefd69d000 	C:\Windows\system32\RPCRT4.dll
0x00000000772a0000 - 0x000000007739a000 	C:\Windows\system32\USER32.dll
0x000007feff5f0000 - 0x000007feff657000 	C:\Windows\system32\GDI32.dll
0x000007fefd560000 - 0x000007fefd56e000 	C:\Windows\system32\LPK.dll
0x000007feff520000 - 0x000007feff5ea000 	C:\Windows\system32\USP10.dll
0x000007fefbbe0000 - 0x000007fefbdd4000 	C:\Windows\WinSxS\amd64_microsoft.windows.common-controls_6595b64144ccf1df_6.0.7601.18837_none_fa3b1e3d17594757\COMCTL32.dll
0x000007fefd8d0000 - 0x000007fefd941000 	C:\Windows\system32\SHLWAPI.dll
0x000007fefefc0000 - 0x000007fefefee000 	C:\Windows\system32\IMM32.DLL
0x000007feff230000 - 0x000007feff339000 	C:\Windows\system32\MSCTF.dll
0x0000000064c90000 - 0x0000000064d62000 	C:\Program Files\Java\jdk1.8.0_51\jre\bin\msvcr100.dll
0x000000005e040000 - 0x000000005e8c3000 	C:\Program Files\Java\jdk1.8.0_51\jre\bin\server\jvm.dll
0x000007fef4300000 - 0x000007fef4309000 	C:\Windows\system32\WSOCK32.dll
0x000007feff660000 - 0x000007feff6ad000 	C:\Windows\system32\WS2_32.dll
0x000007fefd9f0000 - 0x000007fefd9f8000 	C:\Windows\system32\NSI.dll
0x000007fefaca0000 - 0x000007fefacdb000 	C:\Windows\system32\WINMM.dll
0x000007fefcaa0000 - 0x000007fefcaac000 	C:\Windows\system32\VERSION.dll
0x0000000077560000 - 0x0000000077567000 	C:\Windows\system32\PSAPI.DLL
0x0000000073d10000 - 0x0000000073d1f000 	C:\Program Files\Java\jdk1.8.0_51\jre\bin\verify.dll
0x000000006c440000 - 0x000000006c469000 	C:\Program Files\Java\jdk1.8.0_51\jre\bin\java.dll
0x0000000073cf0000 - 0x0000000073d06000 	C:\Program Files\Java\jdk1.8.0_51\jre\bin\zip.dll
0x000007fefe000000 - 0x000007fefed89000 	C:\Windows\system32\SHELL32.dll
0x000007fefed90000 - 0x000007fefef93000 	C:\Windows\system32\ole32.dll
0x000007fefd150000 - 0x000007fefd15f000 	C:\Windows\system32\profapi.dll
0x0000000064c30000 - 0x0000000064c5c000 	C:\Program Files\Java\jdk1.8.0_51\jre\bin\prism_d3d.dll
0x000007fee5910000 - 0x000007fee5b0f000 	C:\Windows\system32\d3d9.dll
0x000007fee58e0000 - 0x000007fee58e7000 	C:\Windows\system32\d3d8thk.dll
0x000007fefc150000 - 0x000007fefc168000 	C:\Windows\system32\dwmapi.dll
0x000007fefc900000 - 0x000007fefc956000 	C:\Windows\system32\uxtheme.dll
0x000007fee2f10000 - 0x000007fee3e09000 	C:\Windows\system32\nvd3dumx.dll
0x0000000180000000 - 0x00000001801a7000 	C:\Windows\system32\nvspcap64.dll
0x000007fefeff0000 - 0x000007feff0c7000 	C:\Windows\system32\OLEAUT32.dll
0x000007feff340000 - 0x000007feff517000 	C:\Windows\system32\SETUPAPI.dll
0x000007fefd4b0000 - 0x000007fefd4e6000 	C:\Windows\system32\CFGMGR32.dll
0x000007fefd1a0000 - 0x000007fefd1ba000 	C:\Windows\system32\DEVOBJ.dll
0x000007fef2720000 - 0x000007fef2791000 	C:\Windows\system32\WINHTTP.dll
0x000007fef26b0000 - 0x000007fef2714000 	C:\Windows\system32\webio.dll
0x000007fef9dc0000 - 0x000007fefa153000 	C:\Windows\system32\nvapi64.dll
0x000007fefcf10000 - 0x000007fefcf35000 	C:\Windows\system32\SspiCli.dll
0x0000000064be0000 - 0x0000000064c21000 	C:\Program Files\Java\jdk1.8.0_51\jre\bin\glass.dll
0x000007fefd950000 - 0x000007fefd9e7000 	C:\Windows\system32\COMDLG32.dll
0x000007fefcfe0000 - 0x000007fefcfef000 	C:\Windows\system32\CRYPTBASE.dll
0x000007fefb2a0000 - 0x000007fefb2cc000 	C:\Windows\system32\powrprof.dll
0x000007fef6250000 - 0x000007fef6330000 	C:\Program Files (x86)\NVIDIA Corporation\3D Vision\nvSCPAPI64.dll
0x00000000645e0000 - 0x00000000645f5000 	C:\Program Files\Java\jdk1.8.0_51\jre\bin\javafx_font.dll
0x000007fee9590000 - 0x000007fee9727000 	C:\Windows\system32\dwrite.dll
0x0000000068f20000 - 0x0000000068f3a000 	C:\Program Files\Java\jdk1.8.0_51\jre\bin\net.dll
0x000007fefc5e0000 - 0x000007fefc635000 	C:\Windows\system32\mswsock.dll
0x000007fefc5d0000 - 0x000007fefc5d7000 	C:\Windows\System32\wship6.dll
0x000007fefcab0000 - 0x000007fefcab7000 	C:\Windows\System32\wshtcpip.dll
0x000007fefc460000 - 0x000007fefc4bb000 	C:\Windows\system32\DNSAPI.dll
0x0000000073b10000 - 0x0000000073b36000 	C:\Program Files\Bonjour\mdnsNSP.dll
0x000007fefa2e0000 - 0x000007fefa307000 	C:\Windows\system32\Iphlpapi.DLL
0x000007fefa2d0000 - 0x000007fefa2db000 	C:\Windows\system32\WINNSI.DLL
0x000007fef91f0000 - 0x000007fef91f8000 	C:\Windows\system32\rasadhlp.dll
0x000007fef9960000 - 0x000007fef99b3000 	C:\Windows\System32\fwpuclnt.dll
0x000007fefdc90000 - 0x000007fefdd29000 	C:\Windows\system32\CLBCatQ.DLL
0x000007fefb380000 - 0x000007fefb4e1000 	C:\Windows\system32\WindowsCodecs.dll
0x000007fefcf40000 - 0x000007fefcf97000 	C:\Windows\system32\apphelp.dll
0x000007fef5c00000 - 0x000007fef5c3f000 	C:\Users\SISTEMAS\AppData\Local\Microsoft\SkyDrive\17.0.4023.1211\amd64\SkyDriveShell64.dll
0x000007fef4b40000 - 0x000007fef4be7000 	C:\Users\SISTEMAS\AppData\Local\Microsoft\SkyDrive\17.0.4023.1211\amd64\MSVCP110.dll
0x000007fef4a70000 - 0x000007fef4b3e000 	C:\Users\SISTEMAS\AppData\Local\Microsoft\SkyDrive\17.0.4023.1211\amd64\MSVCR110.dll
0x000007fefda00000 - 0x000007fefdc69000 	C:\Windows\system32\WININET.dll
0x000007fefd1e0000 - 0x000007fefd1e4000 	C:\Windows\system32\api-ms-win-downlevel-user32-l1-1-0.dll
0x000007fefd1d0000 - 0x000007fefd1d4000 	C:\Windows\system32\api-ms-win-downlevel-shlwapi-l1-1-0.dll
0x000007fefd1c0000 - 0x000007fefd1c4000 	C:\Windows\system32\api-ms-win-downlevel-version-l1-1-0.dll
0x000007fefd400000 - 0x000007fefd403000 	C:\Windows\system32\api-ms-win-downlevel-normaliz-l1-1-0.dll
0x0000000077570000 - 0x0000000077573000 	C:\Windows\system32\normaliz.DLL
0x000007fefdd30000 - 0x000007fefdff8000 	C:\Windows\system32\iertutil.dll
0x000007fefd480000 - 0x000007fefd485000 	C:\Windows\system32\api-ms-win-downlevel-advapi32-l1-1-0.dll
0x000007fefd490000 - 0x000007fefd4ae000 	C:\Windows\system32\USERENV.dll
0x000007fef3fd0000 - 0x000007fef420f000 	C:\Program Files\Microsoft Office 15\root\VFS\ProgramFilesX64\Microsoft Office\Office15\GROOVEEX.DLL
0x000000006c530000 - 0x000000006c5c8000 	C:\Program Files\Microsoft Office 15\root\VFS\ProgramFilesX64\Microsoft Office\Office15\MSVCP100.dll
0x000000006f330000 - 0x000000006f35b000 	C:\Program Files\Microsoft Office 15\root\VFS\ProgramFilesX64\Microsoft Office\Office15\ATL100.DLL
0x000007fef3cb0000 - 0x000007fef3fce000 	C:\Windows\system32\msi.dll
0x000007fee1800000 - 0x000007fee2088000 	C:\Program Files\Microsoft Office 15\root\VFS\ProgramFilesX64\Microsoft Office\Office15\3082\GrooveIntlResource.dll
0x000007fef4450000 - 0x000007fef44c6000 	C:\ProgramData\MEGAsync\ShellExtX64.dll
0x000007fef4a30000 - 0x000007fef4a65000 	C:\Windows\system32\EhStorShell.dll
0x000007fefb560000 - 0x000007fefb68c000 	C:\Windows\system32\PROPSYS.dll
0x000007fef43d0000 - 0x000007fef444e000 	C:\Windows\System32\cscui.dll
0x000007fef5bf0000 - 0x000007fef5bfc000 	C:\Windows\System32\CSCDLL.dll
0x000007feecc90000 - 0x000007feecc9f000 	C:\Windows\system32\CSCAPI.dll
0x000007fef9790000 - 0x000007fef97bd000 	C:\Program Files\Common Files\Microsoft Shared\Ink\rtscom.dll
0x00000000645c0000 - 0x00000000645d1000 	C:\Program Files\Java\jdk1.8.0_51\jre\bin\prism_common.dll
0x000007feecb60000 - 0x000007feecc85000 	C:\Windows\system32\dbghelp.dll

VM Arguments:
jvm_args: -Dfile.encoding=UTF-8 
java_command: D:\HACIENTO PROGRAMAS JAVA FX\PUNTOVENTAS\dist\run2039707813\PUNTOVENTAS.jar
java_class_path (initial): D:\HACIENTO PROGRAMAS JAVA FX\PUNTOVENTAS\dist\run2039707813\PUNTOVENTAS.jar
Launcher Type: SUN_STANDARD

Environment Variables:
JAVA_HOME=C:\Program Files (x86)\Java\jdk1.7.0_07
PATH=C:\ProgramData\Oracle\Java\javapath;C:\Program Files (x86)\AMD APP\bin\x86_64;C:\Windows\system32;C:\Windows;C:\Windows\System32\Wbem;C:\Windows\System32\WindowsPowerShell\v1.0\;C:\Program Files (x86)\ATI Technologies\ATI.ACE\Core-Static;C:\Program Files\Microsoft SQL Server\110\Tools\Binn\;C:\Program Files (x86)\Microsoft SQL Server\110\Tools\Binn\;C:\Program Files\Microsoft SQL Server\110\DTS\Binn\;C:\Program Files (x86)\Microsoft SQL Server\110\Tools\Binn\ManagementStudio\;C:\Program Files (x86)\Microsoft Visual Studio 10.0\Common7\IDE\PrivateAssemblies\;C:\Program Files (x86)\Microsoft SQL Server\110\DTS\Binn\;C:\Program Files\Microsoft SQL Server\120\Tools\Binn\;;C:\Program Files (x86)\NVIDIA Corporation\PhysX\Common;C:\Program Files (x86)\QuickTime\QTSystem\;C:\Program Files (x86)\MySQL\MySQL Fabric 1.5.4 & MySQL Utilities 1.5.4 1.5\;C:\Program Files (x86)\MySQL\MySQL Fabric 1.5.4 & MySQL Utilities 1.5.4 1.5\Doctrine extensions for PHP\;C:\Program Files (x86)\Java\jdk1.7.0_07\bin;C:\apache-tomcat-7.0.63\bin;C:\Program Files (x86)\Skype\Phone\;C:\Program Files (x86)\EasyFrom Inc\;
USERNAME=SISTEMAS
OS=Windows_NT
PROCESSOR_IDENTIFIER=AMD64 Family 21 Model 1 Stepping 2, AuthenticAMD



---------------  S Y S T E M  ---------------

OS: Windows 7 , 64 bit Build 7601 (6.1.7601.19110)

CPU:total 6 (6 cores per cpu, 1 threads per core) family 21 model 1 stepping 2, cmov, cx8, fxsr, mmx, sse, sse2, sse3, ssse3, sse4.1, sse4.2, popcnt, avx, aes, clmul, mmxext, 3dnowpref, lzcnt, sse4a, tsc, tscinvbit, tscinv

Memory: 4k page, physical 16746724k(10788504k free), swap 33491612k(26197648k free)

vm_info: Java HotSpot(TM) 64-Bit Server VM (25.51-b03) for windows-amd64 JRE (1.8.0_51-b16), built on Jun  8 2015 18:03:07 by "java_re" with MS VC++ 10.0 (VS2010)

time: Thu Apr 21 16:39:24 2016
elapsed time: 5 seconds (0d 0h 0m 5s)

