#
# A fatal error has been detected by the Java Runtime Environment:
#
#  EXCEPTION_ILLEGAL_INSTRUCTION (0xc000001d) at pc=0x00000000036a66d9, pid=6196, tid=7620
#
# JRE version: Java(TM) SE Runtime Environment (8.0_51-b16) (build 1.8.0_51-b16)
# Java VM: Java HotSpot(TM) 64-Bit Server VM (25.51-b03 mixed mode windows-amd64 compressed oops)
# Problematic frame:
# J 4473 C2 javafx.scene.CssStyleHelper$CacheContainer.<init>(Ljavafx/scene/Node;Lcom/sun/javafx/css/StyleMap;I)V (236 bytes) @ 0x00000000036a66d9 [0x00000000036a65e0+0xf9]
#
# Failed to write core dump. Minidumps are not enabled by default on client versions of Windows
#
# If you would like to submit a bug report, please visit:
#   http://bugreport.java.com/bugreport/crash.jsp
#

---------------  T H R E A D  ---------------

Current thread (0x000000001eb48000):  JavaThread "JavaFX Application Thread" [_thread_in_Java, id=7620, stack(0x000000001fd80000,0x000000001fe80000)]

siginfo: ExceptionCode=0xc000001d

Registers:
RAX=0x000000076e2e0798, RBX=0x000000001c1772d8, RCX=0x0000000000000000, RDX=0x000000076e541418
RSP=0x000000001fe7c160, RBP=0x000000076e542e08, RSI=0x0000000000000007, RDI=0x000000076e542e38
R8 =0x0000000000000000, R9 =0x000000076e3ac7d0, R10=0x00000007c00d9a40, R11=0x0000000000000007
R12=0x0000000000000000, R13=0x000000076e3b52e0, R14=0x00000000edc76a5c, R15=0x000000001eb48000
RIP=0x00000000036a66d9, EFLAGS=0x0000000000010206

Top of Stack: (sp=0x000000001fe7c160)
0x000000001fe7c160:   000000076e3b52e0 0000000000000000
0x000000001fe7c170:   0000000000000000 00000007c0112968
0x000000001fe7c180:   000000076e542e18 000000076e541418
0x000000001fe7c190:   000000076e542de0 000000076e541418
0x000000001fe7c1a0:   0000000000000007 000000076e542e08
0x000000001fe7c1b0:   0000000021a161e0 000000076e542de0
0x000000001fe7c1c0:   0000000000000000 00000000036a6600
0x000000001fe7c1d0:   000000076e1b9620 0000000000000206
0x000000001fe7c1e0:   000000001fe7cae8 00000000034aac94
0x000000001fe7c1f0:   000000001fe7c690 000000000348664c
0x000000001fe7c200:   000000001fe7cae8 0000000002b43f58
0x000000001fe7c210:   00000006c1995448 000000000000060a
0x000000001fe7c220:   000000076e542470 000000076e476240
0x000000001fe7c230:   000000076e4c66e8 00000000034c2321
0x000000001fe7c240:   00000007c00b70b0 0000000000000000
0x000000001fe7c250:   0000000000000000 0000000000000000 

Instructions: (pc=0x00000000036a66d9)
0x00000000036a66b9:   4c 89 5c 24 48 66 66 90 48 b8 88 29 37 c0 07 00
0x00000000036a66c9:   00 00 e8 10 67 91 ff 44 8b 5c 24 40 41 83 fb 01
0x00000000036a66d9:   0f 0e d1 00 00 00 48 8b d0 33 ff b9 01 00 00 00
0x00000000036a66e9:   41 b9 01 00 00 00 41 b8 01 00 00 00 eb 56 66 0f 


Register to memory mapping:

RAX=0x000000076e2e0798 is an oop
javafx.scene.Group 
 - klass: 'javafx/scene/Group'
RBX={method} {0x000000001c1772e0} 'getStyleableParent' '()Ljavafx/css/Styleable;' in 'javafx/scene/Node'
RCX=0x0000000000000000 is an unknown value
RDX=0x000000076e541418 is an oop
javafx.scene.control.TableRow 
 - klass: 'javafx/scene/control/TableRow'
RSP=0x000000001fe7c160 is pointing into the stack for thread: 0x000000001eb48000
RBP=0x000000076e542e08 is an oop
[I 
 - klass: {type array int}
 - length: 7
RSI=0x0000000000000007 is an unknown value
RDI=0x000000076e542e38 is an oop

[error occurred during error reporting (printing register info), id 0xc0000005]

Stack: [0x000000001fd80000,0x000000001fe80000],  sp=0x000000001fe7c160,  free space=1008k
Native frames: (J=compiled Java code, j=interpreted, Vv=VM code, C=native code)
C  0x00000000036a66d9


---------------  P R O C E S S  ---------------

Java Threads: ( => current thread )
  0x000000001efba000 JavaThread "Prism Font Disposer" daemon [_thread_blocked, id=5376, stack(0x0000000023470000,0x0000000023570000)]
  0x000000001eb86800 JavaThread "Thread-3" daemon [_thread_in_native, id=4512, stack(0x00000000215f0000,0x00000000216f0000)]
  0x000000001eb74800 JavaThread "JavaFX-Launcher" [_thread_blocked, id=1252, stack(0x0000000021750000,0x0000000021850000)]
=>0x000000001eb48000 JavaThread "JavaFX Application Thread" [_thread_in_Java, id=7620, stack(0x000000001fd80000,0x000000001fe80000)]
  0x000000001eb45000 JavaThread "Thread-1" daemon [_thread_blocked, id=7612, stack(0x000000001fab0000,0x000000001fbb0000)]
  0x000000001eb1b800 JavaThread "QuantumRenderer-0" daemon [_thread_blocked, id=5832, stack(0x000000001f330000,0x000000001f430000)]
  0x000000001dec8000 JavaThread "Service Thread" daemon [_thread_blocked, id=8136, stack(0x000000001e800000,0x000000001e900000)]
  0x000000001de3f000 JavaThread "C1 CompilerThread2" daemon [_thread_blocked, id=5080, stack(0x000000001e6e0000,0x000000001e7e0000)]
  0x000000001de3d800 JavaThread "C2 CompilerThread1" daemon [_thread_blocked, id=4432, stack(0x000000001e540000,0x000000001e640000)]
  0x000000001de38000 JavaThread "C2 CompilerThread0" daemon [_thread_blocked, id=6284, stack(0x000000001e3a0000,0x000000001e4a0000)]
  0x000000001de36800 JavaThread "Attach Listener" daemon [_thread_blocked, id=232, stack(0x000000001da60000,0x000000001db60000)]
  0x000000001de35800 JavaThread "Signal Dispatcher" daemon [_thread_blocked, id=6376, stack(0x000000001e210000,0x000000001e310000)]
  0x000000001c559000 JavaThread "Finalizer" daemon [_thread_blocked, id=1984, stack(0x000000001dce0000,0x000000001dde0000)]
  0x000000001c551000 JavaThread "Reference Handler" daemon [_thread_blocked, id=7076, stack(0x000000001dba0000,0x000000001dca0000)]
  0x000000000033e800 JavaThread "main" [_thread_blocked, id=4556, stack(0x0000000002510000,0x0000000002610000)]

Other Threads:
  0x000000001c54b800 VMThread [stack: 0x000000001d8c0000,0x000000001d9c0000] [id=7984]
  0x000000001decc000 WatcherThread [stack: 0x000000001e990000,0x000000001ea90000] [id=2160]

VM state:not at safepoint (normal execution)

VM Mutex/Monitor currently owned by a thread: None

Heap:
 PSYoungGen      total 76288K, used 58611K [0x000000076ad00000, 0x0000000774200000, 0x00000007c0000000)
  eden space 65536K, 89% used [0x000000076ad00000,0x000000076e63cca0,0x000000076ed00000)
  from space 10752K, 0% used [0x000000076f780000,0x000000076f780000,0x0000000770200000)
  to   space 10752K, 0% used [0x000000076ed00000,0x000000076ed00000,0x000000076f780000)
 ParOldGen       total 111104K, used 22810K [0x00000006c0600000, 0x00000006c7280000, 0x000000076ad00000)
  object space 111104K, 20% used [0x00000006c0600000,0x00000006c1c46be0,0x00000006c7280000)
 Metaspace       used 24118K, capacity 25652K, committed 25728K, reserved 1071104K
  class space    used 3364K, capacity 3651K, committed 3712K, reserved 1048576K

Card table byte_map: [0x0000000011ca0000,0x00000000124a0000] byte_map_base: 0x000000000e69d000

Marking Bits: (ParMarkBitMap*) 0x000000005ffa4040
 Begin Bits: [0x0000000013390000, 0x0000000017378000)
 End Bits:   [0x0000000017378000, 0x000000001b360000)

Polling page: 0x0000000000130000

CodeCache: size=245760Kb used=14159Kb max_used=14201Kb free=231600Kb
 bounds [0x00000000028e0000, 0x00000000036d0000, 0x00000000118e0000]
 total_blobs=4931 nmethods=4236 adapters=606
 compilation: enabled

Compilation events (10 events):
Event: 48.888 Thread 0x000000001de3f000 4482       3       com.sun.javafx.scene.control.skin.BehaviorSkinBase$1::handle (9 bytes)
Event: 48.888 Thread 0x000000001de3f000 nmethod 4482 0x00000000036a5850 code [0x00000000036a59c0, 0x00000000036a5c48]
Event: 48.888 Thread 0x000000001de3f000 4483       3       com.sun.javafx.scene.control.skin.BehaviorSkinBase$1::handle (121 bytes)
Event: 48.889 Thread 0x000000001de3f000 nmethod 4483 0x00000000036a4950 code [0x00000000036a4b60, 0x00000000036a54c8]
Event: 48.905 Thread 0x000000001de3f000 4484       3       com.sun.javafx.sg.prism.NodeEffectInput::flushTransformedImage (25 bytes)
Event: 48.906 Thread 0x000000001de3f000 nmethod 4484 0x00000000036a4510 code [0x00000000036a4680, 0x00000000036a4888]
Event: 48.906 Thread 0x000000001de3f000 4485       3       com.sun.javafx.geom.Path2D::<init> (409 bytes)
Event: 48.907 Thread 0x000000001de3f000 nmethod 4485 0x00000000036a7ad0 code [0x00000000036a7d80, 0x00000000036a95a8]
Event: 49.159 Thread 0x000000001de3d800 nmethod 4418 0x00000000036b3a90 code [0x00000000036b4300, 0x00000000036bc390]
Event: 50.729 Thread 0x000000001de3f000 4486       3       javafx.beans.property.StringPropertyBase::removeListener (13 bytes)

GC Heap History (6 events):
Event: 9.252 GC heap before
{Heap before GC invocations=1 (full 0):
 PSYoungGen      total 76288K, used 65536K [0x000000076ad00000, 0x0000000770200000, 0x00000007c0000000)
  eden space 65536K, 100% used [0x000000076ad00000,0x000000076ed00000,0x000000076ed00000)
  from space 10752K, 0% used [0x000000076f780000,0x000000076f780000,0x0000000770200000)
  to   space 10752K, 0% used [0x000000076ed00000,0x000000076ed00000,0x000000076f780000)
 ParOldGen       total 175104K, used 0K [0x00000006c0600000, 0x00000006cb100000, 0x000000076ad00000)
  object space 175104K, 0% used [0x00000006c0600000,0x00000006c0600000,0x00000006cb100000)
 Metaspace       used 19309K, capacity 20022K, committed 20352K, reserved 1067008K
  class space    used 2669K, capacity 2840K, committed 2944K, reserved 1048576K
Event: 9.268 GC heap after
Heap after GC invocations=1 (full 0):
 PSYoungGen      total 76288K, used 10730K [0x000000076ad00000, 0x0000000770200000, 0x00000007c0000000)
  eden space 65536K, 0% used [0x000000076ad00000,0x000000076ad00000,0x000000076ed00000)
  from space 10752K, 99% used [0x000000076ed00000,0x000000076f77a830,0x000000076f780000)
  to   space 10752K, 0% used [0x000000076f780000,0x000000076f780000,0x0000000770200000)
 ParOldGen       total 175104K, used 9803K [0x00000006c0600000, 0x00000006cb100000, 0x000000076ad00000)
  object space 175104K, 5% used [0x00000006c0600000,0x00000006c0f92d30,0x00000006cb100000)
 Metaspace       used 19309K, capacity 20022K, committed 20352K, reserved 1067008K
  class space    used 2669K, capacity 2840K, committed 2944K, reserved 1048576K
}
Event: 9.585 GC heap before
{Heap before GC invocations=2 (full 0):
 PSYoungGen      total 76288K, used 32866K [0x000000076ad00000, 0x0000000770200000, 0x00000007c0000000)
  eden space 65536K, 33% used [0x000000076ad00000,0x000000076c29e338,0x000000076ed00000)
  from space 10752K, 99% used [0x000000076ed00000,0x000000076f77a830,0x000000076f780000)
  to   space 10752K, 0% used [0x000000076f780000,0x000000076f780000,0x0000000770200000)
 ParOldGen       total 175104K, used 9803K [0x00000006c0600000, 0x00000006cb100000, 0x000000076ad00000)
  object space 175104K, 5% used [0x00000006c0600000,0x00000006c0f92d30,0x00000006cb100000)
 Metaspace       used 20378K, capacity 21196K, committed 21296K, reserved 1067008K
  class space    used 2834K, capacity 3013K, committed 3072K, reserved 1048576K
Event: 9.597 GC heap after
Heap after GC invocations=2 (full 0):
 PSYoungGen      total 76288K, used 10725K [0x000000076ad00000, 0x0000000774200000, 0x00000007c0000000)
  eden space 65536K, 0% used [0x000000076ad00000,0x000000076ad00000,0x000000076ed00000)
  from space 10752K, 99% used [0x000000076f780000,0x00000007701f95f0,0x0000000770200000)
  to   space 10752K, 0% used [0x000000076ed00000,0x000000076ed00000,0x000000076f780000)
 ParOldGen       total 175104K, used 15294K [0x00000006c0600000, 0x00000006cb100000, 0x000000076ad00000)
  object space 175104K, 8% used [0x00000006c0600000,0x00000006c14efa40,0x00000006cb100000)
 Metaspace       used 20378K, capacity 21196K, committed 21296K, reserved 1067008K
  class space    used 2834K, capacity 3013K, committed 3072K, reserved 1048576K
}
Event: 9.597 GC heap before
{Heap before GC invocations=3 (full 1):
 PSYoungGen      total 76288K, used 10725K [0x000000076ad00000, 0x0000000774200000, 0x00000007c0000000)
  eden space 65536K, 0% used [0x000000076ad00000,0x000000076ad00000,0x000000076ed00000)
  from space 10752K, 99% used [0x000000076f780000,0x00000007701f95f0,0x0000000770200000)
  to   space 10752K, 0% used [0x000000076ed00000,0x000000076ed00000,0x000000076f780000)
 ParOldGen       total 175104K, used 15294K [0x00000006c0600000, 0x00000006cb100000, 0x000000076ad00000)
  object space 175104K, 8% used [0x00000006c0600000,0x00000006c14efa40,0x00000006cb100000)
 Metaspace       used 20378K, capacity 21196K, committed 21296K, reserved 1067008K
  class space    used 2834K, capacity 3013K, committed 3072K, reserved 1048576K
Event: 9.633 GC heap after
Heap after GC invocations=3 (full 1):
 PSYoungGen      total 76288K, used 0K [0x000000076ad00000, 0x0000000774200000, 0x00000007c0000000)
  eden space 65536K, 0% used [0x000000076ad00000,0x000000076ad00000,0x000000076ed00000)
  from space 10752K, 0% used [0x000000076f780000,0x000000076f780000,0x0000000770200000)
  to   space 10752K, 0% used [0x000000076ed00000,0x000000076ed00000,0x000000076f780000)
 ParOldGen       total 111104K, used 22810K [0x00000006c0600000, 0x00000006c7280000, 0x000000076ad00000)
  object space 111104K, 20% used [0x00000006c0600000,0x00000006c1c46be0,0x00000006c7280000)
 Metaspace       used 20378K, capacity 21196K, committed 21296K, reserved 1067008K
  class space    used 2834K, capacity 3013K, committed 3072K, reserved 1048576K
}

Deoptimization events (10 events):
Event: 15.267 Thread 0x000000001eb48000 Uncommon trap: reason=unstable_if action=reinterpret pc=0x00000000031dea14 method=javafx.scene.Node.updateLocalToParentTransform()V @ 337
Event: 20.325 Thread 0x000000001eb48000 Uncommon trap: reason=class_check action=maybe_recompile pc=0x00000000032572c4 method=java.util.WeakHashMap.eq(Ljava/lang/Object;Ljava/lang/Object;)Z @ 7
Event: 20.331 Thread 0x000000001eb1b800 Uncommon trap: reason=unstable_if action=reinterpret pc=0x00000000033e2b28 method=com.sun.javafx.geom.transform.AffineBase.updateState2D()V @ 86
Event: 22.540 Thread 0x000000001eb48000 Uncommon trap: reason=null_check action=make_not_entrant pc=0x00000000033be260 method=javafx.scene.Node$MiscProperties.getEffect()Ljavafx/scene/effect/Effect; @ 20
Event: 27.001 Thread 0x000000001eb48000 Uncommon trap: reason=unstable_if action=reinterpret pc=0x0000000002b30004 method=javafx.scene.Node.impl_intersectsBounds(Lcom/sun/javafx/geom/PickRay;)D @ 902
Event: 34.518 Thread 0x000000001eb48000 Uncommon trap: reason=unstable_if action=reinterpret pc=0x0000000003376f3c method=javafx.scene.CssStyleHelper.canReuseStyleHelper(Ljavafx/scene/Node;Lcom/sun/javafx/css/StyleMap;)Z @ 64
Event: 34.521 Thread 0x000000001eb48000 Uncommon trap: reason=null_check action=make_not_entrant pc=0x000000000343b334 method=javafx.scene.CssStyleHelper.getCachedFont(Ljavafx/css/Styleable;)Lcom/sun/javafx/css/CalculatedValue; @ 1
Event: 34.563 Thread 0x000000001eb48000 Uncommon trap: reason=unstable_if action=reinterpret pc=0x0000000002fd80f0 method=com.sun.javafx.css.BitSet.add(Ljava/lang/Object;)Z @ 91
Event: 34.620 Thread 0x000000001eb1b800 Uncommon trap: reason=unstable_if action=reinterpret pc=0x000000000347af54 method=com.sun.javafx.geom.transform.AffineBase.updateState2D()V @ 33
Event: 34.620 Thread 0x000000001eb1b800 Uncommon trap: reason=unstable_if action=reinterpret pc=0x000000000348b0c8 method=com.sun.javafx.geom.transform.AffineBase.updateState2D()V @ 33

Internal exceptions (10 events):
Event: 0.630 Thread 0x000000001eb48000 Exception <a 'java/lang/ArrayIndexOutOfBoundsException': 86> (0x000000076c4930b8) thrown at [C:\re\workspace\8-2-build-windows-amd64-cygwin\jdk8u51\3951\hotspot\src\share\vm\interpreter\interpreterRuntime.cpp, line 366]
Event: 0.681 Thread 0x000000001eb48000 Exception <a 'java/lang/ArrayIndexOutOfBoundsException'> (0x000000076c6e0490) thrown at [C:\re\workspace\8-2-build-windows-amd64-cygwin\jdk8u51\3951\hotspot\src\share\vm\runtime\sharedRuntime.cpp, line 605]
Event: 0.681 Thread 0x000000001eb48000 Exception <a 'java/lang/ArrayIndexOutOfBoundsException'> (0x000000076c6e17d0) thrown at [C:\re\workspace\8-2-build-windows-amd64-cygwin\jdk8u51\3951\hotspot\src\share\vm\runtime\sharedRuntime.cpp, line 605]
Event: 0.683 Thread 0x000000001eb48000 Exception <a 'java/lang/ArrayIndexOutOfBoundsException'> (0x000000076c6f1b88) thrown at [C:\re\workspace\8-2-build-windows-amd64-cygwin\jdk8u51\3951\hotspot\src\share\vm\runtime\sharedRuntime.cpp, line 605]
Event: 0.796 Thread 0x000000001eb48000 Implicit null exception at 0x0000000002ba1635 to 0x0000000002ba1825
Event: 8.978 Thread 0x000000001eb48000 Implicit null exception at 0x0000000002be1d96 to 0x0000000002be20ad
Event: 9.344 Thread 0x000000001eb48000 Exception <a 'java/lang/ArrayIndexOutOfBoundsException'> (0x000000076b42eac8) thrown at [C:\re\workspace\8-2-build-windows-amd64-cygwin\jdk8u51\3951\hotspot\src\share\vm\runtime\sharedRuntime.cpp, line 605]
Event: 9.350 Thread 0x000000001eb48000 Exception <a 'java/lang/ArrayIndexOutOfBoundsException'> (0x000000076b50f990) thrown at [C:\re\workspace\8-2-build-windows-amd64-cygwin\jdk8u51\3951\hotspot\src\share\vm\runtime\sharedRuntime.cpp, line 605]
Event: 22.540 Thread 0x000000001eb48000 Implicit null exception at 0x00000000033ba780 to 0x00000000033be255
Event: 34.521 Thread 0x000000001eb48000 Implicit null exception at 0x0000000003433165 to 0x000000000343b2fd

Events (10 events):
Event: 48.527 loading class java/lang/TableColumn
Event: 48.527 loading class java/lang/TableColumn done
Event: 48.527 loading class java/net/TableColumn
Event: 48.527 loading class java/net/TableColumn done
Event: 48.527 loading class java/util/TableColumn
Event: 48.527 loading class java/util/TableColumn done
Event: 48.528 loading class javafx/scene/TableColumn
Event: 48.528 loading class javafx/scene/TableColumn done
Event: 48.713 Executing VM operation: RevokeBias
Event: 48.714 Executing VM operation: RevokeBias done


Dynamic libraries:
0x000000013f260000 - 0x000000013f297000 	C:\Program Files\Java\jdk1.8.0_51\jre\bin\java.exe
0x0000000076ea0000 - 0x0000000077049000 	C:\Windows\SYSTEM32\ntdll.dll
0x0000000076c80000 - 0x0000000076d9f000 	C:\Windows\system32\kernel32.dll
0x000007fefcdf0000 - 0x000007fefce5c000 	C:\Windows\system32\KERNELBASE.dll
0x000007fefdfc0000 - 0x000007fefe09b000 	C:\Windows\system32\ADVAPI32.dll
0x000007feff090000 - 0x000007feff12f000 	C:\Windows\system32\msvcrt.dll
0x000007fefdfa0000 - 0x000007fefdfbf000 	C:\Windows\SYSTEM32\sechost.dll
0x000007fefde70000 - 0x000007fefdf9d000 	C:\Windows\system32\RPCRT4.dll
0x0000000076da0000 - 0x0000000076e9a000 	C:\Windows\system32\USER32.dll
0x000007feff140000 - 0x000007feff1a7000 	C:\Windows\system32\GDI32.dll
0x000007feff130000 - 0x000007feff13e000 	C:\Windows\system32\LPK.dll
0x000007fefdda0000 - 0x000007fefde6a000 	C:\Windows\system32\USP10.dll
0x000007fefb5a0000 - 0x000007fefb794000 	C:\Windows\WinSxS\amd64_microsoft.windows.common-controls_6595b64144ccf1df_6.0.7601.18837_none_fa3b1e3d17594757\COMCTL32.dll
0x000007fefd570000 - 0x000007fefd5e1000 	C:\Windows\system32\SHLWAPI.dll
0x000007feff000000 - 0x000007feff02e000 	C:\Windows\system32\IMM32.DLL
0x000007fefe140000 - 0x000007fefe249000 	C:\Windows\system32\MSCTF.dll
0x0000000061bb0000 - 0x0000000061c82000 	C:\Program Files\Java\jdk1.8.0_51\jre\bin\msvcr100.dll
0x000000005f7a0000 - 0x0000000060023000 	C:\Program Files\Java\jdk1.8.0_51\jre\bin\server\jvm.dll
0x000007fef85f0000 - 0x000007fef85f9000 	C:\Windows\system32\WSOCK32.dll
0x000007feff040000 - 0x000007feff08d000 	C:\Windows\system32\WS2_32.dll
0x000007feff030000 - 0x000007feff038000 	C:\Windows\system32\NSI.dll
0x000007fefa7a0000 - 0x000007fefa7db000 	C:\Windows\system32\WINMM.dll
0x000007fefc4e0000 - 0x000007fefc4ec000 	C:\Windows\system32\VERSION.dll
0x0000000077060000 - 0x0000000077067000 	C:\Windows\system32\PSAPI.DLL
0x0000000073390000 - 0x000000007339f000 	C:\Program Files\Java\jdk1.8.0_51\jre\bin\verify.dll
0x0000000073360000 - 0x0000000073389000 	C:\Program Files\Java\jdk1.8.0_51\jre\bin\java.dll
0x0000000073320000 - 0x0000000073336000 	C:\Program Files\Java\jdk1.8.0_51\jre\bin\zip.dll
0x000007fefe250000 - 0x000007fefefd9000 	C:\Windows\system32\SHELL32.dll
0x000007fefd8c0000 - 0x000007fefdac3000 	C:\Windows\system32\ole32.dll
0x000007fefcc50000 - 0x000007fefcc5f000 	C:\Windows\system32\profapi.dll
0x000000006cbc0000 - 0x000000006cbec000 	C:\Program Files\Java\jdk1.8.0_51\jre\bin\prism_d3d.dll
0x000007fee5640000 - 0x000007fee583f000 	C:\Windows\system32\d3d9.dll
0x000007fee5630000 - 0x000007fee5637000 	C:\Windows\system32\d3d8thk.dll
0x000007fefc3c0000 - 0x000007fefc3d8000 	C:\Windows\system32\dwmapi.dll
0x000007fefcd40000 - 0x000007fefcd7b000 	C:\Windows\system32\WINTRUST.dll
0x000007fefce60000 - 0x000007fefcfcd000 	C:\Windows\system32\CRYPT32.dll
0x000007fefcc40000 - 0x000007fefcc4f000 	C:\Windows\system32\MSASN1.dll
0x000007fefba90000 - 0x000007fefbae6000 	C:\Windows\system32\uxtheme.dll
0x000007fedbf40000 - 0x000007fedce39000 	C:\Windows\system32\nvd3dumx.dll
0x0000000180000000 - 0x00000001801a7000 	C:\Windows\system32\nvspcap64.dll
0x000007fefd1e0000 - 0x000007fefd2b7000 	C:\Windows\system32\OLEAUT32.dll
0x000007fefd000000 - 0x000007fefd1d7000 	C:\Windows\system32\SETUPAPI.dll
0x000007fefcda0000 - 0x000007fefcdd6000 	C:\Windows\system32\CFGMGR32.dll
0x000007fefcfd0000 - 0x000007fefcfea000 	C:\Windows\system32\DEVOBJ.dll
0x000007fef2360000 - 0x000007fef23d1000 	C:\Windows\system32\WINHTTP.dll
0x000007fef22f0000 - 0x000007fef2354000 	C:\Windows\system32\webio.dll
0x000007fef97b0000 - 0x000007fef9b43000 	C:\Windows\system32\nvapi64.dll
0x000007fefca10000 - 0x000007fefca35000 	C:\Windows\system32\SspiCli.dll
0x000000006af00000 - 0x000000006af41000 	C:\Program Files\Java\jdk1.8.0_51\jre\bin\glass.dll
0x000007fefd4d0000 - 0x000007fefd567000 	C:\Windows\system32\COMDLG32.dll
0x000007fefcae0000 - 0x000007fefcaef000 	C:\Windows\system32\CRYPTBASE.dll
0x000007fefaf50000 - 0x000007fefaf7c000 	C:\Windows\system32\powrprof.dll
0x000007fee24f0000 - 0x000007fee25d0000 	C:\Program Files (x86)\NVIDIA Corporation\3D Vision\nvSCPAPI64.dll
0x000000006be50000 - 0x000000006be65000 	C:\Program Files\Java\jdk1.8.0_51\jre\bin\javafx_font.dll
0x000007fee2350000 - 0x000007fee24e7000 	C:\Windows\system32\dwrite.dll
0x000007fefe0a0000 - 0x000007fefe139000 	C:\Windows\system32\CLBCatQ.DLL
0x000007fefacb0000 - 0x000007fefae11000 	C:\Windows\system32\WindowsCodecs.dll
0x000007fefca40000 - 0x000007fefca97000 	C:\Windows\system32\apphelp.dll
0x000007fef4830000 - 0x000007fef486f000 	C:\Users\SISTEMAS\AppData\Local\Microsoft\SkyDrive\17.0.4023.1211\amd64\SkyDriveShell64.dll
0x000007fef30d0000 - 0x000007fef3177000 	C:\Users\SISTEMAS\AppData\Local\Microsoft\SkyDrive\17.0.4023.1211\amd64\MSVCP110.dll
0x000007fef3000000 - 0x000007fef30ce000 	C:\Users\SISTEMAS\AppData\Local\Microsoft\SkyDrive\17.0.4023.1211\amd64\MSVCR110.dll
0x000007fefd650000 - 0x000007fefd8b9000 	C:\Windows\system32\WININET.dll
0x000007fefcd90000 - 0x000007fefcd94000 	C:\Windows\system32\api-ms-win-downlevel-user32-l1-1-0.dll
0x000007fefcde0000 - 0x000007fefcde4000 	C:\Windows\system32\api-ms-win-downlevel-shlwapi-l1-1-0.dll
0x000007fefcc60000 - 0x000007fefcc64000 	C:\Windows\system32\api-ms-win-downlevel-version-l1-1-0.dll
0x000007fefcd80000 - 0x000007fefcd83000 	C:\Windows\system32\api-ms-win-downlevel-normaliz-l1-1-0.dll
0x0000000077070000 - 0x0000000077073000 	C:\Windows\system32\normaliz.DLL
0x000007fefdad0000 - 0x000007fefdd98000 	C:\Windows\system32\iertutil.dll
0x000007fefcff0000 - 0x000007fefcff5000 	C:\Windows\system32\api-ms-win-downlevel-advapi32-l1-1-0.dll
0x000007fefcd10000 - 0x000007fefcd2e000 	C:\Windows\system32\USERENV.dll
0x000007fee3440000 - 0x000007fee367f000 	C:\Program Files\Microsoft Office 15\root\VFS\ProgramFilesX64\Microsoft Office\Office15\GROOVEEX.DLL
0x000000006b840000 - 0x000000006b8d8000 	C:\Program Files\Microsoft Office 15\root\VFS\ProgramFilesX64\Microsoft Office\Office15\MSVCP100.dll
0x000000006b340000 - 0x000000006b36b000 	C:\Program Files\Microsoft Office 15\root\VFS\ProgramFilesX64\Microsoft Office\Office15\ATL100.DLL
0x000007fee3120000 - 0x000007fee343e000 	C:\Windows\system32\msi.dll
0x000007fee0300000 - 0x000007fee0b88000 	C:\Program Files\Microsoft Office 15\root\VFS\ProgramFilesX64\Microsoft Office\Office15\3082\GrooveIntlResource.dll
0x000007fee4680000 - 0x000007fee46f6000 	C:\ProgramData\MEGAsync\ShellExtX64.dll
0x000007fef2fc0000 - 0x000007fef2ff5000 	C:\Windows\system32\EhStorShell.dll
0x000007fefb070000 - 0x000007fefb19c000 	C:\Windows\system32\PROPSYS.dll
0x000007fee2ba0000 - 0x000007fee2c1e000 	C:\Windows\System32\cscui.dll
0x000007fef4820000 - 0x000007fef482c000 	C:\Windows\System32\CSCDLL.dll
0x000007feec510000 - 0x000007feec51f000 	C:\Windows\system32\CSCAPI.dll
0x000007fef95b0000 - 0x000007fef95dd000 	C:\Program Files\Common Files\Microsoft Shared\Ink\rtscom.dll
0x000000006bdc0000 - 0x000000006bdd1000 	C:\Program Files\Java\jdk1.8.0_51\jre\bin\prism_common.dll
0x000000006ccd0000 - 0x000000006ccea000 	C:\Program Files\Java\jdk1.8.0_51\jre\bin\net.dll
0x000007fefc0e0000 - 0x000007fefc135000 	C:\Windows\system32\mswsock.dll
0x000007fefc0d0000 - 0x000007fefc0d7000 	C:\Windows\System32\wship6.dll
0x000007fefc5b0000 - 0x000007fefc5b7000 	C:\Windows\System32\wshtcpip.dll
0x000007fefbf60000 - 0x000007fefbfbb000 	C:\Windows\system32\DNSAPI.dll
0x0000000072fe0000 - 0x0000000073006000 	C:\Program Files\Bonjour\mdnsNSP.dll
0x000007fefa180000 - 0x000007fefa1a7000 	C:\Windows\system32\Iphlpapi.DLL
0x000007fefa170000 - 0x000007fefa17b000 	C:\Windows\system32\WINNSI.DLL
0x000007fef8d20000 - 0x000007fef8d28000 	C:\Windows\system32\rasadhlp.dll
0x000007fefa020000 - 0x000007fefa073000 	C:\Windows\System32\fwpuclnt.dll
0x000007fee11d0000 - 0x000007fee1594000 	C:\Windows\system32\d2d1.dll
0x000007fef48e0000 - 0x000007fef4ab5000 	C:\Windows\system32\d3d11.dll
0x000007fef96d0000 - 0x000007fef972d000 	C:\Windows\system32\dxgi.dll
0x000007fee0f50000 - 0x000007fee11c9000 	C:\Windows\system32\D3D10Warp.dll
0x000007feec520000 - 0x000007feec645000 	C:\Windows\system32\dbghelp.dll

VM Arguments:
jvm_args: -Dfile.encoding=UTF-8 
java_command: D:\HACIENTO PROGRAMAS JAVA FX\PUNTOVENTAS\dist\run1595721464\PUNTOVENTAS.jar
java_class_path (initial): D:\HACIENTO PROGRAMAS JAVA FX\PUNTOVENTAS\dist\run1595721464\PUNTOVENTAS.jar
Launcher Type: SUN_STANDARD

Environment Variables:
JAVA_HOME=C:\Program Files (x86)\Java\jdk1.7.0_07
PATH=C:\ProgramData\Oracle\Java\javapath;C:\Program Files (x86)\AMD APP\bin\x86_64;C:\Windows\system32;C:\Windows;C:\Windows\System32\Wbem;C:\Windows\System32\WindowsPowerShell\v1.0\;C:\Program Files (x86)\ATI Technologies\ATI.ACE\Core-Static;C:\Program Files\Microsoft SQL Server\110\Tools\Binn\;C:\Program Files (x86)\Microsoft SQL Server\110\Tools\Binn\;C:\Program Files\Microsoft SQL Server\110\DTS\Binn\;C:\Program Files (x86)\Microsoft SQL Server\110\Tools\Binn\ManagementStudio\;C:\Program Files (x86)\Microsoft Visual Studio 10.0\Common7\IDE\PrivateAssemblies\;C:\Program Files (x86)\Microsoft SQL Server\110\DTS\Binn\;C:\Program Files\Microsoft SQL Server\120\Tools\Binn\;;C:\Program Files (x86)\NVIDIA Corporation\PhysX\Common;C:\Program Files (x86)\MySQL\MySQL Fabric 1.5.4 & MySQL Utilities 1.5.4 1.5\;C:\Program Files (x86)\MySQL\MySQL Fabric 1.5.4 & MySQL Utilities 1.5.4 1.5\Doctrine extensions for PHP\;C:\Program Files (x86)\Java\jdk1.7.0_07\bin;C:\apache-tomcat-7.0.63\bin;C:\Program Files (x86)\Skype\Phone\;C:\Program Files (x86)\EasyFrom Inc\;C:\Program Files (x86)\QuickTime\QTSystem\;
USERNAME=SISTEMAS
OS=Windows_NT
PROCESSOR_IDENTIFIER=AMD64 Family 21 Model 1 Stepping 2, AuthenticAMD



---------------  S Y S T E M  ---------------

OS: Windows 7 , 64 bit Build 7601 (6.1.7601.19110)

CPU:total 6 (6 cores per cpu, 1 threads per core) family 21 model 1 stepping 2, cmov, cx8, fxsr, mmx, sse, sse2, sse3, ssse3, sse4.1, sse4.2, popcnt, avx, aes, clmul, mmxext, 3dnowpref, lzcnt, sse4a, tsc, tscinvbit, tscinv

Memory: 4k page, physical 16746724k(11304956k free), swap 33491612k(26635992k free)

vm_info: Java HotSpot(TM) 64-Bit Server VM (25.51-b03) for windows-amd64 JRE (1.8.0_51-b16), built on Jun  8 2015 18:03:07 by "java_re" with MS VC++ 10.0 (VS2010)

time: Fri May 06 22:45:32 2016
elapsed time: 50 seconds (0d 0h 0m 50s)

