#
# A fatal error has been detected by the Java Runtime Environment:
#
#  EXCEPTION_ACCESS_VIOLATION (0xc0000005) at pc=0x00000000027e36d8, pid=1492, tid=8136
#
# JRE version: Java(TM) SE Runtime Environment (8.0_51-b16) (build 1.8.0_51-b16)
# Java VM: Java HotSpot(TM) 64-Bit Server VM (25.51-b03 mixed mode windows-amd64 compressed oops)
# Problematic frame:
# v  ~BufferBlob::I2C/C2I adapters
#
# Failed to write core dump. Minidumps are not enabled by default on client versions of Windows
#
# If you would like to submit a bug report, please visit:
#   http://bugreport.java.com/bugreport/crash.jsp
#

---------------  T H R E A D  ---------------

Current thread (0x000000001ec15800):  JavaThread "JavaFX Application Thread" [_thread_in_Java, id=8136, stack(0x000000001fb90000,0x000000001fc90000)]

siginfo: ExceptionCode=0xc0000005, writing address 0x000000000e6f30ac

Registers:
RAX=0x0000000002e309bc, RBX=0x0000000021557cb0, RCX=0x00000007c01d8d08, RDX=0x000000076cef4040
RSP=0x000000001fc8cdf0, RBP=0x000000001fc8cf60, RSI=0x000000076cef4040, RDI=0x000000076cef4040
R8 =0x000000000000001b, R9 =0x00000006c18534a0, R10=0x00000007c01d8d08, R11=0x00000000028e5a40
R12=0x0000000000000000, R13=0x000000001fc8ce08, R14=0x000000001fc8ce00, R15=0x000000001ec15800
RIP=0x00000000027e36d8, EFLAGS=0x0000000000010206

Top of Stack: (sp=0x000000001fc8cdf0)
0x000000001fc8cdf0:   0000000000040000 0000000000000206
0x000000001fc8ce00:   000000001fc8cf60 0000000002e309bc
0x000000001fc8ce10:   000000001bd726b0 000000001fc8ceb0
0x000000001fc8ce20:   00000000020849a0 0000000000000000
0x000000001fc8ce30:   000000001fc8ce98 00000000027874c0
0x000000001fc8ce40:   0000000000000080 00000000027874c0
0x000000001fc8ce50:   00000006c0612dc8 000000001fc8ce58
0x000000001fc8ce60:   000000001bf4fd4c 000000001fc8cea8
0x000000001fc8ce70:   000000001fc8cf18 0000000003008924
0x000000001fc8ce80:   000000001fc8cf68 00000000032b45fc
0x000000001fc8ce90:   000000001fc8cea8 0000000002e75277
0x000000001fc8cea0:   000000001fc8cf68 000000076cef39f0
0x000000001fc8ceb0:   000000001fc8cf18 00000006c0600068
0x000000001fc8cec0:   000000001fc8cf68 00000006c1272d88
0x000000001fc8ced0:   00000006c1298ec0 000000076cef4040
0x000000001fc8cee0:   000000076cef4040 000000001fc8cf28 

Instructions: (pc=0x00000000027e36d8)
0x00000000027e36b8:   48 00 00 00 00 0f 84 ea 00 00 00 4c 8b ec 48 8b
0x00000000027e36c8:   04 24 48 83 e4 f0 9c 48 83 ec 08 48 89 64 24 d8
0x00000000027e36d8:   48 81 6c 80 00 00 00 48 89 44 24 78 48 89 4c 24
0x00000000027e36e8:   70 48 89 54 24 68 48 89 5c 24 60 48 89 6c 24 50 


Register to memory mapping:

RAX=0x0000000002e309bc is at entry_point+9468 in (nmethod*)0x0000000002e2e010
RBX={method} {0x0000000021557cb8} 'setWrapWidth' '(F)Z' in 'com/sun/javafx/text/PrismTextLayout'
RCX=0x00000007c01d8d08 is pointing into metadata
RDX=0x000000076cef4040 is an oop
com.sun.javafx.text.PrismTextLayout 
 - klass: 'com/sun/javafx/text/PrismTextLayout'
RSP=0x000000001fc8cdf0 is pointing into the stack for thread: 0x000000001ec15800
RBP=0x000000001fc8cf60 is pointing into the stack for thread: 0x000000001ec15800
RSI=0x000000076cef4040 is an oop
com.sun.javafx.text.PrismTextLayout 
 - klass: 'com/sun/javafx/text/PrismTextLayout'
RDI=0x000000076cef4040 is an oop
com.sun.javafx.text.PrismTextLayout 
 - klass: 'com/sun/javafx/text/PrismTextLayout'
R8 =0x000000000000001b is an unknown value
R9 =0x00000006c18534a0 is an oop
java.lang.Class 
 - klass: 'java/lang/Class'
R10=0x00000007c01d8d08 is pointing into metadata
R11=0x00000000028e5a40 is at entry_point+32 in (nmethod*)0x00000000028e58d0
R12=0x0000000000000000 is an unknown value
R13=0x000000001fc8ce08 is pointing into the stack for thread: 0x000000001ec15800
R14=0x000000001fc8ce00 is pointing into the stack for thread: 0x000000001ec15800
R15=0x000000001ec15800 is a thread


Stack: [0x000000001fb90000,0x000000001fc90000],  sp=0x000000001fc8cdf0,  free space=1011k
Native frames: (J=compiled Java code, j=interpreted, Vv=VM code, C=native code)
C  0x00000000027e36d8


---------------  P R O C E S S  ---------------

Java Threads: ( => current thread )
  0x000000001f2a0800 JavaThread "Prism Font Disposer" daemon [_thread_blocked, id=5648, stack(0x0000000022d40000,0x0000000022e40000)]
  0x000000001ec5b000 JavaThread "Thread-3" daemon [_thread_in_native, id=1496, stack(0x0000000020fe0000,0x00000000210e0000)]
  0x000000001ec57000 JavaThread "JavaFX-Launcher" [_thread_blocked, id=3984, stack(0x0000000021140000,0x0000000021240000)]
=>0x000000001ec15800 JavaThread "JavaFX Application Thread" [_thread_in_Java, id=8136, stack(0x000000001fb90000,0x000000001fc90000)]
  0x000000001ec15000 JavaThread "Thread-1" daemon [_thread_blocked, id=7876, stack(0x000000001f910000,0x000000001fa10000)]
  0x000000001ebf3800 JavaThread "QuantumRenderer-0" daemon [_thread_blocked, id=8124, stack(0x000000001e220000,0x000000001e320000)]
  0x000000001dd64800 JavaThread "Service Thread" daemon [_thread_blocked, id=4188, stack(0x000000001ea90000,0x000000001eb90000)]
  0x000000001dcdf000 JavaThread "C1 CompilerThread2" daemon [_thread_blocked, id=1688, stack(0x000000001e7f0000,0x000000001e8f0000)]
  0x000000001dcde000 JavaThread "C2 CompilerThread1" daemon [_thread_blocked, id=8000, stack(0x000000001e690000,0x000000001e790000)]
  0x000000001dcd6800 JavaThread "C2 CompilerThread0" daemon [_thread_blocked, id=7916, stack(0x000000001e4f0000,0x000000001e5f0000)]
  0x000000001dcd5000 JavaThread "Attach Listener" daemon [_thread_blocked, id=1724, stack(0x000000001e320000,0x000000001e420000)]
  0x000000001dcd3800 JavaThread "Signal Dispatcher" daemon [_thread_blocked, id=7960, stack(0x000000001e120000,0x000000001e220000)]
  0x000000001c337800 JavaThread "Finalizer" daemon [_thread_blocked, id=7192, stack(0x000000001d8d0000,0x000000001d9d0000)]
  0x000000001c330000 JavaThread "Reference Handler" daemon [_thread_blocked, id=4336, stack(0x000000001db80000,0x000000001dc80000)]
  0x00000000021be800 JavaThread "main" [_thread_blocked, id=1648, stack(0x00000000023b0000,0x00000000024b0000)]

Other Threads:
  0x000000001c32a000 VMThread [stack: 0x000000001da50000,0x000000001db50000] [id=6376]
  0x000000001dd68800 WatcherThread [stack: 0x000000001e960000,0x000000001ea60000] [id=7896]

VM state:not at safepoint (normal execution)

VM Mutex/Monitor currently owned by a thread: None

Heap:
 PSYoungGen      total 76288K, used 34938K [0x000000076ad00000, 0x0000000774200000, 0x00000007c0000000)
  eden space 65536K, 53% used [0x000000076ad00000,0x000000076cf1e950,0x000000076ed00000)
  from space 10752K, 0% used [0x000000076f780000,0x000000076f780000,0x0000000770200000)
  to   space 10752K, 0% used [0x000000076ed00000,0x000000076ed00000,0x000000076f780000)
 ParOldGen       total 120320K, used 22776K [0x00000006c0600000, 0x00000006c7b80000, 0x000000076ad00000)
  object space 120320K, 18% used [0x00000006c0600000,0x00000006c1c3e288,0x00000006c7b80000)
 Metaspace       used 22919K, capacity 24246K, committed 24448K, reserved 1071104K
  class space    used 3188K, capacity 3454K, committed 3456K, reserved 1048576K

Card table byte_map: [0x0000000011b40000,0x0000000012340000] byte_map_base: 0x000000000e53d000

Marking Bits: (ParMarkBitMap*) 0x0000000060064040
 Begin Bits: [0x0000000013170000, 0x0000000017158000)
 End Bits:   [0x0000000017158000, 0x000000001b140000)

Polling page: 0x0000000000350000

CodeCache: size=245760Kb used=12510Kb max_used=12526Kb free=233249Kb
 bounds [0x0000000002780000, 0x00000000033d0000, 0x0000000011780000]
 total_blobs=4495 nmethods=3808 adapters=598
 compilation: enabled

Compilation events (10 events):
Event: 40.229 Thread 0x000000001dcdf000 nmethod 3830 0x00000000033b5290 code [0x00000000033b58e0, 0x00000000033bafb8]
Event: 40.229 Thread 0x000000001dcdf000 3838       1       java.nio.HeapByteBuffer::ix (7 bytes)
Event: 40.229 Thread 0x000000001dcdf000 nmethod 3838 0x0000000002895450 code [0x00000000028955a0, 0x00000000028956b0]
Event: 40.229 Thread 0x000000001dcdf000 3836       3       java.util.ArrayList::remove (69 bytes)
Event: 40.229 Thread 0x000000001dcdf000 nmethod 3836 0x00000000033bd650 code [0x00000000033bd800, 0x00000000033bde88]
Event: 40.229 Thread 0x000000001dcdf000 3833       1       com.sun.javafx.scene.SceneEventDispatcher::getKeyboardShortcutsHandler (5 bytes)
Event: 40.229 Thread 0x000000001dcdf000 nmethod 3833 0x0000000002965c10 code [0x0000000002965d60, 0x0000000002965e70]
Event: 40.229 Thread 0x000000001dcdf000 3835       1       javafx.scene.Parent::getStylesheets (5 bytes)
Event: 40.229 Thread 0x000000001dcdf000 nmethod 3835 0x00000000033be190 code [0x00000000033be2e0, 0x00000000033be3f0]
Event: 40.229 Thread 0x000000001dcdf000 3837       3       java.lang.invoke.LambdaForm$MH/1747585824::identity_L (8 bytes)

GC Heap History (6 events):
Event: 3.703 GC heap before
{Heap before GC invocations=1 (full 0):
 PSYoungGen      total 76288K, used 65536K [0x000000076ad00000, 0x0000000770200000, 0x00000007c0000000)
  eden space 65536K, 100% used [0x000000076ad00000,0x000000076ed00000,0x000000076ed00000)
  from space 10752K, 0% used [0x000000076f780000,0x000000076f780000,0x0000000770200000)
  to   space 10752K, 0% used [0x000000076ed00000,0x000000076ed00000,0x000000076f780000)
 ParOldGen       total 175104K, used 0K [0x00000006c0600000, 0x00000006cb100000, 0x000000076ad00000)
  object space 175104K, 0% used [0x00000006c0600000,0x00000006c0600000,0x00000006cb100000)
 Metaspace       used 19186K, capacity 19890K, committed 20096K, reserved 1067008K
  class space    used 2669K, capacity 2840K, committed 2944K, reserved 1048576K
Event: 3.718 GC heap after
Heap after GC invocations=1 (full 0):
 PSYoungGen      total 76288K, used 10751K [0x000000076ad00000, 0x0000000770200000, 0x00000007c0000000)
  eden space 65536K, 0% used [0x000000076ad00000,0x000000076ad00000,0x000000076ed00000)
  from space 10752K, 99% used [0x000000076ed00000,0x000000076f77fd88,0x000000076f780000)
  to   space 10752K, 0% used [0x000000076f780000,0x000000076f780000,0x0000000770200000)
 ParOldGen       total 175104K, used 9878K [0x00000006c0600000, 0x00000006cb100000, 0x000000076ad00000)
  object space 175104K, 5% used [0x00000006c0600000,0x00000006c0fa5a00,0x00000006cb100000)
 Metaspace       used 19186K, capacity 19890K, committed 20096K, reserved 1067008K
  class space    used 2669K, capacity 2840K, committed 2944K, reserved 1048576K
}
Event: 4.023 GC heap before
{Heap before GC invocations=2 (full 0):
 PSYoungGen      total 76288K, used 32795K [0x000000076ad00000, 0x0000000770200000, 0x00000007c0000000)
  eden space 65536K, 33% used [0x000000076ad00000,0x000000076c287140,0x000000076ed00000)
  from space 10752K, 99% used [0x000000076ed00000,0x000000076f77fd88,0x000000076f780000)
  to   space 10752K, 0% used [0x000000076f780000,0x000000076f780000,0x0000000770200000)
 ParOldGen       total 175104K, used 9878K [0x00000006c0600000, 0x00000006cb100000, 0x000000076ad00000)
  object space 175104K, 5% used [0x00000006c0600000,0x00000006c0fa5a00,0x00000006cb100000)
 Metaspace       used 20289K, capacity 21132K, committed 21248K, reserved 1067008K
  class space    used 2837K, capacity 3013K, committed 3072K, reserved 1048576K
Event: 4.035 GC heap after
Heap after GC invocations=2 (full 0):
 PSYoungGen      total 76288K, used 10731K [0x000000076ad00000, 0x0000000774200000, 0x00000007c0000000)
  eden space 65536K, 0% used [0x000000076ad00000,0x000000076ad00000,0x000000076ed00000)
  from space 10752K, 99% used [0x000000076f780000,0x00000007701fad18,0x0000000770200000)
  to   space 10752K, 0% used [0x000000076ed00000,0x000000076ed00000,0x000000076f780000)
 ParOldGen       total 175104K, used 15227K [0x00000006c0600000, 0x00000006cb100000, 0x000000076ad00000)
  object space 175104K, 8% used [0x00000006c0600000,0x00000006c14defc8,0x00000006cb100000)
 Metaspace       used 20289K, capacity 21132K, committed 21248K, reserved 1067008K
  class space    used 2837K, capacity 3013K, committed 3072K, reserved 1048576K
}
Event: 4.035 GC heap before
{Heap before GC invocations=3 (full 1):
 PSYoungGen      total 76288K, used 10731K [0x000000076ad00000, 0x0000000774200000, 0x00000007c0000000)
  eden space 65536K, 0% used [0x000000076ad00000,0x000000076ad00000,0x000000076ed00000)
  from space 10752K, 99% used [0x000000076f780000,0x00000007701fad18,0x0000000770200000)
  to   space 10752K, 0% used [0x000000076ed00000,0x000000076ed00000,0x000000076f780000)
 ParOldGen       total 175104K, used 15227K [0x00000006c0600000, 0x00000006cb100000, 0x000000076ad00000)
  object space 175104K, 8% used [0x00000006c0600000,0x00000006c14defc8,0x00000006cb100000)
 Metaspace       used 20289K, capacity 21132K, committed 21248K, reserved 1067008K
  class space    used 2837K, capacity 3013K, committed 3072K, reserved 1048576K
Event: 4.072 GC heap after
Heap after GC invocations=3 (full 1):
 PSYoungGen      total 76288K, used 0K [0x000000076ad00000, 0x0000000774200000, 0x00000007c0000000)
  eden space 65536K, 0% used [0x000000076ad00000,0x000000076ad00000,0x000000076ed00000)
  from space 10752K, 0% used [0x000000076f780000,0x000000076f780000,0x0000000770200000)
  to   space 10752K, 0% used [0x000000076ed00000,0x000000076ed00000,0x000000076f780000)
 ParOldGen       total 120320K, used 22776K [0x00000006c0600000, 0x00000006c7b80000, 0x000000076ad00000)
  object space 120320K, 18% used [0x00000006c0600000,0x00000006c1c3e288,0x00000006c7b80000)
 Metaspace       used 20289K, capacity 21132K, committed 21248K, reserved 1067008K
  class space    used 2837K, capacity 3013K, committed 3072K, reserved 1048576K
}

Deoptimization events (10 events):
Event: 25.579 Thread 0x000000001ebf3800 Uncommon trap: reason=unstable_if action=reinterpret pc=0x00000000032ac770 method=com.sun.javafx.geom.transform.AffineBase.updateState2D()V @ 6
Event: 26.405 Thread 0x000000001ec15800 Uncommon trap: reason=bimorphic action=maybe_recompile pc=0x000000000321d1e4 method=javafx.scene.Node.getLocalBounds(Lcom/sun/javafx/geom/BaseBounds;Lcom/sun/javafx/geom/transform/BaseTransform;)Lcom/sun/javafx/geom/BaseBounds; @ 22
Event: 26.861 Thread 0x000000001ec15800 Uncommon trap: reason=bimorphic action=maybe_recompile pc=0x000000000321d1e4 method=javafx.scene.Node.getLocalBounds(Lcom/sun/javafx/geom/BaseBounds;Lcom/sun/javafx/geom/transform/BaseTransform;)Lcom/sun/javafx/geom/BaseBounds; @ 22
Event: 27.445 Thread 0x000000001ec15800 Uncommon trap: reason=class_check action=maybe_recompile pc=0x000000000321d300 method=javafx.scene.Node.getGeomBounds(Lcom/sun/javafx/geom/BaseBounds;Lcom/sun/javafx/geom/transform/BaseTransform;)Lcom/sun/javafx/geom/BaseBounds; @ 104
Event: 28.105 Thread 0x000000001ec15800 Uncommon trap: reason=class_check action=maybe_recompile pc=0x00000000032bcd04 method=javafx.scene.CssStyleHelper.transitionToState(Ljavafx/scene/Node;)V @ 519
Event: 28.537 Thread 0x000000001ec15800 Uncommon trap: reason=class_check action=maybe_recompile pc=0x00000000032bcd04 method=javafx.scene.CssStyleHelper.transitionToState(Ljavafx/scene/Node;)V @ 519
Event: 28.554 Thread 0x000000001ec15800 Uncommon trap: reason=class_check action=maybe_recompile pc=0x00000000032bcd04 method=javafx.scene.CssStyleHelper.transitionToState(Ljavafx/scene/Node;)V @ 519
Event: 28.684 Thread 0x000000001ec15800 Uncommon trap: reason=class_check action=maybe_recompile pc=0x00000000032bcd04 method=javafx.scene.CssStyleHelper.transitionToState(Ljavafx/scene/Node;)V @ 519
Event: 28.685 Thread 0x000000001ec15800 Uncommon trap: reason=bimorphic action=maybe_recompile pc=0x000000000321d1e4 method=javafx.scene.Node.getLocalBounds(Lcom/sun/javafx/geom/BaseBounds;Lcom/sun/javafx/geom/transform/BaseTransform;)Lcom/sun/javafx/geom/BaseBounds; @ 22
Event: 40.124 Thread 0x000000001ec15800 Uncommon trap: reason=bimorphic action=maybe_recompile pc=0x00000000033525cc method=javafx.scene.Node.getGeomBounds(Lcom/sun/javafx/geom/BaseBounds;Lcom/sun/javafx/geom/transform/BaseTransform;)Lcom/sun/javafx/geom/BaseBounds; @ 21

Internal exceptions (10 events):
Event: 0.577 Thread 0x000000001ec15800 Exception <a 'java/lang/ArrayIndexOutOfBoundsException': 18> (0x000000076c491610) thrown at [C:\re\workspace\8-2-build-windows-amd64-cygwin\jdk8u51\3951\hotspot\src\share\vm\interpreter\interpreterRuntime.cpp, line 366]
Event: 0.577 Thread 0x000000001ec15800 Exception <a 'java/lang/ArrayIndexOutOfBoundsException': 86> (0x000000076c492908) thrown at [C:\re\workspace\8-2-build-windows-amd64-cygwin\jdk8u51\3951\hotspot\src\share\vm\interpreter\interpreterRuntime.cpp, line 366]
Event: 0.628 Thread 0x000000001ec15800 Exception <a 'java/lang/ArrayIndexOutOfBoundsException'> (0x000000076c6dfb28) thrown at [C:\re\workspace\8-2-build-windows-amd64-cygwin\jdk8u51\3951\hotspot\src\share\vm\runtime\sharedRuntime.cpp, line 605]
Event: 0.629 Thread 0x000000001ec15800 Exception <a 'java/lang/ArrayIndexOutOfBoundsException'> (0x000000076c6e0e68) thrown at [C:\re\workspace\8-2-build-windows-amd64-cygwin\jdk8u51\3951\hotspot\src\share\vm\runtime\sharedRuntime.cpp, line 605]
Event: 0.631 Thread 0x000000001ec15800 Exception <a 'java/lang/ArrayIndexOutOfBoundsException'> (0x000000076c6f11f0) thrown at [C:\re\workspace\8-2-build-windows-amd64-cygwin\jdk8u51\3951\hotspot\src\share\vm\runtime\sharedRuntime.cpp, line 605]
Event: 0.706 Thread 0x000000001ec15800 Implicit null exception at 0x0000000002a44a35 to 0x0000000002a44c25
Event: 3.432 Thread 0x000000001ec15800 Implicit null exception at 0x0000000002a7d416 to 0x0000000002a7d72d
Event: 3.792 Thread 0x000000001ec15800 Exception <a 'java/lang/ArrayIndexOutOfBoundsException'> (0x000000076b41b848) thrown at [C:\re\workspace\8-2-build-windows-amd64-cygwin\jdk8u51\3951\hotspot\src\share\vm\runtime\sharedRuntime.cpp, line 605]
Event: 3.798 Thread 0x000000001ec15800 Exception <a 'java/lang/ArrayIndexOutOfBoundsException'> (0x000000076b503da8) thrown at [C:\re\workspace\8-2-build-windows-amd64-cygwin\jdk8u51\3951\hotspot\src\share\vm\runtime\sharedRuntime.cpp, line 605]
Event: 13.007 Thread 0x000000001ec15800 Implicit null exception at 0x000000000315f948 to 0x000000000316080d

Events (10 events):
Event: 40.218 loading class javafx/scene/control/DatePicker
Event: 40.218 loading class javafx/scene/control/DatePicker done
Event: 40.219 loading class javafx/beans/Observable
Event: 40.219 loading class javafx/beans/Observable done
Event: 40.219 loading class javafx/scene/control/DatePicker
Event: 40.219 loading class javafx/scene/control/DatePicker done
Event: 40.226 loading class javafx/scene/control/DatePicker$StyleableProperties
Event: 40.226 loading class javafx/scene/control/DatePicker$StyleableProperties done
Event: 40.226 loading class javafx/scene/control/DatePicker$StyleableProperties$1
Event: 40.226 loading class javafx/scene/control/DatePicker$StyleableProperties$1 done


Dynamic libraries:
0x000000013fe10000 - 0x000000013fe47000 	C:\Program Files\Java\jdk1.8.0_51\jre\bin\java.exe
0x0000000076ea0000 - 0x0000000077049000 	C:\Windows\SYSTEM32\ntdll.dll
0x0000000076c80000 - 0x0000000076d9f000 	C:\Windows\system32\kernel32.dll
0x000007fefcdf0000 - 0x000007fefce5c000 	C:\Windows\system32\KERNELBASE.dll
0x000007fefdfc0000 - 0x000007fefe09b000 	C:\Windows\system32\ADVAPI32.dll
0x000007feff090000 - 0x000007feff12f000 	C:\Windows\system32\msvcrt.dll
0x000007fefdfa0000 - 0x000007fefdfbf000 	C:\Windows\SYSTEM32\sechost.dll
0x000007fefde70000 - 0x000007fefdf9d000 	C:\Windows\system32\RPCRT4.dll
0x0000000076da0000 - 0x0000000076e9a000 	C:\Windows\system32\USER32.dll
0x000007feff140000 - 0x000007feff1a7000 	C:\Windows\system32\GDI32.dll
0x000007feff130000 - 0x000007feff13e000 	C:\Windows\system32\LPK.dll
0x000007fefdda0000 - 0x000007fefde6a000 	C:\Windows\system32\USP10.dll
0x000007fefb5a0000 - 0x000007fefb794000 	C:\Windows\WinSxS\amd64_microsoft.windows.common-controls_6595b64144ccf1df_6.0.7601.18837_none_fa3b1e3d17594757\COMCTL32.dll
0x000007fefd570000 - 0x000007fefd5e1000 	C:\Windows\system32\SHLWAPI.dll
0x000007feff000000 - 0x000007feff02e000 	C:\Windows\system32\IMM32.DLL
0x000007fefe140000 - 0x000007fefe249000 	C:\Windows\system32\MSCTF.dll
0x00000000607b0000 - 0x0000000060882000 	C:\Program Files\Java\jdk1.8.0_51\jre\bin\msvcr100.dll
0x000000005f860000 - 0x00000000600e3000 	C:\Program Files\Java\jdk1.8.0_51\jre\bin\server\jvm.dll
0x000007fef85f0000 - 0x000007fef85f9000 	C:\Windows\system32\WSOCK32.dll
0x000007feff040000 - 0x000007feff08d000 	C:\Windows\system32\WS2_32.dll
0x000007feff030000 - 0x000007feff038000 	C:\Windows\system32\NSI.dll
0x000007fefa7a0000 - 0x000007fefa7db000 	C:\Windows\system32\WINMM.dll
0x000007fefc4e0000 - 0x000007fefc4ec000 	C:\Windows\system32\VERSION.dll
0x0000000077060000 - 0x0000000077067000 	C:\Windows\system32\PSAPI.DLL
0x000000006cd20000 - 0x000000006cd2f000 	C:\Program Files\Java\jdk1.8.0_51\jre\bin\verify.dll
0x000000006ccf0000 - 0x000000006cd19000 	C:\Program Files\Java\jdk1.8.0_51\jre\bin\java.dll
0x000000006cc90000 - 0x000000006cca6000 	C:\Program Files\Java\jdk1.8.0_51\jre\bin\zip.dll
0x000007fefe250000 - 0x000007fefefd9000 	C:\Windows\system32\SHELL32.dll
0x000007fefd8c0000 - 0x000007fefdac3000 	C:\Windows\system32\ole32.dll
0x000007fefcc50000 - 0x000007fefcc5f000 	C:\Windows\system32\profapi.dll
0x000000005b6a0000 - 0x000000005b6cc000 	C:\Program Files\Java\jdk1.8.0_51\jre\bin\prism_d3d.dll
0x000007fee5640000 - 0x000007fee583f000 	C:\Windows\system32\d3d9.dll
0x000007fee5630000 - 0x000007fee5637000 	C:\Windows\system32\d3d8thk.dll
0x000007fefc3c0000 - 0x000007fefc3d8000 	C:\Windows\system32\dwmapi.dll
0x000007fefba90000 - 0x000007fefbae6000 	C:\Windows\system32\uxtheme.dll
0x000007fed97e0000 - 0x000007feda6d9000 	C:\Windows\system32\nvd3dumx.dll
0x0000000180000000 - 0x00000001801a7000 	C:\Windows\system32\nvspcap64.dll
0x000007fefd1e0000 - 0x000007fefd2b7000 	C:\Windows\system32\OLEAUT32.dll
0x000007fefd000000 - 0x000007fefd1d7000 	C:\Windows\system32\SETUPAPI.dll
0x000007fefcda0000 - 0x000007fefcdd6000 	C:\Windows\system32\CFGMGR32.dll
0x000007fefcfd0000 - 0x000007fefcfea000 	C:\Windows\system32\DEVOBJ.dll
0x000007fef2360000 - 0x000007fef23d1000 	C:\Windows\system32\WINHTTP.dll
0x000007fef22f0000 - 0x000007fef2354000 	C:\Windows\system32\webio.dll
0x000007fef97b0000 - 0x000007fef9b43000 	C:\Windows\system32\nvapi64.dll
0x000007fefca10000 - 0x000007fefca35000 	C:\Windows\system32\SspiCli.dll
0x000000005b620000 - 0x000000005b661000 	C:\Program Files\Java\jdk1.8.0_51\jre\bin\glass.dll
0x000007fefd4d0000 - 0x000007fefd567000 	C:\Windows\system32\COMDLG32.dll
0x000007fefcae0000 - 0x000007fefcaef000 	C:\Windows\system32\CRYPTBASE.dll
0x000007fefaf50000 - 0x000007fefaf7c000 	C:\Windows\system32\powrprof.dll
0x000007fee3690000 - 0x000007fee3770000 	C:\Program Files (x86)\NVIDIA Corporation\3D Vision\nvSCPAPI64.dll
0x000000005b600000 - 0x000000005b615000 	C:\Program Files\Java\jdk1.8.0_51\jre\bin\javafx_font.dll
0x000007fedf550000 - 0x000007fedf6e7000 	C:\Windows\system32\dwrite.dll
0x000007fefe0a0000 - 0x000007fefe139000 	C:\Windows\system32\CLBCatQ.DLL
0x000007fefacb0000 - 0x000007fefae11000 	C:\Windows\system32\WindowsCodecs.dll
0x000007fefca40000 - 0x000007fefca97000 	C:\Windows\system32\apphelp.dll
0x000007fef4830000 - 0x000007fef486f000 	C:\Users\SISTEMAS\AppData\Local\Microsoft\SkyDrive\17.0.4023.1211\amd64\SkyDriveShell64.dll
0x000007fef30d0000 - 0x000007fef3177000 	C:\Users\SISTEMAS\AppData\Local\Microsoft\SkyDrive\17.0.4023.1211\amd64\MSVCP110.dll
0x000007fef3000000 - 0x000007fef30ce000 	C:\Users\SISTEMAS\AppData\Local\Microsoft\SkyDrive\17.0.4023.1211\amd64\MSVCR110.dll
0x000007fefd650000 - 0x000007fefd8b9000 	C:\Windows\system32\WININET.dll
0x000007fefcd90000 - 0x000007fefcd94000 	C:\Windows\system32\api-ms-win-downlevel-user32-l1-1-0.dll
0x000007fefcde0000 - 0x000007fefcde4000 	C:\Windows\system32\api-ms-win-downlevel-shlwapi-l1-1-0.dll
0x000007fefcc60000 - 0x000007fefcc64000 	C:\Windows\system32\api-ms-win-downlevel-version-l1-1-0.dll
0x000007fefcd80000 - 0x000007fefcd83000 	C:\Windows\system32\api-ms-win-downlevel-normaliz-l1-1-0.dll
0x0000000077070000 - 0x0000000077073000 	C:\Windows\system32\normaliz.DLL
0x000007fefdad0000 - 0x000007fefdd98000 	C:\Windows\system32\iertutil.dll
0x000007fefcff0000 - 0x000007fefcff5000 	C:\Windows\system32\api-ms-win-downlevel-advapi32-l1-1-0.dll
0x000007fefcd10000 - 0x000007fefcd2e000 	C:\Windows\system32\USERENV.dll
0x000007fee3440000 - 0x000007fee367f000 	C:\Program Files\Microsoft Office 15\root\VFS\ProgramFilesX64\Microsoft Office\Office15\GROOVEEX.DLL
0x000000006b840000 - 0x000000006b8d8000 	C:\Program Files\Microsoft Office 15\root\VFS\ProgramFilesX64\Microsoft Office\Office15\MSVCP100.dll
0x000000006b340000 - 0x000000006b36b000 	C:\Program Files\Microsoft Office 15\root\VFS\ProgramFilesX64\Microsoft Office\Office15\ATL100.DLL
0x000007fee3120000 - 0x000007fee343e000 	C:\Windows\system32\msi.dll
0x000007fee0300000 - 0x000007fee0b88000 	C:\Program Files\Microsoft Office 15\root\VFS\ProgramFilesX64\Microsoft Office\Office15\3082\GrooveIntlResource.dll
0x000007fee4680000 - 0x000007fee46f6000 	C:\ProgramData\MEGAsync\ShellExtX64.dll
0x000007fef2fc0000 - 0x000007fef2ff5000 	C:\Windows\system32\EhStorShell.dll
0x000007fefb070000 - 0x000007fefb19c000 	C:\Windows\system32\PROPSYS.dll
0x000007fee2ba0000 - 0x000007fee2c1e000 	C:\Windows\System32\cscui.dll
0x000007fef4820000 - 0x000007fef482c000 	C:\Windows\System32\CSCDLL.dll
0x000007feec510000 - 0x000007feec51f000 	C:\Windows\system32\CSCAPI.dll
0x000007fefa210000 - 0x000007fefa23d000 	C:\Program Files\Common Files\Microsoft Shared\Ink\rtscom.dll
0x00000000606a0000 - 0x00000000606b1000 	C:\Program Files\Java\jdk1.8.0_51\jre\bin\prism_common.dll
0x0000000061cf0000 - 0x0000000061d0a000 	C:\Program Files\Java\jdk1.8.0_51\jre\bin\net.dll
0x000007fefc0e0000 - 0x000007fefc135000 	C:\Windows\system32\mswsock.dll
0x000007fefc0d0000 - 0x000007fefc0d7000 	C:\Windows\System32\wship6.dll
0x000007fefc5b0000 - 0x000007fefc5b7000 	C:\Windows\System32\wshtcpip.dll
0x000007fefbf60000 - 0x000007fefbfbb000 	C:\Windows\system32\DNSAPI.dll
0x0000000072fe0000 - 0x0000000073006000 	C:\Program Files\Bonjour\mdnsNSP.dll
0x000007fefa180000 - 0x000007fefa1a7000 	C:\Windows\system32\Iphlpapi.DLL
0x000007fefa170000 - 0x000007fefa17b000 	C:\Windows\system32\WINNSI.DLL
0x000007fef8d20000 - 0x000007fef8d28000 	C:\Windows\system32\rasadhlp.dll
0x000007fefa020000 - 0x000007fefa073000 	C:\Windows\System32\fwpuclnt.dll
0x000007fedae40000 - 0x000007fedb204000 	C:\Windows\system32\d2d1.dll
0x000007fef48e0000 - 0x000007fef4ab5000 	C:\Windows\system32\d3d11.dll
0x000007fef96d0000 - 0x000007fef972d000 	C:\Windows\system32\dxgi.dll
0x000007fedb360000 - 0x000007fedb5d9000 	C:\Windows\system32\D3D10Warp.dll
0x000007fefcd40000 - 0x000007fefcd7b000 	C:\Windows\system32\WINTRUST.dll
0x000007fefce60000 - 0x000007fefcfcd000 	C:\Windows\system32\CRYPT32.dll
0x000007fefcc40000 - 0x000007fefcc4f000 	C:\Windows\system32\MSASN1.dll
0x000007feec520000 - 0x000007feec645000 	C:\Windows\system32\dbghelp.dll

VM Arguments:
jvm_args: -Dfile.encoding=UTF-8 
java_command: D:\HACIENTO PROGRAMAS JAVA FX\PUNTOVENTAS\dist\run893546758\PUNTOVENTAS.jar
java_class_path (initial): D:\HACIENTO PROGRAMAS JAVA FX\PUNTOVENTAS\dist\run893546758\PUNTOVENTAS.jar
Launcher Type: SUN_STANDARD

Environment Variables:
JAVA_HOME=C:\Program Files (x86)\Java\jdk1.7.0_07
PATH=C:\ProgramData\Oracle\Java\javapath;C:\Program Files (x86)\AMD APP\bin\x86_64;C:\Windows\system32;C:\Windows;C:\Windows\System32\Wbem;C:\Windows\System32\WindowsPowerShell\v1.0\;C:\Program Files (x86)\ATI Technologies\ATI.ACE\Core-Static;C:\Program Files\Microsoft SQL Server\110\Tools\Binn\;C:\Program Files (x86)\Microsoft SQL Server\110\Tools\Binn\;C:\Program Files\Microsoft SQL Server\110\DTS\Binn\;C:\Program Files (x86)\Microsoft SQL Server\110\Tools\Binn\ManagementStudio\;C:\Program Files (x86)\Microsoft Visual Studio 10.0\Common7\IDE\PrivateAssemblies\;C:\Program Files (x86)\Microsoft SQL Server\110\DTS\Binn\;C:\Program Files\Microsoft SQL Server\120\Tools\Binn\;;C:\Program Files (x86)\NVIDIA Corporation\PhysX\Common;C:\Program Files (x86)\MySQL\MySQL Fabric 1.5.4 & MySQL Utilities 1.5.4 1.5\;C:\Program Files (x86)\MySQL\MySQL Fabric 1.5.4 & MySQL Utilities 1.5.4 1.5\Doctrine extensions for PHP\;C:\Program Files (x86)\Java\jdk1.7.0_07\bin;C:\apache-tomcat-7.0.63\bin;C:\Program Files (x86)\Skype\Phone\;C:\Program Files (x86)\EasyFrom Inc\;C:\Program Files (x86)\QuickTime\QTSystem\;
USERNAME=SISTEMAS
OS=Windows_NT
PROCESSOR_IDENTIFIER=AMD64 Family 21 Model 1 Stepping 2, AuthenticAMD



---------------  S Y S T E M  ---------------

OS: Windows 7 , 64 bit Build 7601 (6.1.7601.19110)

CPU:total 6 (6 cores per cpu, 1 threads per core) family 21 model 1 stepping 2, cmov, cx8, fxsr, mmx, sse, sse2, sse3, ssse3, sse4.1, sse4.2, popcnt, avx, aes, clmul, mmxext, 3dnowpref, lzcnt, sse4a, tsc, tscinvbit, tscinv

Memory: 4k page, physical 16746724k(11053512k free), swap 33491612k(25919424k free)

vm_info: Java HotSpot(TM) 64-Bit Server VM (25.51-b03) for windows-amd64 JRE (1.8.0_51-b16), built on Jun  8 2015 18:03:07 by "java_re" with MS VC++ 10.0 (VS2010)

time: Fri May 06 12:45:30 2016
elapsed time: 40 seconds (0d 0h 0m 40s)

