#
# A fatal error has been detected by the Java Runtime Environment:
#
#  EXCEPTION_ACCESS_VIOLATION (0xc0000005) at pc=0x00000000030266d8, pid=2320, tid=8104
#
# JRE version: Java(TM) SE Runtime Environment (8.0_51-b16) (build 1.8.0_51-b16)
# Java VM: Java HotSpot(TM) 64-Bit Server VM (25.51-b03 mixed mode windows-amd64 compressed oops)
# Problematic frame:
# J 2061 C2 java.lang.String.toLowerCase(Ljava/util/Locale;)Ljava/lang/String; (439 bytes) @ 0x00000000030266d8 [0x0000000003026440+0x298]
#
# Failed to write core dump. Minidumps are not enabled by default on client versions of Windows
#
# If you would like to submit a bug report, please visit:
#   http://bugreport.java.com/bugreport/crash.jsp
#

---------------  T H R E A D  ---------------

Current thread (0x000000001ecb5000):  JavaThread "JavaFX Application Thread" [_thread_in_Java, id=8104, stack(0x000000001fc80000,0x000000001fd80000)]

siginfo: ExceptionCode=0xc0000005, reading address 0x0000000000000021

Registers:
RAX=0x0000000000000000, RBX=0x0000000000000000, RCX=0x000000076be3dca0, RDX=0x0000000000000038
RSP=0x000000001fd7a9f0, RBP=0x00000000edda3a73, RSI=0x00000007c01d3348, RDI=0x000000076be3dcc8
R8 =0x0000000000000012, R9 =0x00000000ede3388c, R10=0x000000076be3dc90, R11=0x0000000000000012
R12=0x0000000000000000, R13=0x0000000000000011, R14=0x000000076f19c448, R15=0x000000001ecb5000
RIP=0x00000000030266d8, EFLAGS=0x0000000000010297

Top of Stack: (sp=0x000000001fd7a9f0)
0x000000001fd7a9f0:   0000000021ab3c28 0000000000000000
0x000000001fd7aa00:   0000000021a9f2b0 0000000000000000
0x000000001fd7aa10:   000000001fd7aa28 000000001fd7aa70
0x000000001fd7aa20:   00000000029b7a70 0000000000000038
0x000000001fd7aa30:   000000076be3dca0 000000001c071470
0x000000001fd7aa40:   000000076edbcf20 00000000217b5570
0x000000001fd7aa50:   0000000000000000 000000001c071480
0x000000001fd7aa60:   000000001fd7aac8 00000000029b7a70
0x000000001fd7aa70:   00000000029b7a70 000000076edbcf20
0x000000001fd7aa80:   000000076f19c448 000000001fd7aa88
0x000000001fd7aa90:   00000000218e6957 000000001fd7aae8
0x000000001fd7aaa0:   00000000218eb478 0000000000000000
0x000000001fd7aab0:   00000000218e6a08 000000001fd7aa78
0x000000001fd7aac0:   000000001fd7aae0 000000001fd7ab30
0x000000001fd7aad0:   00000000029b7a70 0000000000000000
0x000000001fd7aae0:   000000076f19c758 000000076bdf3cd0 

Instructions: (pc=0x00000000030266d8)
0x00000000030266b8:   00 00 81 fd f0 01 0c d8 0f 84 db 06 00 00 41 3b
0x00000000030266c8:   db 0f 8d 6b 01 00 00 45 8b 4e 0c 47 8b 44 cc 0c
0x00000000030266d8:   41 3b 58 0f 83 64 06 00 00 45 3b e8 0f 83 5b 06
0x00000000030266e8:   00 00 41 3b db 0f 83 52 06 00 00 4b 8d 3c cc e9 


Register to memory mapping:

RAX=0x0000000000000000 is an unknown value
RBX=0x0000000000000000 is an unknown value
RCX=0x000000076be3dca0 is an oop

[error occurred during error reporting (printing register info), id 0xc0000005]

Stack: [0x000000001fc80000,0x000000001fd80000],  sp=0x000000001fd7a9f0,  free space=1002k
Native frames: (J=compiled Java code, j=interpreted, Vv=VM code, C=native code)
C  0x00000000030266d8


---------------  P R O C E S S  ---------------

Java Threads: ( => current thread )
  0x000000001ef2d000 JavaThread "Prism Font Disposer" daemon [_thread_blocked, id=7868, stack(0x00000000243d0000,0x00000000244d0000)]
  0x000000001ec8d800 JavaThread "Thread-3" daemon [_thread_in_native, id=4588, stack(0x00000000214e0000,0x00000000215e0000)]
  0x000000001ec8b800 JavaThread "JavaFX-Launcher" [_thread_blocked, id=2496, stack(0x00000000216a0000,0x00000000217a0000)]
=>0x000000001ecb5000 JavaThread "JavaFX Application Thread" [_thread_in_Java, id=8104, stack(0x000000001fc80000,0x000000001fd80000)]
  0x000000001ecbd000 JavaThread "Thread-1" daemon [_thread_blocked, id=8092, stack(0x000000001f9c0000,0x000000001fac0000)]
  0x000000001ec58800 JavaThread "QuantumRenderer-0" daemon [_thread_blocked, id=8052, stack(0x000000001f480000,0x000000001f580000)]
  0x000000001e117000 JavaThread "Service Thread" daemon [_thread_blocked, id=788, stack(0x000000001e6b0000,0x000000001e7b0000)]
  0x000000001e08e000 JavaThread "C1 CompilerThread2" daemon [_thread_blocked, id=7460, stack(0x000000001e930000,0x000000001ea30000)]
  0x000000001e08c800 JavaThread "C2 CompilerThread1" daemon [_thread_in_native, id=4008, stack(0x000000001e7d0000,0x000000001e8d0000)]
  0x000000001e085000 JavaThread "C2 CompilerThread0" daemon [_thread_blocked, id=7852, stack(0x000000001da50000,0x000000001db50000)]
  0x000000001e083800 JavaThread "Attach Listener" daemon [_thread_blocked, id=5084, stack(0x000000001e5b0000,0x000000001e6b0000)]
  0x000000001e082800 JavaThread "Signal Dispatcher" daemon [_thread_blocked, id=7596, stack(0x000000001e480000,0x000000001e580000)]
  0x000000001c3b8000 JavaThread "Finalizer" daemon [_thread_blocked, id=4960, stack(0x000000001df30000,0x000000001e030000)]
  0x000000001c3b0000 JavaThread "Reference Handler" daemon [_thread_blocked, id=4256, stack(0x000000001dd80000,0x000000001de80000)]
  0x000000000231e800 JavaThread "main" [_thread_blocked, id=6656, stack(0x00000000025e0000,0x00000000026e0000)]

Other Threads:
  0x000000001c3a6800 VMThread [stack: 0x000000001dbf0000,0x000000001dcf0000] [id=7412]
  0x000000001e11b000 WatcherThread [stack: 0x000000001eb00000,0x000000001ec00000] [id=3672]

VM state:not at safepoint (normal execution)

VM Mutex/Monitor currently owned by a thread: None

Heap:
 PSYoungGen      total 76288K, used 29573K [0x000000076ad00000, 0x0000000770200000, 0x00000007c0000000)
  eden space 65536K, 28% used [0x000000076ad00000,0x000000076bf67ea0,0x000000076ed00000)
  from space 10752K, 99% used [0x000000076ed00000,0x000000076f7795a8,0x000000076f780000)
  to   space 10752K, 0% used [0x000000076f780000,0x000000076f780000,0x0000000770200000)
 ParOldGen       total 175104K, used 9908K [0x00000006c0600000, 0x00000006cb100000, 0x000000076ad00000)
  object space 175104K, 5% used [0x00000006c0600000,0x00000006c0fad248,0x00000006cb100000)
 Metaspace       used 19917K, capacity 20722K, committed 20992K, reserved 1067008K
  class space    used 2786K, capacity 2960K, committed 3072K, reserved 1048576K

Card table byte_map: [0x0000000011d70000,0x0000000012570000] byte_map_base: 0x000000000e76d000

Marking Bits: (ParMarkBitMap*) 0x000000005e3c4040
 Begin Bits: [0x00000000131f0000, 0x00000000171d8000)
 End Bits:   [0x00000000171d8000, 0x000000001b1c0000)

Polling page: 0x0000000000140000

CodeCache: size=245760Kb used=6795Kb max_used=6795Kb free=238964Kb
 bounds [0x00000000029b0000, 0x0000000003060000, 0x00000000119b0000]
 total_blobs=2799 nmethods=2122 adapters=589
 compilation: enabled

Compilation events (10 events):
Event: 4.553 Thread 0x000000001e08e000 2117       1       java.lang.invoke.InnerClassLambdaMetafactory::access$000 (5 bytes)
Event: 4.553 Thread 0x000000001e08e000 nmethod 2117 0x000000000303d6d0 code [0x000000000303d820, 0x000000000303d910]
Event: 4.553 Thread 0x000000001e08e000 2118       1       java.lang.invoke.InnerClassLambdaMetafactory::access$400 (5 bytes)
Event: 4.553 Thread 0x000000001e08e000 nmethod 2118 0x000000000303d410 code [0x000000000303d560, 0x000000000303d650]
Event: 4.553 Thread 0x000000001e08e000 2116       1       java.lang.invoke.SimpleMethodHandle::fieldCount (2 bytes)
Event: 4.553 Thread 0x000000001e08e000 nmethod 2116 0x000000000303d150 code [0x000000000303d2a0, 0x000000000303d3b0]
Event: 4.554 Thread 0x000000001e08e000 2119       3       javafx.beans.property.StringPropertyBase::get (5 bytes)
Event: 4.554 Thread 0x000000001e08e000 nmethod 2119 0x0000000003044d50 code [0x0000000003044ec0, 0x00000000030450c8]
Event: 4.554 Thread 0x000000001e08e000 2122       3       com.sun.javafx.css.StyleManager::findMatchingStyles (1239 bytes)
Event: 4.555 Thread 0x000000001e08c800 2123       4       com.sun.javafx.css.SimpleSelector::applies (221 bytes)

GC Heap History (2 events):
Event: 4.354 GC heap before
{Heap before GC invocations=1 (full 0):
 PSYoungGen      total 76288K, used 65536K [0x000000076ad00000, 0x0000000770200000, 0x00000007c0000000)
  eden space 65536K, 100% used [0x000000076ad00000,0x000000076ed00000,0x000000076ed00000)
  from space 10752K, 0% used [0x000000076f780000,0x000000076f780000,0x0000000770200000)
  to   space 10752K, 0% used [0x000000076ed00000,0x000000076ed00000,0x000000076f780000)
 ParOldGen       total 175104K, used 0K [0x00000006c0600000, 0x00000006cb100000, 0x000000076ad00000)
  object space 175104K, 0% used [0x00000006c0600000,0x00000006c0600000,0x00000006cb100000)
 Metaspace       used 19164K, capacity 19834K, committed 20096K, reserved 1067008K
  class space    used 2669K, capacity 2840K, committed 2944K, reserved 1048576K
Event: 4.375 GC heap after
Heap after GC invocations=1 (full 0):
 PSYoungGen      total 76288K, used 10725K [0x000000076ad00000, 0x0000000770200000, 0x00000007c0000000)
  eden space 65536K, 0% used [0x000000076ad00000,0x000000076ad00000,0x000000076ed00000)
  from space 10752K, 99% used [0x000000076ed00000,0x000000076f7795a8,0x000000076f780000)
  to   space 10752K, 0% used [0x000000076f780000,0x000000076f780000,0x0000000770200000)
 ParOldGen       total 175104K, used 9908K [0x00000006c0600000, 0x00000006cb100000, 0x000000076ad00000)
  object space 175104K, 5% used [0x00000006c0600000,0x00000006c0fad248,0x00000006cb100000)
 Metaspace       used 19164K, capacity 19834K, committed 20096K, reserved 1067008K
  class space    used 2669K, capacity 2840K, committed 2944K, reserved 1048576K
}

Deoptimization events (10 events):
Event: 4.058 Thread 0x000000001ecb5000 Uncommon trap: reason=unstable_if action=reinterpret pc=0x0000000002cafd84 method=java.lang.AbstractStringBuilder.append(Ljava/lang/String;)Ljava/lang/AbstractStringBuilder; @ 1
Event: 4.089 Thread 0x000000001ecb5000 Uncommon trap: reason=predicate action=maybe_recompile pc=0x0000000002df2634 method=sun.net.www.ParseUtil.encodePath(Ljava/lang/String;Z)Ljava/lang/String; @ 36
Event: 4.221 Thread 0x000000001ecb5000 Uncommon trap: reason=class_check action=maybe_recompile pc=0x0000000002da2830 method=java.io.FilterInputStream.read()I @ 4
Event: 4.221 Thread 0x000000001ecb5000 Uncommon trap: reason=class_check action=maybe_recompile pc=0x0000000002da2830 method=java.io.FilterInputStream.read()I @ 4
Event: 4.221 Thread 0x000000001ecb5000 Uncommon trap: reason=class_check action=maybe_recompile pc=0x0000000002da2830 method=java.io.FilterInputStream.read()I @ 4
Event: 4.221 Thread 0x000000001ecb5000 Uncommon trap: reason=class_check action=maybe_recompile pc=0x0000000002da2830 method=java.io.FilterInputStream.read()I @ 4
Event: 4.230 Thread 0x000000001ecb5000 Uncommon trap: reason=unstable_if action=reinterpret pc=0x0000000002cf67f0 method=com.sun.javafx.image.impl.ByteBgra$ToByteBgraPreConv.doConvert([BII[BIIII)V @ 31
Event: 4.231 Thread 0x000000001ecb5000 Uncommon trap: reason=unstable_if action=reinterpret pc=0x0000000002d01abc method=com.sun.javafx.image.impl.BaseByteToByteConverter$FourByteReorderer.doConvert([BII[BIIII)V @ 31
Event: 4.383 Thread 0x000000001ecb5000 Uncommon trap: reason=unstable_if action=reinterpret pc=0x0000000002e7fb9c method=java.lang.ref.ReferenceQueue.poll()Ljava/lang/ref/Reference; @ 4
Event: 4.437 Thread 0x000000001ecb5000 Uncommon trap: reason=unstable_if action=reinterpret pc=0x0000000002ede2d8 method=java.lang.ref.SoftReference.get()Ljava/lang/Object; @ 17

Internal exceptions (10 events):
Event: 0.590 Thread 0x000000001ecb5000 Exception <a 'java/lang/ArrayIndexOutOfBoundsException': 18> (0x000000076c491930) thrown at [C:\re\workspace\8-2-build-windows-amd64-cygwin\jdk8u51\3951\hotspot\src\share\vm\interpreter\interpreterRuntime.cpp, line 366]
Event: 0.591 Thread 0x000000001ecb5000 Exception <a 'java/lang/ArrayIndexOutOfBoundsException': 86> (0x000000076c492c28) thrown at [C:\re\workspace\8-2-build-windows-amd64-cygwin\jdk8u51\3951\hotspot\src\share\vm\interpreter\interpreterRuntime.cpp, line 366]
Event: 0.644 Thread 0x000000001ecb5000 Exception <a 'java/lang/ArrayIndexOutOfBoundsException'> (0x000000076c6e00f0) thrown at [C:\re\workspace\8-2-build-windows-amd64-cygwin\jdk8u51\3951\hotspot\src\share\vm\runtime\sharedRuntime.cpp, line 605]
Event: 0.644 Thread 0x000000001ecb5000 Exception <a 'java/lang/ArrayIndexOutOfBoundsException'> (0x000000076c6e1430) thrown at [C:\re\workspace\8-2-build-windows-amd64-cygwin\jdk8u51\3951\hotspot\src\share\vm\runtime\sharedRuntime.cpp, line 605]
Event: 0.646 Thread 0x000000001ecb5000 Exception <a 'java/lang/ArrayIndexOutOfBoundsException'> (0x000000076c6f17e8) thrown at [C:\re\workspace\8-2-build-windows-amd64-cygwin\jdk8u51\3951\hotspot\src\share\vm\runtime\sharedRuntime.cpp, line 605]
Event: 0.726 Thread 0x000000001ecb5000 Implicit null exception at 0x0000000002c6ba35 to 0x0000000002c6bc2d
Event: 4.058 Thread 0x000000001ecb5000 Implicit null exception at 0x0000000002cafa56 to 0x0000000002cafd6d
Event: 4.445 Thread 0x000000001ecb5000 Exception <a 'java/lang/ArrayIndexOutOfBoundsException'> (0x000000076b41c080) thrown at [C:\re\workspace\8-2-build-windows-amd64-cygwin\jdk8u51\3951\hotspot\src\share\vm\runtime\sharedRuntime.cpp, line 605]
Event: 4.452 Thread 0x000000001ecb5000 Exception <a 'java/lang/ArrayIndexOutOfBoundsException'> (0x000000076b5046a0) thrown at [C:\re\workspace\8-2-build-windows-amd64-cygwin\jdk8u51\3951\hotspot\src\share\vm\runtime\sharedRuntime.cpp, line 605]
Event: 4.556 Thread 0x000000001ecb5000 Implicit null exception at 0x00000000030266d8 to 0x0000000000000000

Events (10 events):
Event: 4.553 loading class javafx/scene/input/TouchEvent
Event: 4.553 loading class javafx/scene/input/TouchEvent done
Event: 4.553 loading class com/sun/javafx/scene/control/skin/ScrollPaneSkin
Event: 4.553 loading class com/sun/javafx/scene/control/skin/ScrollPaneSkin done
Event: 4.555 loading class javafx/collections/FXCollections$UnmodifiableObservableSet
Event: 4.555 loading class javafx/collections/FXCollections$UnmodifiableObservableSet done
Event: 4.555 loading class com/sun/javafx/collections/SetAdapterChange
Event: 4.555 loading class com/sun/javafx/collections/SetAdapterChange done
Event: 4.556 loading class com/sun/javafx/css/BitSet$1
Event: 4.556 loading class com/sun/javafx/css/BitSet$1 done


Dynamic libraries:
0x000000013f800000 - 0x000000013f837000 	C:\Program Files\Java\jdk1.8.0_51\jre\bin\java.exe
0x0000000076ea0000 - 0x0000000077049000 	C:\Windows\SYSTEM32\ntdll.dll
0x0000000076c80000 - 0x0000000076d9f000 	C:\Windows\system32\kernel32.dll
0x000007fefcdf0000 - 0x000007fefce5c000 	C:\Windows\system32\KERNELBASE.dll
0x000007fefdfc0000 - 0x000007fefe09b000 	C:\Windows\system32\ADVAPI32.dll
0x000007feff090000 - 0x000007feff12f000 	C:\Windows\system32\msvcrt.dll
0x000007fefdfa0000 - 0x000007fefdfbf000 	C:\Windows\SYSTEM32\sechost.dll
0x000007fefde70000 - 0x000007fefdf9d000 	C:\Windows\system32\RPCRT4.dll
0x0000000076da0000 - 0x0000000076e9a000 	C:\Windows\system32\USER32.dll
0x000007feff140000 - 0x000007feff1a7000 	C:\Windows\system32\GDI32.dll
0x000007feff130000 - 0x000007feff13e000 	C:\Windows\system32\LPK.dll
0x000007fefdda0000 - 0x000007fefde6a000 	C:\Windows\system32\USP10.dll
0x000007fefb5a0000 - 0x000007fefb794000 	C:\Windows\WinSxS\amd64_microsoft.windows.common-controls_6595b64144ccf1df_6.0.7601.18837_none_fa3b1e3d17594757\COMCTL32.dll
0x000007fefd570000 - 0x000007fefd5e1000 	C:\Windows\system32\SHLWAPI.dll
0x000007feff000000 - 0x000007feff02e000 	C:\Windows\system32\IMM32.DLL
0x000007fefe140000 - 0x000007fefe249000 	C:\Windows\system32\MSCTF.dll
0x0000000060e30000 - 0x0000000060f02000 	C:\Program Files\Java\jdk1.8.0_51\jre\bin\msvcr100.dll
0x000000005dbc0000 - 0x000000005e443000 	C:\Program Files\Java\jdk1.8.0_51\jre\bin\server\jvm.dll
0x000007fef85f0000 - 0x000007fef85f9000 	C:\Windows\system32\WSOCK32.dll
0x000007feff040000 - 0x000007feff08d000 	C:\Windows\system32\WS2_32.dll
0x000007feff030000 - 0x000007feff038000 	C:\Windows\system32\NSI.dll
0x000007fefa7a0000 - 0x000007fefa7db000 	C:\Windows\system32\WINMM.dll
0x000007fefc4e0000 - 0x000007fefc4ec000 	C:\Windows\system32\VERSION.dll
0x0000000077060000 - 0x0000000077067000 	C:\Windows\system32\PSAPI.DLL
0x0000000061790000 - 0x000000006179f000 	C:\Program Files\Java\jdk1.8.0_51\jre\bin\verify.dll
0x0000000061660000 - 0x0000000061689000 	C:\Program Files\Java\jdk1.8.0_51\jre\bin\java.dll
0x0000000061640000 - 0x0000000061656000 	C:\Program Files\Java\jdk1.8.0_51\jre\bin\zip.dll
0x000007fefe250000 - 0x000007fefefd9000 	C:\Windows\system32\SHELL32.dll
0x000007fefd8c0000 - 0x000007fefdac3000 	C:\Windows\system32\ole32.dll
0x000007fefcc50000 - 0x000007fefcc5f000 	C:\Windows\system32\profapi.dll
0x0000000053010000 - 0x000000005303c000 	C:\Program Files\Java\jdk1.8.0_51\jre\bin\prism_d3d.dll
0x000007fee5640000 - 0x000007fee583f000 	C:\Windows\system32\d3d9.dll
0x000007fee5630000 - 0x000007fee5637000 	C:\Windows\system32\d3d8thk.dll
0x000007fefc3c0000 - 0x000007fefc3d8000 	C:\Windows\system32\dwmapi.dll
0x000007fefba90000 - 0x000007fefbae6000 	C:\Windows\system32\uxtheme.dll
0x000007fed97e0000 - 0x000007feda6d9000 	C:\Windows\system32\nvd3dumx.dll
0x0000000180000000 - 0x00000001801a7000 	C:\Windows\system32\nvspcap64.dll
0x000007fefd1e0000 - 0x000007fefd2b7000 	C:\Windows\system32\OLEAUT32.dll
0x000007fefd000000 - 0x000007fefd1d7000 	C:\Windows\system32\SETUPAPI.dll
0x000007fefcda0000 - 0x000007fefcdd6000 	C:\Windows\system32\CFGMGR32.dll
0x000007fefcfd0000 - 0x000007fefcfea000 	C:\Windows\system32\DEVOBJ.dll
0x000007fef2360000 - 0x000007fef23d1000 	C:\Windows\system32\WINHTTP.dll
0x000007fef22f0000 - 0x000007fef2354000 	C:\Windows\system32\webio.dll
0x000007fef97b0000 - 0x000007fef9b43000 	C:\Windows\system32\nvapi64.dll
0x000007fefca10000 - 0x000007fefca35000 	C:\Windows\system32\SspiCli.dll
0x0000000052b90000 - 0x0000000052bd1000 	C:\Program Files\Java\jdk1.8.0_51\jre\bin\glass.dll
0x000007fefd4d0000 - 0x000007fefd567000 	C:\Windows\system32\COMDLG32.dll
0x000007fefcae0000 - 0x000007fefcaef000 	C:\Windows\system32\CRYPTBASE.dll
0x000007fefaf50000 - 0x000007fefaf7c000 	C:\Windows\system32\powrprof.dll
0x000007fee3690000 - 0x000007fee3770000 	C:\Program Files (x86)\NVIDIA Corporation\3D Vision\nvSCPAPI64.dll
0x000000006cc20000 - 0x000000006cc35000 	C:\Program Files\Java\jdk1.8.0_51\jre\bin\javafx_font.dll
0x000007fedb440000 - 0x000007fedb5d7000 	C:\Windows\system32\dwrite.dll
0x000007fefe0a0000 - 0x000007fefe139000 	C:\Windows\system32\CLBCatQ.DLL
0x000007fefacb0000 - 0x000007fefae11000 	C:\Windows\system32\WindowsCodecs.dll
0x000007fefca40000 - 0x000007fefca97000 	C:\Windows\system32\apphelp.dll
0x000007fef4830000 - 0x000007fef486f000 	C:\Users\SISTEMAS\AppData\Local\Microsoft\SkyDrive\17.0.4023.1211\amd64\SkyDriveShell64.dll
0x000007fef30d0000 - 0x000007fef3177000 	C:\Users\SISTEMAS\AppData\Local\Microsoft\SkyDrive\17.0.4023.1211\amd64\MSVCP110.dll
0x000007fef3000000 - 0x000007fef30ce000 	C:\Users\SISTEMAS\AppData\Local\Microsoft\SkyDrive\17.0.4023.1211\amd64\MSVCR110.dll
0x000007fefd650000 - 0x000007fefd8b9000 	C:\Windows\system32\WININET.dll
0x000007fefcd90000 - 0x000007fefcd94000 	C:\Windows\system32\api-ms-win-downlevel-user32-l1-1-0.dll
0x000007fefcde0000 - 0x000007fefcde4000 	C:\Windows\system32\api-ms-win-downlevel-shlwapi-l1-1-0.dll
0x000007fefcc60000 - 0x000007fefcc64000 	C:\Windows\system32\api-ms-win-downlevel-version-l1-1-0.dll
0x000007fefcd80000 - 0x000007fefcd83000 	C:\Windows\system32\api-ms-win-downlevel-normaliz-l1-1-0.dll
0x0000000077070000 - 0x0000000077073000 	C:\Windows\system32\normaliz.DLL
0x000007fefdad0000 - 0x000007fefdd98000 	C:\Windows\system32\iertutil.dll
0x000007fefcff0000 - 0x000007fefcff5000 	C:\Windows\system32\api-ms-win-downlevel-advapi32-l1-1-0.dll
0x000007fefcd10000 - 0x000007fefcd2e000 	C:\Windows\system32\USERENV.dll
0x000007fee3440000 - 0x000007fee367f000 	C:\Program Files\Microsoft Office 15\root\VFS\ProgramFilesX64\Microsoft Office\Office15\GROOVEEX.DLL
0x000000006b840000 - 0x000000006b8d8000 	C:\Program Files\Microsoft Office 15\root\VFS\ProgramFilesX64\Microsoft Office\Office15\MSVCP100.dll
0x000000006b340000 - 0x000000006b36b000 	C:\Program Files\Microsoft Office 15\root\VFS\ProgramFilesX64\Microsoft Office\Office15\ATL100.DLL
0x000007fee3120000 - 0x000007fee343e000 	C:\Windows\system32\msi.dll
0x000007fee0300000 - 0x000007fee0b88000 	C:\Program Files\Microsoft Office 15\root\VFS\ProgramFilesX64\Microsoft Office\Office15\3082\GrooveIntlResource.dll
0x000007fee4680000 - 0x000007fee46f6000 	C:\ProgramData\MEGAsync\ShellExtX64.dll
0x000007fef2fc0000 - 0x000007fef2ff5000 	C:\Windows\system32\EhStorShell.dll
0x000007fefb070000 - 0x000007fefb19c000 	C:\Windows\system32\PROPSYS.dll
0x000007fee2ba0000 - 0x000007fee2c1e000 	C:\Windows\System32\cscui.dll
0x000007fef4820000 - 0x000007fef482c000 	C:\Windows\System32\CSCDLL.dll
0x000007feec510000 - 0x000007feec51f000 	C:\Windows\system32\CSCAPI.dll
0x000007fef9590000 - 0x000007fef95bd000 	C:\Program Files\Common Files\Microsoft Shared\Ink\rtscom.dll
0x0000000052ef0000 - 0x0000000052f01000 	C:\Program Files\Java\jdk1.8.0_51\jre\bin\prism_common.dll
0x0000000061110000 - 0x000000006112a000 	C:\Program Files\Java\jdk1.8.0_51\jre\bin\net.dll
0x000007fefc0e0000 - 0x000007fefc135000 	C:\Windows\system32\mswsock.dll
0x000007fefc0d0000 - 0x000007fefc0d7000 	C:\Windows\System32\wship6.dll
0x000007fefc5b0000 - 0x000007fefc5b7000 	C:\Windows\System32\wshtcpip.dll
0x000007fefbf60000 - 0x000007fefbfbb000 	C:\Windows\system32\DNSAPI.dll
0x0000000072fe0000 - 0x0000000073006000 	C:\Program Files\Bonjour\mdnsNSP.dll
0x000007fefa180000 - 0x000007fefa1a7000 	C:\Windows\system32\Iphlpapi.DLL
0x000007fefa170000 - 0x000007fefa17b000 	C:\Windows\system32\WINNSI.DLL
0x000007fef8d20000 - 0x000007fef8d28000 	C:\Windows\system32\rasadhlp.dll
0x000007fefa020000 - 0x000007fefa073000 	C:\Windows\System32\fwpuclnt.dll
0x000007feec520000 - 0x000007feec645000 	C:\Windows\system32\dbghelp.dll

VM Arguments:
jvm_args: -Dfile.encoding=UTF-8 
java_command: D:\HACIENTO PROGRAMAS JAVA FX\PUNTOVENTAS\dist\run1614411500\PUNTOVENTAS.jar
java_class_path (initial): D:\HACIENTO PROGRAMAS JAVA FX\PUNTOVENTAS\dist\run1614411500\PUNTOVENTAS.jar
Launcher Type: SUN_STANDARD

Environment Variables:
JAVA_HOME=C:\Program Files (x86)\Java\jdk1.7.0_07
PATH=C:\ProgramData\Oracle\Java\javapath;C:\Program Files (x86)\AMD APP\bin\x86_64;C:\Windows\system32;C:\Windows;C:\Windows\System32\Wbem;C:\Windows\System32\WindowsPowerShell\v1.0\;C:\Program Files (x86)\ATI Technologies\ATI.ACE\Core-Static;C:\Program Files\Microsoft SQL Server\110\Tools\Binn\;C:\Program Files (x86)\Microsoft SQL Server\110\Tools\Binn\;C:\Program Files\Microsoft SQL Server\110\DTS\Binn\;C:\Program Files (x86)\Microsoft SQL Server\110\Tools\Binn\ManagementStudio\;C:\Program Files (x86)\Microsoft Visual Studio 10.0\Common7\IDE\PrivateAssemblies\;C:\Program Files (x86)\Microsoft SQL Server\110\DTS\Binn\;C:\Program Files\Microsoft SQL Server\120\Tools\Binn\;;C:\Program Files (x86)\NVIDIA Corporation\PhysX\Common;C:\Program Files (x86)\MySQL\MySQL Fabric 1.5.4 & MySQL Utilities 1.5.4 1.5\;C:\Program Files (x86)\MySQL\MySQL Fabric 1.5.4 & MySQL Utilities 1.5.4 1.5\Doctrine extensions for PHP\;C:\Program Files (x86)\Java\jdk1.7.0_07\bin;C:\apache-tomcat-7.0.63\bin;C:\Program Files (x86)\Skype\Phone\;C:\Program Files (x86)\EasyFrom Inc\;C:\Program Files (x86)\QuickTime\QTSystem\;
USERNAME=SISTEMAS
OS=Windows_NT
PROCESSOR_IDENTIFIER=AMD64 Family 21 Model 1 Stepping 2, AuthenticAMD



---------------  S Y S T E M  ---------------

OS: Windows 7 , 64 bit Build 7601 (6.1.7601.19110)

CPU:total 6 (6 cores per cpu, 1 threads per core) family 21 model 1 stepping 2, cmov, cx8, fxsr, mmx, sse, sse2, sse3, ssse3, sse4.1, sse4.2, popcnt, avx, aes, clmul, mmxext, 3dnowpref, lzcnt, sse4a, tsc, tscinvbit, tscinv

Memory: 4k page, physical 16746724k(8538316k free), swap 33491612k(23141832k free)

vm_info: Java HotSpot(TM) 64-Bit Server VM (25.51-b03) for windows-amd64 JRE (1.8.0_51-b16), built on Jun  8 2015 18:03:07 by "java_re" with MS VC++ 10.0 (VS2010)

time: Fri May 06 10:10:48 2016
elapsed time: 4 seconds (0d 0h 0m 4s)

