#
# A fatal error has been detected by the Java Runtime Environment:
#
#  EXCEPTION_ACCESS_VIOLATION (0xc0000005) at pc=0x000000005111746d, pid=11124, tid=10288
#
# JRE version: Java(TM) SE Runtime Environment (8.0_51-b16) (build 1.8.0_51-b16)
# Java VM: Java HotSpot(TM) 64-Bit Server VM (25.51-b03 mixed mode windows-amd64 compressed oops)
# Problematic frame:
# V  [jvm.dll+0x9746d]
#
# Failed to write core dump. Minidumps are not enabled by default on client versions of Windows
#
# If you would like to submit a bug report, please visit:
#   http://bugreport.java.com/bugreport/crash.jsp
#

---------------  T H R E A D  ---------------

Current thread (0x000000001dfaf800):  JavaThread "C1 CompilerThread2" daemon [_thread_in_vm, id=10288, stack(0x000000001ea80000,0x000000001eb80000)]

siginfo: ExceptionCode=0xc0000005, reading address 0xffffffffffffffff

Registers:
RAX=0xffffffffffffffff, RBX=0xe900000000000000, RCX=0x0000000000000000, RDX=0x0000000000000000
RSP=0x000000001eb7ef30, RBP=0x000000001eb7efb9, RSI=0x0000000000000001, RDI=0x000000000300a4dc
R8 =0x000000001eb7ef01, R9 =0x0000000051080000, R10=0x0000000000000000, R11=0x0000000000000000
R12=0x000000000000f000, R13=0x00000000516651c8, R14=0x00000000516551f8, R15=0x0000000000000000
RIP=0x000000005111746d, EFLAGS=0x0000000000010293

Top of Stack: (sp=0x000000001eb7ef30)
0x000000001eb7ef30:   0000000000000000 0000000000000001
0x000000001eb7ef40:   0000000000000001 000000001dfafd50
0x000000001eb7ef50:   0000000000000000 0000000003005628
0x000000001eb7ef60:   00000000030058c0 0000000003005090
0x000000001eb7ef70:   000000000300a4d9 000000005108000a
0x000000001eb7ef80:   00000000030054ec 0000000000000000
0x000000001eb7ef90:   00000000030058c0 00000000030058e0
0x000000001eb7efa0:   000000000300a8a0 00000000030058e0
0x000000001eb7efb0:   000000000300a8a0 000000000300ad08
0x000000001eb7efc0:   00000000516651c8 000000001eb7ef50
0x000000001eb7efd0:   0000000000000000 0000000051119b46
0x000000001eb7efe0:   0000000003005090 000000005111c415
0x000000001eb7eff0:   000000001eb7f5a8 000000001eb7f590
0x000000001eb7f000:   000000001e29f920 000000001eb7f5e8
0x000000001eb7f010:   000000001eb7f5c8 000000005111a624
0x000000001eb7f020:   000000001dfafd00 000000001dfafd50 

Instructions: (pc=0x000000005111746d)
0x000000005111744d:   75 35 48 8d 4d 07 e8 98 59 00 00 48 8b f8 48 8b
0x000000005111745d:   18 48 85 db 74 1e e8 58 87 05 00 48 3b d8 74 14
0x000000005111746d:   48 8b 0b 48 89 0f 48 8d 4d 07 e8 f4 59 00 00 e9
0x000000005111747d:   35 ff ff ff 48 89 1f 48 8d 4d 07 e8 e3 59 00 00 


Register to memory mapping:

RAX=0xffffffffffffffff is an unknown value
RBX=0xe900000000000000 is an unknown value
RCX=0x0000000000000000 is an unknown value
RDX=0x0000000000000000 is an unknown value
RSP=0x000000001eb7ef30 is pointing into the stack for thread: 0x000000001dfaf800
RBP=0x000000001eb7efb9 is pointing into the stack for thread: 0x000000001dfaf800
RSI=0x0000000000000001 is an unknown value
RDI=0x000000000300a4dc is at entry_point+19452 in (nmethod*)0x0000000003005090
R8 =0x000000001eb7ef01 is pointing into the stack for thread: 0x000000001dfaf800
R9 =0x0000000051080000 is an unknown value
R10=0x0000000000000000 is an unknown value
R11=0x0000000000000000 is an unknown value
R12=0x000000000000f000 is an unknown value
R13=0x00000000516651c8 is an unknown value
R14=0x00000000516551f8 is an unknown value
R15=0x0000000000000000 is an unknown value


Stack: [0x000000001ea80000,0x000000001eb80000],  sp=0x000000001eb7ef30,  free space=1019k
Native frames: (J=compiled Java code, j=interpreted, Vv=VM code, C=native code)
V  [jvm.dll+0x9746d]
V  [jvm.dll+0x9a624]
V  [jvm.dll+0x9bdf2]
V  [jvm.dll+0x3031e]
V  [jvm.dll+0x405419]
V  [jvm.dll+0x4063d4]
V  [jvm.dll+0x406581]
V  [jvm.dll+0x40678f]
V  [jvm.dll+0xa43a2]
V  [jvm.dll+0xa4cdf]
V  [jvm.dll+0x2418a4]
V  [jvm.dll+0x29846a]
C  [msvcr100.dll+0x21d9f]
C  [msvcr100.dll+0x21e3b]
C  [kernel32.dll+0x159ed]
C  [ntdll.dll+0x2b831]


Current CompileTask:
C1:   3705 2091   !   3       com.sun.javafx.font.PrismFontFile::init (894 bytes)


---------------  P R O C E S S  ---------------

Java Threads: ( => current thread )
  0x000000001f051800 JavaThread "Prism Font Disposer" daemon [_thread_blocked, id=8060, stack(0x00000000241e0000,0x00000000242e0000)]
  0x000000001ed69800 JavaThread "Thread-3" daemon [_thread_in_native, id=5692, stack(0x0000000021380000,0x0000000021480000)]
  0x000000001ed67000 JavaThread "JavaFX-Launcher" [_thread_blocked, id=12168, stack(0x0000000021560000,0x0000000021660000)]
  0x000000001ed3a000 JavaThread "JavaFX Application Thread" [_thread_blocked, id=4736, stack(0x000000001fed0000,0x000000001ffd0000)]
  0x000000001ed34000 JavaThread "Thread-1" daemon [_thread_blocked, id=10328, stack(0x000000001fd30000,0x000000001fe30000)]
  0x000000001ed04000 JavaThread "QuantumRenderer-0" daemon [_thread_blocked, id=1120, stack(0x000000001f660000,0x000000001f760000)]
  0x000000001e038000 JavaThread "Service Thread" daemon [_thread_blocked, id=7980, stack(0x000000001e7c0000,0x000000001e8c0000)]
=>0x000000001dfaf800 JavaThread "C1 CompilerThread2" daemon [_thread_in_vm, id=10288, stack(0x000000001ea80000,0x000000001eb80000)]
  0x000000001dfa9800 JavaThread "C2 CompilerThread1" daemon [_thread_blocked, id=10228, stack(0x000000001e8e0000,0x000000001e9e0000)]
  0x000000001dfa2800 JavaThread "C2 CompilerThread0" daemon [_thread_blocked, id=10760, stack(0x000000001e3a0000,0x000000001e4a0000)]
  0x000000001dfa0800 JavaThread "Attach Listener" daemon [_thread_blocked, id=9324, stack(0x000000001e660000,0x000000001e760000)]
  0x000000001df9f800 JavaThread "Signal Dispatcher" daemon [_thread_blocked, id=9864, stack(0x000000001e510000,0x000000001e610000)]
  0x000000001c4c4000 JavaThread "Finalizer" daemon [_thread_blocked, id=11356, stack(0x000000001de50000,0x000000001df50000)]
  0x000000001c4bc800 JavaThread "Reference Handler" daemon [_thread_blocked, id=12024, stack(0x000000001dc90000,0x000000001dd90000)]
  0x00000000022be800 JavaThread "main" [_thread_blocked, id=3864, stack(0x00000000025a0000,0x00000000026a0000)]

Other Threads:
  0x000000001c4b6800 VMThread [stack: 0x000000001dae0000,0x000000001dbe0000] [id=11232]
  0x000000001e03c000 WatcherThread [stack: 0x000000001eb90000,0x000000001ec90000] [id=7380]

VM state:not at safepoint (normal execution)

VM Mutex/Monitor currently owned by a thread:  ([mutex/lock_event])
[0x00000000022bc0e0] CodeCache_lock - owner thread: 0x000000001dfaf800
[0x00000000022bd790] Compile_lock - owner thread: 0x000000001dfaf800
[0x00000000022bd890] MethodCompileQueue_lock - owner thread: 0x000000001dfaf800

Heap:
 PSYoungGen      total 76288K, used 31607K [0x000000076ad00000, 0x0000000770200000, 0x00000007c0000000)
  eden space 65536K, 31% used [0x000000076ad00000,0x000000076c163458,0x000000076ed00000)
  from space 10752K, 99% used [0x000000076ed00000,0x000000076f77aa80,0x000000076f780000)
  to   space 10752K, 0% used [0x000000076f780000,0x000000076f780000,0x0000000770200000)
 ParOldGen       total 175104K, used 9875K [0x00000006c0600000, 0x00000006cb100000, 0x000000076ad00000)
  object space 175104K, 5% used [0x00000006c0600000,0x00000006c0fa4e50,0x00000006cb100000)
 Metaspace       used 19911K, capacity 20732K, committed 20992K, reserved 1067008K
  class space    used 2789K, capacity 2961K, committed 3072K, reserved 1048576K

Card table byte_map: [0x0000000011d30000,0x0000000012530000] byte_map_base: 0x000000000e72d000

Marking Bits: (ParMarkBitMap*) 0x0000000051884040
 Begin Bits: [0x0000000013300000, 0x00000000172e8000)
 End Bits:   [0x00000000172e8000, 0x000000001b2d0000)

Polling page: 0x0000000000230000

CodeCache: size=245760Kb used=6750Kb max_used=6750Kb free=239009Kb
 bounds [0x0000000002970000, 0x0000000003010000, 0x0000000011970000]
 total_blobs=2769 nmethods=2091 adapters=589
 compilation: enabled

Compilation events (10 events):
Event: 3.644 Thread 0x000000001dfaf800 nmethod 2086 0x00000000030009d0 code [0x0000000003000b20, 0x0000000003000c70]
Event: 3.644 Thread 0x000000001dfaf800 2087       3       com.sun.javafx.font.directwrite.IUnknown::<init> (10 bytes)
Event: 3.644 Thread 0x000000001dfaf800 nmethod 2087 0x0000000003000610 code [0x0000000003000760, 0x0000000003000910]
Event: 3.645 Thread 0x000000001dfaf800 2088       3       java.nio.charset.Charset::atBugLevel (44 bytes)
Event: 3.645 Thread 0x000000001dfaf800 nmethod 2088 0x0000000002fffd10 code [0x0000000002fffec0, 0x0000000003000458]
Event: 3.646 Thread 0x000000001dfaf800 2089       3       sun.nio.cs.UnicodeDecoder::implReset (9 bytes)
Event: 3.646 Thread 0x000000001dfaf800 nmethod 2089 0x0000000002fffa10 code [0x0000000002fffb60, 0x0000000002fffcb0]
Event: 3.647 Thread 0x000000001dfaf800 2090  s!   3       com.sun.javafx.font.FontFileReader::openFile (48 bytes)
Event: 3.648 Thread 0x000000001dfaf800 nmethod 2090 0x0000000002ffea90 code [0x0000000002ffec60, 0x0000000002fff5f8]
Event: 3.659 Thread 0x000000001dfaf800 2091   !   3       com.sun.javafx.font.PrismFontFile::init (894 bytes)

GC Heap History (2 events):
Event: 3.400 GC heap before
{Heap before GC invocations=1 (full 0):
 PSYoungGen      total 76288K, used 64636K [0x000000076ad00000, 0x0000000770200000, 0x00000007c0000000)
  eden space 65536K, 98% used [0x000000076ad00000,0x000000076ec1f280,0x000000076ed00000)
  from space 10752K, 0% used [0x000000076f780000,0x000000076f780000,0x0000000770200000)
  to   space 10752K, 0% used [0x000000076ed00000,0x000000076ed00000,0x000000076f780000)
 ParOldGen       total 175104K, used 0K [0x00000006c0600000, 0x00000006cb100000, 0x000000076ad00000)
  object space 175104K, 0% used [0x00000006c0600000,0x00000006c0600000,0x00000006cb100000)
 Metaspace       used 19150K, capacity 19842K, committed 20096K, reserved 1067008K
  class space    used 2669K, capacity 2840K, committed 2944K, reserved 1048576K
Event: 3.416 GC heap after
Heap after GC invocations=1 (full 0):
 PSYoungGen      total 76288K, used 10730K [0x000000076ad00000, 0x0000000770200000, 0x00000007c0000000)
  eden space 65536K, 0% used [0x000000076ad00000,0x000000076ad00000,0x000000076ed00000)
  from space 10752K, 99% used [0x000000076ed00000,0x000000076f77aa80,0x000000076f780000)
  to   space 10752K, 0% used [0x000000076f780000,0x000000076f780000,0x0000000770200000)
 ParOldGen       total 175104K, used 9875K [0x00000006c0600000, 0x00000006cb100000, 0x000000076ad00000)
  object space 175104K, 5% used [0x00000006c0600000,0x00000006c0fa4e50,0x00000006cb100000)
 Metaspace       used 19150K, capacity 19842K, committed 20096K, reserved 1067008K
  class space    used 2669K, capacity 2840K, committed 2944K, reserved 1048576K
}

Deoptimization events (10 events):
Event: 3.065 Thread 0x000000001ed3a000 Uncommon trap: reason=unstable_if action=reinterpret pc=0x0000000002c4f974 method=java.lang.String.indexOf([CII[CIII)I @ 3
Event: 3.138 Thread 0x000000001ed3a000 Uncommon trap: reason=unstable_if action=reinterpret pc=0x0000000002e95204 method=java.lang.AbstractStringBuilder.append(Ljava/lang/String;)Ljava/lang/AbstractStringBuilder; @ 1
Event: 3.163 Thread 0x000000001ed3a000 Uncommon trap: reason=predicate action=maybe_recompile pc=0x0000000002da16f4 method=sun.net.www.ParseUtil.encodePath(Ljava/lang/String;Z)Ljava/lang/String; @ 36
Event: 3.262 Thread 0x000000001ed3a000 Uncommon trap: reason=class_check action=maybe_recompile pc=0x0000000002d535f0 method=java.io.FilterInputStream.read()I @ 4
Event: 3.262 Thread 0x000000001ed3a000 Uncommon trap: reason=class_check action=maybe_recompile pc=0x0000000002d535f0 method=java.io.FilterInputStream.read()I @ 4
Event: 3.262 Thread 0x000000001ed3a000 Uncommon trap: reason=class_check action=maybe_recompile pc=0x0000000002d535f0 method=java.io.FilterInputStream.read()I @ 4
Event: 3.262 Thread 0x000000001ed3a000 Uncommon trap: reason=class_check action=maybe_recompile pc=0x0000000002d535f0 method=java.io.FilterInputStream.read()I @ 4
Event: 3.272 Thread 0x000000001ed3a000 Uncommon trap: reason=unstable_if action=reinterpret pc=0x0000000002ca7930 method=com.sun.javafx.image.impl.ByteBgra$ToByteBgraPreConv.doConvert([BII[BIIII)V @ 31
Event: 3.273 Thread 0x000000001ed3a000 Uncommon trap: reason=unstable_if action=reinterpret pc=0x0000000002caeb3c method=com.sun.javafx.image.impl.BaseByteToByteConverter$FourByteReorderer.doConvert([BII[BIIII)V @ 31
Event: 3.421 Thread 0x000000001ed3a000 Uncommon trap: reason=unstable_if action=reinterpret pc=0x0000000002ea755c method=java.lang.ref.ReferenceQueue.poll()Ljava/lang/ref/Reference; @ 4

Internal exceptions (10 events):
Event: 0.602 Thread 0x000000001ed3a000 Exception <a 'java/lang/ArrayIndexOutOfBoundsException': 58> (0x000000076c466f48) thrown at [C:\re\workspace\8-2-build-windows-amd64-cygwin\jdk8u51\3951\hotspot\src\share\vm\interpreter\interpreterRuntime.cpp, line 366]
Event: 0.603 Thread 0x000000001ed3a000 Exception <a 'java/lang/ArrayIndexOutOfBoundsException': 18> (0x000000076c467d20) thrown at [C:\re\workspace\8-2-build-windows-amd64-cygwin\jdk8u51\3951\hotspot\src\share\vm\interpreter\interpreterRuntime.cpp, line 366]
Event: 0.603 Thread 0x000000001ed3a000 Exception <a 'java/lang/ArrayIndexOutOfBoundsException': 86> (0x000000076c469018) thrown at [C:\re\workspace\8-2-build-windows-amd64-cygwin\jdk8u51\3951\hotspot\src\share\vm\interpreter\interpreterRuntime.cpp, line 366]
Event: 0.653 Thread 0x000000001ed3a000 Exception <a 'java/lang/ArrayIndexOutOfBoundsException'> (0x000000076c6a6b70) thrown at [C:\re\workspace\8-2-build-windows-amd64-cygwin\jdk8u51\3951\hotspot\src\share\vm\runtime\sharedRuntime.cpp, line 605]
Event: 0.654 Thread 0x000000001ed3a000 Exception <a 'java/lang/ArrayIndexOutOfBoundsException'> (0x000000076c6a7eb0) thrown at [C:\re\workspace\8-2-build-windows-amd64-cygwin\jdk8u51\3951\hotspot\src\share\vm\runtime\sharedRuntime.cpp, line 605]
Event: 0.657 Thread 0x000000001ed3a000 Exception <a 'java/lang/ArrayIndexOutOfBoundsException'> (0x000000076c6bce48) thrown at [C:\re\workspace\8-2-build-windows-amd64-cygwin\jdk8u51\3951\hotspot\src\share\vm\runtime\sharedRuntime.cpp, line 605]
Event: 0.736 Thread 0x000000001ed3a000 Implicit null exception at 0x0000000002c23eb5 to 0x0000000002c240a5
Event: 3.138 Thread 0x000000001ed3a000 Implicit null exception at 0x0000000002e94ed6 to 0x0000000002e951ed
Event: 3.487 Thread 0x000000001ed3a000 Exception <a 'java/lang/ArrayIndexOutOfBoundsException'> (0x000000076b408f90) thrown at [C:\re\workspace\8-2-build-windows-amd64-cygwin\jdk8u51\3951\hotspot\src\share\vm\runtime\sharedRuntime.cpp, line 605]
Event: 3.496 Thread 0x000000001ed3a000 Exception <a 'java/lang/ArrayIndexOutOfBoundsException'> (0x000000076b4e6d58) thrown at [C:\re\workspace\8-2-build-windows-amd64-cygwin\jdk8u51\3951\hotspot\src\share\vm\runtime\sharedRuntime.cpp, line 605]

Events (10 events):
Event: 3.599 loading class com/sun/javafx/collections/SetAdapterChange
Event: 3.599 loading class com/sun/javafx/collections/SetAdapterChange done
Event: 3.599 loading class com/sun/javafx/css/BitSet$1
Event: 3.599 loading class com/sun/javafx/css/BitSet$1 done
Event: 3.601 loading class java/util/Collections$EmptyEnumeration
Event: 3.601 loading class java/util/Collections$EmptyEnumeration done
Event: 3.617 loading class com/sun/javafx/font/directwrite/IDWriteFontFile
Event: 3.617 loading class com/sun/javafx/font/directwrite/IDWriteFontFile done
Event: 3.654 loading class com/sun/javafx/font/PrismFontFactory$TTFilter
Event: 3.655 loading class com/sun/javafx/font/PrismFontFactory$TTFilter done


Dynamic libraries:
0x000000013f540000 - 0x000000013f577000 	C:\Program Files\Java\jdk1.8.0_51\jre\bin\java.exe
0x0000000076f20000 - 0x00000000770c9000 	C:\Windows\SYSTEM32\ntdll.dll
0x0000000076d00000 - 0x0000000076e1f000 	C:\Windows\system32\kernel32.dll
0x000007fefce20000 - 0x000007fefce8c000 	C:\Windows\system32\KERNELBASE.dll
0x000007fefd5f0000 - 0x000007fefd6cb000 	C:\Windows\system32\ADVAPI32.dll
0x000007fefd770000 - 0x000007fefd80f000 	C:\Windows\system32\msvcrt.dll
0x000007fefd2e0000 - 0x000007fefd2ff000 	C:\Windows\SYSTEM32\sechost.dll
0x000007fefee00000 - 0x000007fefef2d000 	C:\Windows\system32\RPCRT4.dll
0x0000000076e20000 - 0x0000000076f1a000 	C:\Windows\system32\USER32.dll
0x000007fefd4e0000 - 0x000007fefd547000 	C:\Windows\system32\GDI32.dll
0x000007fefef30000 - 0x000007fefef3e000 	C:\Windows\system32\LPK.dll
0x000007fefd210000 - 0x000007fefd2da000 	C:\Windows\system32\USP10.dll
0x000007fefb650000 - 0x000007fefb844000 	C:\Windows\WinSxS\amd64_microsoft.windows.common-controls_6595b64144ccf1df_6.0.7601.18837_none_fa3b1e3d17594757\COMCTL32.dll
0x000007fefd190000 - 0x000007fefd201000 	C:\Windows\system32\SHLWAPI.dll
0x000007fefd810000 - 0x000007fefd83e000 	C:\Windows\system32\IMM32.DLL
0x000007fefd080000 - 0x000007fefd189000 	C:\Windows\system32\MSCTF.dll
0x000000005fcd0000 - 0x000000005fda2000 	C:\Program Files\Java\jdk1.8.0_51\jre\bin\msvcr100.dll
0x0000000051080000 - 0x0000000051903000 	C:\Program Files\Java\jdk1.8.0_51\jre\bin\server\jvm.dll
0x000007fef3320000 - 0x000007fef3329000 	C:\Windows\system32\WSOCK32.dll
0x000007fefd840000 - 0x000007fefd88d000 	C:\Windows\system32\WS2_32.dll
0x000007fefdb80000 - 0x000007fefdb88000 	C:\Windows\system32\NSI.dll
0x000007fefa820000 - 0x000007fefa85b000 	C:\Windows\system32\WINMM.dll
0x000007fefc560000 - 0x000007fefc56c000 	C:\Windows\system32\VERSION.dll
0x00000000770f0000 - 0x00000000770f7000 	C:\Windows\system32\PSAPI.DLL
0x0000000062150000 - 0x000000006215f000 	C:\Program Files\Java\jdk1.8.0_51\jre\bin\verify.dll
0x00000000611c0000 - 0x00000000611e9000 	C:\Program Files\Java\jdk1.8.0_51\jre\bin\java.dll
0x0000000061b80000 - 0x0000000061b96000 	C:\Program Files\Java\jdk1.8.0_51\jre\bin\zip.dll
0x000007fefdff0000 - 0x000007fefed79000 	C:\Windows\system32\SHELL32.dll
0x000007feff020000 - 0x000007feff223000 	C:\Windows\system32\ole32.dll
0x000007fefccc0000 - 0x000007fefcccf000 	C:\Windows\system32\profapi.dll
0x00000000610a0000 - 0x00000000610cc000 	C:\Program Files\Java\jdk1.8.0_51\jre\bin\prism_d3d.dll
0x000007fedb8c0000 - 0x000007fedbabf000 	C:\Windows\system32\d3d9.dll
0x000007fedce90000 - 0x000007fedce97000 	C:\Windows\system32\d3d8thk.dll
0x000007fefc460000 - 0x000007fefc478000 	C:\Windows\system32\dwmapi.dll
0x000007fefb5f0000 - 0x000007fefb646000 	C:\Windows\system32\uxtheme.dll
0x000007fef5a80000 - 0x000007fef6979000 	C:\Windows\system32\nvd3dumx.dll
0x0000000180000000 - 0x00000001801a7000 	C:\Windows\system32\nvspcap64.dll
0x000007fefef40000 - 0x000007feff017000 	C:\Windows\system32\OLEAUT32.dll
0x000007fefd300000 - 0x000007fefd4d7000 	C:\Windows\system32\SETUPAPI.dll
0x000007fefcce0000 - 0x000007fefcd16000 	C:\Windows\system32\CFGMGR32.dll
0x000007fefd040000 - 0x000007fefd05a000 	C:\Windows\system32\DEVOBJ.dll
0x000007fef2550000 - 0x000007fef25c1000 	C:\Windows\system32\WINHTTP.dll
0x000007fef24e0000 - 0x000007fef2544000 	C:\Windows\system32\webio.dll
0x000007fef96b0000 - 0x000007fef9a43000 	C:\Windows\system32\nvapi64.dll
0x000007fefca90000 - 0x000007fefcab5000 	C:\Windows\system32\SspiCli.dll
0x0000000061050000 - 0x0000000061091000 	C:\Program Files\Java\jdk1.8.0_51\jre\bin\glass.dll
0x000007fefd550000 - 0x000007fefd5e7000 	C:\Windows\system32\COMDLG32.dll
0x000007fefcb60000 - 0x000007fefcb6f000 	C:\Windows\system32\CRYPTBASE.dll
0x000007fefb960000 - 0x000007fefb98c000 	C:\Windows\system32\powrprof.dll
0x000007fef47e0000 - 0x000007fef48c0000 	C:\Program Files (x86)\NVIDIA Corporation\3D Vision\nvSCPAPI64.dll
0x0000000061030000 - 0x0000000061045000 	C:\Program Files\Java\jdk1.8.0_51\jre\bin\javafx_font.dll
0x000007fedfc80000 - 0x000007fedfe17000 	C:\Windows\system32\dwrite.dll
0x000007fefd6d0000 - 0x000007fefd769000 	C:\Windows\system32\CLBCatQ.DLL
0x000007fefae30000 - 0x000007fefaf91000 	C:\Windows\system32\WindowsCodecs.dll
0x000007fefcac0000 - 0x000007fefcb17000 	C:\Windows\system32\apphelp.dll
0x000007feeb550000 - 0x000007feeb58f000 	C:\Users\SISTEMAS\AppData\Local\Microsoft\SkyDrive\17.0.4023.1211\amd64\SkyDriveShell64.dll
0x000007feeb4a0000 - 0x000007feeb547000 	C:\Users\SISTEMAS\AppData\Local\Microsoft\SkyDrive\17.0.4023.1211\amd64\MSVCP110.dll
0x000007feeb3d0000 - 0x000007feeb49e000 	C:\Users\SISTEMAS\AppData\Local\Microsoft\SkyDrive\17.0.4023.1211\amd64\MSVCR110.dll
0x000007fefdd80000 - 0x000007fefdfe9000 	C:\Windows\system32\WININET.dll
0x000007fefcd20000 - 0x000007fefcd24000 	C:\Windows\system32\api-ms-win-downlevel-user32-l1-1-0.dll
0x000007fefd070000 - 0x000007fefd074000 	C:\Windows\system32\api-ms-win-downlevel-shlwapi-l1-1-0.dll
0x000007fefd060000 - 0x000007fefd064000 	C:\Windows\system32\api-ms-win-downlevel-version-l1-1-0.dll
0x000007fefcec0000 - 0x000007fefcec3000 	C:\Windows\system32\api-ms-win-downlevel-normaliz-l1-1-0.dll
0x00000000770e0000 - 0x00000000770e3000 	C:\Windows\system32\normaliz.DLL
0x000007fefd890000 - 0x000007fefdb58000 	C:\Windows\system32\iertutil.dll
0x000007fefceb0000 - 0x000007fefceb5000 	C:\Windows\system32\api-ms-win-downlevel-advapi32-l1-1-0.dll
0x000007fefce90000 - 0x000007fefceae000 	C:\Windows\system32\USERENV.dll
0x000007feeb190000 - 0x000007feeb3cf000 	C:\Program Files\Microsoft Office 15\root\VFS\ProgramFilesX64\Microsoft Office\Office15\GROOVEEX.DLL
0x000000006df10000 - 0x000000006dfa8000 	C:\Program Files\Microsoft Office 15\root\VFS\ProgramFilesX64\Microsoft Office\Office15\MSVCP100.dll
0x000000006dee0000 - 0x000000006df0b000 	C:\Program Files\Microsoft Office 15\root\VFS\ProgramFilesX64\Microsoft Office\Office15\ATL100.DLL
0x000007feeae70000 - 0x000007feeb18e000 	C:\Windows\system32\msi.dll
0x000007fee8c00000 - 0x000007fee9488000 	C:\Program Files\Microsoft Office 15\root\VFS\ProgramFilesX64\Microsoft Office\Office15\3082\GrooveIntlResource.dll
0x000007feea570000 - 0x000007feea5e6000 	C:\ProgramData\MEGAsync\ShellExtX64.dll
0x000007fee8a60000 - 0x000007fee8a95000 	C:\Windows\system32\EhStorShell.dll
0x000007fefb090000 - 0x000007fefb1bc000 	C:\Windows\system32\PROPSYS.dll
0x000007fee89e0000 - 0x000007fee8a5e000 	C:\Windows\System32\cscui.dll
0x000007feea8a0000 - 0x000007feea8ac000 	C:\Windows\System32\CSCDLL.dll
0x000007feee480000 - 0x000007feee48f000 	C:\Windows\system32\CSCAPI.dll
0x000007fee8bd0000 - 0x000007fee8bfd000 	C:\Program Files\Common Files\Microsoft Shared\Ink\rtscom.dll
0x0000000061010000 - 0x0000000061021000 	C:\Program Files\Java\jdk1.8.0_51\jre\bin\prism_common.dll
0x0000000060d20000 - 0x0000000060d3a000 	C:\Program Files\Java\jdk1.8.0_51\jre\bin\net.dll
0x000007fefc0f0000 - 0x000007fefc145000 	C:\Windows\system32\mswsock.dll
0x000007fefc370000 - 0x000007fefc377000 	C:\Windows\System32\wship6.dll
0x000007fefc630000 - 0x000007fefc637000 	C:\Windows\System32\wshtcpip.dll
0x000007fefc210000 - 0x000007fefc26b000 	C:\Windows\system32\DNSAPI.dll
0x0000000074320000 - 0x0000000074346000 	C:\Program Files\Bonjour\mdnsNSP.dll
0x000007fefa1f0000 - 0x000007fefa217000 	C:\Windows\system32\Iphlpapi.DLL
0x000007fefa1e0000 - 0x000007fefa1eb000 	C:\Windows\system32\WINNSI.DLL
0x000007fef6da0000 - 0x000007fef6da8000 	C:\Windows\system32\rasadhlp.dll
0x000007fefa080000 - 0x000007fefa0d3000 	C:\Windows\System32\fwpuclnt.dll
0x000007fee85e0000 - 0x000007fee8705000 	C:\Windows\system32\dbghelp.dll

VM Arguments:
jvm_args: -Dfile.encoding=UTF-8 
java_command: D:\HACIENTO PROGRAMAS JAVA FX\PUNTOVENTAS\dist\run920913083\PUNTOVENTAS.jar
java_class_path (initial): D:\HACIENTO PROGRAMAS JAVA FX\PUNTOVENTAS\dist\run920913083\PUNTOVENTAS.jar
Launcher Type: SUN_STANDARD

Environment Variables:
JAVA_HOME=C:\Program Files (x86)\Java\jdk1.7.0_07
PATH=C:\ProgramData\Oracle\Java\javapath;C:\Program Files (x86)\AMD APP\bin\x86_64;C:\Windows\system32;C:\Windows;C:\Windows\System32\Wbem;C:\Windows\System32\WindowsPowerShell\v1.0\;C:\Program Files (x86)\ATI Technologies\ATI.ACE\Core-Static;C:\Program Files\Microsoft SQL Server\110\Tools\Binn\;C:\Program Files (x86)\Microsoft SQL Server\110\Tools\Binn\;C:\Program Files\Microsoft SQL Server\110\DTS\Binn\;C:\Program Files (x86)\Microsoft SQL Server\110\Tools\Binn\ManagementStudio\;C:\Program Files (x86)\Microsoft Visual Studio 10.0\Common7\IDE\PrivateAssemblies\;C:\Program Files (x86)\Microsoft SQL Server\110\DTS\Binn\;C:\Program Files\Microsoft SQL Server\120\Tools\Binn\;;C:\Program Files (x86)\NVIDIA Corporation\PhysX\Common;C:\Program Files (x86)\MySQL\MySQL Fabric 1.5.4 & MySQL Utilities 1.5.4 1.5\;C:\Program Files (x86)\MySQL\MySQL Fabric 1.5.4 & MySQL Utilities 1.5.4 1.5\Doctrine extensions for PHP\;C:\Program Files (x86)\Java\jdk1.7.0_07\bin;C:\apache-tomcat-7.0.63\bin;C:\Program Files (x86)\Skype\Phone\;C:\Program Files (x86)\EasyFrom Inc\;C:\Program Files (x86)\QuickTime\QTSystem\;
USERNAME=SISTEMAS
OS=Windows_NT
PROCESSOR_IDENTIFIER=AMD64 Family 21 Model 1 Stepping 2, AuthenticAMD



---------------  S Y S T E M  ---------------

OS: Windows 7 , 64 bit Build 7601 (6.1.7601.19110)

CPU:total 6 (6 cores per cpu, 1 threads per core) family 21 model 1 stepping 2, cmov, cx8, fxsr, mmx, sse, sse2, sse3, ssse3, sse4.1, sse4.2, popcnt, avx, aes, clmul, mmxext, 3dnowpref, lzcnt, sse4a, tsc, tscinvbit, tscinv

Memory: 4k page, physical 16746724k(7491824k free), swap 33491612k(21853312k free)

vm_info: Java HotSpot(TM) 64-Bit Server VM (25.51-b03) for windows-amd64 JRE (1.8.0_51-b16), built on Jun  8 2015 18:03:07 by "java_re" with MS VC++ 10.0 (VS2010)

time: Fri May 20 15:37:06 2016
elapsed time: 3 seconds (0d 0h 0m 3s)

