#
# A fatal error has been detected by the Java Runtime Environment:
#
#  EXCEPTION_ACCESS_VIOLATION (0xc0000005) at pc=0x00000000035186df, pid=1532, tid=824
#
# JRE version: Java(TM) SE Runtime Environment (8.0_51-b16) (build 1.8.0_51-b16)
# Java VM: Java HotSpot(TM) 64-Bit Server VM (25.51-b03 mixed mode windows-amd64 compressed oops)
# Problematic frame:
# J 3659 C1 com.sun.javafx.scene.control.skin.VirtualFlow.setCellIndex(Ljavafx/scene/control/IndexedCell;I)V (42 bytes) @ 0x00000000035186df [0x0000000003518040+0x69f]
#
# Failed to write core dump. Minidumps are not enabled by default on client versions of Windows
#
# If you would like to submit a bug report, please visit:
#   http://bugreport.java.com/bugreport/crash.jsp
#

---------------  T H R E A D  ---------------

Current thread (0x000000001ed26000):  JavaThread "JavaFX Application Thread" [_thread_in_Java, id=824, stack(0x000000001fa70000,0x000000001fb70000)]

siginfo: ExceptionCode=0xc0000005, writing address 0x0000000000000000

Registers:
RAX=0x0000000000000000, RBX=0x000000001fb6d5a0, RCX=0x0000000080000002, RDX=0x00000000217068dc
RSP=0x000000001fb6d610, RBP=0x000000001fb6d6f0, RSI=0x000000000002c4b9, RDI=0x0000000000000001
R8 =0x000000076b4985c0, R9 =0x00000000d80da6d2, R10=0x00000006c0687b30, R11=0x00000000033207e0
R12=0x0000000000000000, R13=0x00000000034fc6ac, R14=0x000000001fb6d598, R15=0x000000001ed26000
RIP=0x00000000035186df, EFLAGS=0x0000000000010282

Top of Stack: (sp=0x000000001fb6d610)
0x000000001fb6d610:   0000000002997a70 000000076b4985c0
0x000000001fb6d620:   000000001fb6d620 00000000251af18d
0x000000001fb6d630:   000000001fb6d6a8 00000000251b7c28
0x000000001fb6d640:   0000000000000000 00000000251af1d0
0x000000001fb6d650:   0000000000000000 000000001fb6d6a0
0x000000001fb6d660:   000000076b4985c0 000000030000000f
0x000000001fb6d670:   0000000000000003 000000076b4985c0
0x000000001fb6d680:   000000001fb6d6f0 0000000002997ced
0x000000001fb6d690:   0000000002997ced 000000000000000f
0x000000001fb6d6a0:   000000076b4985c0 00000006c0c28d60
0x000000001fb6d6b0:   000000001fb6d6b0 00000000251ad21f
0x000000001fb6d6c0:   000000001fb6d7c0 00000000251b7c28
0x000000001fb6d6d0:   0000000000000000 00000000251ad420
0x000000001fb6d6e0:   000000001fb6d698 000000001fb6d7b8
0x000000001fb6d6f0:   000000001fb6d808 00000000029974c0
0x000000001fb6d700:   0000000000000000 0000000000000000 

Instructions: (pc=0x00000000035186df)
0x00000000035186bf:   00 00 48 83 86 d8 01 00 00 01 48 ba 28 68 70 21
0x00000000035186cf:   00 00 00 00 8b b2 dc 00 00 00 83 46 08 89 b2 dc
0x00000000035186df:   00 00 00 48 ba 40 2c f8 1b 00 00 00 00 81 e6 f8
0x00000000035186ef:   ff 7f 00 83 fe 00 0f 84 15 04 00 00 41 8b 50 38 


Register to memory mapping:

RAX=0x0000000000000000 is an unknown value
RBX=0x000000001fb6d5a0 is pointing into the stack for thread: 0x000000001ed26000
RCX=0x0000000080000002 is an unknown value
RDX=0x00000000217068dc is pointing into metadata
RSP=0x000000001fb6d610 is pointing into the stack for thread: 0x000000001ed26000
RBP=0x000000001fb6d6f0 is pointing into the stack for thread: 0x000000001ed26000
RSI=0x000000000002c4b9 is an unknown value
RDI=0x0000000000000001 is an unknown value
R8 =0x000000076b4985c0 is an oop
com.sun.javafx.scene.control.skin.ComboBoxListViewSkin$4$1 
 - klass: 'com/sun/javafx/scene/control/skin/ComboBoxListViewSkin$4$1'
R9 =0x00000000d80da6d2 is an unknown value
R10=0x00000006c0687b30 is an oop
com.sun.javafx.scene.LayoutFlags 
 - klass: 'com/sun/javafx/scene/LayoutFlags'
R11=0x00000000033207e0 is at entry_point+0 in (nmethod*)0x0000000003320690
R12=0x0000000000000000 is an unknown value
R13=0x00000000034fc6ac is at entry_point+1196 in (nmethod*)0x00000000034fc050
R14=0x000000001fb6d598 is pointing into the stack for thread: 0x000000001ed26000
R15=0x000000001ed26000 is a thread


Stack: [0x000000001fa70000,0x000000001fb70000],  sp=0x000000001fb6d610,  free space=1013k
Native frames: (J=compiled Java code, j=interpreted, Vv=VM code, C=native code)
C  0x00000000035186df


---------------  P R O C E S S  ---------------

Java Threads: ( => current thread )
  0x000000001f166800 JavaThread "Prism Font Disposer" daemon [_thread_blocked, id=2452, stack(0x0000000023270000,0x0000000023370000)]
  0x000000001ed51000 JavaThread "Thread-3" daemon [_thread_in_native, id=6756, stack(0x0000000021290000,0x0000000021390000)]
  0x000000001ed4a800 JavaThread "JavaFX-Launcher" [_thread_blocked, id=6960, stack(0x00000000214f0000,0x00000000215f0000)]
=>0x000000001ed26000 JavaThread "JavaFX Application Thread" [_thread_in_Java, id=824, stack(0x000000001fa70000,0x000000001fb70000)]
  0x000000001ed23000 JavaThread "Thread-1" daemon [_thread_blocked, id=6876, stack(0x000000001f8c0000,0x000000001f9c0000)]
  0x000000001ecee000 JavaThread "QuantumRenderer-0" daemon [_thread_blocked, id=6120, stack(0x000000001f4d0000,0x000000001f5d0000)]
  0x000000001e159800 JavaThread "Service Thread" daemon [_thread_blocked, id=5160, stack(0x000000001eb80000,0x000000001ec80000)]
  0x000000001e0cb000 JavaThread "C1 CompilerThread2" daemon [_thread_blocked, id=2488, stack(0x000000001dbf0000,0x000000001dcf0000)]
  0x000000001e0c9000 JavaThread "C2 CompilerThread1" daemon [_thread_blocked, id=6884, stack(0x000000001e950000,0x000000001ea50000)]
  0x000000001e0c3800 JavaThread "C2 CompilerThread0" daemon [_thread_blocked, id=5628, stack(0x000000001e6f0000,0x000000001e7f0000)]
  0x000000001e0c2000 JavaThread "Attach Listener" daemon [_thread_blocked, id=6176, stack(0x000000001de60000,0x000000001df60000)]
  0x000000001e0c1000 JavaThread "Signal Dispatcher" daemon [_thread_blocked, id=5636, stack(0x000000001e520000,0x000000001e620000)]
  0x000000001c375800 JavaThread "Finalizer" daemon [_thread_blocked, id=4680, stack(0x000000001df70000,0x000000001e070000)]
  0x000000001c36d800 JavaThread "Reference Handler" daemon [_thread_blocked, id=4012, stack(0x000000001dd00000,0x000000001de00000)]
  0x000000000231e800 JavaThread "main" [_thread_blocked, id=4112, stack(0x00000000025c0000,0x00000000026c0000)]

Other Threads:
  0x000000001c367800 VMThread [stack: 0x000000001dad0000,0x000000001dbd0000] [id=5944]
  0x000000001e161800 WatcherThread [stack: 0x000000001e830000,0x000000001e930000] [id=2136]

VM state:not at safepoint (normal execution)

VM Mutex/Monitor currently owned by a thread: None

Heap:
 PSYoungGen      total 76288K, used 18191K [0x000000076ad00000, 0x0000000770200000, 0x00000007c0000000)
  eden space 65536K, 27% used [0x000000076ad00000,0x000000076bec3c78,0x000000076ed00000)
  from space 10752K, 0% used [0x000000076ed00000,0x000000076ed00000,0x000000076f780000)
  to   space 10752K, 0% used [0x000000076f780000,0x000000076f780000,0x0000000770200000)
 ParOldGen       total 126464K, used 8190K [0x00000006c0600000, 0x00000006c8180000, 0x000000076ad00000)
  object space 126464K, 6% used [0x00000006c0600000,0x00000006c0dff9c8,0x00000006c8180000)
 Metaspace       used 21614K, capacity 22834K, committed 23040K, reserved 1069056K
  class space    used 2972K, capacity 3242K, committed 3328K, reserved 1048576K

Card table byte_map: [0x0000000011d50000,0x0000000012550000] byte_map_base: 0x000000000e74d000

Marking Bits: (ParMarkBitMap*) 0x000000005e844040
 Begin Bits: [0x00000000131b0000, 0x0000000017198000)
 End Bits:   [0x0000000017198000, 0x000000001b180000)

Polling page: 0x0000000000130000

CodeCache: size=245760Kb used=11821Kb max_used=11821Kb free=233938Kb
 bounds [0x0000000002990000, 0x0000000003530000, 0x0000000011990000]
 total_blobs=4341 nmethods=3667 adapters=585
 compilation: enabled

Compilation events (10 events):
Event: 13.555 Thread 0x000000001e0c3800 nmethod 3661 0x0000000003305cd0 code [0x0000000003305e00, 0x0000000003305e98]
Event: 13.558 Thread 0x000000001e0cb000 nmethod 3663 0x000000000351d850 code [0x000000000351de40, 0x0000000003521f58]
Event: 13.558 Thread 0x000000001e0cb000 3664   !   3       java.nio.DirectByteBuffer::<init> (146 bytes)
Event: 13.559 Thread 0x000000001e0cb000 nmethod 3664 0x000000000351bd50 code [0x000000000351bfc0, 0x000000000351d038]
Event: 13.559 Thread 0x000000001e0cb000 3665       3       com.sun.prism.impl.BaseGraphics::drawTexture (22 bytes)
Event: 13.559 Thread 0x000000001e0cb000 nmethod 3665 0x0000000003515e10 code [0x0000000003515f80, 0x00000000035161a8]
Event: 13.569 Thread 0x000000001e0cb000 3666       3       com.sun.javafx.scene.control.skin.VirtualFlow::setMaxPrefBreadth (6 bytes)
Event: 13.569 Thread 0x000000001e0cb000 nmethod 3666 0x000000000350b2d0 code [0x000000000350b420, 0x000000000350b570]
Event: 13.570 Thread 0x000000001e0cb000 3667       3       javafx.beans.property.StringPropertyBase::invalidated (1 bytes)
Event: 13.570 Thread 0x000000001e0cb000 nmethod 3667 0x00000000035148d0 code [0x0000000003514a20, 0x0000000003514b70]

GC Heap History (4 events):
Event: 1.672 GC heap before
{Heap before GC invocations=1 (full 0):
 PSYoungGen      total 76288K, used 56405K [0x000000076ad00000, 0x0000000770200000, 0x00000007c0000000)
  eden space 65536K, 86% used [0x000000076ad00000,0x000000076e4154a8,0x000000076ed00000)
  from space 10752K, 0% used [0x000000076f780000,0x000000076f780000,0x0000000770200000)
  to   space 10752K, 0% used [0x000000076ed00000,0x000000076ed00000,0x000000076f780000)
 ParOldGen       total 175104K, used 0K [0x00000006c0600000, 0x00000006cb100000, 0x000000076ad00000)
  object space 175104K, 0% used [0x00000006c0600000,0x00000006c0600000,0x00000006cb100000)
 Metaspace       used 20094K, capacity 21214K, committed 21296K, reserved 1067008K
  class space    used 2874K, capacity 3122K, committed 3200K, reserved 1048576K
Event: 1.686 GC heap after
Heap after GC invocations=1 (full 0):
 PSYoungGen      total 76288K, used 8267K [0x000000076ad00000, 0x0000000770200000, 0x00000007c0000000)
  eden space 65536K, 0% used [0x000000076ad00000,0x000000076ad00000,0x000000076ed00000)
  from space 10752K, 76% used [0x000000076ed00000,0x000000076f512e20,0x000000076f780000)
  to   space 10752K, 0% used [0x000000076f780000,0x000000076f780000,0x0000000770200000)
 ParOldGen       total 175104K, used 88K [0x00000006c0600000, 0x00000006cb100000, 0x000000076ad00000)
  object space 175104K, 0% used [0x00000006c0600000,0x00000006c0616010,0x00000006cb100000)
 Metaspace       used 20094K, capacity 21214K, committed 21296K, reserved 1067008K
  class space    used 2874K, capacity 3122K, committed 3200K, reserved 1048576K
}
Event: 1.686 GC heap before
{Heap before GC invocations=2 (full 1):
 PSYoungGen      total 76288K, used 8267K [0x000000076ad00000, 0x0000000770200000, 0x00000007c0000000)
  eden space 65536K, 0% used [0x000000076ad00000,0x000000076ad00000,0x000000076ed00000)
  from space 10752K, 76% used [0x000000076ed00000,0x000000076f512e20,0x000000076f780000)
  to   space 10752K, 0% used [0x000000076f780000,0x000000076f780000,0x0000000770200000)
 ParOldGen       total 175104K, used 88K [0x00000006c0600000, 0x00000006cb100000, 0x000000076ad00000)
  object space 175104K, 0% used [0x00000006c0600000,0x00000006c0616010,0x00000006cb100000)
 Metaspace       used 20094K, capacity 21214K, committed 21296K, reserved 1067008K
  class space    used 2874K, capacity 3122K, committed 3200K, reserved 1048576K
Event: 1.736 GC heap after
Heap after GC invocations=2 (full 1):
 PSYoungGen      total 76288K, used 0K [0x000000076ad00000, 0x0000000770200000, 0x00000007c0000000)
  eden space 65536K, 0% used [0x000000076ad00000,0x000000076ad00000,0x000000076ed00000)
  from space 10752K, 0% used [0x000000076ed00000,0x000000076ed00000,0x000000076f780000)
  to   space 10752K, 0% used [0x000000076f780000,0x000000076f780000,0x0000000770200000)
 ParOldGen       total 126464K, used 8190K [0x00000006c0600000, 0x00000006c8180000, 0x000000076ad00000)
  object space 126464K, 6% used [0x00000006c0600000,0x00000006c0dff9c8,0x00000006c8180000)
 Metaspace       used 20094K, capacity 21214K, committed 21296K, reserved 1067008K
  class space    used 2874K, capacity 3122K, committed 3200K, reserved 1048576K
}

Deoptimization events (10 events):
Event: 5.732 Thread 0x000000001ed26000 Uncommon trap: reason=unstable_if action=reinterpret pc=0x0000000002e07fb0 method=com.sun.javafx.css.BitSet.add(Ljava/lang/Object;)Z @ 91
Event: 5.769 Thread 0x000000001ed26000 Uncommon trap: reason=null_check action=make_not_entrant pc=0x0000000003187374 method=javafx.scene.Node$MiscProperties.getEffect()Ljavafx/scene/effect/Effect; @ 20
Event: 6.338 Thread 0x000000001ecee000 Uncommon trap: reason=unstable_if action=reinterpret pc=0x00000000031bc10c method=java.lang.Math.round(F)I @ 36
Event: 8.307 Thread 0x000000001ed26000 Uncommon trap: reason=unstable_if action=reinterpret pc=0x000000000318cb64 method=com.sun.javafx.Utils.HSBtoRGB(DDD)[D @ 34
Event: 9.441 Thread 0x000000001ed26000 Uncommon trap: reason=predicate action=maybe_recompile pc=0x000000000323d478 method=javafx.scene.CssStyleHelper.transitionToState(Ljavafx/scene/Node;)V @ 296
Event: 9.441 Thread 0x000000001ed26000 Uncommon trap: reason=unstable_if action=reinterpret pc=0x0000000002f3f13c method=com.sun.javafx.css.StyleManager$CacheContainer.getStyleMap(I)Lcom/sun/javafx/css/StyleMap; @ 22
Event: 9.441 Thread 0x000000001ed26000 Uncommon trap: reason=unstable_if action=reinterpret pc=0x0000000002ea9084 method=javafx.scene.CssStyleHelper.getStyle(Ljavafx/css/Styleable;Ljava/lang/String;Lcom/sun/javafx/css/StyleMap;Ljava/util/Set;)Lcom/sun/javafx/css/CascadingStyle; @ 8
Event: 13.508 Thread 0x000000001ecee000 Uncommon trap: reason=unstable_if action=reinterpret pc=0x00000000032627b8 method=java.lang.Math.round(F)I @ 23
Event: 13.508 Thread 0x000000001ecee000 Uncommon trap: reason=unstable_if action=reinterpret pc=0x00000000033de784 method=java.lang.Math.round(F)I @ 23
Event: 13.508 Thread 0x000000001ecee000 Uncommon trap: reason=unstable_if action=reinterpret pc=0x000000000346c250 method=java.lang.Math.round(F)I @ 23

Internal exceptions (10 events):
Event: 0.485 Thread 0x000000001ed26000 Exception <a 'java/lang/ArrayIndexOutOfBoundsException': 18> (0x000000076c05e448) thrown at [C:\re\workspace\8-2-build-windows-amd64-cygwin\jdk8u51\3951\hotspot\src\share\vm\interpreter\interpreterRuntime.cpp, line 366]
Event: 0.485 Thread 0x000000001ed26000 Exception <a 'java/lang/ArrayIndexOutOfBoundsException'> (0x000000076c05f740) thrown at [C:\re\workspace\8-2-build-windows-amd64-cygwin\jdk8u51\3951\hotspot\src\share\vm\runtime\sharedRuntime.cpp, line 605]
Event: 0.494 Thread 0x000000001ed26000 Exception <a 'java/lang/ArrayIndexOutOfBoundsException'> (0x000000076c0b5ce8) thrown at [C:\re\workspace\8-2-build-windows-amd64-cygwin\jdk8u51\3951\hotspot\src\share\vm\runtime\sharedRuntime.cpp, line 605]
Event: 0.691 Thread 0x000000001ed26000 Exception <a 'java/lang/ArrayIndexOutOfBoundsException'> (0x000000076c929398) thrown at [C:\re\workspace\8-2-build-windows-amd64-cygwin\jdk8u51\3951\hotspot\src\share\vm\runtime\sharedRuntime.cpp, line 605]
Event: 0.695 Thread 0x000000001ed26000 Exception <a 'java/lang/ArrayIndexOutOfBoundsException'> (0x000000076c973b68) thrown at [C:\re\workspace\8-2-build-windows-amd64-cygwin\jdk8u51\3951\hotspot\src\share\vm\runtime\sharedRuntime.cpp, line 605]
Event: 0.829 Thread 0x000000001ed26000 Implicit null exception at 0x0000000002c20696 to 0x0000000002c209ad
Event: 1.156 Thread 0x000000001ed26000 Implicit null exception at 0x0000000002c5d875 to 0x0000000002c5da6d
Event: 1.156 Thread 0x000000001ed26000 Implicit null exception at 0x0000000002d05258 to 0x0000000002d052e6
Event: 5.769 Thread 0x000000001ed26000 Implicit null exception at 0x00000000031867c0 to 0x0000000003187359
Event: 13.570 Thread 0x000000001ed26000 Implicit null exception at 0x00000000035186df to 0x0000000000000000

Events (10 events):
Event: 10.777 Executing VM operation: RevokeBias done
Event: 13.508 Thread 0x000000001ecee000 Uncommon trap: trap_request=0xffffff65 fr.pc=0x00000000032627b8
Event: 13.508 Thread 0x000000001ecee000 DEOPT PACKING pc=0x00000000032627b8 sp=0x000000001f5cbf50
Event: 13.508 Thread 0x000000001ecee000 DEOPT UNPACKING pc=0x00000000029d582a sp=0x000000001f5cbed0 mode 2
Event: 13.508 Thread 0x000000001ecee000 Uncommon trap: trap_request=0xffffff65 fr.pc=0x00000000033de784
Event: 13.508 Thread 0x000000001ecee000 DEOPT PACKING pc=0x00000000033de784 sp=0x000000001f5cbe30
Event: 13.508 Thread 0x000000001ecee000 DEOPT UNPACKING pc=0x00000000029d582a sp=0x000000001f5cbc88 mode 2
Event: 13.508 Thread 0x000000001ecee000 Uncommon trap: trap_request=0xffffff65 fr.pc=0x000000000346c250
Event: 13.508 Thread 0x000000001ecee000 DEOPT PACKING pc=0x000000000346c250 sp=0x000000001f5cbdf0
Event: 13.508 Thread 0x000000001ecee000 DEOPT UNPACKING pc=0x00000000029d582a sp=0x000000001f5cbca0 mode 2


Dynamic libraries:
0x000000013f140000 - 0x000000013f177000 	C:\Program Files\Java\jdk1.8.0_51\jre\bin\java.exe
0x00000000773a0000 - 0x0000000077549000 	C:\Windows\SYSTEM32\ntdll.dll
0x0000000077180000 - 0x000000007729f000 	C:\Windows\system32\kernel32.dll
0x000007fefd410000 - 0x000007fefd47c000 	C:\Windows\system32\KERNELBASE.dll
0x000007feff150000 - 0x000007feff22b000 	C:\Windows\system32\ADVAPI32.dll
0x000007fefd6a0000 - 0x000007fefd73f000 	C:\Windows\system32\msvcrt.dll
0x000007fefefa0000 - 0x000007fefefbf000 	C:\Windows\SYSTEM32\sechost.dll
0x000007fefd570000 - 0x000007fefd69d000 	C:\Windows\system32\RPCRT4.dll
0x00000000772a0000 - 0x000000007739a000 	C:\Windows\system32\USER32.dll
0x000007feff5f0000 - 0x000007feff657000 	C:\Windows\system32\GDI32.dll
0x000007fefd560000 - 0x000007fefd56e000 	C:\Windows\system32\LPK.dll
0x000007feff520000 - 0x000007feff5ea000 	C:\Windows\system32\USP10.dll
0x000007fefbbe0000 - 0x000007fefbdd4000 	C:\Windows\WinSxS\amd64_microsoft.windows.common-controls_6595b64144ccf1df_6.0.7601.18837_none_fa3b1e3d17594757\COMCTL32.dll
0x000007fefd8d0000 - 0x000007fefd941000 	C:\Windows\system32\SHLWAPI.dll
0x000007fefefc0000 - 0x000007fefefee000 	C:\Windows\system32\IMM32.DLL
0x000007feff230000 - 0x000007feff339000 	C:\Windows\system32\MSCTF.dll
0x0000000064c90000 - 0x0000000064d62000 	C:\Program Files\Java\jdk1.8.0_51\jre\bin\msvcr100.dll
0x000000005e040000 - 0x000000005e8c3000 	C:\Program Files\Java\jdk1.8.0_51\jre\bin\server\jvm.dll
0x000007fef4300000 - 0x000007fef4309000 	C:\Windows\system32\WSOCK32.dll
0x000007feff660000 - 0x000007feff6ad000 	C:\Windows\system32\WS2_32.dll
0x000007fefd9f0000 - 0x000007fefd9f8000 	C:\Windows\system32\NSI.dll
0x000007fefaca0000 - 0x000007fefacdb000 	C:\Windows\system32\WINMM.dll
0x000007fefcaa0000 - 0x000007fefcaac000 	C:\Windows\system32\VERSION.dll
0x0000000077560000 - 0x0000000077567000 	C:\Windows\system32\PSAPI.DLL
0x0000000073d10000 - 0x0000000073d1f000 	C:\Program Files\Java\jdk1.8.0_51\jre\bin\verify.dll
0x000000006c440000 - 0x000000006c469000 	C:\Program Files\Java\jdk1.8.0_51\jre\bin\java.dll
0x0000000073cf0000 - 0x0000000073d06000 	C:\Program Files\Java\jdk1.8.0_51\jre\bin\zip.dll
0x000007fefe000000 - 0x000007fefed89000 	C:\Windows\system32\SHELL32.dll
0x000007fefed90000 - 0x000007fefef93000 	C:\Windows\system32\ole32.dll
0x000007fefd150000 - 0x000007fefd15f000 	C:\Windows\system32\profapi.dll
0x0000000064c00000 - 0x0000000064c2c000 	C:\Program Files\Java\jdk1.8.0_51\jre\bin\prism_d3d.dll
0x000007fee5910000 - 0x000007fee5b0f000 	C:\Windows\system32\d3d9.dll
0x000007fee58e0000 - 0x000007fee58e7000 	C:\Windows\system32\d3d8thk.dll
0x000007fefc150000 - 0x000007fefc168000 	C:\Windows\system32\dwmapi.dll
0x000007fefc900000 - 0x000007fefc956000 	C:\Windows\system32\uxtheme.dll
0x000007fee2f10000 - 0x000007fee3e09000 	C:\Windows\system32\nvd3dumx.dll
0x0000000180000000 - 0x00000001801a7000 	C:\Windows\system32\nvspcap64.dll
0x000007fefeff0000 - 0x000007feff0c7000 	C:\Windows\system32\OLEAUT32.dll
0x000007feff340000 - 0x000007feff517000 	C:\Windows\system32\SETUPAPI.dll
0x000007fefd4b0000 - 0x000007fefd4e6000 	C:\Windows\system32\CFGMGR32.dll
0x000007fefd1a0000 - 0x000007fefd1ba000 	C:\Windows\system32\DEVOBJ.dll
0x000007fef2720000 - 0x000007fef2791000 	C:\Windows\system32\WINHTTP.dll
0x000007fef26b0000 - 0x000007fef2714000 	C:\Windows\system32\webio.dll
0x000007fef9dc0000 - 0x000007fefa153000 	C:\Windows\system32\nvapi64.dll
0x000007fefcf10000 - 0x000007fefcf35000 	C:\Windows\system32\SspiCli.dll
0x00000000645b0000 - 0x00000000645f1000 	C:\Program Files\Java\jdk1.8.0_51\jre\bin\glass.dll
0x000007fefd950000 - 0x000007fefd9e7000 	C:\Windows\system32\COMDLG32.dll
0x000007fefcfe0000 - 0x000007fefcfef000 	C:\Windows\system32\CRYPTBASE.dll
0x000007fefb2a0000 - 0x000007fefb2cc000 	C:\Windows\system32\powrprof.dll
0x000007fef6250000 - 0x000007fef6330000 	C:\Program Files (x86)\NVIDIA Corporation\3D Vision\nvSCPAPI64.dll
0x0000000064c40000 - 0x0000000064c55000 	C:\Program Files\Java\jdk1.8.0_51\jre\bin\javafx_font.dll
0x000007fee93f0000 - 0x000007fee9587000 	C:\Windows\system32\dwrite.dll
0x0000000068f20000 - 0x0000000068f3a000 	C:\Program Files\Java\jdk1.8.0_51\jre\bin\net.dll
0x000007fefc5e0000 - 0x000007fefc635000 	C:\Windows\system32\mswsock.dll
0x000007fefc5d0000 - 0x000007fefc5d7000 	C:\Windows\System32\wship6.dll
0x000007fefcab0000 - 0x000007fefcab7000 	C:\Windows\System32\wshtcpip.dll
0x000007fefc460000 - 0x000007fefc4bb000 	C:\Windows\system32\DNSAPI.dll
0x0000000073b10000 - 0x0000000073b36000 	C:\Program Files\Bonjour\mdnsNSP.dll
0x000007fefa2e0000 - 0x000007fefa307000 	C:\Windows\system32\Iphlpapi.DLL
0x000007fefa2d0000 - 0x000007fefa2db000 	C:\Windows\system32\WINNSI.DLL
0x000007fef91f0000 - 0x000007fef91f8000 	C:\Windows\system32\rasadhlp.dll
0x000007fef9960000 - 0x000007fef99b3000 	C:\Windows\System32\fwpuclnt.dll
0x000007fefdc90000 - 0x000007fefdd29000 	C:\Windows\system32\CLBCatQ.DLL
0x000007fefb380000 - 0x000007fefb4e1000 	C:\Windows\system32\WindowsCodecs.dll
0x000007fefcf40000 - 0x000007fefcf97000 	C:\Windows\system32\apphelp.dll
0x000007fef5c00000 - 0x000007fef5c3f000 	C:\Users\SISTEMAS\AppData\Local\Microsoft\SkyDrive\17.0.4023.1211\amd64\SkyDriveShell64.dll
0x000007fef4b40000 - 0x000007fef4be7000 	C:\Users\SISTEMAS\AppData\Local\Microsoft\SkyDrive\17.0.4023.1211\amd64\MSVCP110.dll
0x000007fef4a70000 - 0x000007fef4b3e000 	C:\Users\SISTEMAS\AppData\Local\Microsoft\SkyDrive\17.0.4023.1211\amd64\MSVCR110.dll
0x000007fefda00000 - 0x000007fefdc69000 	C:\Windows\system32\WININET.dll
0x000007fefd1e0000 - 0x000007fefd1e4000 	C:\Windows\system32\api-ms-win-downlevel-user32-l1-1-0.dll
0x000007fefd1d0000 - 0x000007fefd1d4000 	C:\Windows\system32\api-ms-win-downlevel-shlwapi-l1-1-0.dll
0x000007fefd1c0000 - 0x000007fefd1c4000 	C:\Windows\system32\api-ms-win-downlevel-version-l1-1-0.dll
0x000007fefd400000 - 0x000007fefd403000 	C:\Windows\system32\api-ms-win-downlevel-normaliz-l1-1-0.dll
0x0000000077570000 - 0x0000000077573000 	C:\Windows\system32\normaliz.DLL
0x000007fefdd30000 - 0x000007fefdff8000 	C:\Windows\system32\iertutil.dll
0x000007fefd480000 - 0x000007fefd485000 	C:\Windows\system32\api-ms-win-downlevel-advapi32-l1-1-0.dll
0x000007fefd490000 - 0x000007fefd4ae000 	C:\Windows\system32\USERENV.dll
0x000007fef3fd0000 - 0x000007fef420f000 	C:\Program Files\Microsoft Office 15\root\VFS\ProgramFilesX64\Microsoft Office\Office15\GROOVEEX.DLL
0x000000006c530000 - 0x000000006c5c8000 	C:\Program Files\Microsoft Office 15\root\VFS\ProgramFilesX64\Microsoft Office\Office15\MSVCP100.dll
0x000000006f330000 - 0x000000006f35b000 	C:\Program Files\Microsoft Office 15\root\VFS\ProgramFilesX64\Microsoft Office\Office15\ATL100.DLL
0x000007fef3cb0000 - 0x000007fef3fce000 	C:\Windows\system32\msi.dll
0x000007fee1800000 - 0x000007fee2088000 	C:\Program Files\Microsoft Office 15\root\VFS\ProgramFilesX64\Microsoft Office\Office15\3082\GrooveIntlResource.dll
0x000007fef4450000 - 0x000007fef44c6000 	C:\ProgramData\MEGAsync\ShellExtX64.dll
0x000007fef4a30000 - 0x000007fef4a65000 	C:\Windows\system32\EhStorShell.dll
0x000007fefb560000 - 0x000007fefb68c000 	C:\Windows\system32\PROPSYS.dll
0x000007fef43d0000 - 0x000007fef444e000 	C:\Windows\System32\cscui.dll
0x000007fef5bf0000 - 0x000007fef5bfc000 	C:\Windows\System32\CSCDLL.dll
0x000007feecc90000 - 0x000007feecc9f000 	C:\Windows\system32\CSCAPI.dll
0x000007fef9760000 - 0x000007fef978d000 	C:\Program Files\Common Files\Microsoft Shared\Ink\rtscom.dll
0x0000000064be0000 - 0x0000000064bf1000 	C:\Program Files\Java\jdk1.8.0_51\jre\bin\prism_common.dll
0x000007feecb60000 - 0x000007feecc85000 	C:\Windows\system32\dbghelp.dll

VM Arguments:
jvm_args: -Dfile.encoding=UTF-8 
java_command: D:\HACIENTO PROGRAMAS JAVA FX\PUNTOVENTAS\dist\run946559075\PUNTOVENTAS.jar
java_class_path (initial): D:\HACIENTO PROGRAMAS JAVA FX\PUNTOVENTAS\dist\run946559075\PUNTOVENTAS.jar
Launcher Type: SUN_STANDARD

Environment Variables:
JAVA_HOME=C:\Program Files (x86)\Java\jdk1.7.0_07
PATH=C:\ProgramData\Oracle\Java\javapath;C:\Program Files (x86)\AMD APP\bin\x86_64;C:\Windows\system32;C:\Windows;C:\Windows\System32\Wbem;C:\Windows\System32\WindowsPowerShell\v1.0\;C:\Program Files (x86)\ATI Technologies\ATI.ACE\Core-Static;C:\Program Files\Microsoft SQL Server\110\Tools\Binn\;C:\Program Files (x86)\Microsoft SQL Server\110\Tools\Binn\;C:\Program Files\Microsoft SQL Server\110\DTS\Binn\;C:\Program Files (x86)\Microsoft SQL Server\110\Tools\Binn\ManagementStudio\;C:\Program Files (x86)\Microsoft Visual Studio 10.0\Common7\IDE\PrivateAssemblies\;C:\Program Files (x86)\Microsoft SQL Server\110\DTS\Binn\;C:\Program Files\Microsoft SQL Server\120\Tools\Binn\;;C:\Program Files (x86)\NVIDIA Corporation\PhysX\Common;C:\Program Files (x86)\QuickTime\QTSystem\;C:\Program Files (x86)\MySQL\MySQL Fabric 1.5.4 & MySQL Utilities 1.5.4 1.5\;C:\Program Files (x86)\MySQL\MySQL Fabric 1.5.4 & MySQL Utilities 1.5.4 1.5\Doctrine extensions for PHP\;C:\Program Files (x86)\Java\jdk1.7.0_07\bin;C:\apache-tomcat-7.0.63\bin;C:\Program Files (x86)\Skype\Phone\;C:\Program Files (x86)\EasyFrom Inc\;
USERNAME=SISTEMAS
OS=Windows_NT
PROCESSOR_IDENTIFIER=AMD64 Family 21 Model 1 Stepping 2, AuthenticAMD



---------------  S Y S T E M  ---------------

OS: Windows 7 , 64 bit Build 7601 (6.1.7601.19110)

CPU:total 6 (6 cores per cpu, 1 threads per core) family 21 model 1 stepping 2, cmov, cx8, fxsr, mmx, sse, sse2, sse3, ssse3, sse4.1, sse4.2, popcnt, avx, aes, clmul, mmxext, 3dnowpref, lzcnt, sse4a, tsc, tscinvbit, tscinv

Memory: 4k page, physical 16746724k(10738044k free), swap 33491612k(26101844k free)

vm_info: Java HotSpot(TM) 64-Bit Server VM (25.51-b03) for windows-amd64 JRE (1.8.0_51-b16), built on Jun  8 2015 18:03:07 by "java_re" with MS VC++ 10.0 (VS2010)

time: Thu Apr 21 16:40:53 2016
elapsed time: 13 seconds (0d 0h 0m 13s)

