#
# A fatal error has been detected by the Java Runtime Environment:
#
#  EXCEPTION_ACCESS_VIOLATION (0xc0000005) at pc=0x0000000002f776d9, pid=9532, tid=9632
#
# JRE version: Java(TM) SE Runtime Environment (8.0_51-b16) (build 1.8.0_51-b16)
# Java VM: Java HotSpot(TM) 64-Bit Server VM (25.51-b03 mixed mode windows-amd64 compressed oops)
# Problematic frame:
# J 2199 C1 java.util.ArrayList$SubList.get(I)Ljava/lang/Object; (23 bytes) @ 0x0000000002f776d9 [0x0000000002f77680+0x59]
#
# Failed to write core dump. Minidumps are not enabled by default on client versions of Windows
#
# If you would like to submit a bug report, please visit:
#   http://bugreport.java.com/bugreport/crash.jsp
#

---------------  T H R E A D  ---------------

Current thread (0x000000001edc1000):  JavaThread "JavaFX Application Thread" [_thread_in_Java, id=9632, stack(0x000000001fbd0000,0x000000001fcd0000)]

siginfo: ExceptionCode=0xc0000005, writing address 0x00000000000004e9

Registers:
RAX=0x00000000219949b8, RBX=0x00000000219949b8, RCX=0x0000000021a2dcc8, RDX=0x000000076c0b5c10
RSP=0x000000001fcca8d0, RBP=0x000000001fccabf8, RSI=0x00000000000004f1, RDI=0x0000000000000001
R8 =0x0000000000000000, R9 =0x0000000000000279, R10=0x00000007c019ede0, R11=0x00000000ed816b82
R12=0x0000000000000000, R13=0x0000000000000009, R14=0x000000076f3f09a0, R15=0x000000001edc1000
RIP=0x0000000002f776d9, EFLAGS=0x0000000000010212

Top of Stack: (sp=0x000000001fcca8d0)
0x000000001fcca8d0:   00000000ed816b82 00000007c019ede0
0x000000001fcca8e0:   0000000000000279 0000000000000000
0x000000001fcca8f0:   0000000000000001 0000000000000000
0x000000001fcca900:   000000001fcca940 000000001fcca930
0x000000001fcca910:   00000000219949b8 000000076c0b5c10
0x000000001fcca920:   000000076c0b5c10 0000000000000000
0x000000001fcca930:   000000076efaf870 0000000000000202
0x000000001fcca940:   000000001fccabf8 0000000002c2fd14
0x000000001fcca950:   000000000000001f 0000000051189c02
0x000000001fcca960:   000000001fccabf8 0000000002c86a28
0x000000001fcca970:   0000000000000001 0000000000000001
0x000000001fcca980:   000000001edc11f8 000000001edc1000
0x000000001fcca990:   000000076bdc3fa8 000000076efae4b8
0x000000001fcca9a0:   000000076bd99fc0 000000076c1056c8
0x000000001fcca9b0:   000000076c0b5b00 000000076c0b5c10
0x000000001fcca9c0:   0000000100000000 000000001edc1000 

Instructions: (pc=0x0000000002f776d9)
0x0000000002f776b9:   0d 23 26 00 00 00 00 8b b0 dc 00 00 00 83 c6 08
0x0000000002f776c9:   89 b0 dc 00 00 00 48 b8 b8 49 99 21 00 00 00 00
0x0000000002f776d9:   81 66 f8 1f 00 00 83 fe 00 0f 84 26 03 00 00 48
0x0000000002f776e9:   8b c2 48 be c8 0d 23 26 00 00 00 00 48 83 86 08 


Register to memory mapping:

RAX={method} {0x00000000219949c0} 'get' '(I)Ljava/lang/Object;' in 'java/util/ArrayList$SubList'
RBX={method} {0x00000000219949c0} 'get' '(I)Ljava/lang/Object;' in 'java/util/ArrayList$SubList'
RCX=0x0000000021a2dcc8 is pointing into metadata
RDX=0x000000076c0b5c10 is an oop
java.util.ArrayList$SubList 
 - klass: 'java/util/ArrayList$SubList'
RSP=0x000000001fcca8d0 is pointing into the stack for thread: 0x000000001edc1000
RBP=0x000000001fccabf8 is pointing into the stack for thread: 0x000000001edc1000
RSI=0x00000000000004f1 is an unknown value
RDI=0x0000000000000001 is an unknown value
R8 =0x0000000000000000 is an unknown value
R9 =0x0000000000000279 is an unknown value
R10=0x00000007c019ede0 is pointing into metadata
R11=0x00000000ed816b82 is an unknown value
R12=0x0000000000000000 is an unknown value
R13=0x0000000000000009 is an unknown value
R14=0x000000076f3f09a0 is an oop
[C 
 - klass: {type array char}
 - length: 11
R15=0x000000001edc1000 is a thread


Stack: [0x000000001fbd0000,0x000000001fcd0000],  sp=0x000000001fcca8d0,  free space=1002k
Native frames: (J=compiled Java code, j=interpreted, Vv=VM code, C=native code)
C  0x0000000002f776d9


---------------  P R O C E S S  ---------------

Java Threads: ( => current thread )
  0x000000001f0f0800 JavaThread "Prism Font Disposer" daemon [_thread_blocked, id=10824, stack(0x0000000023370000,0x0000000023470000)]
  0x000000001ee98000 JavaThread "Thread-3" daemon [_thread_in_native, id=10320, stack(0x00000000212e0000,0x00000000213e0000)]
  0x000000001edeb000 JavaThread "JavaFX-Launcher" [_thread_blocked, id=5884, stack(0x00000000215d0000,0x00000000216d0000)]
=>0x000000001edc1000 JavaThread "JavaFX Application Thread" [_thread_in_Java, id=9632, stack(0x000000001fbd0000,0x000000001fcd0000)]
  0x000000001edb1000 JavaThread "Thread-1" daemon [_thread_blocked, id=3892, stack(0x000000001f960000,0x000000001fa60000)]
  0x000000001ed7c000 JavaThread "QuantumRenderer-0" daemon [_thread_blocked, id=10416, stack(0x000000001f660000,0x000000001f760000)]
  0x000000001e030800 JavaThread "Service Thread" daemon [_thread_blocked, id=4192, stack(0x000000001ea70000,0x000000001eb70000)]
  0x000000001dfb1800 JavaThread "C1 CompilerThread2" daemon [_thread_blocked, id=560, stack(0x000000001e950000,0x000000001ea50000)]
  0x000000001dfa9000 JavaThread "C2 CompilerThread1" daemon [_thread_in_native, id=10336, stack(0x000000001e7e0000,0x000000001e8e0000)]
  0x000000001df92800 JavaThread "C2 CompilerThread0" daemon [_thread_blocked, id=7492, stack(0x000000001e5a0000,0x000000001e6a0000)]
  0x000000001df90800 JavaThread "Attach Listener" daemon [_thread_blocked, id=8824, stack(0x000000001e380000,0x000000001e480000)]
  0x000000001df8f800 JavaThread "Signal Dispatcher" daemon [_thread_blocked, id=184, stack(0x000000001e4a0000,0x000000001e5a0000)]
  0x000000001c584000 JavaThread "Finalizer" daemon [_thread_blocked, id=10744, stack(0x000000001de40000,0x000000001df40000)]
  0x000000001c57c800 JavaThread "Reference Handler" daemon [_thread_blocked, id=10032, stack(0x000000001dcd0000,0x000000001ddd0000)]
  0x00000000022fe800 JavaThread "main" [_thread_blocked, id=10752, stack(0x00000000024d0000,0x00000000025d0000)]

Other Threads:
  0x000000001c576800 VMThread [stack: 0x000000001db50000,0x000000001dc50000] [id=9572]
  0x000000001e034800 WatcherThread [stack: 0x000000001ec10000,0x000000001ed10000] [id=548]

VM state:not at safepoint (normal execution)

VM Mutex/Monitor currently owned by a thread: None

Heap:
 PSYoungGen      total 76288K, used 31688K [0x000000076ad00000, 0x0000000770200000, 0x00000007c0000000)
  eden space 65536K, 31% used [0x000000076ad00000,0x000000076c179de0,0x000000076ed00000)
  from space 10752K, 99% used [0x000000076ed00000,0x000000076f7784b0,0x000000076f780000)
  to   space 10752K, 0% used [0x000000076f780000,0x000000076f780000,0x0000000770200000)
 ParOldGen       total 175104K, used 9882K [0x00000006c0600000, 0x00000006cb100000, 0x000000076ad00000)
  object space 175104K, 5% used [0x00000006c0600000,0x00000006c0fa6968,0x00000006cb100000)
 Metaspace       used 20068K, capacity 20894K, committed 20992K, reserved 1067008K
  class space    used 2811K, capacity 3004K, committed 3072K, reserved 1048576K

Card table byte_map: [0x0000000011c60000,0x0000000012460000] byte_map_base: 0x000000000e65d000

Marking Bits: (ParMarkBitMap*) 0x0000000051884040
 Begin Bits: [0x00000000133c0000, 0x00000000173a8000)
 End Bits:   [0x00000000173a8000, 0x000000001b390000)

Polling page: 0x0000000000140000

CodeCache: size=245760Kb used=7165Kb max_used=7176Kb free=238594Kb
 bounds [0x00000000028a0000, 0x0000000002fb0000, 0x00000000118a0000]
 total_blobs=2897 nmethods=2219 adapters=590
 compilation: enabled

Compilation events (10 events):
Event: 4.374 Thread 0x000000001dfb1800 nmethod 2212 0x0000000002fa0050 code [0x0000000002fa01a0, 0x0000000002fa02b0]
Event: 4.375 Thread 0x000000001dfb1800 2214       3       java.util.HashMap::values (27 bytes)
Event: 4.375 Thread 0x000000001dfa9000 2216       4       com.sun.javafx.css.CompoundSelector::applies (144 bytes)
Event: 4.375 Thread 0x000000001dfb1800 nmethod 2214 0x0000000002fa0310 code [0x0000000002fa0480, 0x0000000002fa07d0]
Event: 4.375 Thread 0x000000001dfb1800 2215       3       java.util.HashMap$Values::iterator (12 bytes)
Event: 4.375 Thread 0x000000001dfb1800 nmethod 2215 0x0000000002fa0910 code [0x0000000002fa0a80, 0x0000000002fa0ce8]
Event: 4.375 Thread 0x000000001dfb1800 2217       3       javafx.scene.Node::isDisabled (19 bytes)
Event: 4.375 Thread 0x000000001df92800 2218       4       com.sun.javafx.css.SimpleSelector::applies (54 bytes)
Event: 4.375 Thread 0x000000001dfb1800 nmethod 2217 0x0000000002fa0dd0 code [0x0000000002fa0f40, 0x0000000002fa1308]
Event: 4.375 Thread 0x000000001dfb1800 2219       3       javafx.scene.CssStyleHelper$CacheContainer::<init> (236 bytes)

GC Heap History (2 events):
Event: 4.111 GC heap before
{Heap before GC invocations=1 (full 0):
 PSYoungGen      total 76288K, used 65536K [0x000000076ad00000, 0x0000000770200000, 0x00000007c0000000)
  eden space 65536K, 100% used [0x000000076ad00000,0x000000076ed00000,0x000000076ed00000)
  from space 10752K, 0% used [0x000000076f780000,0x000000076f780000,0x0000000770200000)
  to   space 10752K, 0% used [0x000000076ed00000,0x000000076ed00000,0x000000076f780000)
 ParOldGen       total 175104K, used 0K [0x00000006c0600000, 0x00000006cb100000, 0x000000076ad00000)
  object space 175104K, 0% used [0x00000006c0600000,0x00000006c0600000,0x00000006cb100000)
 Metaspace       used 19188K, capacity 19910K, committed 20096K, reserved 1067008K
  class space    used 2669K, capacity 2840K, committed 2944K, reserved 1048576K
Event: 4.129 GC heap after
Heap after GC invocations=1 (full 0):
 PSYoungGen      total 76288K, used 10721K [0x000000076ad00000, 0x0000000770200000, 0x00000007c0000000)
  eden space 65536K, 0% used [0x000000076ad00000,0x000000076ad00000,0x000000076ed00000)
  from space 10752K, 99% used [0x000000076ed00000,0x000000076f7784b0,0x000000076f780000)
  to   space 10752K, 0% used [0x000000076f780000,0x000000076f780000,0x0000000770200000)
 ParOldGen       total 175104K, used 9882K [0x00000006c0600000, 0x00000006cb100000, 0x000000076ad00000)
  object space 175104K, 5% used [0x00000006c0600000,0x00000006c0fa6968,0x00000006cb100000)
 Metaspace       used 19188K, capacity 19910K, committed 20096K, reserved 1067008K
  class space    used 2669K, capacity 2840K, committed 2944K, reserved 1048576K
}

Deoptimization events (10 events):
Event: 3.844 Thread 0x000000001edc1000 Uncommon trap: reason=unstable_if action=reinterpret pc=0x0000000002cec3c4 method=java.lang.AbstractStringBuilder.append(Ljava/lang/String;)Ljava/lang/AbstractStringBuilder; @ 1
Event: 3.868 Thread 0x000000001edc1000 Uncommon trap: reason=predicate action=maybe_recompile pc=0x0000000002cef8f4 method=sun.net.www.ParseUtil.encodePath(Ljava/lang/String;Z)Ljava/lang/String; @ 36
Event: 3.964 Thread 0x000000001edc1000 Uncommon trap: reason=class_check action=maybe_recompile pc=0x0000000002ca14b0 method=java.io.FilterInputStream.read()I @ 4
Event: 3.964 Thread 0x000000001edc1000 Uncommon trap: reason=class_check action=maybe_recompile pc=0x0000000002ca14b0 method=java.io.FilterInputStream.read()I @ 4
Event: 3.964 Thread 0x000000001edc1000 Uncommon trap: reason=class_check action=maybe_recompile pc=0x0000000002ca14b0 method=java.io.FilterInputStream.read()I @ 4
Event: 3.964 Thread 0x000000001edc1000 Uncommon trap: reason=class_check action=maybe_recompile pc=0x0000000002ca14b0 method=java.io.FilterInputStream.read()I @ 4
Event: 3.973 Thread 0x000000001edc1000 Uncommon trap: reason=unstable_if action=reinterpret pc=0x0000000002bea770 method=com.sun.javafx.image.impl.ByteBgra$ToByteBgraPreConv.doConvert([BII[BIIII)V @ 31
Event: 3.974 Thread 0x000000001edc1000 Uncommon trap: reason=unstable_if action=reinterpret pc=0x0000000002beb93c method=com.sun.javafx.image.impl.BaseByteToByteConverter$FourByteReorderer.doConvert([BII[BIIII)V @ 31
Event: 4.137 Thread 0x000000001c584000 Uncommon trap: reason=unstable_if action=reinterpret pc=0x0000000002d8c4dc method=java.lang.ref.ReferenceQueue.poll()Ljava/lang/ref/Reference; @ 4
Event: 4.191 Thread 0x000000001edc1000 Uncommon trap: reason=unstable_if action=reinterpret pc=0x0000000002df1758 method=java.lang.ref.SoftReference.get()Ljava/lang/Object; @ 17

Internal exceptions (10 events):
Event: 0.557 Thread 0x000000001edc1000 Exception <a 'java/lang/ArrayIndexOutOfBoundsException': 18> (0x000000076c467d28) thrown at [C:\re\workspace\8-2-build-windows-amd64-cygwin\jdk8u51\3951\hotspot\src\share\vm\interpreter\interpreterRuntime.cpp, line 366]
Event: 0.557 Thread 0x000000001edc1000 Exception <a 'java/lang/ArrayIndexOutOfBoundsException': 86> (0x000000076c469020) thrown at [C:\re\workspace\8-2-build-windows-amd64-cygwin\jdk8u51\3951\hotspot\src\share\vm\interpreter\interpreterRuntime.cpp, line 366]
Event: 0.609 Thread 0x000000001edc1000 Exception <a 'java/lang/ArrayIndexOutOfBoundsException'> (0x000000076c6a6b78) thrown at [C:\re\workspace\8-2-build-windows-amd64-cygwin\jdk8u51\3951\hotspot\src\share\vm\runtime\sharedRuntime.cpp, line 605]
Event: 0.609 Thread 0x000000001edc1000 Exception <a 'java/lang/ArrayIndexOutOfBoundsException'> (0x000000076c6a7eb8) thrown at [C:\re\workspace\8-2-build-windows-amd64-cygwin\jdk8u51\3951\hotspot\src\share\vm\runtime\sharedRuntime.cpp, line 605]
Event: 0.612 Thread 0x000000001edc1000 Exception <a 'java/lang/ArrayIndexOutOfBoundsException'> (0x000000076c6bce80) thrown at [C:\re\workspace\8-2-build-windows-amd64-cygwin\jdk8u51\3951\hotspot\src\share\vm\runtime\sharedRuntime.cpp, line 605]
Event: 0.692 Thread 0x000000001edc1000 Implicit null exception at 0x0000000002b50a75 to 0x0000000002b50c6d
Event: 3.844 Thread 0x000000001edc1000 Implicit null exception at 0x0000000002cec096 to 0x0000000002cec3ad
Event: 4.198 Thread 0x000000001edc1000 Exception <a 'java/lang/ArrayIndexOutOfBoundsException'> (0x000000076b4091b0) thrown at [C:\re\workspace\8-2-build-windows-amd64-cygwin\jdk8u51\3951\hotspot\src\share\vm\runtime\sharedRuntime.cpp, line 605]
Event: 4.204 Thread 0x000000001edc1000 Exception <a 'java/lang/ArrayIndexOutOfBoundsException'> (0x000000076b4e6e80) thrown at [C:\re\workspace\8-2-build-windows-amd64-cygwin\jdk8u51\3951\hotspot\src\share\vm\runtime\sharedRuntime.cpp, line 605]
Event: 4.376 Thread 0x000000001edc1000 Implicit null exception at 0x0000000002f776d9 to 0x0000000000000000

Events (10 events):
Event: 4.373 loading class com/sun/javafx/scene/control/skin/ScrollBarSkin
Event: 4.373 loading class com/sun/javafx/scene/control/skin/ScrollBarSkin done
Event: 4.373 loading class javafx/scene/input/ScrollEvent
Event: 4.373 loading class javafx/scene/input/ScrollEvent done
Event: 4.373 loading class com/sun/javafx/scene/control/skin/ScrollBarSkin
Event: 4.373 loading class com/sun/javafx/scene/control/skin/ScrollBarSkin done
Event: 4.373 loading class javafx/scene/input/ScrollEvent
Event: 4.373 loading class javafx/scene/input/ScrollEvent done
Event: 4.373 loading class com/sun/javafx/scene/control/skin/ScrollBarSkin
Event: 4.373 loading class com/sun/javafx/scene/control/skin/ScrollBarSkin done


Dynamic libraries:
0x000000013f540000 - 0x000000013f577000 	C:\Program Files\Java\jdk1.8.0_51\jre\bin\java.exe
0x0000000076f20000 - 0x00000000770c9000 	C:\Windows\SYSTEM32\ntdll.dll
0x0000000076d00000 - 0x0000000076e1f000 	C:\Windows\system32\kernel32.dll
0x000007fefce20000 - 0x000007fefce8c000 	C:\Windows\system32\KERNELBASE.dll
0x000007fefd5f0000 - 0x000007fefd6cb000 	C:\Windows\system32\ADVAPI32.dll
0x000007fefd770000 - 0x000007fefd80f000 	C:\Windows\system32\msvcrt.dll
0x000007fefd2e0000 - 0x000007fefd2ff000 	C:\Windows\SYSTEM32\sechost.dll
0x000007fefee00000 - 0x000007fefef2d000 	C:\Windows\system32\RPCRT4.dll
0x0000000076e20000 - 0x0000000076f1a000 	C:\Windows\system32\USER32.dll
0x000007fefd4e0000 - 0x000007fefd547000 	C:\Windows\system32\GDI32.dll
0x000007fefef30000 - 0x000007fefef3e000 	C:\Windows\system32\LPK.dll
0x000007fefd210000 - 0x000007fefd2da000 	C:\Windows\system32\USP10.dll
0x000007fefb650000 - 0x000007fefb844000 	C:\Windows\WinSxS\amd64_microsoft.windows.common-controls_6595b64144ccf1df_6.0.7601.18837_none_fa3b1e3d17594757\COMCTL32.dll
0x000007fefd190000 - 0x000007fefd201000 	C:\Windows\system32\SHLWAPI.dll
0x000007fefd810000 - 0x000007fefd83e000 	C:\Windows\system32\IMM32.DLL
0x000007fefd080000 - 0x000007fefd189000 	C:\Windows\system32\MSCTF.dll
0x000000005fcd0000 - 0x000000005fda2000 	C:\Program Files\Java\jdk1.8.0_51\jre\bin\msvcr100.dll
0x0000000051080000 - 0x0000000051903000 	C:\Program Files\Java\jdk1.8.0_51\jre\bin\server\jvm.dll
0x000007fef3320000 - 0x000007fef3329000 	C:\Windows\system32\WSOCK32.dll
0x000007fefd840000 - 0x000007fefd88d000 	C:\Windows\system32\WS2_32.dll
0x000007fefdb80000 - 0x000007fefdb88000 	C:\Windows\system32\NSI.dll
0x000007fefa820000 - 0x000007fefa85b000 	C:\Windows\system32\WINMM.dll
0x000007fefc560000 - 0x000007fefc56c000 	C:\Windows\system32\VERSION.dll
0x00000000770f0000 - 0x00000000770f7000 	C:\Windows\system32\PSAPI.DLL
0x0000000062150000 - 0x000000006215f000 	C:\Program Files\Java\jdk1.8.0_51\jre\bin\verify.dll
0x00000000611c0000 - 0x00000000611e9000 	C:\Program Files\Java\jdk1.8.0_51\jre\bin\java.dll
0x0000000061b80000 - 0x0000000061b96000 	C:\Program Files\Java\jdk1.8.0_51\jre\bin\zip.dll
0x000007fefdff0000 - 0x000007fefed79000 	C:\Windows\system32\SHELL32.dll
0x000007feff020000 - 0x000007feff223000 	C:\Windows\system32\ole32.dll
0x000007fefccc0000 - 0x000007fefcccf000 	C:\Windows\system32\profapi.dll
0x00000000607c0000 - 0x00000000607ec000 	C:\Program Files\Java\jdk1.8.0_51\jre\bin\prism_d3d.dll
0x000007fedb8c0000 - 0x000007fedbabf000 	C:\Windows\system32\d3d9.dll
0x000007fedce90000 - 0x000007fedce97000 	C:\Windows\system32\d3d8thk.dll
0x000007fefc460000 - 0x000007fefc478000 	C:\Windows\system32\dwmapi.dll
0x000007fefb5f0000 - 0x000007fefb646000 	C:\Windows\system32\uxtheme.dll
0x000007fef5a80000 - 0x000007fef6979000 	C:\Windows\system32\nvd3dumx.dll
0x0000000180000000 - 0x00000001801a7000 	C:\Windows\system32\nvspcap64.dll
0x000007fefef40000 - 0x000007feff017000 	C:\Windows\system32\OLEAUT32.dll
0x000007fefd300000 - 0x000007fefd4d7000 	C:\Windows\system32\SETUPAPI.dll
0x000007fefcce0000 - 0x000007fefcd16000 	C:\Windows\system32\CFGMGR32.dll
0x000007fefd040000 - 0x000007fefd05a000 	C:\Windows\system32\DEVOBJ.dll
0x000007fef2550000 - 0x000007fef25c1000 	C:\Windows\system32\WINHTTP.dll
0x000007fef24e0000 - 0x000007fef2544000 	C:\Windows\system32\webio.dll
0x000007fef96b0000 - 0x000007fef9a43000 	C:\Windows\system32\nvapi64.dll
0x000007fefca90000 - 0x000007fefcab5000 	C:\Windows\system32\SspiCli.dll
0x0000000060770000 - 0x00000000607b1000 	C:\Program Files\Java\jdk1.8.0_51\jre\bin\glass.dll
0x000007fefd550000 - 0x000007fefd5e7000 	C:\Windows\system32\COMDLG32.dll
0x000007fefcb60000 - 0x000007fefcb6f000 	C:\Windows\system32\CRYPTBASE.dll
0x000007fefb960000 - 0x000007fefb98c000 	C:\Windows\system32\powrprof.dll
0x000007fef47e0000 - 0x000007fef48c0000 	C:\Program Files (x86)\NVIDIA Corporation\3D Vision\nvSCPAPI64.dll
0x0000000061240000 - 0x0000000061255000 	C:\Program Files\Java\jdk1.8.0_51\jre\bin\javafx_font.dll
0x000007fee4e30000 - 0x000007fee4fc7000 	C:\Windows\system32\dwrite.dll
0x000007fefd6d0000 - 0x000007fefd769000 	C:\Windows\system32\CLBCatQ.DLL
0x000007fefae30000 - 0x000007fefaf91000 	C:\Windows\system32\WindowsCodecs.dll
0x000007fefcac0000 - 0x000007fefcb17000 	C:\Windows\system32\apphelp.dll
0x000007feeb550000 - 0x000007feeb58f000 	C:\Users\SISTEMAS\AppData\Local\Microsoft\SkyDrive\17.0.4023.1211\amd64\SkyDriveShell64.dll
0x000007feeb4a0000 - 0x000007feeb547000 	C:\Users\SISTEMAS\AppData\Local\Microsoft\SkyDrive\17.0.4023.1211\amd64\MSVCP110.dll
0x000007feeb3d0000 - 0x000007feeb49e000 	C:\Users\SISTEMAS\AppData\Local\Microsoft\SkyDrive\17.0.4023.1211\amd64\MSVCR110.dll
0x000007fefdd80000 - 0x000007fefdfe9000 	C:\Windows\system32\WININET.dll
0x000007fefcd20000 - 0x000007fefcd24000 	C:\Windows\system32\api-ms-win-downlevel-user32-l1-1-0.dll
0x000007fefd070000 - 0x000007fefd074000 	C:\Windows\system32\api-ms-win-downlevel-shlwapi-l1-1-0.dll
0x000007fefd060000 - 0x000007fefd064000 	C:\Windows\system32\api-ms-win-downlevel-version-l1-1-0.dll
0x000007fefcec0000 - 0x000007fefcec3000 	C:\Windows\system32\api-ms-win-downlevel-normaliz-l1-1-0.dll
0x00000000770e0000 - 0x00000000770e3000 	C:\Windows\system32\normaliz.DLL
0x000007fefd890000 - 0x000007fefdb58000 	C:\Windows\system32\iertutil.dll
0x000007fefceb0000 - 0x000007fefceb5000 	C:\Windows\system32\api-ms-win-downlevel-advapi32-l1-1-0.dll
0x000007fefce90000 - 0x000007fefceae000 	C:\Windows\system32\USERENV.dll
0x000007feeb190000 - 0x000007feeb3cf000 	C:\Program Files\Microsoft Office 15\root\VFS\ProgramFilesX64\Microsoft Office\Office15\GROOVEEX.DLL
0x000000006df10000 - 0x000000006dfa8000 	C:\Program Files\Microsoft Office 15\root\VFS\ProgramFilesX64\Microsoft Office\Office15\MSVCP100.dll
0x000000006dee0000 - 0x000000006df0b000 	C:\Program Files\Microsoft Office 15\root\VFS\ProgramFilesX64\Microsoft Office\Office15\ATL100.DLL
0x000007feeae70000 - 0x000007feeb18e000 	C:\Windows\system32\msi.dll
0x000007fee8c00000 - 0x000007fee9488000 	C:\Program Files\Microsoft Office 15\root\VFS\ProgramFilesX64\Microsoft Office\Office15\3082\GrooveIntlResource.dll
0x000007feea570000 - 0x000007feea5e6000 	C:\ProgramData\MEGAsync\ShellExtX64.dll
0x000007fee8a60000 - 0x000007fee8a95000 	C:\Windows\system32\EhStorShell.dll
0x000007fefb090000 - 0x000007fefb1bc000 	C:\Windows\system32\PROPSYS.dll
0x000007fee89e0000 - 0x000007fee8a5e000 	C:\Windows\System32\cscui.dll
0x000007feea8a0000 - 0x000007feea8ac000 	C:\Windows\System32\CSCDLL.dll
0x000007feee480000 - 0x000007feee48f000 	C:\Windows\system32\CSCAPI.dll
0x000007fef3a70000 - 0x000007fef3a9d000 	C:\Program Files\Common Files\Microsoft Shared\Ink\rtscom.dll
0x0000000060750000 - 0x0000000060761000 	C:\Program Files\Java\jdk1.8.0_51\jre\bin\prism_common.dll
0x0000000060d20000 - 0x0000000060d3a000 	C:\Program Files\Java\jdk1.8.0_51\jre\bin\net.dll
0x000007fefc0f0000 - 0x000007fefc145000 	C:\Windows\system32\mswsock.dll
0x000007fefc370000 - 0x000007fefc377000 	C:\Windows\System32\wship6.dll
0x000007fefc630000 - 0x000007fefc637000 	C:\Windows\System32\wshtcpip.dll
0x000007fefc210000 - 0x000007fefc26b000 	C:\Windows\system32\DNSAPI.dll
0x0000000074320000 - 0x0000000074346000 	C:\Program Files\Bonjour\mdnsNSP.dll
0x000007fefa1f0000 - 0x000007fefa217000 	C:\Windows\system32\Iphlpapi.DLL
0x000007fefa1e0000 - 0x000007fefa1eb000 	C:\Windows\system32\WINNSI.DLL
0x000007fef6da0000 - 0x000007fef6da8000 	C:\Windows\system32\rasadhlp.dll
0x000007fefa080000 - 0x000007fefa0d3000 	C:\Windows\System32\fwpuclnt.dll
0x000007fee85e0000 - 0x000007fee8705000 	C:\Windows\system32\dbghelp.dll

VM Arguments:
jvm_args: -Dfile.encoding=UTF-8 
java_command: D:\HACIENTO PROGRAMAS JAVA FX\PUNTOVENTAS\dist\run1435864012\PUNTOVENTAS.jar
java_class_path (initial): D:\HACIENTO PROGRAMAS JAVA FX\PUNTOVENTAS\dist\run1435864012\PUNTOVENTAS.jar
Launcher Type: SUN_STANDARD

Environment Variables:
JAVA_HOME=C:\Program Files (x86)\Java\jdk1.7.0_07
PATH=C:\ProgramData\Oracle\Java\javapath;C:\Program Files (x86)\AMD APP\bin\x86_64;C:\Windows\system32;C:\Windows;C:\Windows\System32\Wbem;C:\Windows\System32\WindowsPowerShell\v1.0\;C:\Program Files (x86)\ATI Technologies\ATI.ACE\Core-Static;C:\Program Files\Microsoft SQL Server\110\Tools\Binn\;C:\Program Files (x86)\Microsoft SQL Server\110\Tools\Binn\;C:\Program Files\Microsoft SQL Server\110\DTS\Binn\;C:\Program Files (x86)\Microsoft SQL Server\110\Tools\Binn\ManagementStudio\;C:\Program Files (x86)\Microsoft Visual Studio 10.0\Common7\IDE\PrivateAssemblies\;C:\Program Files (x86)\Microsoft SQL Server\110\DTS\Binn\;C:\Program Files\Microsoft SQL Server\120\Tools\Binn\;;C:\Program Files (x86)\NVIDIA Corporation\PhysX\Common;C:\Program Files (x86)\MySQL\MySQL Fabric 1.5.4 & MySQL Utilities 1.5.4 1.5\;C:\Program Files (x86)\MySQL\MySQL Fabric 1.5.4 & MySQL Utilities 1.5.4 1.5\Doctrine extensions for PHP\;C:\Program Files (x86)\Java\jdk1.7.0_07\bin;C:\apache-tomcat-7.0.63\bin;C:\Program Files (x86)\Skype\Phone\;C:\Program Files (x86)\EasyFrom Inc\;C:\Program Files (x86)\QuickTime\QTSystem\;
USERNAME=SISTEMAS
OS=Windows_NT
PROCESSOR_IDENTIFIER=AMD64 Family 21 Model 1 Stepping 2, AuthenticAMD



---------------  S Y S T E M  ---------------

OS: Windows 7 , 64 bit Build 7601 (6.1.7601.19110)

CPU:total 6 (6 cores per cpu, 1 threads per core) family 21 model 1 stepping 2, cmov, cx8, fxsr, mmx, sse, sse2, sse3, ssse3, sse4.1, sse4.2, popcnt, avx, aes, clmul, mmxext, 3dnowpref, lzcnt, sse4a, tsc, tscinvbit, tscinv

Memory: 4k page, physical 16746724k(9173728k free), swap 33491612k(23789952k free)

vm_info: Java HotSpot(TM) 64-Bit Server VM (25.51-b03) for windows-amd64 JRE (1.8.0_51-b16), built on Jun  8 2015 18:03:07 by "java_re" with MS VC++ 10.0 (VS2010)

time: Fri May 20 09:01:02 2016
elapsed time: 4 seconds (0d 0h 0m 4s)

