#
# A fatal error has been detected by the Java Runtime Environment:
#
#  EXCEPTION_ACCESS_VIOLATION (0xc0000005) at pc=0x0000000002d666e2, pid=1560, tid=8076
#
# JRE version: Java(TM) SE Runtime Environment (8.0_51-b16) (build 1.8.0_51-b16)
# Java VM: Java HotSpot(TM) 64-Bit Server VM (25.51-b03 mixed mode windows-amd64 compressed oops)
# Problematic frame:
# J 1791 C1 javafx.scene.CssStyleHelper.resolveRef(Ljavafx/css/Styleable;Ljava/lang/String;Lcom/sun/javafx/css/StyleMap;Ljava/util/Set;)Lcom/sun/javafx/css/CascadingStyle; (185 bytes) @ 0x0000000002d666e2 [0x0000000002d65b40+0xba2]
#
# Failed to write core dump. Minidumps are not enabled by default on client versions of Windows
#
# If you would like to submit a bug report, please visit:
#   http://bugreport.java.com/bugreport/crash.jsp
#

---------------  T H R E A D  ---------------

Current thread (0x000000001eb74800):  JavaThread "JavaFX Application Thread" [_thread_in_Java, id=8076, stack(0x000000001f9f0000,0x000000001faf0000)]

siginfo: ExceptionCode=0xc0000005, writing address 0x0000000781593188

Registers:
RAX=0x000000076f0df700, RBX=0x00000007c0112940, RCX=0x00000007c00d9290, RDX=0x000000076bdf7760
RSP=0x000000001faea260, RBP=0x000000001faea690, RSI=0x000000076be05240, RDI=0x000000076be05240
R8 =0x0000000000000001, R9 =0x0000000000000000, R10=0x00000000ed7c0a48, R11=0x000000000000000a
R12=0x0000000000000000, R13=0x0000000002b46864, R14=0x000000001faea1b8, R15=0x000000001eb74800
RIP=0x0000000002d666e2, EFLAGS=0x0000000000010206

Top of Stack: (sp=0x000000001faea260)
0x000000001faea260:   00000007c000e698 000000001ecd1d71
0x000000001faea270:   000000001faea2d8 00000000027c7b44
0x000000001faea280:   00000000027c7b44 00000007c0018f00
0x000000001faea290:   00000006c0d0a1c0 000000076be59298
0x000000001faea2a0:   000000001c09d073 000000001faea310
0x000000001faea2b0:   000000001faea608 0000000002b2f94c
0x000000001faea2c0:   000000076be575e0 000000076f0ddcc8
0x000000001faea2d0:   000000076f7192f8 000000076be45db8
0x000000001faea2e0:   000000076bdf77e8 000000076be45508
0x000000001faea2f0:   000000076f0df758 0000000000000000
0x000000001faea300:   000000001eb74800 0000000000000000
0x000000001faea310:   000000001faea690 0000000002ba63c4
0x000000001faea320:   000000001b8c05b0 000000001faea380
0x000000001faea330:   000000076be59610 000000001faea390
0x000000001faea340:   000000076efd3530 0000000000003ffd
0x000000001faea350:   00000006c0612c30 0000000000000000 

Instructions: (pc=0x0000000002d666e2)
0x0000000002d666c2:   0d c0 07 00 00 00 8b 58 08 48 c1 e3 03 48 3b 4b
0x0000000002d666d2:   30 0f 85 8a 00 00 00 48 3b 28 d2 37 24 00 00 00
0x0000000002d666e2:   00 8b 48 08 48 c1 e1 03 48 3b 8b 08 04 00 00 75
0x0000000002d666f2:   0d 48 83 83 10 04 00 00 01 e9 84 00 00 00 48 3b 


Register to memory mapping:

RAX=0x000000076f0df700 is an unknown value
RBX=0x00000007c0112940 is pointing into metadata
RCX=0x00000007c00d9290 is pointing into metadata
RDX=0x000000076bdf7760 is an oop
java.util.ArrayList 
 - klass: 'java/util/ArrayList'
RSP=0x000000001faea260 is pointing into the stack for thread: 0x000000001eb74800
RBP=0x000000001faea690 is pointing into the stack for thread: 0x000000001eb74800
RSI=0x000000076be05240 is an oop
com.sun.javafx.css.StyleMap 
 - klass: 'com/sun/javafx/css/StyleMap'
RDI=0x000000076be05240 is an oop
com.sun.javafx.css.StyleMap 
 - klass: 'com/sun/javafx/css/StyleMap'
R8 =0x0000000000000001 is an unknown value
R9 =0x0000000000000000 is an unknown value
R10=0x00000000ed7c0a48 is an unknown value
R11=0x000000000000000a is an unknown value
R12=0x0000000000000000 is an unknown value
R13=0x0000000002b46864 is at entry_point+548 in (nmethod*)0x0000000002b46410
R14=0x000000001faea1b8 is pointing into the stack for thread: 0x000000001eb74800
R15=0x000000001eb74800 is a thread


Stack: [0x000000001f9f0000,0x000000001faf0000],  sp=0x000000001faea260,  free space=1000k
Native frames: (J=compiled Java code, j=interpreted, Vv=VM code, C=native code)
C  0x0000000002d666e2


---------------  P R O C E S S  ---------------

Java Threads: ( => current thread )
  0x000000001efcc000 JavaThread "Prism Font Disposer" daemon [_thread_blocked, id=8172, stack(0x0000000023250000,0x0000000023350000)]
  0x000000001ec01000 JavaThread "Thread-3" daemon [_thread_in_native, id=3304, stack(0x00000000212d0000,0x00000000213d0000)]
  0x000000001eb97800 JavaThread "JavaFX-Launcher" [_thread_blocked, id=5108, stack(0x0000000021100000,0x0000000021200000)]
=>0x000000001eb74800 JavaThread "JavaFX Application Thread" [_thread_in_Java, id=8076, stack(0x000000001f9f0000,0x000000001faf0000)]
  0x000000001eb71800 JavaThread "Thread-1" daemon [_thread_blocked, id=1204, stack(0x000000001f7d0000,0x000000001f8d0000)]
  0x000000001eb4f000 JavaThread "QuantumRenderer-0" daemon [_thread_blocked, id=6760, stack(0x000000001f2e0000,0x000000001f3e0000)]
  0x000000001dcb5800 JavaThread "Service Thread" daemon [_thread_blocked, id=964, stack(0x000000001e150000,0x000000001e250000)]
  0x000000001dc2c800 JavaThread "C1 CompilerThread2" daemon [_thread_blocked, id=6340, stack(0x000000001e7e0000,0x000000001e8e0000)]
  0x000000001dc2b000 JavaThread "C2 CompilerThread1" daemon [_thread_blocked, id=6744, stack(0x000000001e660000,0x000000001e760000)]
  0x000000001dc24000 JavaThread "C2 CompilerThread0" daemon [_thread_blocked, id=5356, stack(0x000000001e3d0000,0x000000001e4d0000)]
  0x000000001dc22000 JavaThread "Attach Listener" daemon [_thread_blocked, id=5280, stack(0x000000001e280000,0x000000001e380000)]
  0x000000001dc21000 JavaThread "Signal Dispatcher" daemon [_thread_blocked, id=7852, stack(0x000000001e030000,0x000000001e130000)]
  0x000000001c2b9000 JavaThread "Finalizer" daemon [_thread_blocked, id=7376, stack(0x000000001d980000,0x000000001da80000)]
  0x000000001c2af800 JavaThread "Reference Handler" daemon [_thread_blocked, id=4928, stack(0x000000001dad0000,0x000000001dbd0000)]
  0x00000000003fe800 JavaThread "main" [_thread_blocked, id=700, stack(0x00000000023f0000,0x00000000024f0000)]

Other Threads:
  0x000000001c2a9800 VMThread [stack: 0x000000001d840000,0x000000001d940000] [id=1680]
  0x000000001dcba000 WatcherThread [stack: 0x000000001e9e0000,0x000000001eae0000] [id=3536]

VM state:not at safepoint (normal execution)

VM Mutex/Monitor currently owned by a thread: None

Heap:
 PSYoungGen      total 76288K, used 29128K [0x000000076ad00000, 0x0000000770200000, 0x00000007c0000000)
  eden space 65536K, 28% used [0x000000076ad00000,0x000000076befa118,0x000000076ed00000)
  from space 10752K, 99% used [0x000000076ed00000,0x000000076f778020,0x000000076f780000)
  to   space 10752K, 0% used [0x000000076f780000,0x000000076f780000,0x0000000770200000)
 ParOldGen       total 175104K, used 8818K [0x00000006c0600000, 0x00000006cb100000, 0x000000076ad00000)
  object space 175104K, 5% used [0x00000006c0600000,0x00000006c0e9cb50,0x00000006cb100000)
 Metaspace       used 19930K, capacity 20674K, committed 20864K, reserved 1067008K
  class space    used 2753K, capacity 2914K, committed 2944K, reserved 1048576K

Card table byte_map: [0x0000000011b80000,0x0000000012380000] byte_map_base: 0x000000000e57d000

Marking Bits: (ParMarkBitMap*) 0x000000005dd74040
 Begin Bits: [0x00000000130f0000, 0x00000000170d8000)
 End Bits:   [0x00000000170d8000, 0x000000001b0c0000)

Polling page: 0x0000000000130000

CodeCache: size=245760Kb used=7486Kb max_used=7503Kb free=238273Kb
 bounds [0x00000000027c0000, 0x0000000002f20000, 0x00000000117c0000]
 total_blobs=3017 nmethods=2353 adapters=576
 compilation: enabled

Compilation events (10 events):
Event: 24.507 Thread 0x000000001dc2c800 2379       1       com.sun.javafx.css.StyleCache$Key::getStyleMapIds (5 bytes)
Event: 24.507 Thread 0x000000001dc2c800 nmethod 2379 0x0000000002f0ad10 code [0x0000000002f0ae60, 0x0000000002f0af70]
Event: 24.507 Thread 0x000000001dc2b000 nmethod 2376 0x0000000002f0a610 code [0x0000000002f0a760, 0x0000000002f0aa98]
Event: 24.507 Thread 0x000000001dc24000 nmethod 2358 0x0000000002f17790 code [0x0000000002f17940, 0x0000000002f18318]
Event: 24.507 Thread 0x000000001dc2b000 2380       4       javafx.scene.Node::getStyleableParent (5 bytes)
Event: 24.508 Thread 0x000000001dc2c800 2381       1       com.sun.javafx.css.Rule$Observables::getDeclarations (5 bytes)
Event: 24.508 Thread 0x000000001dc2c800 nmethod 2381 0x0000000002f0a350 code [0x0000000002f0a4a0, 0x0000000002f0a5b0]
Event: 24.508 Thread 0x000000001dc2c800 2382       3       com.sun.javafx.css.Rule::getDeclarations (28 bytes)
Event: 24.508 Thread 0x000000001dc2c800 nmethod 2382 0x0000000002f09d50 code [0x0000000002f09ec0, 0x0000000002f0a208]
Event: 24.509 Thread 0x000000001dc2b000 nmethod 2380 0x0000000002f14750 code [0x0000000002f148a0, 0x0000000002f14998]

GC Heap History (2 events):
Event: 24.325 GC heap before
{Heap before GC invocations=1 (full 0):
 PSYoungGen      total 76288K, used 65536K [0x000000076ad00000, 0x0000000770200000, 0x00000007c0000000)
  eden space 65536K, 100% used [0x000000076ad00000,0x000000076ed00000,0x000000076ed00000)
  from space 10752K, 0% used [0x000000076f780000,0x000000076f780000,0x0000000770200000)
  to   space 10752K, 0% used [0x000000076ed00000,0x000000076ed00000,0x000000076f780000)
 ParOldGen       total 175104K, used 0K [0x00000006c0600000, 0x00000006cb100000, 0x000000076ad00000)
  object space 175104K, 0% used [0x00000006c0600000,0x00000006c0600000,0x00000006cb100000)
 Metaspace       used 19412K, capacity 20144K, committed 20352K, reserved 1067008K
  class space    used 2669K, capacity 2839K, committed 2944K, reserved 1048576K
Event: 24.341 GC heap after
Heap after GC invocations=1 (full 0):
 PSYoungGen      total 76288K, used 10720K [0x000000076ad00000, 0x0000000770200000, 0x00000007c0000000)
  eden space 65536K, 0% used [0x000000076ad00000,0x000000076ad00000,0x000000076ed00000)
  from space 10752K, 99% used [0x000000076ed00000,0x000000076f778020,0x000000076f780000)
  to   space 10752K, 0% used [0x000000076f780000,0x000000076f780000,0x0000000770200000)
 ParOldGen       total 175104K, used 8818K [0x00000006c0600000, 0x00000006cb100000, 0x000000076ad00000)
  object space 175104K, 5% used [0x00000006c0600000,0x00000006c0e9cb50,0x00000006cb100000)
 Metaspace       used 19412K, capacity 20144K, committed 20352K, reserved 1067008K
  class space    used 2669K, capacity 2839K, committed 2944K, reserved 1048576K
}

Deoptimization events (10 events):
Event: 24.057 Thread 0x000000001eb74800 Uncommon trap: reason=unstable_if action=reinterpret pc=0x0000000002ac1ac4 method=java.lang.AbstractStringBuilder.append(Ljava/lang/String;)Ljava/lang/AbstractStringBuilder; @ 1
Event: 24.082 Thread 0x000000001eb74800 Uncommon trap: reason=predicate action=maybe_recompile pc=0x0000000002bfc274 method=sun.net.www.ParseUtil.encodePath(Ljava/lang/String;Z)Ljava/lang/String; @ 36
Event: 24.182 Thread 0x000000001eb74800 Uncommon trap: reason=class_check action=maybe_recompile pc=0x0000000002bb9af0 method=java.io.FilterInputStream.read()I @ 4
Event: 24.182 Thread 0x000000001eb74800 Uncommon trap: reason=class_check action=maybe_recompile pc=0x0000000002bb9af0 method=java.io.FilterInputStream.read()I @ 4
Event: 24.182 Thread 0x000000001eb74800 Uncommon trap: reason=class_check action=maybe_recompile pc=0x0000000002bb9af0 method=java.io.FilterInputStream.read()I @ 4
Event: 24.182 Thread 0x000000001eb74800 Uncommon trap: reason=class_check action=maybe_recompile pc=0x0000000002bb9af0 method=java.io.FilterInputStream.read()I @ 4
Event: 24.196 Thread 0x000000001eb74800 Uncommon trap: reason=unstable_if action=reinterpret pc=0x0000000002b01e00 method=com.sun.javafx.image.impl.ByteBgra$ToByteBgraPreConv.doConvert([BII[BIIII)V @ 31
Event: 24.197 Thread 0x000000001eb74800 Uncommon trap: reason=unstable_if action=reinterpret pc=0x0000000002b0ea3c method=com.sun.javafx.image.impl.BaseByteToByteConverter$FourByteReorderer.doConvert([BII[BIIII)V @ 31
Event: 24.348 Thread 0x000000001eb74800 Uncommon trap: reason=unstable_if action=reinterpret pc=0x0000000002c3181c method=java.lang.ref.ReferenceQueue.poll()Ljava/lang/ref/Reference; @ 4
Event: 24.418 Thread 0x000000001eb74800 Uncommon trap: reason=unstable_if action=reinterpret pc=0x0000000002e07018 method=java.lang.ref.SoftReference.get()Ljava/lang/Object; @ 17

Internal exceptions (10 events):
Event: 0.595 Thread 0x000000001eb74800 Exception <a 'java/lang/ArrayIndexOutOfBoundsException': 18> (0x000000076c48b2f8) thrown at [C:\re\workspace\8-2-build-windows-amd64-cygwin\jdk8u51\3951\hotspot\src\share\vm\interpreter\interpreterRuntime.cpp, line 366]
Event: 0.595 Thread 0x000000001eb74800 Exception <a 'java/lang/ArrayIndexOutOfBoundsException': 86> (0x000000076c48c5f0) thrown at [C:\re\workspace\8-2-build-windows-amd64-cygwin\jdk8u51\3951\hotspot\src\share\vm\interpreter\interpreterRuntime.cpp, line 366]
Event: 0.649 Thread 0x000000001eb74800 Exception <a 'java/lang/ArrayIndexOutOfBoundsException'> (0x000000076c6d8fa0) thrown at [C:\re\workspace\8-2-build-windows-amd64-cygwin\jdk8u51\3951\hotspot\src\share\vm\runtime\sharedRuntime.cpp, line 605]
Event: 0.649 Thread 0x000000001eb74800 Exception <a 'java/lang/ArrayIndexOutOfBoundsException'> (0x000000076c6da2e0) thrown at [C:\re\workspace\8-2-build-windows-amd64-cygwin\jdk8u51\3951\hotspot\src\share\vm\runtime\sharedRuntime.cpp, line 605]
Event: 0.652 Thread 0x000000001eb74800 Exception <a 'java/lang/ArrayIndexOutOfBoundsException'> (0x000000076c6ea698) thrown at [C:\re\workspace\8-2-build-windows-amd64-cygwin\jdk8u51\3951\hotspot\src\share\vm\runtime\sharedRuntime.cpp, line 605]
Event: 0.735 Thread 0x000000001eb74800 Implicit null exception at 0x0000000002a7d975 to 0x0000000002a7db65
Event: 24.057 Thread 0x000000001eb74800 Implicit null exception at 0x0000000002ac1796 to 0x0000000002ac1aad
Event: 24.427 Thread 0x000000001eb74800 Exception <a 'java/lang/ArrayIndexOutOfBoundsException'> (0x000000076b4e1d70) thrown at [C:\re\workspace\8-2-build-windows-amd64-cygwin\jdk8u51\3951\hotspot\src\share\vm\runtime\sharedRuntime.cpp, line 605]
Event: 24.434 Thread 0x000000001eb74800 Exception <a 'java/lang/ArrayIndexOutOfBoundsException'> (0x000000076b5c99d0) thrown at [C:\re\workspace\8-2-build-windows-amd64-cygwin\jdk8u51\3951\hotspot\src\share\vm\runtime\sharedRuntime.cpp, line 605]
Event: 24.460 Thread 0x000000001eb74800 Exception <a 'java/lang/ArrayIndexOutOfBoundsException'> (0x000000076b9f1ae8) thrown at [C:\re\workspace\8-2-build-windows-amd64-cygwin\jdk8u51\3951\hotspot\src\share\vm\runtime\sharedRuntime.cpp, line 605]

Events (10 events):
Event: 24.499 loading class javafx/scene/layout/GridPane$StyleableProperties$2
Event: 24.499 loading class javafx/scene/layout/GridPane$StyleableProperties$2 done
Event: 24.499 loading class javafx/scene/layout/GridPane$StyleableProperties$3
Event: 24.499 loading class javafx/scene/layout/GridPane$StyleableProperties$3 done
Event: 24.499 loading class javafx/scene/layout/GridPane$StyleableProperties$4
Event: 24.499 loading class javafx/scene/layout/GridPane$StyleableProperties$4 done
Event: 24.501 loading class javafx/scene/layout/StackPane$StyleableProperties
Event: 24.501 loading class javafx/scene/layout/StackPane$StyleableProperties done
Event: 24.501 loading class javafx/scene/layout/StackPane$StyleableProperties$1
Event: 24.501 loading class javafx/scene/layout/StackPane$StyleableProperties$1 done


Dynamic libraries:
0x000000013fd90000 - 0x000000013fdc7000 	C:\Program Files\Java\jdk1.8.0_51\jre\bin\java.exe
0x0000000076d60000 - 0x0000000076f09000 	C:\Windows\SYSTEM32\ntdll.dll
0x0000000076c40000 - 0x0000000076d5f000 	C:\Windows\system32\kernel32.dll
0x000007fefce50000 - 0x000007fefcebc000 	C:\Windows\system32\KERNELBASE.dll
0x000007fefd060000 - 0x000007fefd13b000 	C:\Windows\system32\ADVAPI32.dll
0x000007fefdc00000 - 0x000007fefdc9f000 	C:\Windows\system32\msvcrt.dll
0x000007fefd2c0000 - 0x000007fefd2df000 	C:\Windows\SYSTEM32\sechost.dll
0x000007fefdac0000 - 0x000007fefdbed000 	C:\Windows\system32\RPCRT4.dll
0x0000000076b40000 - 0x0000000076c3a000 	C:\Windows\system32\USER32.dll
0x000007fefcec0000 - 0x000007fefcf27000 	C:\Windows\system32\GDI32.dll
0x000007fefe2d0000 - 0x000007fefe2de000 	C:\Windows\system32\LPK.dll
0x000007fefd2e0000 - 0x000007fefd3aa000 	C:\Windows\system32\USP10.dll
0x000007fefb4a0000 - 0x000007fefb694000 	C:\Windows\WinSxS\amd64_microsoft.windows.common-controls_6595b64144ccf1df_6.0.7601.18837_none_fa3b1e3d17594757\COMCTL32.dll
0x000007fefcfe0000 - 0x000007fefd051000 	C:\Windows\system32\SHLWAPI.dll
0x000007fefcf30000 - 0x000007fefcf5e000 	C:\Windows\system32\IMM32.DLL
0x000007fefdca0000 - 0x000007fefdda9000 	C:\Windows\system32\MSCTF.dll
0x000000005e5b0000 - 0x000000005e682000 	C:\Program Files\Java\jdk1.8.0_51\jre\bin\msvcr100.dll
0x000000005d570000 - 0x000000005ddf3000 	C:\Program Files\Java\jdk1.8.0_51\jre\bin\server\jvm.dll
0x000007fef3110000 - 0x000007fef3119000 	C:\Windows\system32\WSOCK32.dll
0x000007fefddb0000 - 0x000007fefddfd000 	C:\Windows\system32\WS2_32.dll
0x000007fefdbf0000 - 0x000007fefdbf8000 	C:\Windows\system32\NSI.dll
0x000007fefa620000 - 0x000007fefa65b000 	C:\Windows\system32\WINMM.dll
0x000007fefc3a0000 - 0x000007fefc3ac000 	C:\Windows\system32\VERSION.dll
0x0000000076f30000 - 0x0000000076f37000 	C:\Windows\system32\PSAPI.DLL
0x000000005e560000 - 0x000000005e56f000 	C:\Program Files\Java\jdk1.8.0_51\jre\bin\verify.dll
0x000000005e530000 - 0x000000005e559000 	C:\Program Files\Java\jdk1.8.0_51\jre\bin\java.dll
0x000000005e510000 - 0x000000005e526000 	C:\Program Files\Java\jdk1.8.0_51\jre\bin\zip.dll
0x000007fefe2e0000 - 0x000007feff069000 	C:\Windows\system32\SHELL32.dll
0x000007fefd8b0000 - 0x000007fefdab3000 	C:\Windows\system32\ole32.dll
0x000007fefcb00000 - 0x000007fefcb0f000 	C:\Windows\system32\profapi.dll
0x000000005aeb0000 - 0x000000005aedc000 	C:\Program Files\Java\jdk1.8.0_51\jre\bin\prism_d3d.dll
0x000007feda4d0000 - 0x000007feda6cf000 	C:\Windows\system32\d3d9.dll
0x000007fedbfc0000 - 0x000007fedbfc7000 	C:\Windows\system32\d3d8thk.dll
0x000007fefc280000 - 0x000007fefc298000 	C:\Windows\system32\dwmapi.dll
0x000007fefb410000 - 0x000007fefb466000 	C:\Windows\system32\uxtheme.dll
0x000007fed8d10000 - 0x000007fed9c09000 	C:\Windows\system32\nvd3dumx.dll
0x0000000180000000 - 0x00000001801a7000 	C:\Windows\system32\nvspcap64.dll
0x000007fefd140000 - 0x000007fefd217000 	C:\Windows\system32\OLEAUT32.dll
0x000007fefe070000 - 0x000007fefe247000 	C:\Windows\system32\SETUPAPI.dll
0x000007fefcba0000 - 0x000007fefcbd6000 	C:\Windows\system32\CFGMGR32.dll
0x000007fefcb80000 - 0x000007fefcb9a000 	C:\Windows\system32\DEVOBJ.dll
0x000007fef1cb0000 - 0x000007fef1d21000 	C:\Windows\system32\WINHTTP.dll
0x000007fef1c40000 - 0x000007fef1ca4000 	C:\Windows\system32\webio.dll
0x000007fef96a0000 - 0x000007fef9a33000 	C:\Windows\system32\nvapi64.dll
0x000007fefc8d0000 - 0x000007fefc8f5000 	C:\Windows\system32\SspiCli.dll
0x0000000059910000 - 0x0000000059951000 	C:\Program Files\Java\jdk1.8.0_51\jre\bin\glass.dll
0x000007fefd810000 - 0x000007fefd8a7000 	C:\Windows\system32\COMDLG32.dll
0x000007fefc9a0000 - 0x000007fefc9af000 	C:\Windows\system32\CRYPTBASE.dll
0x000007fefadc0000 - 0x000007fefadec000 	C:\Windows\system32\powrprof.dll
0x000007fef62f0000 - 0x000007fef63d0000 	C:\Program Files (x86)\NVIDIA Corporation\3D Vision\nvSCPAPI64.dll
0x000000005b500000 - 0x000000005b515000 	C:\Program Files\Java\jdk1.8.0_51\jre\bin\javafx_font.dll
0x000007feeb300000 - 0x000007feeb497000 	C:\Windows\system32\dwrite.dll
0x000007fefd220000 - 0x000007fefd2b9000 	C:\Windows\system32\CLBCatQ.DLL
0x000007fefab20000 - 0x000007fefac81000 	C:\Windows\system32\WindowsCodecs.dll
0x000007fefc900000 - 0x000007fefc957000 	C:\Windows\system32\apphelp.dll
0x000007feea880000 - 0x000007feea8bf000 	C:\Users\SISTEMAS\AppData\Local\Microsoft\SkyDrive\17.0.4023.1211\amd64\SkyDriveShell64.dll
0x000007feea7c0000 - 0x000007feea867000 	C:\Users\SISTEMAS\AppData\Local\Microsoft\SkyDrive\17.0.4023.1211\amd64\MSVCP110.dll
0x000007feea380000 - 0x000007feea44e000 	C:\Users\SISTEMAS\AppData\Local\Microsoft\SkyDrive\17.0.4023.1211\amd64\MSVCR110.dll
0x000007fefde00000 - 0x000007fefe069000 	C:\Windows\system32\WININET.dll
0x000007fefcd70000 - 0x000007fefcd74000 	C:\Windows\system32\api-ms-win-downlevel-user32-l1-1-0.dll
0x000007fefcb20000 - 0x000007fefcb24000 	C:\Windows\system32\api-ms-win-downlevel-shlwapi-l1-1-0.dll
0x000007fefce40000 - 0x000007fefce44000 	C:\Windows\system32\api-ms-win-downlevel-version-l1-1-0.dll
0x000007fefcbe0000 - 0x000007fefcbe3000 	C:\Windows\system32\api-ms-win-downlevel-normaliz-l1-1-0.dll
0x0000000076f20000 - 0x0000000076f23000 	C:\Windows\system32\normaliz.DLL
0x000007fefd540000 - 0x000007fefd808000 	C:\Windows\system32\iertutil.dll
0x000007fefcb70000 - 0x000007fefcb75000 	C:\Windows\system32\api-ms-win-downlevel-advapi32-l1-1-0.dll
0x000007fefce20000 - 0x000007fefce3e000 	C:\Windows\system32\USERENV.dll
0x000007feea080000 - 0x000007feea2bf000 	C:\Program Files\Microsoft Office 15\root\VFS\ProgramFilesX64\Microsoft Office\Office15\GROOVEEX.DLL
0x000000006e430000 - 0x000000006e4c8000 	C:\Program Files\Microsoft Office 15\root\VFS\ProgramFilesX64\Microsoft Office\Office15\MSVCP100.dll
0x000000006e400000 - 0x000000006e42b000 	C:\Program Files\Microsoft Office 15\root\VFS\ProgramFilesX64\Microsoft Office\Office15\ATL100.DLL
0x000007feeb4a0000 - 0x000007feeb7be000 	C:\Windows\system32\msi.dll
0x000007fee8660000 - 0x000007fee8ee8000 	C:\Program Files\Microsoft Office 15\root\VFS\ProgramFilesX64\Microsoft Office\Office15\3082\GrooveIntlResource.dll
0x000007feeaae0000 - 0x000007feeab56000 	C:\ProgramData\MEGAsync\ShellExtX64.dll
0x000007feeaaa0000 - 0x000007feeaad5000 	C:\Windows\system32\EhStorShell.dll
0x000007fefaee0000 - 0x000007fefb00c000 	C:\Windows\system32\PROPSYS.dll
0x000007feeaa20000 - 0x000007feeaa9e000 	C:\Windows\System32\cscui.dll
0x000007feeaa10000 - 0x000007feeaa1c000 	C:\Windows\System32\CSCDLL.dll
0x000007feec4e0000 - 0x000007feec4ef000 	C:\Windows\system32\CSCAPI.dll
0x000007fef5dc0000 - 0x000007fef5ded000 	C:\Program Files\Common Files\Microsoft Shared\Ink\rtscom.dll
0x000000005ae90000 - 0x000000005aea1000 	C:\Program Files\Java\jdk1.8.0_51\jre\bin\prism_common.dll
0x000000005e4f0000 - 0x000000005e50a000 	C:\Program Files\Java\jdk1.8.0_51\jre\bin\net.dll
0x000007fefbfa0000 - 0x000007fefbff5000 	C:\Windows\system32\mswsock.dll
0x000007fefbf90000 - 0x000007fefbf97000 	C:\Windows\System32\wship6.dll
0x000007fefc470000 - 0x000007fefc477000 	C:\Windows\System32\wshtcpip.dll
0x000007fefbe20000 - 0x000007fefbe7b000 	C:\Windows\system32\DNSAPI.dll
0x0000000073020000 - 0x0000000073046000 	C:\Program Files\Bonjour\mdnsNSP.dll
0x000007fefa050000 - 0x000007fefa077000 	C:\Windows\system32\Iphlpapi.DLL
0x000007fefa040000 - 0x000007fefa04b000 	C:\Windows\system32\WINNSI.DLL
0x000007fef8c30000 - 0x000007fef8c38000 	C:\Windows\system32\rasadhlp.dll
0x000007fef9eb0000 - 0x000007fef9f03000 	C:\Windows\System32\fwpuclnt.dll
0x000007fee63c0000 - 0x000007fee64e5000 	C:\Windows\system32\dbghelp.dll

VM Arguments:
jvm_args: -Dfile.encoding=UTF-8 
java_command: D:\HACIENTO PROGRAMAS JAVA FX\PUNTOVENTAS\dist\run1579709684\PUNTOVENTAS.jar
java_class_path (initial): D:\HACIENTO PROGRAMAS JAVA FX\PUNTOVENTAS\dist\run1579709684\PUNTOVENTAS.jar
Launcher Type: SUN_STANDARD

Environment Variables:
JAVA_HOME=C:\Program Files (x86)\Java\jdk1.7.0_07
PATH=C:\ProgramData\Oracle\Java\javapath;C:\Program Files (x86)\AMD APP\bin\x86_64;C:\Windows\system32;C:\Windows;C:\Windows\System32\Wbem;C:\Windows\System32\WindowsPowerShell\v1.0\;C:\Program Files (x86)\ATI Technologies\ATI.ACE\Core-Static;C:\Program Files\Microsoft SQL Server\110\Tools\Binn\;C:\Program Files (x86)\Microsoft SQL Server\110\Tools\Binn\;C:\Program Files\Microsoft SQL Server\110\DTS\Binn\;C:\Program Files (x86)\Microsoft SQL Server\110\Tools\Binn\ManagementStudio\;C:\Program Files (x86)\Microsoft Visual Studio 10.0\Common7\IDE\PrivateAssemblies\;C:\Program Files (x86)\Microsoft SQL Server\110\DTS\Binn\;C:\Program Files\Microsoft SQL Server\120\Tools\Binn\;;C:\Program Files (x86)\NVIDIA Corporation\PhysX\Common;C:\Program Files (x86)\QuickTime\QTSystem\;C:\Program Files (x86)\MySQL\MySQL Fabric 1.5.4 & MySQL Utilities 1.5.4 1.5\;C:\Program Files (x86)\MySQL\MySQL Fabric 1.5.4 & MySQL Utilities 1.5.4 1.5\Doctrine extensions for PHP\;C:\Program Files (x86)\Java\jdk1.7.0_07\bin;C:\apache-tomcat-7.0.63\bin;C:\Program Files (x86)\Skype\Phone\;C:\Program Files (x86)\EasyFrom Inc\;
USERNAME=SISTEMAS
OS=Windows_NT
PROCESSOR_IDENTIFIER=AMD64 Family 21 Model 1 Stepping 2, AuthenticAMD



---------------  S Y S T E M  ---------------

OS: Windows 7 , 64 bit Build 7601 (6.1.7601.19110)

CPU:total 6 (6 cores per cpu, 1 threads per core) family 21 model 1 stepping 2, cmov, cx8, fxsr, mmx, sse, sse2, sse3, ssse3, sse4.1, sse4.2, popcnt, avx, aes, clmul, mmxext, 3dnowpref, lzcnt, sse4a, tsc, tscinvbit, tscinv

Memory: 4k page, physical 16746724k(9801064k free), swap 33491612k(24709732k free)

vm_info: Java HotSpot(TM) 64-Bit Server VM (25.51-b03) for windows-amd64 JRE (1.8.0_51-b16), built on Jun  8 2015 18:03:07 by "java_re" with MS VC++ 10.0 (VS2010)

time: Wed May 04 10:48:07 2016
elapsed time: 24 seconds (0d 0h 0m 24s)

