#
# A fatal error has been detected by the Java Runtime Environment:
#
#  EXCEPTION_ACCESS_VIOLATION (0xc0000005) at pc=0x000000005f467308, pid=9844, tid=9184
#
# JRE version: Java(TM) SE Runtime Environment (8.0_51-b16) (build 1.8.0_51-b16)
# Java VM: Java HotSpot(TM) 64-Bit Server VM (25.51-b03 mixed mode windows-amd64 compressed oops)
# Problematic frame:
# V  [jvm.dll+0x27308]
#
# Failed to write core dump. Minidumps are not enabled by default on client versions of Windows
#
# If you would like to submit a bug report, please visit:
#   http://bugreport.java.com/bugreport/crash.jsp
#

---------------  T H R E A D  ---------------

Current thread (0x000000001db6d000):  JavaThread "C1 CompilerThread2" daemon [_thread_in_vm, id=9184, stack(0x000000001e560000,0x000000001e660000)]

siginfo: ExceptionCode=0xc0000005, reading address 0xffffffffffffffff

Registers:
RAX=0xffffffffffffffff, RBX=0x81000000001be007, RCX=0x0000000000000000, RDX=0x0000000000000000
RSP=0x000000001e65eca0, RBP=0x000000001e65ed59, RSI=0x0000000000000002, RDI=0x000000001e65f330
R8 =0x000000001e65ed01, R9 =0x000000005f440000, R10=0x0000000000000000, R11=0x000000002736b90a
R12=0x000000005fa151f8, R13=0x000000000000f000, R14=0x0000000000000000, R15=0x000000000000c000
RIP=0x000000005f467308, EFLAGS=0x0000000000010293

Top of Stack: (sp=0x000000001e65eca0)
0x000000001e65eca0:   000000001e65f2d8 000000000210d790
0x000000001e65ecb0:   000000001c1e0d00 000000005f6dd824
0x000000001e65ecc0:   0000000200000001 0000000000000000
0x000000001e65ecd0:   000000000000000f 000000001f0fdf70
0x000000001e65ece0:   0000000000000000 000000002736b90a
0x000000001e65ecf0:   000000002736bdae 0000000000000000
0x000000001e65ed00:   00000000027ea6d9 000000000000000a
0x000000001e65ed10:   000000001e65ed08 0000000000000000
0x000000001e65ed20:   000000000285c4e0 00000000027dc4e0
0x000000001e65ed30:   000000000285b540 000000000285c6a0
0x000000001e65ed40:   00000000027ee9a2 000000000285be31
0x000000001e65ed50:   000000005fa151f8 000000001e65ece0
0x000000001e65ed60:   0000000000000000 000000005f46579c
0x000000001e65ed70:   0000000000000004 ffffffffffffffff
0x000000001e65ed80:   000000001f1d0830 000000001db6d9a0
0x000000001e65ed90:   000000001db6d000 000000001e65f298 

Instructions: (pc=0x000000005f467308)
0x000000005f4672e8:   f7 e8 e2 5b 07 00 48 8b d8 48 85 c0 0f 84 55 ff
0x000000005f4672f8:   ff ff e8 c1 88 0c 00 48 3b d8 0f 84 47 ff ff ff
0x000000005f467308:   48 8b 13 48 8b cb ff 52 18 84 c0 74 04 48 8b 5b
0x000000005f467318:   08 48 8b 03 48 8b cb ff 50 10 84 c0 74 0c 48 8b 


Register to memory mapping:

RAX=0xffffffffffffffff is an unknown value
RBX=0x81000000001be007 is an unknown value
RCX=0x0000000000000000 is an unknown value
RDX=0x0000000000000000 is an unknown value
RSP=0x000000001e65eca0 is pointing into the stack for thread: 0x000000001db6d000
RBP=0x000000001e65ed59 is pointing into the stack for thread: 0x000000001db6d000
RSI=0x0000000000000002 is an unknown value
RDI=0x000000001e65f330 is pointing into the stack for thread: 0x000000001db6d000
R8 =0x000000001e65ed01 is pointing into the stack for thread: 0x000000001db6d000
R9 =0x000000005f440000 is an unknown value
R10=0x0000000000000000 is an unknown value
R11=0x000000002736b90a is an unknown value
R12=0x000000005fa151f8 is an unknown value
R13=0x000000000000f000 is an unknown value
R14=0x0000000000000000 is an unknown value
R15=0x000000000000c000 is an unknown value


Stack: [0x000000001e560000,0x000000001e660000],  sp=0x000000001e65eca0,  free space=1019k
Native frames: (J=compiled Java code, j=interpreted, Vv=VM code, C=native code)
V  [jvm.dll+0x27308]
V  [jvm.dll+0x9bc95]
V  [jvm.dll+0x3031e]
V  [jvm.dll+0x405419]
V  [jvm.dll+0x4063d4]
V  [jvm.dll+0x406581]
V  [jvm.dll+0x40678f]
V  [jvm.dll+0xa43a2]
V  [jvm.dll+0xa4cdf]
V  [jvm.dll+0x2418a4]
V  [jvm.dll+0x29846a]
C  [msvcr100.dll+0x21d9f]
C  [msvcr100.dll+0x21e3b]
C  [kernel32.dll+0x159ed]
C  [ntdll.dll+0x2b831]


Current CompileTask:
C1:  17711 4483       3       com.sun.javafx.scene.control.skin.LabeledSkinBase::layoutLabelInArea (1590 bytes)


---------------  P R O C E S S  ---------------

Java Threads: ( => current thread )
  0x000000001ee3d800 JavaThread "Prism Font Disposer" daemon [_thread_blocked, id=13964, stack(0x00000000231b0000,0x00000000232b0000)]
  0x000000001eaa6000 JavaThread "Thread-3" daemon [_thread_in_native, id=13364, stack(0x0000000021290000,0x0000000021390000)]
  0x000000001ea5a800 JavaThread "JavaFX-Launcher" [_thread_blocked, id=9952, stack(0x0000000021480000,0x0000000021580000)]
  0x000000001ea2c000 JavaThread "JavaFX Application Thread" [_thread_in_native, id=10988, stack(0x000000001f850000,0x000000001f950000)]
  0x000000001ea29000 JavaThread "Thread-1" daemon [_thread_blocked, id=12840, stack(0x000000001f700000,0x000000001f800000)]
  0x000000001df0a000 JavaThread "QuantumRenderer-0" daemon [_thread_blocked, id=13356, stack(0x000000001f2d0000,0x000000001f3d0000)]
  0x000000001dbfc000 JavaThread "Service Thread" daemon [_thread_blocked, id=8672, stack(0x000000001e720000,0x000000001e820000)]
=>0x000000001db6d000 JavaThread "C1 CompilerThread2" daemon [_thread_in_vm, id=9184, stack(0x000000001e560000,0x000000001e660000)]
  0x000000001db6b800 JavaThread "C2 CompilerThread1" daemon [_thread_in_native, id=12948, stack(0x000000001e410000,0x000000001e510000)]
  0x000000001db64800 JavaThread "C2 CompilerThread0" daemon [_thread_blocked, id=9780, stack(0x000000001e120000,0x000000001e220000)]
  0x000000001db62800 JavaThread "Attach Listener" daemon [_thread_blocked, id=13344, stack(0x000000001e240000,0x000000001e340000)]
  0x000000001db61800 JavaThread "Signal Dispatcher" daemon [_thread_blocked, id=12456, stack(0x000000001e020000,0x000000001e120000)]
  0x000000001c1e7000 JavaThread "Finalizer" daemon [_thread_blocked, id=12044, stack(0x000000001d7c0000,0x000000001d8c0000)]
  0x000000001c1df800 JavaThread "Reference Handler" daemon [_thread_blocked, id=2752, stack(0x000000001da10000,0x000000001db10000)]
  0x000000000210e800 JavaThread "main" [_thread_blocked, id=4240, stack(0x00000000023a0000,0x00000000024a0000)]

Other Threads:
  0x000000001c1d9800 VMThread [stack: 0x000000001d910000,0x000000001da10000] [id=13652]
  0x000000001dc00000 WatcherThread [stack: 0x000000001e910000,0x000000001ea10000] [id=9064]

VM state:not at safepoint (normal execution)

VM Mutex/Monitor currently owned by a thread:  ([mutex/lock_event])
[0x000000000210d790] Compile_lock - owner thread: 0x000000001db6d000
[0x000000000210d890] MethodCompileQueue_lock - owner thread: 0x000000001db6d000

Heap:
 PSYoungGen      total 76288K, used 63763K [0x000000076ad00000, 0x0000000770200000, 0x00000007c0000000)
  eden space 65536K, 97% used [0x000000076ad00000,0x000000076eb44e08,0x000000076ed00000)
  from space 10752K, 0% used [0x000000076f780000,0x000000076f780000,0x0000000770200000)
  to   space 10752K, 0% used [0x000000076ed00000,0x000000076ed00000,0x000000076f780000)
 ParOldGen       total 137728K, used 21598K [0x00000006c0600000, 0x00000006c8c80000, 0x000000076ad00000)
  object space 137728K, 15% used [0x00000006c0600000,0x00000006c1b17908,0x00000006c8c80000)
 Metaspace       used 24271K, capacity 25930K, committed 25984K, reserved 1071104K
  class space    used 3378K, capacity 3680K, committed 3712K, reserved 1048576K

Card table byte_map: [0x0000000011b30000,0x0000000012330000] byte_map_base: 0x000000000e52d000

Marking Bits: (ParMarkBitMap*) 0x000000005fc44040
 Begin Bits: [0x0000000013020000, 0x0000000017008000)
 End Bits:   [0x0000000017008000, 0x000000001aff0000)

Polling page: 0x0000000001ff0000

CodeCache: size=245760Kb used=14660Kb max_used=14672Kb free=231099Kb
 bounds [0x0000000002770000, 0x00000000035d0000, 0x0000000011770000]
 total_blobs=5179 nmethods=4483 adapters=608
 compilation: enabled

Compilation events (10 events):
Event: 17.668 Thread 0x000000001db6d000 nmethod 4480 0x00000000035c0fd0 code [0x00000000035c1120, 0x00000000035c12d0]
Event: 17.668 Thread 0x000000001db6d000 4481       3       javafx.scene.control.Control::computePrefWidth (51 bytes)
Event: 17.669 Thread 0x000000001db6d000 nmethod 4481 0x00000000035ca810 code [0x00000000035ca9c0, 0x00000000035cb108]
Event: 17.669 Thread 0x000000001db6d000 4482       3       javafx.scene.control.Labeled::isMnemonicParsing (19 bytes)
Event: 17.669 Thread 0x000000001db64800 4484       4       sun.util.logging.PlatformLogger::isLoggable (38 bytes)
Event: 17.669 Thread 0x000000001db6d000 nmethod 4482 0x00000000035ca190 code [0x00000000035ca300, 0x00000000035ca6c8]
Event: 17.669 Thread 0x000000001db6d000 4483       3       com.sun.javafx.scene.control.skin.LabeledSkinBase::layoutLabelInArea (1590 bytes)
Event: 17.671 Thread 0x000000001db64800 nmethod 4484 0x00000000035cd050 code [0x00000000035cd1c0, 0x00000000035cd398]
Event: 17.672 Thread 0x000000001db64800 4488       4       javafx.scene.Node::impl_getPeer (57 bytes)
Event: 17.673 Thread 0x000000001db64800 nmethod 4488 0x0000000003543b50 code [0x0000000003543c80, 0x0000000003543d38]

GC Heap History (6 events):
Event: 3.067 GC heap before
{Heap before GC invocations=1 (full 0):
 PSYoungGen      total 76288K, used 65507K [0x000000076ad00000, 0x0000000770200000, 0x00000007c0000000)
  eden space 65536K, 99% used [0x000000076ad00000,0x000000076ecf8ff0,0x000000076ed00000)
  from space 10752K, 0% used [0x000000076f780000,0x000000076f780000,0x0000000770200000)
  to   space 10752K, 0% used [0x000000076ed00000,0x000000076ed00000,0x000000076f780000)
 ParOldGen       total 175104K, used 0K [0x00000006c0600000, 0x00000006cb100000, 0x000000076ad00000)
  object space 175104K, 0% used [0x00000006c0600000,0x00000006c0600000,0x00000006cb100000)
 Metaspace       used 19070K, capacity 19760K, committed 20096K, reserved 1067008K
  class space    used 2670K, capacity 2841K, committed 2944K, reserved 1048576K
Event: 3.083 GC heap after
Heap after GC invocations=1 (full 0):
 PSYoungGen      total 76288K, used 10732K [0x000000076ad00000, 0x0000000770200000, 0x00000007c0000000)
  eden space 65536K, 0% used [0x000000076ad00000,0x000000076ad00000,0x000000076ed00000)
  from space 10752K, 99% used [0x000000076ed00000,0x000000076f77b168,0x000000076f780000)
  to   space 10752K, 0% used [0x000000076f780000,0x000000076f780000,0x0000000770200000)
 ParOldGen       total 175104K, used 10951K [0x00000006c0600000, 0x00000006cb100000, 0x000000076ad00000)
  object space 175104K, 6% used [0x00000006c0600000,0x00000006c10b1ce8,0x00000006cb100000)
 Metaspace       used 19070K, capacity 19760K, committed 20096K, reserved 1067008K
  class space    used 2670K, capacity 2841K, committed 2944K, reserved 1048576K
}
Event: 4.175 GC heap before
{Heap before GC invocations=2 (full 0):
 PSYoungGen      total 76288K, used 33469K [0x000000076ad00000, 0x0000000770200000, 0x00000007c0000000)
  eden space 65536K, 34% used [0x000000076ad00000,0x000000076c3344e8,0x000000076ed00000)
  from space 10752K, 99% used [0x000000076ed00000,0x000000076f77b168,0x000000076f780000)
  to   space 10752K, 0% used [0x000000076f780000,0x000000076f780000,0x0000000770200000)
 ParOldGen       total 175104K, used 10951K [0x00000006c0600000, 0x00000006cb100000, 0x000000076ad00000)
  object space 175104K, 6% used [0x00000006c0600000,0x00000006c10b1ce8,0x00000006cb100000)
 Metaspace       used 20271K, capacity 21168K, committed 21248K, reserved 1067008K
  class space    used 2846K, capacity 3047K, committed 3072K, reserved 1048576K
Event: 4.188 GC heap after
Heap after GC invocations=2 (full 0):
 PSYoungGen      total 76288K, used 10740K [0x000000076ad00000, 0x0000000770200000, 0x00000007c0000000)
  eden space 65536K, 0% used [0x000000076ad00000,0x000000076ad00000,0x000000076ed00000)
  from space 10752K, 99% used [0x000000076f780000,0x00000007701fd088,0x0000000770200000)
  to   space 10752K, 0% used [0x000000076ed00000,0x000000076ed00000,0x000000076f780000)
 ParOldGen       total 175104K, used 14067K [0x00000006c0600000, 0x00000006cb100000, 0x000000076ad00000)
  object space 175104K, 8% used [0x00000006c0600000,0x00000006c13bcd50,0x00000006cb100000)
 Metaspace       used 20271K, capacity 21168K, committed 21248K, reserved 1067008K
  class space    used 2846K, capacity 3047K, committed 3072K, reserved 1048576K
}
Event: 4.188 GC heap before
{Heap before GC invocations=3 (full 1):
 PSYoungGen      total 76288K, used 10740K [0x000000076ad00000, 0x0000000770200000, 0x00000007c0000000)
  eden space 65536K, 0% used [0x000000076ad00000,0x000000076ad00000,0x000000076ed00000)
  from space 10752K, 99% used [0x000000076f780000,0x00000007701fd088,0x0000000770200000)
  to   space 10752K, 0% used [0x000000076ed00000,0x000000076ed00000,0x000000076f780000)
 ParOldGen       total 175104K, used 14067K [0x00000006c0600000, 0x00000006cb100000, 0x000000076ad00000)
  object space 175104K, 8% used [0x00000006c0600000,0x00000006c13bcd50,0x00000006cb100000)
 Metaspace       used 20271K, capacity 21168K, committed 21248K, reserved 1067008K
  class space    used 2846K, capacity 3047K, committed 3072K, reserved 1048576K
Event: 4.234 GC heap after
Heap after GC invocations=3 (full 1):
 PSYoungGen      total 76288K, used 0K [0x000000076ad00000, 0x0000000770200000, 0x00000007c0000000)
  eden space 65536K, 0% used [0x000000076ad00000,0x000000076ad00000,0x000000076ed00000)
  from space 10752K, 0% used [0x000000076f780000,0x000000076f780000,0x0000000770200000)
  to   space 10752K, 0% used [0x000000076ed00000,0x000000076ed00000,0x000000076f780000)
 ParOldGen       total 137728K, used 21598K [0x00000006c0600000, 0x00000006c8c80000, 0x000000076ad00000)
  object space 137728K, 15% used [0x00000006c0600000,0x00000006c1b17908,0x00000006c8c80000)
 Metaspace       used 20271K, capacity 21168K, committed 21248K, reserved 1067008K
  class space    used 2846K, capacity 3047K, committed 3072K, reserved 1048576K
}

Deoptimization events (10 events):
Event: 7.482 Thread 0x000000001ea2c000 Uncommon trap: reason=unstable_if action=reinterpret pc=0x0000000002fc391c method=com.sun.javafx.css.StyleManager$CacheContainer.getStyleMap(I)Lcom/sun/javafx/css/StyleMap; @ 22
Event: 7.491 Thread 0x000000001ea2c000 Uncommon trap: reason=unstable_if action=reinterpret pc=0x0000000002db18fc method=com.sun.javafx.css.BitSet.add(Ljava/lang/Object;)Z @ 91
Event: 8.431 Thread 0x000000001ea2c000 Uncommon trap: reason=unstable_if action=reinterpret pc=0x0000000003249878 method=javafx.scene.Node.impl_intersectsBounds(Lcom/sun/javafx/geom/PickRay;)D @ 902
Event: 9.095 Thread 0x000000001ea2c000 Uncommon trap: reason=unstable_if action=reinterpret pc=0x0000000003184e48 method=com.sun.javafx.css.StyleManager$Cache$Key.equals(Ljava/lang/Object;)Z @ 28
Event: 13.950 Thread 0x000000001ea2c000 Uncommon trap: reason=unstable_if action=reinterpret pc=0x00000000032b0298 method=javafx.scene.Node.impl_pickNode(Lcom/sun/javafx/geom/PickRay;Lcom/sun/javafx/scene/input/PickResultChooser;)V @ 11
Event: 13.958 Thread 0x000000001ea2c000 Uncommon trap: reason=unstable_if action=reinterpret pc=0x0000000003245510 method=javafx.scene.Node.impl_pickNode(Lcom/sun/javafx/geom/PickRay;Lcom/sun/javafx/scene/input/PickResultChooser;)V @ 11
Event: 15.387 Thread 0x000000001ea2c000 Uncommon trap: reason=unstable_if action=reinterpret pc=0x00000000029d9f80 method=sun.nio.cs.UTF_8$Decoder.decode([BII[C)I @ 30
Event: 15.390 Thread 0x000000001ea2c000 Uncommon trap: reason=unstable_if action=reinterpret pc=0x00000000034836d0 method=com.sun.javafx.css.StyleManager$StylesheetContainer.equals(Ljava/lang/Object;)Z @ 52
Event: 15.397 Thread 0x000000001ea2c000 Uncommon trap: reason=class_check action=maybe_recompile pc=0x000000000319a94c method=com.sun.javafx.css.ParsedValueImpl.containsFontRelativeSize(Ljavafx/css/ParsedValue;Z)Z @ 83
Event: 15.397 Thread 0x000000001ea2c000 Uncommon trap: reason=null_check action=make_not_entrant pc=0x000000000319aa04 method=com.sun.javafx.css.ParsedValueImpl.containsFontRelativeSize(Ljavafx/css/ParsedValue;Z)Z @ 8

Internal exceptions (10 events):
Event: 0.594 Thread 0x000000001ea2c000 Exception <a 'java/lang/ArrayIndexOutOfBoundsException': 86> (0x000000076c469038) thrown at [C:\re\workspace\8-2-build-windows-amd64-cygwin\jdk8u51\3951\hotspot\src\share\vm\interpreter\interpreterRuntime.cpp, line 366]
Event: 0.644 Thread 0x000000001ea2c000 Exception <a 'java/lang/ArrayIndexOutOfBoundsException'> (0x000000076c6a6170) thrown at [C:\re\workspace\8-2-build-windows-amd64-cygwin\jdk8u51\3951\hotspot\src\share\vm\runtime\sharedRuntime.cpp, line 605]
Event: 0.644 Thread 0x000000001ea2c000 Exception <a 'java/lang/ArrayIndexOutOfBoundsException'> (0x000000076c6a74b0) thrown at [C:\re\workspace\8-2-build-windows-amd64-cygwin\jdk8u51\3951\hotspot\src\share\vm\runtime\sharedRuntime.cpp, line 605]
Event: 0.647 Thread 0x000000001ea2c000 Exception <a 'java/lang/ArrayIndexOutOfBoundsException'> (0x000000076c6b7838) thrown at [C:\re\workspace\8-2-build-windows-amd64-cygwin\jdk8u51\3951\hotspot\src\share\vm\runtime\sharedRuntime.cpp, line 605]
Event: 0.721 Thread 0x000000001ea2c000 Implicit null exception at 0x0000000002a2c7f5 to 0x0000000002a2c9e5
Event: 2.791 Thread 0x000000001ea2c000 Implicit null exception at 0x0000000002a62594 to 0x0000000002a628cd
Event: 3.140 Thread 0x000000001ea2c000 Exception <a 'java/lang/ArrayIndexOutOfBoundsException'> (0x000000076b2d6d28) thrown at [C:\re\workspace\8-2-build-windows-amd64-cygwin\jdk8u51\3951\hotspot\src\share\vm\runtime\sharedRuntime.cpp, line 605]
Event: 3.147 Thread 0x000000001ea2c000 Exception <a 'java/lang/ArrayIndexOutOfBoundsException'> (0x000000076b3b4ab0) thrown at [C:\re\workspace\8-2-build-windows-amd64-cygwin\jdk8u51\3951\hotspot\src\share\vm\runtime\sharedRuntime.cpp, line 605]
Event: 4.235 Thread 0x000000001c1e7000 Exception <a 'java/net/SocketException': Socket closed> (0x000000076aebbdf0) thrown at [C:\re\workspace\8-2-build-windows-amd64-cygwin\jdk8u51\3951\hotspot\src\share\vm\prims\jni.cpp, line 735]
Event: 15.397 Thread 0x000000001ea2c000 Implicit null exception at 0x000000000319a0f5 to 0x000000000319a9f5

Events (10 events):
Event: 15.498 loading class com/sun/prism/impl/shape/BasicRoundRectRep
Event: 15.498 loading class com/sun/prism/impl/shape/BasicRoundRectRep done
Event: 15.499 loading class com/sun/prism/shader/Solid_Color_Loader
Event: 15.499 loading class com/sun/prism/shader/Solid_Color_Loader done
Event: 15.524 Executing VM operation: RevokeBias
Event: 15.524 Executing VM operation: RevokeBias done
Event: 17.656 Thread 0x000000001ea2c000 DEOPT PACKING pc=0x000000000310bab2 sp=0x000000001f94cac0
Event: 17.656 Thread 0x000000001ea2c000 DEOPT UNPACKING pc=0x00000000027b747f sp=0x000000001f94c7d8 mode 0
Event: 17.657 Thread 0x000000001ea2c000 DEOPT PACKING pc=0x000000000310bab2 sp=0x000000001f94cac0
Event: 17.657 Thread 0x000000001ea2c000 DEOPT UNPACKING pc=0x00000000027b747f sp=0x000000001f94c7d8 mode 0


Dynamic libraries:
0x000000013f8f0000 - 0x000000013f927000 	C:\Program Files\Java\jdk1.8.0_51\jre\bin\java.exe
0x0000000076ea0000 - 0x0000000077049000 	C:\Windows\SYSTEM32\ntdll.dll
0x0000000076c80000 - 0x0000000076d9f000 	C:\Windows\system32\kernel32.dll
0x000007fefcdf0000 - 0x000007fefce5c000 	C:\Windows\system32\KERNELBASE.dll
0x000007fefdfc0000 - 0x000007fefe09b000 	C:\Windows\system32\ADVAPI32.dll
0x000007feff090000 - 0x000007feff12f000 	C:\Windows\system32\msvcrt.dll
0x000007fefdfa0000 - 0x000007fefdfbf000 	C:\Windows\SYSTEM32\sechost.dll
0x000007fefde70000 - 0x000007fefdf9d000 	C:\Windows\system32\RPCRT4.dll
0x0000000076da0000 - 0x0000000076e9a000 	C:\Windows\system32\USER32.dll
0x000007feff140000 - 0x000007feff1a7000 	C:\Windows\system32\GDI32.dll
0x000007feff130000 - 0x000007feff13e000 	C:\Windows\system32\LPK.dll
0x000007fefdda0000 - 0x000007fefde6a000 	C:\Windows\system32\USP10.dll
0x000007fefb5a0000 - 0x000007fefb794000 	C:\Windows\WinSxS\amd64_microsoft.windows.common-controls_6595b64144ccf1df_6.0.7601.18837_none_fa3b1e3d17594757\COMCTL32.dll
0x000007fefd570000 - 0x000007fefd5e1000 	C:\Windows\system32\SHLWAPI.dll
0x000007feff000000 - 0x000007feff02e000 	C:\Windows\system32\IMM32.DLL
0x000007fefe140000 - 0x000007fefe249000 	C:\Windows\system32\MSCTF.dll
0x00000000660e0000 - 0x00000000661b2000 	C:\Program Files\Java\jdk1.8.0_51\jre\bin\msvcr100.dll
0x000000005f440000 - 0x000000005fcc3000 	C:\Program Files\Java\jdk1.8.0_51\jre\bin\server\jvm.dll
0x000007fef85f0000 - 0x000007fef85f9000 	C:\Windows\system32\WSOCK32.dll
0x000007feff040000 - 0x000007feff08d000 	C:\Windows\system32\WS2_32.dll
0x000007feff030000 - 0x000007feff038000 	C:\Windows\system32\NSI.dll
0x000007fefa7a0000 - 0x000007fefa7db000 	C:\Windows\system32\WINMM.dll
0x000007fefc4e0000 - 0x000007fefc4ec000 	C:\Windows\system32\VERSION.dll
0x0000000077060000 - 0x0000000077067000 	C:\Windows\system32\PSAPI.DLL
0x0000000069db0000 - 0x0000000069dbf000 	C:\Program Files\Java\jdk1.8.0_51\jre\bin\verify.dll
0x0000000069d80000 - 0x0000000069da9000 	C:\Program Files\Java\jdk1.8.0_51\jre\bin\java.dll
0x00000000660c0000 - 0x00000000660d6000 	C:\Program Files\Java\jdk1.8.0_51\jre\bin\zip.dll
0x000007fefe250000 - 0x000007fefefd9000 	C:\Windows\system32\SHELL32.dll
0x000007fefd8c0000 - 0x000007fefdac3000 	C:\Windows\system32\ole32.dll
0x000007fefcc50000 - 0x000007fefcc5f000 	C:\Windows\system32\profapi.dll
0x00000000600d0000 - 0x00000000600fc000 	C:\Program Files\Java\jdk1.8.0_51\jre\bin\prism_d3d.dll
0x000007fee5640000 - 0x000007fee583f000 	C:\Windows\system32\d3d9.dll
0x000007fee5630000 - 0x000007fee5637000 	C:\Windows\system32\d3d8thk.dll
0x000007fefc3c0000 - 0x000007fefc3d8000 	C:\Windows\system32\dwmapi.dll
0x000007fefba90000 - 0x000007fefbae6000 	C:\Windows\system32\uxtheme.dll
0x000007fed7980000 - 0x000007fed8879000 	C:\Windows\system32\nvd3dumx.dll
0x0000000180000000 - 0x00000001801a7000 	C:\Windows\system32\nvspcap64.dll
0x000007fefd1e0000 - 0x000007fefd2b7000 	C:\Windows\system32\OLEAUT32.dll
0x000007fefd000000 - 0x000007fefd1d7000 	C:\Windows\system32\SETUPAPI.dll
0x000007fefcda0000 - 0x000007fefcdd6000 	C:\Windows\system32\CFGMGR32.dll
0x000007fefcfd0000 - 0x000007fefcfea000 	C:\Windows\system32\DEVOBJ.dll
0x000007fef2360000 - 0x000007fef23d1000 	C:\Windows\system32\WINHTTP.dll
0x000007fef22f0000 - 0x000007fef2354000 	C:\Windows\system32\webio.dll
0x000007fef97b0000 - 0x000007fef9b43000 	C:\Windows\system32\nvapi64.dll
0x000007fefca10000 - 0x000007fefca35000 	C:\Windows\system32\SspiCli.dll
0x0000000060250000 - 0x0000000060291000 	C:\Program Files\Java\jdk1.8.0_51\jre\bin\glass.dll
0x000007fefd4d0000 - 0x000007fefd567000 	C:\Windows\system32\COMDLG32.dll
0x000007fefcae0000 - 0x000007fefcaef000 	C:\Windows\system32\CRYPTBASE.dll
0x000007fefaf50000 - 0x000007fefaf7c000 	C:\Windows\system32\powrprof.dll
0x000007fee1770000 - 0x000007fee1850000 	C:\Program Files (x86)\NVIDIA Corporation\3D Vision\nvSCPAPI64.dll
0x00000000610f0000 - 0x0000000061105000 	C:\Program Files\Java\jdk1.8.0_51\jre\bin\javafx_font.dll
0x000007fee0db0000 - 0x000007fee0f47000 	C:\Windows\system32\dwrite.dll
0x000007fefe0a0000 - 0x000007fefe139000 	C:\Windows\system32\CLBCatQ.DLL
0x000007fefacb0000 - 0x000007fefae11000 	C:\Windows\system32\WindowsCodecs.dll
0x000007fefca40000 - 0x000007fefca97000 	C:\Windows\system32\apphelp.dll
0x000007fef4830000 - 0x000007fef486f000 	C:\Users\SISTEMAS\AppData\Local\Microsoft\SkyDrive\17.0.4023.1211\amd64\SkyDriveShell64.dll
0x000007fef30d0000 - 0x000007fef3177000 	C:\Users\SISTEMAS\AppData\Local\Microsoft\SkyDrive\17.0.4023.1211\amd64\MSVCP110.dll
0x000007fef3000000 - 0x000007fef30ce000 	C:\Users\SISTEMAS\AppData\Local\Microsoft\SkyDrive\17.0.4023.1211\amd64\MSVCR110.dll
0x000007fefd650000 - 0x000007fefd8b9000 	C:\Windows\system32\WININET.dll
0x000007fefcd90000 - 0x000007fefcd94000 	C:\Windows\system32\api-ms-win-downlevel-user32-l1-1-0.dll
0x000007fefcde0000 - 0x000007fefcde4000 	C:\Windows\system32\api-ms-win-downlevel-shlwapi-l1-1-0.dll
0x000007fefcc60000 - 0x000007fefcc64000 	C:\Windows\system32\api-ms-win-downlevel-version-l1-1-0.dll
0x000007fefcd80000 - 0x000007fefcd83000 	C:\Windows\system32\api-ms-win-downlevel-normaliz-l1-1-0.dll
0x0000000077070000 - 0x0000000077073000 	C:\Windows\system32\normaliz.DLL
0x000007fefdad0000 - 0x000007fefdd98000 	C:\Windows\system32\iertutil.dll
0x000007fefcff0000 - 0x000007fefcff5000 	C:\Windows\system32\api-ms-win-downlevel-advapi32-l1-1-0.dll
0x000007fefcd10000 - 0x000007fefcd2e000 	C:\Windows\system32\USERENV.dll
0x000007fee3440000 - 0x000007fee367f000 	C:\Program Files\Microsoft Office 15\root\VFS\ProgramFilesX64\Microsoft Office\Office15\GROOVEEX.DLL
0x000000006b840000 - 0x000000006b8d8000 	C:\Program Files\Microsoft Office 15\root\VFS\ProgramFilesX64\Microsoft Office\Office15\MSVCP100.dll
0x000000006b340000 - 0x000000006b36b000 	C:\Program Files\Microsoft Office 15\root\VFS\ProgramFilesX64\Microsoft Office\Office15\ATL100.DLL
0x000007fee3120000 - 0x000007fee343e000 	C:\Windows\system32\msi.dll
0x000007fee0300000 - 0x000007fee0b88000 	C:\Program Files\Microsoft Office 15\root\VFS\ProgramFilesX64\Microsoft Office\Office15\3082\GrooveIntlResource.dll
0x000007fee4680000 - 0x000007fee46f6000 	C:\ProgramData\MEGAsync\ShellExtX64.dll
0x000007fef2fc0000 - 0x000007fef2ff5000 	C:\Windows\system32\EhStorShell.dll
0x000007fefb070000 - 0x000007fefb19c000 	C:\Windows\system32\PROPSYS.dll
0x000007fee2ba0000 - 0x000007fee2c1e000 	C:\Windows\System32\cscui.dll
0x000007fef4820000 - 0x000007fef482c000 	C:\Windows\System32\CSCDLL.dll
0x000007feec510000 - 0x000007feec51f000 	C:\Windows\system32\CSCAPI.dll
0x000007fef9510000 - 0x000007fef953d000 	C:\Program Files\Common Files\Microsoft Shared\Ink\rtscom.dll
0x0000000060e40000 - 0x0000000060e51000 	C:\Program Files\Java\jdk1.8.0_51\jre\bin\prism_common.dll
0x0000000062510000 - 0x000000006252a000 	C:\Program Files\Java\jdk1.8.0_51\jre\bin\net.dll
0x000007fefc0e0000 - 0x000007fefc135000 	C:\Windows\system32\mswsock.dll
0x000007fefc0d0000 - 0x000007fefc0d7000 	C:\Windows\System32\wship6.dll
0x000007fefc5b0000 - 0x000007fefc5b7000 	C:\Windows\System32\wshtcpip.dll
0x000007fefbf60000 - 0x000007fefbfbb000 	C:\Windows\system32\DNSAPI.dll
0x0000000072fe0000 - 0x0000000073006000 	C:\Program Files\Bonjour\mdnsNSP.dll
0x000007fefa180000 - 0x000007fefa1a7000 	C:\Windows\system32\Iphlpapi.DLL
0x000007fefa170000 - 0x000007fefa17b000 	C:\Windows\system32\WINNSI.DLL
0x000007fef8d20000 - 0x000007fef8d28000 	C:\Windows\system32\rasadhlp.dll
0x000007fefa020000 - 0x000007fefa073000 	C:\Windows\System32\fwpuclnt.dll
0x000007fed75b0000 - 0x000007fed7974000 	C:\Windows\system32\d2d1.dll
0x000007fef48e0000 - 0x000007fef4ab5000 	C:\Windows\system32\d3d11.dll
0x000007fef96d0000 - 0x000007fef972d000 	C:\Windows\system32\dxgi.dll
0x000007fee1a70000 - 0x000007fee1ce9000 	C:\Windows\system32\D3D10Warp.dll
0x000007fefcd40000 - 0x000007fefcd7b000 	C:\Windows\system32\WINTRUST.dll
0x000007fefce60000 - 0x000007fefcfcd000 	C:\Windows\system32\CRYPT32.dll
0x000007fefcc40000 - 0x000007fefcc4f000 	C:\Windows\system32\MSASN1.dll
0x000007feec520000 - 0x000007feec645000 	C:\Windows\system32\dbghelp.dll

VM Arguments:
jvm_args: -Dfile.encoding=UTF-8 
java_command: D:\HACIENTO PROGRAMAS JAVA FX\PUNTOVENTAS\dist\run264443383\PUNTOVENTAS.jar
java_class_path (initial): D:\HACIENTO PROGRAMAS JAVA FX\PUNTOVENTAS\dist\run264443383\PUNTOVENTAS.jar
Launcher Type: SUN_STANDARD

Environment Variables:
JAVA_HOME=C:\Program Files (x86)\Java\jdk1.7.0_07
PATH=C:\ProgramData\Oracle\Java\javapath;C:\Program Files (x86)\AMD APP\bin\x86_64;C:\Windows\system32;C:\Windows;C:\Windows\System32\Wbem;C:\Windows\System32\WindowsPowerShell\v1.0\;C:\Program Files (x86)\ATI Technologies\ATI.ACE\Core-Static;C:\Program Files\Microsoft SQL Server\110\Tools\Binn\;C:\Program Files (x86)\Microsoft SQL Server\110\Tools\Binn\;C:\Program Files\Microsoft SQL Server\110\DTS\Binn\;C:\Program Files (x86)\Microsoft SQL Server\110\Tools\Binn\ManagementStudio\;C:\Program Files (x86)\Microsoft Visual Studio 10.0\Common7\IDE\PrivateAssemblies\;C:\Program Files (x86)\Microsoft SQL Server\110\DTS\Binn\;C:\Program Files\Microsoft SQL Server\120\Tools\Binn\;;C:\Program Files (x86)\NVIDIA Corporation\PhysX\Common;C:\Program Files (x86)\MySQL\MySQL Fabric 1.5.4 & MySQL Utilities 1.5.4 1.5\;C:\Program Files (x86)\MySQL\MySQL Fabric 1.5.4 & MySQL Utilities 1.5.4 1.5\Doctrine extensions for PHP\;C:\Program Files (x86)\Java\jdk1.7.0_07\bin;C:\apache-tomcat-7.0.63\bin;C:\Program Files (x86)\Skype\Phone\;C:\Program Files (x86)\EasyFrom Inc\;C:\Program Files (x86)\QuickTime\QTSystem\;
USERNAME=SISTEMAS
OS=Windows_NT
PROCESSOR_IDENTIFIER=AMD64 Family 21 Model 1 Stepping 2, AuthenticAMD



---------------  S Y S T E M  ---------------

OS: Windows 7 , 64 bit Build 7601 (6.1.7601.19110)

CPU:total 6 (6 cores per cpu, 1 threads per core) family 21 model 1 stepping 2, cmov, cx8, fxsr, mmx, sse, sse2, sse3, ssse3, sse4.1, sse4.2, popcnt, avx, aes, clmul, mmxext, 3dnowpref, lzcnt, sse4a, tsc, tscinvbit, tscinv

Memory: 4k page, physical 16746724k(7707804k free), swap 33491612k(22036804k free)

vm_info: Java HotSpot(TM) 64-Bit Server VM (25.51-b03) for windows-amd64 JRE (1.8.0_51-b16), built on Jun  8 2015 18:03:07 by "java_re" with MS VC++ 10.0 (VS2010)

time: Wed May 11 17:36:16 2016
elapsed time: 17 seconds (0d 0h 0m 17s)

