#
# A fatal error has been detected by the Java Runtime Environment:
#
#  EXCEPTION_ACCESS_VIOLATION (0xc0000005) at pc=0x0000000002d666d8, pid=9968, tid=11624
#
# JRE version: Java(TM) SE Runtime Environment (8.0_51-b16) (build 1.8.0_51-b16)
# Java VM: Java HotSpot(TM) 64-Bit Server VM (25.51-b03 mixed mode windows-amd64 compressed oops)
# Problematic frame:
# J 1653 C2 sun.security.provider.SHA.implCompress([BI)V (491 bytes) @ 0x0000000002d666d8 [0x0000000002d65ea0+0x838]
#
# Failed to write core dump. Minidumps are not enabled by default on client versions of Windows
#
# If you would like to submit a bug report, please visit:
#   http://bugreport.java.com/bugreport/crash.jsp
#

---------------  T H R E A D  ---------------

Current thread (0x000000001ea8b800):  JavaThread "JavaFX Application Thread" [_thread_in_Java, id=11624, stack(0x000000001f6e0000,0x000000001f7e0000)]

siginfo: ExceptionCode=0xc0000005, writing address 0x000000002ac90655

Registers:
RAX=0x000000001f166811, RBX=0x000000000000003d, RCX=0x00000000b95177c0, RDX=0x000000076dac1a78
RSP=0x000000001f7d61b0, RBP=0x000000001d6ffcfc, RSI=0x00000000f52bc826, RDI=0x00000000d114ee1e
R8 =0x00000000e73c4bef, R9 =0x000000009d6e51f8, R10=0x00000000e06d3347, R11=0x0000000000000005
R12=0x0000000000000000, R13=0x000000002ac90650, R14=0x0000000000000050, R15=0x000000001ea8b800
RIP=0x0000000002d666d8, EFLAGS=0x0000000000010282

Top of Stack: (sp=0x000000001f7d61b0)
0x000000001f7d61b0:   e97a051b7837ddde 75bff3f052925985
0x000000001f7d61c0:   f2ba990d68b58c83 000000076dac19c8
0x000000001f7d61d0:   00000000edb5834a 000000001f7d6228
0x000000001f7d61e0:   0000000000000001 000000001eb889a0
0x000000001f7d61f0:   000000001f7d6260 0000000002857ced
0x000000001f7d6200:   0000000002857ced 0000000000000000
0x000000001f7d6210:   000000076dac1de0 000000076dac19c8
0x000000001f7d6220:   000000001f7d6220 0000000025721b78
0x000000001f7d6230:   000000001f7d6288 0000000025722160
0x000000001f7d6240:   0000000000000000 0000000025721b98
0x000000001f7d6250:   000000001f7d6208 000000001f7d6270
0x000000001f7d6260:   000000001f7d62d0 0000000002857730
0x000000001f7d6270:   00000000000003c0 0000000000000000
0x000000001f7d6280:   000000076dac1de0 000000076dac19c8
0x000000001f7d6290:   000000001f7d6290 0000000025721aa7
0x000000001f7d62a0:   000000001f7d6300 0000000025722160 

Instructions: (pc=0x0000000002d666d8)
0x0000000002d666b8:   44 03 6c 9a 14 c1 c1 1e 44 33 d1 44 33 d5 41 8b
0x0000000002d666c8:   f5 81 c6 d6 c1 62 ca 44 8b cf 44 33 ce 44 33 c9
0x0000000002d666d8:   41 c1 65 05 8b c6 c1 c0 1e 41 81 c5 c0 3a 58 4c
0x0000000002d666e8:   c1 ee 1b 41 0b f5 41 03 f2 41 03 f0 03 74 9a 18 


Register to memory mapping:

RAX=0x000000001f166811 is an unknown value
RBX=0x000000000000003d is an unknown value
RCX=0x00000000b95177c0 is an unknown value
RDX=0x000000076dac1a78 is an oop
[I 
 - klass: {type array int}
 - length: 80
RSP=0x000000001f7d61b0 is pointing into the stack for thread: 0x000000001ea8b800
RBP=0x000000001d6ffcfc is an unknown value
RSI=0x00000000f52bc826 is an unknown value
RDI=0x00000000d114ee1e is an unknown value
R8 =0x00000000e73c4bef is an unknown value
R9 =0x000000009d6e51f8 is an unknown value
R10=0x00000000e06d3347 is an unknown value
R11=0x0000000000000005 is an unknown value
R12=0x0000000000000000 is an unknown value
R13=0x000000002ac90650 is an unknown value
R14=0x0000000000000050 is an unknown value
R15=0x000000001ea8b800 is a thread


Stack: [0x000000001f6e0000,0x000000001f7e0000],  sp=0x000000001f7d61b0,  free space=984k
Native frames: (J=compiled Java code, j=interpreted, Vv=VM code, C=native code)
C  0x0000000002d666d8


---------------  P R O C E S S  ---------------

Java Threads: ( => current thread )
  0x000000001eeba000 JavaThread "Prism Font Disposer" daemon [_thread_blocked, id=14860, stack(0x0000000023b60000,0x0000000023c60000)]
  0x000000001eaf3800 JavaThread "Thread-3" daemon [_thread_in_native, id=13608, stack(0x0000000020d30000,0x0000000020e30000)]
  0x000000001eab5800 JavaThread "JavaFX-Launcher" [_thread_blocked, id=6888, stack(0x0000000020f20000,0x0000000021020000)]
=>0x000000001ea8b800 JavaThread "JavaFX Application Thread" [_thread_in_Java, id=11624, stack(0x000000001f6e0000,0x000000001f7e0000)]
  0x000000001ead9800 JavaThread "Thread-1" daemon [_thread_blocked, id=16208, stack(0x000000001f7e0000,0x000000001f8e0000)]
  0x000000001ea75000 JavaThread "QuantumRenderer-0" daemon [_thread_blocked, id=9416, stack(0x000000001f390000,0x000000001f490000)]
  0x000000001df03000 JavaThread "Service Thread" daemon [_thread_blocked, id=11916, stack(0x000000001e6e0000,0x000000001e7e0000)]
  0x000000001de7e000 JavaThread "C1 CompilerThread2" daemon [_thread_blocked, id=12528, stack(0x000000001e4c0000,0x000000001e5c0000)]
  0x000000001de7a800 JavaThread "C2 CompilerThread1" daemon [_thread_blocked, id=10504, stack(0x000000001e260000,0x000000001e360000)]
  0x000000001de65000 JavaThread "C2 CompilerThread0" daemon [_thread_in_native, id=14108, stack(0x000000001e5d0000,0x000000001e6d0000)]
  0x000000001de63800 JavaThread "Attach Listener" daemon [_thread_blocked, id=15672, stack(0x000000001e3c0000,0x000000001e4c0000)]
  0x000000001de62800 JavaThread "Signal Dispatcher" daemon [_thread_blocked, id=16360, stack(0x000000001da10000,0x000000001db10000)]
  0x000000001c318000 JavaThread "Finalizer" daemon [_thread_blocked, id=16296, stack(0x000000001dd10000,0x000000001de10000)]
  0x000000001c310000 JavaThread "Reference Handler" daemon [_thread_blocked, id=8316, stack(0x000000001db10000,0x000000001dc10000)]
  0x00000000003fe800 JavaThread "main" [_thread_blocked, id=12504, stack(0x0000000002480000,0x0000000002580000)]

Other Threads:
  0x000000001c306000 VMThread [stack: 0x000000001d890000,0x000000001d990000] [id=16260]
  0x000000001df05000 WatcherThread [stack: 0x000000001e8e0000,0x000000001e9e0000] [id=11276]

VM state:not at safepoint (normal execution)

VM Mutex/Monitor currently owned by a thread: None

Heap:
 PSYoungGen      total 76288K, used 47685K [0x000000076ad00000, 0x0000000770200000, 0x00000007c0000000)
  eden space 65536K, 72% used [0x000000076ad00000,0x000000076db91640,0x000000076ed00000)
  from space 10752K, 0% used [0x000000076f780000,0x000000076f780000,0x0000000770200000)
  to   space 10752K, 0% used [0x000000076ed00000,0x000000076ed00000,0x000000076f780000)
 ParOldGen       total 175104K, used 0K [0x00000006c0600000, 0x00000006cb100000, 0x000000076ad00000)
  object space 175104K, 0% used [0x00000006c0600000,0x00000006c0600000,0x00000006cb100000)
 Metaspace       used 17500K, capacity 18232K, committed 18304K, reserved 1064960K
  class space    used 2465K, capacity 2673K, committed 2688K, reserved 1048576K

Card table byte_map: [0x0000000011c10000,0x0000000012410000] byte_map_base: 0x000000000e60d000

Marking Bits: (ParMarkBitMap*) 0x000000005ecd4040
 Begin Bits: [0x0000000013150000, 0x0000000017138000)
 End Bits:   [0x0000000017138000, 0x000000001b120000)

Polling page: 0x0000000000230000

CodeCache: size=245760Kb used=5196Kb max_used=5204Kb free=240563Kb
 bounds [0x0000000002850000, 0x0000000002d70000, 0x0000000011850000]
 total_blobs=2318 nmethods=1668 adapters=563
 compilation: enabled

Compilation events (10 events):
Event: 3.411 Thread 0x000000001de7e000 1665       3       java.lang.Class::arrayContentsEq (70 bytes)
Event: 3.411 Thread 0x000000001de7a800 nmethod 1653 0x0000000002d65d50 code [0x0000000002d65ea0, 0x0000000002d668a8]
Event: 3.411 Thread 0x000000001de7a800 1655       4       java.math.BigInteger::addOne (77 bytes)
Event: 3.411 Thread 0x000000001de7e000 nmethod 1665 0x0000000002d65610 code [0x0000000002d657a0, 0x0000000002d65bf0]
Event: 3.411 Thread 0x000000001de7e000 1668       3       java.nio.charset.CharsetEncoder::maxBytesPerChar (5 bytes)
Event: 3.411 Thread 0x000000001de7e000 nmethod 1668 0x0000000002d65310 code [0x0000000002d65460, 0x0000000002d655b0]
Event: 3.411 Thread 0x000000001de7e000 1666       3       java.nio.charset.CharsetEncoder::reset (11 bytes)
Event: 3.412 Thread 0x000000001de7e000 nmethod 1666 0x0000000002d64ed0 code [0x0000000002d65020, 0x0000000002d65250]
Event: 3.412 Thread 0x000000001de7e000 1667       3       java.nio.charset.CharsetEncoder::implReset (1 bytes)
Event: 3.412 Thread 0x000000001de7e000 nmethod 1667 0x0000000002d64bd0 code [0x0000000002d64d20, 0x0000000002d64e70]

GC Heap History (0 events):
No events

Deoptimization events (10 events):
Event: 0.834 Thread 0x000000001ea8b800 Uncommon trap: reason=class_check action=maybe_recompile pc=0x0000000002979ed4 method=java.lang.String.equals(Ljava/lang/Object;)Z @ 8
Event: 0.834 Thread 0x000000001ea8b800 Uncommon trap: reason=class_check action=maybe_recompile pc=0x0000000002979ed4 method=java.lang.String.equals(Ljava/lang/Object;)Z @ 8
Event: 0.834 Thread 0x000000001ea8b800 Uncommon trap: reason=class_check action=maybe_recompile pc=0x0000000002979ed4 method=java.lang.String.equals(Ljava/lang/Object;)Z @ 8
Event: 0.841 Thread 0x000000001ea8b800 Uncommon trap: reason=class_check action=maybe_recompile pc=0x0000000002979ed4 method=java.lang.String.equals(Ljava/lang/Object;)Z @ 8
Event: 0.865 Thread 0x000000001ea8b800 Uncommon trap: reason=unstable_if action=reinterpret pc=0x0000000002ba923c method=java.lang.String.regionMatches(ZILjava/lang/String;II)Z @ 123
Event: 1.052 Thread 0x000000001ea8b800 Uncommon trap: reason=unstable_if action=reinterpret pc=0x0000000002bbeaf8 method=jdk.internal.org.objectweb.asm.Type.getArgumentsAndReturnSizes(Ljava/lang/String;)I @ 47
Event: 3.103 Thread 0x000000001ea8b800 Uncommon trap: reason=unstable_if action=reinterpret pc=0x0000000002a45e80 method=java.lang.CharacterData.of(I)Ljava/lang/CharacterData; @ 4
Event: 3.313 Thread 0x000000001ea8b800 Uncommon trap: reason=unstable_if action=reinterpret pc=0x0000000002bcd7c4 method=sun.util.calendar.AbstractCalendar.getCalendarDate(JLsun/util/calendar/CalendarDate;)Lsun/util/calendar/CalendarDate; @ 159
Event: 3.331 Thread 0x000000001ea8b800 Uncommon trap: reason=unstable_if action=reinterpret pc=0x0000000002bd9f60 method=sun.util.calendar.BaseCalendar.getCalendarDateFromFixedDate(Lsun/util/calendar/CalendarDate;J)V @ 123
Event: 3.344 Thread 0x000000001ea8b800 Uncommon trap: reason=unstable_if action=reinterpret pc=0x0000000002b24df4 method=java.lang.String.indexOf([CII[CIII)I @ 3

Internal exceptions (10 events):
Event: 0.167 Thread 0x00000000003fe800 Exception <a 'java/lang/NullPointerException'> (0x000000076b1da950) thrown at [C:\re\workspace\8-2-build-windows-amd64-cygwin\jdk8u51\3951\hotspot\src\share\vm\interpreter\linkResolver.cpp, line 1178]
Event: 0.425 Thread 0x000000001ea8b800 Exception <a 'java/lang/NullPointerException'> (0x000000076bea3ba8) thrown at [C:\re\workspace\8-2-build-windows-amd64-cygwin\jdk8u51\3951\hotspot\src\share\vm\interpreter\linkResolver.cpp, line 1178]
Event: 0.425 Thread 0x000000001ea8b800 Exception <a 'java/lang/NullPointerException'> (0x000000076bea3ba8) thrown at [C:\re\workspace\8-2-build-windows-amd64-cygwin\jdk8u51\3951\hotspot\src\share\vm\prims\jvm.cpp, line 1386]
Event: 0.543 Thread 0x000000001ea8b800 Exception <a 'java/lang/ArrayIndexOutOfBoundsException': 58> (0x000000076c466f68) thrown at [C:\re\workspace\8-2-build-windows-amd64-cygwin\jdk8u51\3951\hotspot\src\share\vm\interpreter\interpreterRuntime.cpp, line 366]
Event: 0.543 Thread 0x000000001ea8b800 Exception <a 'java/lang/ArrayIndexOutOfBoundsException': 18> (0x000000076c467d40) thrown at [C:\re\workspace\8-2-build-windows-amd64-cygwin\jdk8u51\3951\hotspot\src\share\vm\interpreter\interpreterRuntime.cpp, line 366]
Event: 0.544 Thread 0x000000001ea8b800 Exception <a 'java/lang/ArrayIndexOutOfBoundsException': 86> (0x000000076c469038) thrown at [C:\re\workspace\8-2-build-windows-amd64-cygwin\jdk8u51\3951\hotspot\src\share\vm\interpreter\interpreterRuntime.cpp, line 366]
Event: 0.594 Thread 0x000000001ea8b800 Exception <a 'java/lang/ArrayIndexOutOfBoundsException'> (0x000000076c6a6b90) thrown at [C:\re\workspace\8-2-build-windows-amd64-cygwin\jdk8u51\3951\hotspot\src\share\vm\runtime\sharedRuntime.cpp, line 605]
Event: 0.594 Thread 0x000000001ea8b800 Exception <a 'java/lang/ArrayIndexOutOfBoundsException'> (0x000000076c6a7ed0) thrown at [C:\re\workspace\8-2-build-windows-amd64-cygwin\jdk8u51\3951\hotspot\src\share\vm\runtime\sharedRuntime.cpp, line 605]
Event: 0.597 Thread 0x000000001ea8b800 Exception <a 'java/lang/ArrayIndexOutOfBoundsException'> (0x000000076c6bce68) thrown at [C:\re\workspace\8-2-build-windows-amd64-cygwin\jdk8u51\3951\hotspot\src\share\vm\runtime\sharedRuntime.cpp, line 605]
Event: 0.677 Thread 0x000000001ea8b800 Implicit null exception at 0x0000000002aff635 to 0x0000000002aff825

Events (10 events):
Event: 3.409 Thread 0x000000001ea8b800 DEOPT PACKING pc=0x0000000002d4ff0a sp=0x000000001f7d6cc0
Event: 3.409 Thread 0x000000001ea8b800 DEOPT UNPACKING pc=0x000000000289747f sp=0x000000001f7d69d8 mode 0
Event: 3.410 Thread 0x000000001ea8b800 DEOPT PACKING pc=0x0000000002d4ff0a sp=0x000000001f7d6cc0
Event: 3.410 Thread 0x000000001ea8b800 DEOPT UNPACKING pc=0x000000000289747f sp=0x000000001f7d69d8 mode 0
Event: 3.410 Thread 0x000000001ea8b800 DEOPT PACKING pc=0x0000000002d4ff0a sp=0x000000001f7d6cc0
Event: 3.410 Thread 0x000000001ea8b800 DEOPT UNPACKING pc=0x000000000289747f sp=0x000000001f7d69d8 mode 0
Event: 3.411 loading class com/microsoft/sqlserver/jdbc/SQLServerResource_es_CO
Event: 3.411 loading class com/microsoft/sqlserver/jdbc/SQLServerResource_es_CO done
Event: 3.411 loading class com/microsoft/sqlserver/jdbc/SQLServerDriverBooleanProperty
Event: 3.411 loading class com/microsoft/sqlserver/jdbc/SQLServerDriverBooleanProperty done


Dynamic libraries:
0x000000013f050000 - 0x000000013f087000 	C:\Program Files\Java\jdk1.8.0_51\jre\bin\java.exe
0x0000000076ea0000 - 0x0000000077049000 	C:\Windows\SYSTEM32\ntdll.dll
0x0000000076c80000 - 0x0000000076d9f000 	C:\Windows\system32\kernel32.dll
0x000007fefcdf0000 - 0x000007fefce5c000 	C:\Windows\system32\KERNELBASE.dll
0x000007fefdfc0000 - 0x000007fefe09b000 	C:\Windows\system32\ADVAPI32.dll
0x000007feff090000 - 0x000007feff12f000 	C:\Windows\system32\msvcrt.dll
0x000007fefdfa0000 - 0x000007fefdfbf000 	C:\Windows\SYSTEM32\sechost.dll
0x000007fefde70000 - 0x000007fefdf9d000 	C:\Windows\system32\RPCRT4.dll
0x0000000076da0000 - 0x0000000076e9a000 	C:\Windows\system32\USER32.dll
0x000007feff140000 - 0x000007feff1a7000 	C:\Windows\system32\GDI32.dll
0x000007feff130000 - 0x000007feff13e000 	C:\Windows\system32\LPK.dll
0x000007fefdda0000 - 0x000007fefde6a000 	C:\Windows\system32\USP10.dll
0x000007fefb5a0000 - 0x000007fefb794000 	C:\Windows\WinSxS\amd64_microsoft.windows.common-controls_6595b64144ccf1df_6.0.7601.18837_none_fa3b1e3d17594757\COMCTL32.dll
0x000007fefd570000 - 0x000007fefd5e1000 	C:\Windows\system32\SHLWAPI.dll
0x000007feff000000 - 0x000007feff02e000 	C:\Windows\system32\IMM32.DLL
0x000007fefe140000 - 0x000007fefe249000 	C:\Windows\system32\MSCTF.dll
0x0000000060480000 - 0x0000000060552000 	C:\Program Files\Java\jdk1.8.0_51\jre\bin\msvcr100.dll
0x000000005e4d0000 - 0x000000005ed53000 	C:\Program Files\Java\jdk1.8.0_51\jre\bin\server\jvm.dll
0x000007fef85f0000 - 0x000007fef85f9000 	C:\Windows\system32\WSOCK32.dll
0x000007feff040000 - 0x000007feff08d000 	C:\Windows\system32\WS2_32.dll
0x000007feff030000 - 0x000007feff038000 	C:\Windows\system32\NSI.dll
0x000007fefa7a0000 - 0x000007fefa7db000 	C:\Windows\system32\WINMM.dll
0x000007fefc4e0000 - 0x000007fefc4ec000 	C:\Windows\system32\VERSION.dll
0x0000000077060000 - 0x0000000077067000 	C:\Windows\system32\PSAPI.DLL
0x000000006a750000 - 0x000000006a75f000 	C:\Program Files\Java\jdk1.8.0_51\jre\bin\verify.dll
0x0000000062490000 - 0x00000000624b9000 	C:\Program Files\Java\jdk1.8.0_51\jre\bin\java.dll
0x0000000062510000 - 0x0000000062526000 	C:\Program Files\Java\jdk1.8.0_51\jre\bin\zip.dll
0x000007fefe250000 - 0x000007fefefd9000 	C:\Windows\system32\SHELL32.dll
0x000007fefd8c0000 - 0x000007fefdac3000 	C:\Windows\system32\ole32.dll
0x000007fefcc50000 - 0x000007fefcc5f000 	C:\Windows\system32\profapi.dll
0x0000000061b20000 - 0x0000000061b4c000 	C:\Program Files\Java\jdk1.8.0_51\jre\bin\prism_d3d.dll
0x000007fee5640000 - 0x000007fee583f000 	C:\Windows\system32\d3d9.dll
0x000007fee5630000 - 0x000007fee5637000 	C:\Windows\system32\d3d8thk.dll
0x000007fefc3c0000 - 0x000007fefc3d8000 	C:\Windows\system32\dwmapi.dll
0x000007fefba90000 - 0x000007fefbae6000 	C:\Windows\system32\uxtheme.dll
0x000007fedbf40000 - 0x000007fedce39000 	C:\Windows\system32\nvd3dumx.dll
0x0000000180000000 - 0x00000001801a7000 	C:\Windows\system32\nvspcap64.dll
0x000007fefd1e0000 - 0x000007fefd2b7000 	C:\Windows\system32\OLEAUT32.dll
0x000007fefd000000 - 0x000007fefd1d7000 	C:\Windows\system32\SETUPAPI.dll
0x000007fefcda0000 - 0x000007fefcdd6000 	C:\Windows\system32\CFGMGR32.dll
0x000007fefcfd0000 - 0x000007fefcfea000 	C:\Windows\system32\DEVOBJ.dll
0x000007fef2360000 - 0x000007fef23d1000 	C:\Windows\system32\WINHTTP.dll
0x000007fef22f0000 - 0x000007fef2354000 	C:\Windows\system32\webio.dll
0x000007fef97b0000 - 0x000007fef9b43000 	C:\Windows\system32\nvapi64.dll
0x000007fefca10000 - 0x000007fefca35000 	C:\Windows\system32\SspiCli.dll
0x0000000061ad0000 - 0x0000000061b11000 	C:\Program Files\Java\jdk1.8.0_51\jre\bin\glass.dll
0x000007fefd4d0000 - 0x000007fefd567000 	C:\Windows\system32\COMDLG32.dll
0x000007fefcae0000 - 0x000007fefcaef000 	C:\Windows\system32\CRYPTBASE.dll
0x000007fefaf50000 - 0x000007fefaf7c000 	C:\Windows\system32\powrprof.dll
0x000007fee1170000 - 0x000007fee1250000 	C:\Program Files (x86)\NVIDIA Corporation\3D Vision\nvSCPAPI64.dll
0x0000000061ab0000 - 0x0000000061ac5000 	C:\Program Files\Java\jdk1.8.0_51\jre\bin\javafx_font.dll
0x000007fedb750000 - 0x000007fedb8e7000 	C:\Windows\system32\dwrite.dll
0x000007fefe0a0000 - 0x000007fefe139000 	C:\Windows\system32\CLBCatQ.DLL
0x000007fefacb0000 - 0x000007fefae11000 	C:\Windows\system32\WindowsCodecs.dll
0x000007fefca40000 - 0x000007fefca97000 	C:\Windows\system32\apphelp.dll
0x000007fef4830000 - 0x000007fef486f000 	C:\Users\SISTEMAS\AppData\Local\Microsoft\SkyDrive\17.0.4023.1211\amd64\SkyDriveShell64.dll
0x000007fef30d0000 - 0x000007fef3177000 	C:\Users\SISTEMAS\AppData\Local\Microsoft\SkyDrive\17.0.4023.1211\amd64\MSVCP110.dll
0x000007fef3000000 - 0x000007fef30ce000 	C:\Users\SISTEMAS\AppData\Local\Microsoft\SkyDrive\17.0.4023.1211\amd64\MSVCR110.dll
0x000007fefd650000 - 0x000007fefd8b9000 	C:\Windows\system32\WININET.dll
0x000007fefcd90000 - 0x000007fefcd94000 	C:\Windows\system32\api-ms-win-downlevel-user32-l1-1-0.dll
0x000007fefcde0000 - 0x000007fefcde4000 	C:\Windows\system32\api-ms-win-downlevel-shlwapi-l1-1-0.dll
0x000007fefcc60000 - 0x000007fefcc64000 	C:\Windows\system32\api-ms-win-downlevel-version-l1-1-0.dll
0x000007fefcd80000 - 0x000007fefcd83000 	C:\Windows\system32\api-ms-win-downlevel-normaliz-l1-1-0.dll
0x0000000077070000 - 0x0000000077073000 	C:\Windows\system32\normaliz.DLL
0x000007fefdad0000 - 0x000007fefdd98000 	C:\Windows\system32\iertutil.dll
0x000007fefcff0000 - 0x000007fefcff5000 	C:\Windows\system32\api-ms-win-downlevel-advapi32-l1-1-0.dll
0x000007fefcd10000 - 0x000007fefcd2e000 	C:\Windows\system32\USERENV.dll
0x000007fee3440000 - 0x000007fee367f000 	C:\Program Files\Microsoft Office 15\root\VFS\ProgramFilesX64\Microsoft Office\Office15\GROOVEEX.DLL
0x000000006b840000 - 0x000000006b8d8000 	C:\Program Files\Microsoft Office 15\root\VFS\ProgramFilesX64\Microsoft Office\Office15\MSVCP100.dll
0x000000006b340000 - 0x000000006b36b000 	C:\Program Files\Microsoft Office 15\root\VFS\ProgramFilesX64\Microsoft Office\Office15\ATL100.DLL
0x000007fee3120000 - 0x000007fee343e000 	C:\Windows\system32\msi.dll
0x000007fee0300000 - 0x000007fee0b88000 	C:\Program Files\Microsoft Office 15\root\VFS\ProgramFilesX64\Microsoft Office\Office15\3082\GrooveIntlResource.dll
0x000007fee4680000 - 0x000007fee46f6000 	C:\ProgramData\MEGAsync\ShellExtX64.dll
0x000007fef2fc0000 - 0x000007fef2ff5000 	C:\Windows\system32\EhStorShell.dll
0x000007fefb070000 - 0x000007fefb19c000 	C:\Windows\system32\PROPSYS.dll
0x000007fee2ba0000 - 0x000007fee2c1e000 	C:\Windows\System32\cscui.dll
0x000007fef4820000 - 0x000007fef482c000 	C:\Windows\System32\CSCDLL.dll
0x000007feec510000 - 0x000007feec51f000 	C:\Windows\system32\CSCAPI.dll
0x000007fee8d60000 - 0x000007fee8d8d000 	C:\Program Files\Common Files\Microsoft Shared\Ink\rtscom.dll
0x0000000061a60000 - 0x0000000061a71000 	C:\Program Files\Java\jdk1.8.0_51\jre\bin\prism_common.dll
0x000007feec520000 - 0x000007feec645000 	C:\Windows\system32\dbghelp.dll

VM Arguments:
jvm_args: -Dfile.encoding=UTF-8 
java_command: D:\HACIENTO PROGRAMAS JAVA FX\PUNTOVENTAS\dist\run275287770\PUNTOVENTAS.jar
java_class_path (initial): D:\HACIENTO PROGRAMAS JAVA FX\PUNTOVENTAS\dist\run275287770\PUNTOVENTAS.jar
Launcher Type: SUN_STANDARD

Environment Variables:
JAVA_HOME=C:\Program Files (x86)\Java\jdk1.7.0_07
PATH=C:\ProgramData\Oracle\Java\javapath;C:\Program Files (x86)\AMD APP\bin\x86_64;C:\Windows\system32;C:\Windows;C:\Windows\System32\Wbem;C:\Windows\System32\WindowsPowerShell\v1.0\;C:\Program Files (x86)\ATI Technologies\ATI.ACE\Core-Static;C:\Program Files\Microsoft SQL Server\110\Tools\Binn\;C:\Program Files (x86)\Microsoft SQL Server\110\Tools\Binn\;C:\Program Files\Microsoft SQL Server\110\DTS\Binn\;C:\Program Files (x86)\Microsoft SQL Server\110\Tools\Binn\ManagementStudio\;C:\Program Files (x86)\Microsoft Visual Studio 10.0\Common7\IDE\PrivateAssemblies\;C:\Program Files (x86)\Microsoft SQL Server\110\DTS\Binn\;C:\Program Files\Microsoft SQL Server\120\Tools\Binn\;;C:\Program Files (x86)\NVIDIA Corporation\PhysX\Common;C:\Program Files (x86)\MySQL\MySQL Fabric 1.5.4 & MySQL Utilities 1.5.4 1.5\;C:\Program Files (x86)\MySQL\MySQL Fabric 1.5.4 & MySQL Utilities 1.5.4 1.5\Doctrine extensions for PHP\;C:\Program Files (x86)\Java\jdk1.7.0_07\bin;C:\apache-tomcat-7.0.63\bin;C:\Program Files (x86)\Skype\Phone\;C:\Program Files (x86)\EasyFrom Inc\;C:\Program Files (x86)\QuickTime\QTSystem\;
USERNAME=SISTEMAS
OS=Windows_NT
PROCESSOR_IDENTIFIER=AMD64 Family 21 Model 1 Stepping 2, AuthenticAMD



---------------  S Y S T E M  ---------------

OS: Windows 7 , 64 bit Build 7601 (6.1.7601.19110)

CPU:total 6 (6 cores per cpu, 1 threads per core) family 21 model 1 stepping 2, cmov, cx8, fxsr, mmx, sse, sse2, sse3, ssse3, sse4.1, sse4.2, popcnt, avx, aes, clmul, mmxext, 3dnowpref, lzcnt, sse4a, tsc, tscinvbit, tscinv

Memory: 4k page, physical 16746724k(7339052k free), swap 33491612k(21819568k free)

vm_info: Java HotSpot(TM) 64-Bit Server VM (25.51-b03) for windows-amd64 JRE (1.8.0_51-b16), built on Jun  8 2015 18:03:07 by "java_re" with MS VC++ 10.0 (VS2010)

time: Fri May 13 14:51:45 2016
elapsed time: 3 seconds (0d 0h 0m 3s)

