#
# A fatal error has been detected by the Java Runtime Environment:
#
#  EXCEPTION_ACCESS_VIOLATION (0xc0000005) at pc=0x000000000304e4dc, pid=4004, tid=5280
#
# JRE version: Java(TM) SE Runtime Environment (8.0_51-b16) (build 1.8.0_51-b16)
# Java VM: Java HotSpot(TM) 64-Bit Server VM (25.51-b03 mixed mode windows-amd64 compressed oops)
# Problematic frame:
# J 2547 C1 javafx.scene.Scene$MouseHandler.process(Ljavafx/scene/input/MouseEvent;Z)V (735 bytes) @ 0x000000000304e4dc [0x000000000304bb40+0x299c]
#
# Failed to write core dump. Minidumps are not enabled by default on client versions of Windows
#
# If you would like to submit a bug report, please visit:
#   http://bugreport.java.com/bugreport/crash.jsp
#

---------------  T H R E A D  ---------------

Current thread (0x000000001ee12800):  JavaThread "JavaFX Application Thread" [_thread_in_Java, id=5280, stack(0x000000001fa30000,0x000000001fb30000)]

siginfo: ExceptionCode=0xc0000005, writing address 0x00000000c000dcc0

Registers:
RAX=0x00000000c08ab8a1, RBX=0x00000000000001fe, RCX=0x00000000c0000002, RDX=0x00000006c0ae9c10
RSP=0x000000001fb2d390, RBP=0x000000001fb2d5d0, RSI=0x0000000025dbfd90, RDI=0x00000000000001e9
R8 =0x00000006c0ad7eb0, R9 =0x0000000000000000, R10=0x00000007c016e768, R11=0x00000000d81156d7
R12=0x0000000000000000, R13=0x000000000304decc, R14=0x000000001fb2d388, R15=0x000000001ee12800
RIP=0x000000000304e4dc, EFLAGS=0x0000000000010292

Top of Stack: (sp=0x000000001fb2d390)
0x000000001fb2d390:   0000000000000000 0000000000000000
0x000000001fb2d3a0:   0000000000000000 0000000000000000
0x000000001fb2d3b0:   0000000000000000 0000000000000000
0x000000001fb2d3c0:   0000000000000000 0000000000000000
0x000000001fb2d3d0:   000000076ad8cfe0 0000000000000000
0x000000001fb2d3e0:   0000000000000000 0000000000000000
0x000000001fb2d3f0:   0000000000000000 0000000000000000
0x000000001fb2d400:   0000000000000000 0000000000000000
0x000000001fb2d410:   0000000000000000 0000000000000000
0x000000001fb2d420:   0000000000000000 0000000000000000
0x000000001fb2d430:   000000001fb2d430 0000000000000000
0x000000001fb2d440:   000000001fb2d440 0000000021909e98
0x000000001fb2d450:   000000001fb2d498 000000002190a4a0
0x000000001fb2d460:   0000000025dcf360 00000006c12be020
0x000000001fb2d470:   000000001fb2d4e0 0000000002887a70
0x000000001fb2d480:   000000001fb2d4e0 00000000028874c0 

Instructions: (pc=0x000000000304e4dc)
0x000000000304e4bc:   dc 25 00 00 00 00 48 83 86 e8 0c 00 00 01 48 be
0x000000000304e4cc:   90 fd db 25 00 00 00 00 8b be dc 00 00 00 03 c7
0x000000000304e4dc:   08 89 be dc 00 00 00 48 be b0 4c 14 1c 00 00 00
0x000000000304e4ec:   00 81 e7 f8 ff 7f 00 83 ff 00 0f 84 d5 13 00 00 


Register to memory mapping:

RAX=0x00000000c08ab8a1 is an unknown value
RBX=0x00000000000001fe is an unknown value
RCX=0x00000000c0000002 is an unknown value
RDX=0x00000006c0ae9c10 is an oop
javafx.scene.layout.AnchorPane 
 - klass: 'javafx/scene/layout/AnchorPane'
RSP=0x000000001fb2d390 is pointing into the stack for thread: 0x000000001ee12800
RBP=0x000000001fb2d5d0 is pointing into the stack for thread: 0x000000001ee12800
RSI=0x0000000025dbfd90 is pointing into metadata
RDI=0x00000000000001e9 is an unknown value
R8 =0x00000006c0ad7eb0 is an oop
javafx.scene.Scene$TargetWrapper 
 - klass: 'javafx/scene/Scene$TargetWrapper'
R9 =0x0000000000000000 is an unknown value
R10=0x00000007c016e768 is pointing into metadata
R11=0x00000000d81156d7 is an unknown value
R12=0x0000000000000000 is an unknown value
R13=0x000000000304decc is at entry_point+9100 in (nmethod*)0x000000000304b590
R14=0x000000001fb2d388 is pointing into the stack for thread: 0x000000001ee12800
R15=0x000000001ee12800 is a thread


Stack: [0x000000001fa30000,0x000000001fb30000],  sp=0x000000001fb2d390,  free space=1012k
Native frames: (J=compiled Java code, j=interpreted, Vv=VM code, C=native code)
C  0x000000000304e4dc


---------------  P R O C E S S  ---------------

Java Threads: ( => current thread )
  0x000000001f2da800 JavaThread "Prism Font Disposer" daemon [_thread_blocked, id=1868, stack(0x0000000024300000,0x0000000024400000)]
  0x000000001ee1a000 JavaThread "Thread-3" daemon [_thread_in_native, id=5380, stack(0x0000000021500000,0x0000000021600000)]
  0x000000001ede9000 JavaThread "JavaFX-Launcher" [_thread_blocked, id=8100, stack(0x00000000216d0000,0x00000000217d0000)]
=>0x000000001ee12800 JavaThread "JavaFX Application Thread" [_thread_in_Java, id=5280, stack(0x000000001fa30000,0x000000001fb30000)]
  0x000000001ee19000 JavaThread "Thread-1" daemon [_thread_blocked, id=2312, stack(0x000000001fbe0000,0x000000001fce0000)]
  0x000000001e19a800 JavaThread "QuantumRenderer-0" daemon [_thread_blocked, id=7952, stack(0x000000001f730000,0x000000001f830000)]
  0x000000001de7c800 JavaThread "Service Thread" daemon [_thread_blocked, id=6900, stack(0x000000001ea50000,0x000000001eb50000)]
  0x000000001ddfb000 JavaThread "C1 CompilerThread2" daemon [_thread_blocked, id=3236, stack(0x000000001e890000,0x000000001e990000)]
  0x000000001ddf9800 JavaThread "C2 CompilerThread1" daemon [_thread_blocked, id=4672, stack(0x000000001e6a0000,0x000000001e7a0000)]
  0x000000001ddf2800 JavaThread "C2 CompilerThread0" daemon [_thread_blocked, id=3200, stack(0x000000001e1c0000,0x000000001e2c0000)]
  0x000000001ddf0800 JavaThread "Attach Listener" daemon [_thread_blocked, id=6392, stack(0x000000001e4d0000,0x000000001e5d0000)]
  0x000000001ddef800 JavaThread "Signal Dispatcher" daemon [_thread_blocked, id=6224, stack(0x000000001e390000,0x000000001e490000)]
  0x000000001c574800 JavaThread "Finalizer" daemon [_thread_blocked, id=6164, stack(0x000000001dca0000,0x000000001dda0000)]
  0x000000001c56c800 JavaThread "Reference Handler" daemon [_thread_blocked, id=6408, stack(0x000000001d9d0000,0x000000001dad0000)]
  0x000000000224e800 JavaThread "main" [_thread_blocked, id=3096, stack(0x00000000024b0000,0x00000000025b0000)]

Other Threads:
  0x000000001c566800 VMThread [stack: 0x000000001db40000,0x000000001dc40000] [id=7476]
  0x000000001de80800 WatcherThread [stack: 0x000000001ecc0000,0x000000001edc0000] [id=624]

VM state:not at safepoint (normal execution)

VM Mutex/Monitor currently owned by a thread: None

Heap:
 PSYoungGen      total 76288K, used 3150K [0x000000076ad00000, 0x0000000774200000, 0x00000007c0000000)
  eden space 65536K, 4% used [0x000000076ad00000,0x000000076b013940,0x000000076ed00000)
  from space 10752K, 0% used [0x000000076f780000,0x000000076f780000,0x0000000770200000)
  to   space 10752K, 0% used [0x000000076ed00000,0x000000076ed00000,0x000000076f780000)
 ParOldGen       total 100864K, used 14260K [0x00000006c0600000, 0x00000006c6880000, 0x000000076ad00000)
  object space 100864K, 14% used [0x00000006c0600000,0x00000006c13ed040,0x00000006c6880000)
 Metaspace       used 20451K, capacity 21372K, committed 21504K, reserved 1067008K
  class space    used 2846K, capacity 3047K, committed 3072K, reserved 1048576K

Card table byte_map: [0x0000000011c40000,0x0000000012440000] byte_map_base: 0x000000000e63d000

Marking Bits: (ParMarkBitMap*) 0x000000005dd74040
 Begin Bits: [0x00000000133b0000, 0x0000000017398000)
 End Bits:   [0x0000000017398000, 0x000000001b380000)

Polling page: 0x0000000000230000

CodeCache: size=245760Kb used=7999Kb max_used=7999Kb free=237760Kb
 bounds [0x0000000002880000, 0x0000000003060000, 0x0000000011880000]
 total_blobs=3225 nmethods=2546 adapters=591
 compilation: enabled

Compilation events (10 events):
Event: 7.350 Thread 0x000000001ddfb000 2545       3       javafx.scene.Camera::getFarClip (21 bytes)
Event: 7.350 Thread 0x000000001ddfb000 nmethod 2545 0x000000000304ab10 code [0x000000000304acc0, 0x000000000304b088]
Event: 7.478 Thread 0x000000001ddfb000 2546       3       javafx.scene.Scene$MouseHandler::access$1500 (7 bytes)
Event: 7.478 Thread 0x000000001ddfb000 nmethod 2546 0x000000000304b1d0 code [0x000000000304b340, 0x000000000304b4a8]
Event: 7.478 Thread 0x000000001ddfb000 2547       3       javafx.scene.Scene$MouseHandler::process (735 bytes)
Event: 7.481 Thread 0x000000001ddfb000 nmethod 2547 0x000000000304b590 code [0x000000000304bb40, 0x000000000304fd58]
Event: 7.481 Thread 0x000000001ddfb000 2548       3       javafx.scene.ParallelCamera::computePickRay (24 bytes)
Event: 7.482 Thread 0x000000001ddfb000 nmethod 2548 0x0000000003051610 code [0x00000000030518a0, 0x0000000003052c68]
Event: 7.482 Thread 0x000000001ddfb000 2549       3       com.sun.javafx.geom.Vec3d::normalize (38 bytes)
Event: 7.483 Thread 0x000000001ddfb000 nmethod 2549 0x0000000003053910 code [0x0000000003053aa0, 0x0000000003053cd0]

GC Heap History (6 events):
Event: 6.148 GC heap before
{Heap before GC invocations=1 (full 0):
 PSYoungGen      total 76288K, used 65536K [0x000000076ad00000, 0x0000000770200000, 0x00000007c0000000)
  eden space 65536K, 100% used [0x000000076ad00000,0x000000076ed00000,0x000000076ed00000)
  from space 10752K, 0% used [0x000000076f780000,0x000000076f780000,0x0000000770200000)
  to   space 10752K, 0% used [0x000000076ed00000,0x000000076ed00000,0x000000076f780000)
 ParOldGen       total 175104K, used 0K [0x00000006c0600000, 0x00000006cb100000, 0x000000076ad00000)
  object space 175104K, 0% used [0x00000006c0600000,0x00000006c0600000,0x00000006cb100000)
 Metaspace       used 19583K, capacity 20278K, committed 20608K, reserved 1067008K
  class space    used 2717K, capacity 2878K, committed 2944K, reserved 1048576K
Event: 6.162 GC heap after
Heap after GC invocations=1 (full 0):
 PSYoungGen      total 76288K, used 10720K [0x000000076ad00000, 0x0000000770200000, 0x00000007c0000000)
  eden space 65536K, 0% used [0x000000076ad00000,0x000000076ad00000,0x000000076ed00000)
  from space 10752K, 99% used [0x000000076ed00000,0x000000076f778090,0x000000076f780000)
  to   space 10752K, 0% used [0x000000076f780000,0x000000076f780000,0x0000000770200000)
 ParOldGen       total 175104K, used 5820K [0x00000006c0600000, 0x00000006cb100000, 0x000000076ad00000)
  object space 175104K, 3% used [0x00000006c0600000,0x00000006c0baf388,0x00000006cb100000)
 Metaspace       used 19583K, capacity 20278K, committed 20608K, reserved 1067008K
  class space    used 2717K, capacity 2878K, committed 2944K, reserved 1048576K
}
Event: 6.392 GC heap before
{Heap before GC invocations=2 (full 0):
 PSYoungGen      total 76288K, used 24075K [0x000000076ad00000, 0x0000000770200000, 0x00000007c0000000)
  eden space 65536K, 20% used [0x000000076ad00000,0x000000076ba0ad20,0x000000076ed00000)
  from space 10752K, 99% used [0x000000076ed00000,0x000000076f778090,0x000000076f780000)
  to   space 10752K, 0% used [0x000000076f780000,0x000000076f780000,0x0000000770200000)
 ParOldGen       total 175104K, used 5820K [0x00000006c0600000, 0x00000006cb100000, 0x000000076ad00000)
  object space 175104K, 3% used [0x00000006c0600000,0x00000006c0baf388,0x00000006cb100000)
 Metaspace       used 20256K, capacity 21136K, committed 21248K, reserved 1067008K
  class space    used 2830K, capacity 3013K, committed 3072K, reserved 1048576K
Event: 6.404 GC heap after
Heap after GC invocations=2 (full 0):
 PSYoungGen      total 76288K, used 10726K [0x000000076ad00000, 0x0000000774200000, 0x00000007c0000000)
  eden space 65536K, 0% used [0x000000076ad00000,0x000000076ad00000,0x000000076ed00000)
  from space 10752K, 99% used [0x000000076f780000,0x00000007701f9b30,0x0000000770200000)
  to   space 10752K, 0% used [0x000000076ed00000,0x000000076ed00000,0x000000076f780000)
 ParOldGen       total 175104K, used 6700K [0x00000006c0600000, 0x00000006cb100000, 0x000000076ad00000)
  object space 175104K, 3% used [0x00000006c0600000,0x00000006c0c8b008,0x00000006cb100000)
 Metaspace       used 20256K, capacity 21136K, committed 21248K, reserved 1067008K
  class space    used 2830K, capacity 3013K, committed 3072K, reserved 1048576K
}
Event: 6.404 GC heap before
{Heap before GC invocations=3 (full 1):
 PSYoungGen      total 76288K, used 10726K [0x000000076ad00000, 0x0000000774200000, 0x00000007c0000000)
  eden space 65536K, 0% used [0x000000076ad00000,0x000000076ad00000,0x000000076ed00000)
  from space 10752K, 99% used [0x000000076f780000,0x00000007701f9b30,0x0000000770200000)
  to   space 10752K, 0% used [0x000000076ed00000,0x000000076ed00000,0x000000076f780000)
 ParOldGen       total 175104K, used 6700K [0x00000006c0600000, 0x00000006cb100000, 0x000000076ad00000)
  object space 175104K, 3% used [0x00000006c0600000,0x00000006c0c8b008,0x00000006cb100000)
 Metaspace       used 20256K, capacity 21136K, committed 21248K, reserved 1067008K
  class space    used 2830K, capacity 3013K, committed 3072K, reserved 1048576K
Event: 6.444 GC heap after
Heap after GC invocations=3 (full 1):
 PSYoungGen      total 76288K, used 0K [0x000000076ad00000, 0x0000000774200000, 0x00000007c0000000)
  eden space 65536K, 0% used [0x000000076ad00000,0x000000076ad00000,0x000000076ed00000)
  from space 10752K, 0% used [0x000000076f780000,0x000000076f780000,0x0000000770200000)
  to   space 10752K, 0% used [0x000000076ed00000,0x000000076ed00000,0x000000076f780000)
 ParOldGen       total 100864K, used 14260K [0x00000006c0600000, 0x00000006c6880000, 0x000000076ad00000)
  object space 100864K, 14% used [0x00000006c0600000,0x00000006c13ed040,0x00000006c6880000)
 Metaspace       used 20256K, capacity 21136K, committed 21248K, reserved 1067008K
  class space    used 2830K, capacity 3013K, committed 3072K, reserved 1048576K
}

Deoptimization events (10 events):
Event: 5.981 Thread 0x000000001ee12800 Uncommon trap: reason=class_check action=maybe_recompile pc=0x0000000002c7d4b0 method=java.io.FilterInputStream.read()I @ 4
Event: 5.981 Thread 0x000000001ee12800 Uncommon trap: reason=class_check action=maybe_recompile pc=0x0000000002c7d4b0 method=java.io.FilterInputStream.read()I @ 4
Event: 5.981 Thread 0x000000001ee12800 Uncommon trap: reason=class_check action=maybe_recompile pc=0x0000000002c7d4b0 method=java.io.FilterInputStream.read()I @ 4
Event: 5.997 Thread 0x000000001ee12800 Uncommon trap: reason=unstable_if action=reinterpret pc=0x0000000002bbe200 method=com.sun.javafx.image.impl.ByteBgra$ToByteBgraPreConv.doConvert([BII[BIIII)V @ 31
Event: 5.999 Thread 0x000000001ee12800 Uncommon trap: reason=unstable_if action=reinterpret pc=0x0000000002bccd3c method=com.sun.javafx.image.impl.BaseByteToByteConverter$FourByteReorderer.doConvert([BII[BIIII)V @ 31
Event: 6.169 Thread 0x000000001c574800 Uncommon trap: reason=unstable_if action=reinterpret pc=0x0000000002d6cd9c method=java.lang.ref.ReferenceQueue.poll()Ljava/lang/ref/Reference; @ 4
Event: 6.446 Thread 0x000000001ee12800 Uncommon trap: reason=array_check action=maybe_recompile pc=0x0000000002fe63d4 method=com.sun.javafx.css.SimpleSelector.applies(Ljavafx/css/Styleable;[Ljava/util/Set;I)Z @ 37
Event: 6.446 Thread 0x000000001ee12800 Uncommon trap: reason=array_check action=maybe_recompile pc=0x0000000002fe63d4 method=com.sun.javafx.css.SimpleSelector.applies(Ljavafx/css/Styleable;[Ljava/util/Set;I)Z @ 37
Event: 6.446 Thread 0x000000001ee12800 Uncommon trap: reason=array_check action=maybe_recompile pc=0x0000000002fe63d4 method=com.sun.javafx.css.SimpleSelector.applies(Ljavafx/css/Styleable;[Ljava/util/Set;I)Z @ 37
Event: 6.446 Thread 0x000000001ee12800 Uncommon trap: reason=array_check action=maybe_recompile pc=0x0000000002fe63d4 method=com.sun.javafx.css.SimpleSelector.applies(Ljavafx/css/Styleable;[Ljava/util/Set;I)Z @ 37

Internal exceptions (10 events):
Event: 0.606 Thread 0x000000001ee12800 Exception <a 'java/lang/ArrayIndexOutOfBoundsException': 18> (0x000000076c48b388) thrown at [C:\re\workspace\8-2-build-windows-amd64-cygwin\jdk8u51\3951\hotspot\src\share\vm\interpreter\interpreterRuntime.cpp, line 366]
Event: 0.606 Thread 0x000000001ee12800 Exception <a 'java/lang/ArrayIndexOutOfBoundsException': 86> (0x000000076c48c680) thrown at [C:\re\workspace\8-2-build-windows-amd64-cygwin\jdk8u51\3951\hotspot\src\share\vm\interpreter\interpreterRuntime.cpp, line 366]
Event: 0.661 Thread 0x000000001ee12800 Exception <a 'java/lang/ArrayIndexOutOfBoundsException'> (0x000000076c6d9030) thrown at [C:\re\workspace\8-2-build-windows-amd64-cygwin\jdk8u51\3951\hotspot\src\share\vm\runtime\sharedRuntime.cpp, line 605]
Event: 0.661 Thread 0x000000001ee12800 Exception <a 'java/lang/ArrayIndexOutOfBoundsException'> (0x000000076c6da370) thrown at [C:\re\workspace\8-2-build-windows-amd64-cygwin\jdk8u51\3951\hotspot\src\share\vm\runtime\sharedRuntime.cpp, line 605]
Event: 0.664 Thread 0x000000001ee12800 Exception <a 'java/lang/ArrayIndexOutOfBoundsException'> (0x000000076c6ea728) thrown at [C:\re\workspace\8-2-build-windows-amd64-cygwin\jdk8u51\3951\hotspot\src\share\vm\runtime\sharedRuntime.cpp, line 605]
Event: 0.746 Thread 0x000000001ee12800 Implicit null exception at 0x0000000002b35d35 to 0x0000000002b35f25
Event: 5.828 Thread 0x000000001ee12800 Implicit null exception at 0x0000000002b7ac96 to 0x0000000002b7afad
Event: 6.140 Thread 0x000000001ee12800 Exception <a 'java/lang/ArrayIndexOutOfBoundsException'> (0x000000076ec17740) thrown at [C:\re\workspace\8-2-build-windows-amd64-cygwin\jdk8u51\3951\hotspot\src\share\vm\runtime\sharedRuntime.cpp, line 605]
Event: 6.148 Thread 0x000000001ee12800 Exception <a 'java/lang/ArrayIndexOutOfBoundsException'> (0x000000076ecff328) thrown at [C:\re\workspace\8-2-build-windows-amd64-cygwin\jdk8u51\3951\hotspot\src\share\vm\runtime\sharedRuntime.cpp, line 605]
Event: 6.194 Thread 0x000000001ee12800 Exception <a 'java/lang/ArrayIndexOutOfBoundsException'> (0x000000076b1cb268) thrown at [C:\re\workspace\8-2-build-windows-amd64-cygwin\jdk8u51\3951\hotspot\src\share\vm\runtime\sharedRuntime.cpp, line 605]

Events (10 events):
Event: 6.512 loading class com/sun/prism/impl/shape/BasicEllipseRep
Event: 6.512 loading class com/sun/prism/impl/shape/BasicEllipseRep done
Event: 6.512 loading class com/sun/prism/impl/shape/BasicShapeRep
Event: 6.512 loading class com/sun/prism/impl/shape/BasicShapeRep done
Event: 6.513 loading class com/sun/prism/shader/FillCircle_Color_Loader
Event: 6.513 loading class com/sun/prism/shader/FillCircle_Color_Loader done
Event: 6.514 loading class com/sun/prism/shader/DrawCircle_Color_Loader
Event: 6.514 loading class com/sun/prism/shader/DrawCircle_Color_Loader done
Event: 6.517 Executing VM operation: RevokeBias
Event: 6.517 Executing VM operation: RevokeBias done


Dynamic libraries:
0x000000013f9e0000 - 0x000000013fa17000 	C:\Program Files\Java\jdk1.8.0_51\jre\bin\java.exe
0x0000000076d60000 - 0x0000000076f09000 	C:\Windows\SYSTEM32\ntdll.dll
0x0000000076c40000 - 0x0000000076d5f000 	C:\Windows\system32\kernel32.dll
0x000007fefce50000 - 0x000007fefcebc000 	C:\Windows\system32\KERNELBASE.dll
0x000007fefd060000 - 0x000007fefd13b000 	C:\Windows\system32\ADVAPI32.dll
0x000007fefdc00000 - 0x000007fefdc9f000 	C:\Windows\system32\msvcrt.dll
0x000007fefd2c0000 - 0x000007fefd2df000 	C:\Windows\SYSTEM32\sechost.dll
0x000007fefdac0000 - 0x000007fefdbed000 	C:\Windows\system32\RPCRT4.dll
0x0000000076b40000 - 0x0000000076c3a000 	C:\Windows\system32\USER32.dll
0x000007fefcec0000 - 0x000007fefcf27000 	C:\Windows\system32\GDI32.dll
0x000007fefe2d0000 - 0x000007fefe2de000 	C:\Windows\system32\LPK.dll
0x000007fefd2e0000 - 0x000007fefd3aa000 	C:\Windows\system32\USP10.dll
0x000007fefb4a0000 - 0x000007fefb694000 	C:\Windows\WinSxS\amd64_microsoft.windows.common-controls_6595b64144ccf1df_6.0.7601.18837_none_fa3b1e3d17594757\COMCTL32.dll
0x000007fefcfe0000 - 0x000007fefd051000 	C:\Windows\system32\SHLWAPI.dll
0x000007fefcf30000 - 0x000007fefcf5e000 	C:\Windows\system32\IMM32.DLL
0x000007fefdca0000 - 0x000007fefdda9000 	C:\Windows\system32\MSCTF.dll
0x000000005e5b0000 - 0x000000005e682000 	C:\Program Files\Java\jdk1.8.0_51\jre\bin\msvcr100.dll
0x000000005d570000 - 0x000000005ddf3000 	C:\Program Files\Java\jdk1.8.0_51\jre\bin\server\jvm.dll
0x000007fef3110000 - 0x000007fef3119000 	C:\Windows\system32\WSOCK32.dll
0x000007fefddb0000 - 0x000007fefddfd000 	C:\Windows\system32\WS2_32.dll
0x000007fefdbf0000 - 0x000007fefdbf8000 	C:\Windows\system32\NSI.dll
0x000007fefa620000 - 0x000007fefa65b000 	C:\Windows\system32\WINMM.dll
0x000007fefc3a0000 - 0x000007fefc3ac000 	C:\Windows\system32\VERSION.dll
0x0000000076f30000 - 0x0000000076f37000 	C:\Windows\system32\PSAPI.DLL
0x000000005e560000 - 0x000000005e56f000 	C:\Program Files\Java\jdk1.8.0_51\jre\bin\verify.dll
0x000000005e530000 - 0x000000005e559000 	C:\Program Files\Java\jdk1.8.0_51\jre\bin\java.dll
0x000000005e510000 - 0x000000005e526000 	C:\Program Files\Java\jdk1.8.0_51\jre\bin\zip.dll
0x000007fefe2e0000 - 0x000007feff069000 	C:\Windows\system32\SHELL32.dll
0x000007fefd8b0000 - 0x000007fefdab3000 	C:\Windows\system32\ole32.dll
0x000007fefcb00000 - 0x000007fefcb0f000 	C:\Windows\system32\profapi.dll
0x000000005aeb0000 - 0x000000005aedc000 	C:\Program Files\Java\jdk1.8.0_51\jre\bin\prism_d3d.dll
0x000007feda4d0000 - 0x000007feda6cf000 	C:\Windows\system32\d3d9.dll
0x000007fedbfc0000 - 0x000007fedbfc7000 	C:\Windows\system32\d3d8thk.dll
0x000007fefc280000 - 0x000007fefc298000 	C:\Windows\system32\dwmapi.dll
0x000007fefb410000 - 0x000007fefb466000 	C:\Windows\system32\uxtheme.dll
0x000007fed8d10000 - 0x000007fed9c09000 	C:\Windows\system32\nvd3dumx.dll
0x0000000180000000 - 0x00000001801a7000 	C:\Windows\system32\nvspcap64.dll
0x000007fefd140000 - 0x000007fefd217000 	C:\Windows\system32\OLEAUT32.dll
0x000007fefe070000 - 0x000007fefe247000 	C:\Windows\system32\SETUPAPI.dll
0x000007fefcba0000 - 0x000007fefcbd6000 	C:\Windows\system32\CFGMGR32.dll
0x000007fefcb80000 - 0x000007fefcb9a000 	C:\Windows\system32\DEVOBJ.dll
0x000007fef1cb0000 - 0x000007fef1d21000 	C:\Windows\system32\WINHTTP.dll
0x000007fef1c40000 - 0x000007fef1ca4000 	C:\Windows\system32\webio.dll
0x000007fef96a0000 - 0x000007fef9a33000 	C:\Windows\system32\nvapi64.dll
0x000007fefc8d0000 - 0x000007fefc8f5000 	C:\Windows\system32\SspiCli.dll
0x0000000059910000 - 0x0000000059951000 	C:\Program Files\Java\jdk1.8.0_51\jre\bin\glass.dll
0x000007fefd810000 - 0x000007fefd8a7000 	C:\Windows\system32\COMDLG32.dll
0x000007fefc9a0000 - 0x000007fefc9af000 	C:\Windows\system32\CRYPTBASE.dll
0x000007fefadc0000 - 0x000007fefadec000 	C:\Windows\system32\powrprof.dll
0x000007fef62f0000 - 0x000007fef63d0000 	C:\Program Files (x86)\NVIDIA Corporation\3D Vision\nvSCPAPI64.dll
0x000000005b500000 - 0x000000005b515000 	C:\Program Files\Java\jdk1.8.0_51\jre\bin\javafx_font.dll
0x000007fef5370000 - 0x000007fef5507000 	C:\Windows\system32\dwrite.dll
0x000007fefd220000 - 0x000007fefd2b9000 	C:\Windows\system32\CLBCatQ.DLL
0x000007fefab20000 - 0x000007fefac81000 	C:\Windows\system32\WindowsCodecs.dll
0x000007fefc900000 - 0x000007fefc957000 	C:\Windows\system32\apphelp.dll
0x000007feea880000 - 0x000007feea8bf000 	C:\Users\SISTEMAS\AppData\Local\Microsoft\SkyDrive\17.0.4023.1211\amd64\SkyDriveShell64.dll
0x000007feea7c0000 - 0x000007feea867000 	C:\Users\SISTEMAS\AppData\Local\Microsoft\SkyDrive\17.0.4023.1211\amd64\MSVCP110.dll
0x000007feea380000 - 0x000007feea44e000 	C:\Users\SISTEMAS\AppData\Local\Microsoft\SkyDrive\17.0.4023.1211\amd64\MSVCR110.dll
0x000007fefde00000 - 0x000007fefe069000 	C:\Windows\system32\WININET.dll
0x000007fefcd70000 - 0x000007fefcd74000 	C:\Windows\system32\api-ms-win-downlevel-user32-l1-1-0.dll
0x000007fefcb20000 - 0x000007fefcb24000 	C:\Windows\system32\api-ms-win-downlevel-shlwapi-l1-1-0.dll
0x000007fefce40000 - 0x000007fefce44000 	C:\Windows\system32\api-ms-win-downlevel-version-l1-1-0.dll
0x000007fefcbe0000 - 0x000007fefcbe3000 	C:\Windows\system32\api-ms-win-downlevel-normaliz-l1-1-0.dll
0x0000000076f20000 - 0x0000000076f23000 	C:\Windows\system32\normaliz.DLL
0x000007fefd540000 - 0x000007fefd808000 	C:\Windows\system32\iertutil.dll
0x000007fefcb70000 - 0x000007fefcb75000 	C:\Windows\system32\api-ms-win-downlevel-advapi32-l1-1-0.dll
0x000007fefce20000 - 0x000007fefce3e000 	C:\Windows\system32\USERENV.dll
0x000007feea080000 - 0x000007feea2bf000 	C:\Program Files\Microsoft Office 15\root\VFS\ProgramFilesX64\Microsoft Office\Office15\GROOVEEX.DLL
0x000000006e430000 - 0x000000006e4c8000 	C:\Program Files\Microsoft Office 15\root\VFS\ProgramFilesX64\Microsoft Office\Office15\MSVCP100.dll
0x000000006e400000 - 0x000000006e42b000 	C:\Program Files\Microsoft Office 15\root\VFS\ProgramFilesX64\Microsoft Office\Office15\ATL100.DLL
0x000007feeb4a0000 - 0x000007feeb7be000 	C:\Windows\system32\msi.dll
0x000007fee8660000 - 0x000007fee8ee8000 	C:\Program Files\Microsoft Office 15\root\VFS\ProgramFilesX64\Microsoft Office\Office15\3082\GrooveIntlResource.dll
0x000007feeaae0000 - 0x000007feeab56000 	C:\ProgramData\MEGAsync\ShellExtX64.dll
0x000007feeaaa0000 - 0x000007feeaad5000 	C:\Windows\system32\EhStorShell.dll
0x000007fefaee0000 - 0x000007fefb00c000 	C:\Windows\system32\PROPSYS.dll
0x000007feeaa20000 - 0x000007feeaa9e000 	C:\Windows\System32\cscui.dll
0x000007feeaa10000 - 0x000007feeaa1c000 	C:\Windows\System32\CSCDLL.dll
0x000007feec4e0000 - 0x000007feec4ef000 	C:\Windows\system32\CSCAPI.dll
0x000007fef5dc0000 - 0x000007fef5ded000 	C:\Program Files\Common Files\Microsoft Shared\Ink\rtscom.dll
0x000000005ae90000 - 0x000000005aea1000 	C:\Program Files\Java\jdk1.8.0_51\jre\bin\prism_common.dll
0x000000005e4f0000 - 0x000000005e50a000 	C:\Program Files\Java\jdk1.8.0_51\jre\bin\net.dll
0x000007fefbfa0000 - 0x000007fefbff5000 	C:\Windows\system32\mswsock.dll
0x000007fefbf90000 - 0x000007fefbf97000 	C:\Windows\System32\wship6.dll
0x000007fefc470000 - 0x000007fefc477000 	C:\Windows\System32\wshtcpip.dll
0x000007fefbe20000 - 0x000007fefbe7b000 	C:\Windows\system32\DNSAPI.dll
0x0000000073020000 - 0x0000000073046000 	C:\Program Files\Bonjour\mdnsNSP.dll
0x000007fefa050000 - 0x000007fefa077000 	C:\Windows\system32\Iphlpapi.DLL
0x000007fefa040000 - 0x000007fefa04b000 	C:\Windows\system32\WINNSI.DLL
0x000007fef8c30000 - 0x000007fef8c38000 	C:\Windows\system32\rasadhlp.dll
0x000007fef9eb0000 - 0x000007fef9f03000 	C:\Windows\System32\fwpuclnt.dll
0x000007fef4bd0000 - 0x000007fef4f94000 	C:\Windows\system32\d2d1.dll
0x000007feebac0000 - 0x000007feebc95000 	C:\Windows\system32\d3d11.dll
0x000007fef9aa0000 - 0x000007fef9afd000 	C:\Windows\system32\dxgi.dll
0x000007fef50f0000 - 0x000007fef5369000 	C:\Windows\system32\D3D10Warp.dll
0x000007fefcb30000 - 0x000007fefcb6b000 	C:\Windows\system32\WINTRUST.dll
0x000007fefcbf0000 - 0x000007fefcd5d000 	C:\Windows\system32\CRYPT32.dll
0x000007fefcb10000 - 0x000007fefcb1f000 	C:\Windows\system32\MSASN1.dll
0x000007fee63c0000 - 0x000007fee64e5000 	C:\Windows\system32\dbghelp.dll

VM Arguments:
jvm_args: -Dfile.encoding=UTF-8 
java_command: D:\HACIENTO PROGRAMAS JAVA FX\PUNTOVENTAS\dist\run1749753082\PUNTOVENTAS.jar
java_class_path (initial): D:\HACIENTO PROGRAMAS JAVA FX\PUNTOVENTAS\dist\run1749753082\PUNTOVENTAS.jar
Launcher Type: SUN_STANDARD

Environment Variables:
JAVA_HOME=C:\Program Files (x86)\Java\jdk1.7.0_07
PATH=C:\ProgramData\Oracle\Java\javapath;C:\Program Files (x86)\AMD APP\bin\x86_64;C:\Windows\system32;C:\Windows;C:\Windows\System32\Wbem;C:\Windows\System32\WindowsPowerShell\v1.0\;C:\Program Files (x86)\ATI Technologies\ATI.ACE\Core-Static;C:\Program Files\Microsoft SQL Server\110\Tools\Binn\;C:\Program Files (x86)\Microsoft SQL Server\110\Tools\Binn\;C:\Program Files\Microsoft SQL Server\110\DTS\Binn\;C:\Program Files (x86)\Microsoft SQL Server\110\Tools\Binn\ManagementStudio\;C:\Program Files (x86)\Microsoft Visual Studio 10.0\Common7\IDE\PrivateAssemblies\;C:\Program Files (x86)\Microsoft SQL Server\110\DTS\Binn\;C:\Program Files\Microsoft SQL Server\120\Tools\Binn\;;C:\Program Files (x86)\NVIDIA Corporation\PhysX\Common;C:\Program Files (x86)\QuickTime\QTSystem\;C:\Program Files (x86)\MySQL\MySQL Fabric 1.5.4 & MySQL Utilities 1.5.4 1.5\;C:\Program Files (x86)\MySQL\MySQL Fabric 1.5.4 & MySQL Utilities 1.5.4 1.5\Doctrine extensions for PHP\;C:\Program Files (x86)\Java\jdk1.7.0_07\bin;C:\apache-tomcat-7.0.63\bin;C:\Program Files (x86)\Skype\Phone\;C:\Program Files (x86)\EasyFrom Inc\;
USERNAME=SISTEMAS
OS=Windows_NT
PROCESSOR_IDENTIFIER=AMD64 Family 21 Model 1 Stepping 2, AuthenticAMD



---------------  S Y S T E M  ---------------

OS: Windows 7 , 64 bit Build 7601 (6.1.7601.19110)

CPU:total 6 (6 cores per cpu, 1 threads per core) family 21 model 1 stepping 2, cmov, cx8, fxsr, mmx, sse, sse2, sse3, ssse3, sse4.1, sse4.2, popcnt, avx, aes, clmul, mmxext, 3dnowpref, lzcnt, sse4a, tsc, tscinvbit, tscinv

Memory: 4k page, physical 16746724k(9415968k free), swap 33491612k(24015952k free)

vm_info: Java HotSpot(TM) 64-Bit Server VM (25.51-b03) for windows-amd64 JRE (1.8.0_51-b16), built on Jun  8 2015 18:03:07 by "java_re" with MS VC++ 10.0 (VS2010)

time: Wed May 04 09:55:51 2016
elapsed time: 7 seconds (0d 0h 0m 7s)

