#
# A fatal error has been detected by the Java Runtime Environment:
#
#  Internal Error (relocInfo_x86.cpp:101), pid=10516, tid=7268
#  Error: ShouldNotReachHere()
#
# JRE version: Java(TM) SE Runtime Environment (8.0_51-b16) (build 1.8.0_51-b16)
# Java VM: Java HotSpot(TM) 64-Bit Server VM (25.51-b03 mixed mode windows-amd64 compressed oops)
# Failed to write core dump. Minidumps are not enabled by default on client versions of Windows
#
# If you would like to submit a bug report, please visit:
#   http://bugreport.java.com/bugreport/crash.jsp
#

---------------  T H R E A D  ---------------

Current thread (0x000000001df5f800):  JavaThread "C1 CompilerThread2" daemon [_thread_in_vm, id=7268, stack(0x000000001ead0000,0x000000001ebd0000)]

Stack: [0x000000001ead0000,0x000000001ebd0000]
Native frames: (J=compiled Java code, j=interpreted, Vv=VM code, C=native code)
V  [jvm.dll+0x32b4ca]
V  [jvm.dll+0x2797e3]
V  [jvm.dll+0x27a479]
V  [jvm.dll+0x271892]
V  [jvm.dll+0x2f82f9]
V  [jvm.dll+0x9c967]
V  [jvm.dll+0x266ff]
V  [jvm.dll+0x27857]
V  [jvm.dll+0x8c56e]
V  [jvm.dll+0x9a341]
V  [jvm.dll+0x9bdf2]
V  [jvm.dll+0x3031e]
V  [jvm.dll+0x405419]
V  [jvm.dll+0x4063d4]
V  [jvm.dll+0x406581]
V  [jvm.dll+0x40678f]
V  [jvm.dll+0xa43a2]
V  [jvm.dll+0xa4cdf]
V  [jvm.dll+0x2418a4]
V  [jvm.dll+0x29846a]
C  [msvcr100.dll+0x21d9f]
C  [msvcr100.dll+0x21e3b]
C  [kernel32.dll+0x159ed]
C  [ntdll.dll+0x2b831]


Current CompileTask:
C1:    261  348       3       java.util.zip.ZipCoder::getBytes (192 bytes)


---------------  P R O C E S S  ---------------

Java Threads: ( => current thread )
  0x000000001ed81800 JavaThread "QuantumRenderer-0" daemon [_thread_blocked, id=10988, stack(0x000000001f540000,0x000000001f640000)]
  0x000000001dfcc800 JavaThread "Service Thread" daemon [_thread_blocked, id=6812, stack(0x000000001e820000,0x000000001e920000)]
=>0x000000001df5f800 JavaThread "C1 CompilerThread2" daemon [_thread_in_vm, id=7268, stack(0x000000001ead0000,0x000000001ebd0000)]
  0x000000001df5e800 JavaThread "C2 CompilerThread1" daemon [_thread_blocked, id=7708, stack(0x000000001e950000,0x000000001ea50000)]
  0x000000001df57000 JavaThread "C2 CompilerThread0" daemon [_thread_blocked, id=12204, stack(0x000000001e700000,0x000000001e800000)]
  0x000000001df55800 JavaThread "Attach Listener" daemon [_thread_blocked, id=1560, stack(0x000000001e580000,0x000000001e680000)]
  0x000000001df54000 JavaThread "Signal Dispatcher" daemon [_thread_blocked, id=12268, stack(0x000000001e420000,0x000000001e520000)]
  0x000000001c367800 JavaThread "Finalizer" daemon [_thread_blocked, id=13864, stack(0x000000001de00000,0x000000001df00000)]
  0x000000001c360000 JavaThread "Reference Handler" daemon [_thread_blocked, id=13596, stack(0x000000001dc10000,0x000000001dd10000)]
  0x00000000022de800 JavaThread "main" [_thread_blocked, id=13484, stack(0x00000000025d0000,0x00000000026d0000)]

Other Threads:
  0x000000001c35a000 VMThread [stack: 0x000000001d9e0000,0x000000001dae0000] [id=5336]
  0x000000001dfd1800 WatcherThread [stack: 0x000000001ec00000,0x000000001ed00000] [id=13788]

VM state:not at safepoint (normal execution)

VM Mutex/Monitor currently owned by a thread:  ([mutex/lock_event])
[0x00000000022dc1c0] CodeCache_lock - owner thread: 0x000000001df5f800
[0x00000000022dd870] Compile_lock - owner thread: 0x000000001df5f800
[0x00000000022dd970] MethodCompileQueue_lock - owner thread: 0x000000001df5f800

Heap:
 PSYoungGen      total 76288K, used 7864K [0x000000076ad00000, 0x0000000770200000, 0x00000007c0000000)
  eden space 65536K, 12% used [0x000000076ad00000,0x000000076b4ae310,0x000000076ed00000)
  from space 10752K, 0% used [0x000000076f780000,0x000000076f780000,0x0000000770200000)
  to   space 10752K, 0% used [0x000000076ed00000,0x000000076ed00000,0x000000076f780000)
 ParOldGen       total 175104K, used 0K [0x00000006c0600000, 0x00000006cb100000, 0x000000076ad00000)
  object space 175104K, 0% used [0x00000006c0600000,0x00000006c0600000,0x00000006cb100000)
 Metaspace       used 4919K, capacity 5486K, committed 5504K, reserved 1056768K
  class space    used 557K, capacity 628K, committed 640K, reserved 1048576K

Card table byte_map: [0x0000000011d60000,0x0000000012560000] byte_map_base: 0x000000000e75d000

Marking Bits: (ParMarkBitMap*) 0x00000000599b4040
 Begin Bits: [0x00000000131a0000, 0x0000000017188000)
 End Bits:   [0x0000000017188000, 0x000000001b170000)

Polling page: 0x00000000001c0000

CodeCache: size=245760Kb used=1772Kb max_used=1772Kb free=243987Kb
 bounds [0x00000000029a0000, 0x0000000002c10000, 0x00000000119a0000]
 total_blobs=656 nmethods=347 adapters=222
 compilation: enabled

Compilation events (10 events):
Event: 0.213 Thread 0x000000001df5f800  342       3       java.util.zip.ZipFile::access$1400 (14 bytes)
Event: 0.213 Thread 0x000000001df5f800 nmethod 342 0x0000000002b54090 code [0x0000000002b54200, 0x0000000002b54368]
Event: 0.214 Thread 0x000000001df5f800  344       3       java.lang.String::regionMatches (149 bytes)
Event: 0.215 Thread 0x000000001df5f800 nmethod 344 0x0000000002b555d0 code [0x0000000002b55820, 0x0000000002b564d8]
Event: 0.215 Thread 0x000000001df5f800  345       3       java.lang.ref.SoftReference::<init> (13 bytes)
Event: 0.215 Thread 0x000000001df5f800 nmethod 345 0x0000000002b53750 code [0x0000000002b538c0, 0x0000000002b53bb0]
Event: 0.217 Thread 0x000000001df5e800 nmethod 333 0x0000000002b52ad0 code [0x0000000002b52c20, 0x0000000002b53158]
Event: 0.238 Thread 0x000000001df5f800  347       3       java.util.zip.ZipFile::ensureOpen (37 bytes)
Event: 0.238 Thread 0x000000001df5f800 nmethod 347 0x0000000002b58e90 code [0x0000000002b59020, 0x0000000002b59398]
Event: 0.238 Thread 0x000000001df5f800  348       3       java.util.zip.ZipCoder::getBytes (192 bytes)

GC Heap History (0 events):
No events

Deoptimization events (0 events):
No events

Internal exceptions (9 events):
Event: 0.036 Thread 0x00000000022de800 Exception <a 'java/lang/NoSuchMethodError': Method sun.misc.Unsafe.defineClass(Ljava/lang/String;[BII)Ljava/lang/Class; name or signature does not match> (0x000000076ad0d768) thrown at [C:\re\workspace\8-2-build-windows-amd64-cygwin\jdk8u51\3951\hotspot\src”ÊÇ”¢?
Event: 0.036 Thread 0x00000000022de800 Exception <a 'java/lang/NoSuchMethodError': Method sun.misc.Unsafe.prefetchRead(Ljava/lang/Object;J)V name or signature does not match> (0x000000076ad0d9f8) thrown at [C:\re\workspace\8-2-build-windows-amd64-cygwin\jdk8u51\3951\hotspot\src\share\vm\prims\jøŽk™í_Â?
Event: 0.144 Thread 0x00000000022de800 Exception <a 'java/lang/NoSuchFieldError': method resolution failed> (0x000000076b13f2c8) thrown at [C:\re\workspace\8-2-build-windows-amd64-cygwin\jdk8u51\3951\hotspot\src\share\vm\prims\methodHandles.cpp, line 1125]
Event: 0.145 Thread 0x00000000022de800 Exception <a 'java/lang/NoSuchFieldError': method resolution failed> (0x000000076b14d998) thrown at [C:\re\workspace\8-2-build-windows-amd64-cygwin\jdk8u51\3951\hotspot\src\share\vm\prims\methodHandles.cpp, line 1125]
Event: 0.164 Thread 0x00000000022de800 Exception <a 'java/security/PrivilegedActionException'> (0x000000076b1d7300) thrown at [C:\re\workspace\8-2-build-windows-amd64-cygwin\jdk8u51\3951\hotspot\src\share\vm\prims\jvm.cpp, line 1382]
Event: 0.164 Thread 0x00000000022de800 Exception <a 'java/security/PrivilegedActionException'> (0x000000076b1d74b8) thrown at [C:\re\workspace\8-2-build-windows-amd64-cygwin\jdk8u51\3951\hotspot\src\share\vm\prims\jvm.cpp, line 1382]
Event: 0.165 Thread 0x00000000022de800 Exception <a 'java/security/PrivilegedActionException'> (0x000000076b1db250) thrown at [C:\re\workspace\8-2-build-windows-amd64-cygwin\jdk8u51\3951\hotspot\src\share\vm\prims\jvm.cpp, line 1382]
Event: 0.165 Thread 0x00000000022de800 Exception <a 'java/security/PrivilegedActionException'> (0x000000076b1db408) thrown at [C:\re\workspace\8-2-build-windows-amd64-cygwin\jdk8u51\3951\hotspot\src\share\vm\prims\jvm.cpp, line 1382]
Event: 0.165 Thread 0x00000000022de800 Exception <a 'java/lang/NullPointerException'> (0x000000076b1db988) thrown at [C:\re\workspace\8-2-build-windows-amd64-cygwin\jdk8u51\3951\hotspot\src\share\vm\interpreter\linkResolver.cpp, line 1178]

Events (10 events):
Event: 0.238 loading class com/sun/prism/impl/ps/BaseShaderFactory
Event: 0.238 loading class com/sun/prism/impl/ps/BaseShaderFactory done
Event: 0.239 loading class com/sun/prism/ps/ShaderFactory
Event: 0.239 loading class com/sun/prism/ps/ShaderFactory done
Event: 0.239 loading class com/sun/prism/impl/BaseResourceFactory
Event: 0.239 loading class com/sun/prism/impl/BaseResourceFactory done
Event: 0.240 loading class com/sun/glass/ui/Screen
Event: 0.240 loading class com/sun/glass/ui/Screen done
Event: 0.240 loading class com/sun/prism/GraphicsPipeline$ShaderModel
Event: 0.240 loading class com/sun/prism/GraphicsPipeline$ShaderModel done


Dynamic libraries:
0x000000013feb0000 - 0x000000013fee7000 	C:\Program Files\Java\jdk1.8.0_51\jre\bin\java.exe
0x0000000077090000 - 0x0000000077239000 	C:\Windows\SYSTEM32\ntdll.dll
0x0000000076f70000 - 0x000000007708f000 	C:\Windows\system32\kernel32.dll
0x000007fefce60000 - 0x000007fefcecc000 	C:\Windows\system32\KERNELBASE.dll
0x000007fefe950000 - 0x000007fefea2b000 	C:\Windows\system32\ADVAPI32.dll
0x000007feff1f0000 - 0x000007feff28f000 	C:\Windows\system32\msvcrt.dll
0x000007feff1d0000 - 0x000007feff1ef000 	C:\Windows\SYSTEM32\sechost.dll
0x000007feff0a0000 - 0x000007feff1cd000 	C:\Windows\system32\RPCRT4.dll
0x0000000076e70000 - 0x0000000076f6a000 	C:\Windows\system32\USER32.dll
0x000007fefe8e0000 - 0x000007fefe947000 	C:\Windows\system32\GDI32.dll
0x000007fefef90000 - 0x000007fefef9e000 	C:\Windows\system32\LPK.dll
0x000007fefefb0000 - 0x000007feff07a000 	C:\Windows\system32\USP10.dll
0x000007fefb900000 - 0x000007fefbaf4000 	C:\Windows\WinSxS\amd64_microsoft.windows.common-controls_6595b64144ccf1df_6.0.7601.18837_none_fa3b1e3d17594757\COMCTL32.dll
0x000007fefd2a0000 - 0x000007fefd311000 	C:\Windows\system32\SHLWAPI.dll
0x000007fefdb20000 - 0x000007fefdb4e000 	C:\Windows\system32\IMM32.DLL
0x000007feff290000 - 0x000007feff399000 	C:\Windows\system32\MSCTF.dll
0x0000000060f20000 - 0x0000000060ff2000 	C:\Program Files\Java\jdk1.8.0_51\jre\bin\msvcr100.dll
0x00000000591b0000 - 0x0000000059a33000 	C:\Program Files\Java\jdk1.8.0_51\jre\bin\server\jvm.dll
0x000007fef3460000 - 0x000007fef3469000 	C:\Windows\system32\WSOCK32.dll
0x000007fefd250000 - 0x000007fefd29d000 	C:\Windows\system32\WS2_32.dll
0x000007fefefa0000 - 0x000007fefefa8000 	C:\Windows\system32\NSI.dll
0x000007fefa700000 - 0x000007fefa73b000 	C:\Windows\system32\WINMM.dll
0x000007fefc7a0000 - 0x000007fefc7ac000 	C:\Windows\system32\VERSION.dll
0x0000000077250000 - 0x0000000077257000 	C:\Windows\system32\PSAPI.DLL
0x000000006c0a0000 - 0x000000006c0af000 	C:\Program Files\Java\jdk1.8.0_51\jre\bin\verify.dll
0x00000000694f0000 - 0x0000000069519000 	C:\Program Files\Java\jdk1.8.0_51\jre\bin\java.dll
0x0000000068560000 - 0x0000000068576000 	C:\Program Files\Java\jdk1.8.0_51\jre\bin\zip.dll
0x000007fefdb50000 - 0x000007fefe8d9000 	C:\Windows\system32\SHELL32.dll
0x000007fefed00000 - 0x000007fefef03000 	C:\Windows\system32\ole32.dll
0x000007fefce30000 - 0x000007fefce3f000 	C:\Windows\system32\profapi.dll
0x000000006cf20000 - 0x000000006cf4c000 	C:\Program Files\Java\jdk1.8.0_51\jre\bin\prism_d3d.dll
0x000007fee55f0000 - 0x000007fee57ef000 	C:\Windows\system32\d3d9.dll
0x000007fee60d0000 - 0x000007fee60d7000 	C:\Windows\system32\d3d8thk.dll
0x000007fefb030000 - 0x000007fefb048000 	C:\Windows\system32\dwmapi.dll
0x000007fefc5f0000 - 0x000007fefc646000 	C:\Windows\system32\uxtheme.dll
0x000007fed8480000 - 0x000007fed9379000 	C:\Windows\system32\nvd3dumx.dll
0x0000000180000000 - 0x00000001801a7000 	C:\Windows\system32\nvspcap64.dll
0x000007fefd720000 - 0x000007fefd7f7000 	C:\Windows\system32\OLEAUT32.dll
0x000007fefd8a0000 - 0x000007fefda77000 	C:\Windows\system32\SETUPAPI.dll
0x000007fefd190000 - 0x000007fefd1c6000 	C:\Windows\system32\CFGMGR32.dll
0x000007fefd140000 - 0x000007fefd15a000 	C:\Windows\system32\DEVOBJ.dll
0x000007fef1fe0000 - 0x000007fef2051000 	C:\Windows\system32\WINHTTP.dll
0x000007fef1f70000 - 0x000007fef1fd4000 	C:\Windows\system32\webio.dll
0x000007fef9820000 - 0x000007fef9bb3000 	C:\Windows\system32\nvapi64.dll
0x000007fefcc00000 - 0x000007fefcc25000 	C:\Windows\system32\SspiCli.dll
0x000007feec940000 - 0x000007feeca65000 	C:\Windows\system32\dbghelp.dll

VM Arguments:
jvm_args: -Dfile.encoding=UTF-8 
java_command: D:\HACIENTO PROGRAMAS JAVA FX\PUNTOVENTAS\dist\run843514556\PUNTOVENTAS.jar
java_class_path (initial): D:\HACIENTO PROGRAMAS JAVA FX\PUNTOVENTAS\dist\run843514556\PUNTOVENTAS.jar
Launcher Type: SUN_STANDARD

Environment Variables:
JAVA_HOME=C:\Program Files (x86)\Java\jdk1.7.0_07
PATH=C:\ProgramData\Oracle\Java\javapath;C:\Program Files (x86)\AMD APP\bin\x86_64;C:\Windows\system32;C:\Windows;C:\Windows\System32\Wbem;C:\Windows\System32\WindowsPowerShell\v1.0\;C:\Program Files (x86)\ATI Technologies\ATI.ACE\Core-Static;C:\Program Files\Microsoft SQL Server\110\Tools\Binn\;C:\Program Files (x86)\Microsoft SQL Server\110\Tools\Binn\;C:\Program Files\Microsoft SQL Server\110\DTS\Binn\;C:\Program Files (x86)\Microsoft SQL Server\110\Tools\Binn\ManagementStudio\;C:\Program Files (x86)\Microsoft Visual Studio 10.0\Common7\IDE\PrivateAssemblies\;C:\Program Files (x86)\Microsoft SQL Server\110\DTS\Binn\;C:\Program Files\Microsoft SQL Server\120\Tools\Binn\;;C:\Program Files (x86)\NVIDIA Corporation\PhysX\Common;C:\Program Files (x86)\QuickTime\QTSystem\;C:\Program Files (x86)\MySQL\MySQL Fabric 1.5.4 & MySQL Utilities 1.5.4 1.5\;C:\Program Files (x86)\MySQL\MySQL Fabric 1.5.4 & MySQL Utilities 1.5.4 1.5\Doctrine extensions for PHP\;C:\Program Files (x86)\Java\jdk1.7.0_07\bin;C:\apache-tomcat-7.0.63\bin;C:\Program Files (x86)\Skype\Phone\;C:\Program Files (x86)\EasyFrom Inc\;
USERNAME=SISTEMAS
OS=Windows_NT
PROCESSOR_IDENTIFIER=AMD64 Family 21 Model 1 Stepping 2, AuthenticAMD



---------------  S Y S T E M  ---------------

OS: Windows 7 , 64 bit Build 7601 (6.1.7601.19110)

CPU:total 6 (6 cores per cpu, 1 threads per core) family 21 model 1 stepping 2, cmov, cx8, fxsr, mmx, sse, sse2, sse3, ssse3, sse4.1, sse4.2, popcnt, avx, aes, clmul, mmxext, 3dnowpref, lzcnt, sse4a, tsc, tscinvbit, tscinv

Memory: 4k page, physical 16746724k(6918040k free), swap 33491612k(20798588k free)

vm_info: Java HotSpot(TM) 64-Bit Server VM (25.51-b03) for windows-amd64 JRE (1.8.0_51-b16), built on Jun  8 2015 18:03:07 by "java_re" with MS VC++ 10.0 (VS2010)

time: Wed Apr 20 17:18:26 2016
elapsed time: 0 seconds (0d 0h 0m 0s)

