#
# A fatal error has been detected by the Java Runtime Environment:
#
#  EXCEPTION_ACCESS_VIOLATION (0xc0000005) at pc=0x0000000002bc26c0, pid=3064, tid=6244
#
# JRE version: Java(TM) SE Runtime Environment (8.0_51-b16) (build 1.8.0_51-b16)
# Java VM: Java HotSpot(TM) 64-Bit Server VM (25.51-b03 mixed mode windows-amd64 compressed oops)
# Problematic frame:
# J 1365 C1 com.sun.javafx.geom.RectBounds.deriveWithNewBounds(FFFFFF)Lcom/sun/javafx/geom/BaseBounds; (80 bytes) @ 0x0000000002bc26c0 [0x0000000002bc26a0+0x20]
#
# Failed to write core dump. Minidumps are not enabled by default on client versions of Windows
#
# If you would like to submit a bug report, please visit:
#   http://bugreport.java.com/bugreport/crash.jsp
#

---------------  T H R E A D  ---------------

Current thread (0x000000001eb49800):  JavaThread "JavaFX Application Thread" [_thread_in_Java, id=6244, stack(0x000000001fb70000,0x000000001fc70000)]

siginfo: ExceptionCode=0xc0000005, reading address 0x0000000788ef86d8

Registers:
RAX=0x000000001bedbef0, RBX=0x000000001bedbef0, RCX=0x000000076d01c7e8, RDX=0x000000076d01c7e8
RSP=0x000000001fc6d4b8, RBP=0x000000001fc6d548, RSI=0x000000001bedb188, RDI=0x0000000000000778
R8 =0x000000076d01c7e8, R9 =0x000000076cdf24c8, R10=0x000000005e3abba0, R11=0x0000000002bc26c0
R12=0x0000000000000000, R13=0x000000001fc6d4d0, R14=0x0000000000000000, R15=0x000000001eb49800
RIP=0x0000000002bc26c0, EFLAGS=0x0000000000010206

Top of Stack: (sp=0x000000001fc6d4b8)
0x000000001fc6d4b8:   0000000002747a70 00000000219ec5b0
0x000000001fc6d4c8:   0000000002747a70 0000000000000000
0x000000001fc6d4d8:   0000000041a00000 00000000423afa00
0x000000001fc6d4e8:   0000000000000000 0000000000000000
0x000000001fc6d4f8:   0000000000000000 000000076d01c7e8
0x000000001fc6d508:   000000001fc6d508 00000000219e7f30
0x000000001fc6d518:   000000001fc6d5e0 00000000219ec5b0
0x000000001fc6d528:   0000000000000000 00000000219e7f70
0x000000001fc6d538:   000000001fc6d4d0 000000001fc6d5d0
0x000000001fc6d548:   000000001fc6d628 0000000002747b44
0x000000001fc6d558:   0000000000000000 0000000000000000
0x000000001fc6d568:   0000000000000000 0000000000000000
0x000000001fc6d578:   0000000000000000 0000000000000000
0x000000001fc6d588:   00000000423afa00 0000000000000000
0x000000001fc6d598:   000000076d32aa18 000000076d32a9f0
0x000000001fc6d5a8:   0000000000000001 0000000041a00000 

Instructions: (pc=0x0000000002bc26c0)
0x0000000002bc26a0:   44 8b 52 08 49 c1 e2 03 4c 3b d0 0f 85 af 38 bc
0x0000000002bc26b0:   ff 0f 1f 84 00 00 00 00 00 0f 1f 80 00 00 00 00
0x0000000002bc26c0:   49 84 24 00 a0 ff ff 55 48 81 ec b0 00 00 00 48
0x0000000002bc26d0:   be d8 57 4f 24 00 00 00 00 8b 3e dc 00 00 00 83 


Register to memory mapping:

RAX=0x000000001bedbef0 is pointing into metadata
RBX=0x000000001bedbef0 is pointing into metadata
RCX=0x000000076d01c7e8 is an oop
com.sun.javafx.geom.RectBounds 
 - klass: 'com/sun/javafx/geom/RectBounds'
RDX=0x000000076d01c7e8 is an oop
com.sun.javafx.geom.RectBounds 
 - klass: 'com/sun/javafx/geom/RectBounds'
RSP=0x000000001fc6d4b8 is pointing into the stack for thread: 0x000000001eb49800
RBP=0x000000001fc6d548 is pointing into the stack for thread: 0x000000001eb49800
RSI={method} {0x000000001bedb190} 'getHeight' '()F' in 'com/sun/javafx/geom/RectBounds'
RDI=0x0000000000000778 is an unknown value
R8 =0x000000076d01c7e8 is an oop
com.sun.javafx.geom.RectBounds 
 - klass: 'com/sun/javafx/geom/RectBounds'
R9 =0x000000076cdf24c8 is an oop
java.lang.Class 
 - klass: 'java/lang/Class'
R10=0x000000005e3abba0 is an unknown value
R11=0x0000000002bc26c0 is at entry_point+32 in (nmethod*)0x0000000002bc2510
R12=0x0000000000000000 is an unknown value
R13=0x000000001fc6d4d0 is pointing into the stack for thread: 0x000000001eb49800
R14=0x0000000000000000 is an unknown value
R15=0x000000001eb49800 is a thread


Stack: [0x000000001fb70000,0x000000001fc70000],  sp=0x000000001fc6d4b8,  free space=1013k
Native frames: (J=compiled Java code, j=interpreted, Vv=VM code, C=native code)
C  0x0000000002bc26c0


---------------  P R O C E S S  ---------------

Java Threads: ( => current thread )
  0x000000001ee9b000 JavaThread "Prism Font Disposer" daemon [_thread_blocked, id=7536, stack(0x00000000232c0000,0x00000000233c0000)]
  0x000000001eb76800 JavaThread "Thread-3" daemon [_thread_in_native, id=8072, stack(0x00000000214a0000,0x00000000215a0000)]
  0x000000001eb74000 JavaThread "JavaFX-Launcher" [_thread_blocked, id=6460, stack(0x00000000215c0000,0x00000000216c0000)]
=>0x000000001eb49800 JavaThread "JavaFX Application Thread" [_thread_in_Java, id=6244, stack(0x000000001fb70000,0x000000001fc70000)]
  0x000000001eb45800 JavaThread "Thread-1" daemon [_thread_blocked, id=356, stack(0x000000001fa00000,0x000000001fb00000)]
  0x000000001eb17000 JavaThread "QuantumRenderer-0" daemon [_thread_blocked, id=7376, stack(0x000000001f2c0000,0x000000001f3c0000)]
  0x000000001debc800 JavaThread "Service Thread" daemon [_thread_blocked, id=824, stack(0x000000001e7e0000,0x000000001e8e0000)]
  0x000000001de2d000 JavaThread "C1 CompilerThread2" daemon [_thread_blocked, id=7636, stack(0x000000001e6e0000,0x000000001e7e0000)]
  0x000000001de2b800 JavaThread "C2 CompilerThread1" daemon [_thread_blocked, id=4436, stack(0x000000001e3c0000,0x000000001e4c0000)]
  0x000000001de24800 JavaThread "C2 CompilerThread0" daemon [_thread_blocked, id=5568, stack(0x000000001e590000,0x000000001e690000)]
  0x000000001de22000 JavaThread "Attach Listener" daemon [_thread_blocked, id=3812, stack(0x000000001daa0000,0x000000001dba0000)]
  0x000000001de21800 JavaThread "Signal Dispatcher" daemon [_thread_blocked, id=8176, stack(0x000000001e2c0000,0x000000001e3c0000)]
  0x000000001c386800 JavaThread "Finalizer" daemon [_thread_blocked, id=2144, stack(0x0000000002270000,0x0000000002370000)]
  0x000000001c37c800 JavaThread "Reference Handler" daemon [_thread_blocked, id=7092, stack(0x000000001dcd0000,0x000000001ddd0000)]
  0x000000000205e800 JavaThread "main" [_thread_blocked, id=4352, stack(0x0000000002370000,0x0000000002470000)]

Other Threads:
  0x000000001c376800 VMThread [stack: 0x000000001dbb0000,0x000000001dcb0000] [id=5224]
  0x000000001dec4800 WatcherThread [stack: 0x000000001e990000,0x000000001ea90000] [id=7276]

VM state:not at safepoint (normal execution)

VM Mutex/Monitor currently owned by a thread: None

Heap:
 PSYoungGen      total 76288K, used 43476K [0x000000076ad00000, 0x0000000770200000, 0x00000007c0000000)
  eden space 65536K, 66% used [0x000000076ad00000,0x000000076d775260,0x000000076ed00000)
  from space 10752K, 0% used [0x000000076f780000,0x000000076f780000,0x0000000770200000)
  to   space 10752K, 0% used [0x000000076ed00000,0x000000076ed00000,0x000000076f780000)
 ParOldGen       total 175104K, used 0K [0x00000006c0600000, 0x00000006cb100000, 0x000000076ad00000)
  object space 175104K, 0% used [0x00000006c0600000,0x00000006c0600000,0x00000006cb100000)
 Metaspace       used 15714K, capacity 16310K, committed 16640K, reserved 1062912K
  class space    used 2287K, capacity 2475K, committed 2560K, reserved 1048576K

Card table byte_map: [0x0000000011b00000,0x0000000012300000] byte_map_base: 0x000000000e4fd000

Marking Bits: (ParMarkBitMap*) 0x000000005e3c4040
 Begin Bits: [0x00000000131c0000, 0x00000000171a8000)
 End Bits:   [0x00000000171a8000, 0x000000001b190000)

Polling page: 0x00000000001d0000

CodeCache: size=245760Kb used=4919Kb max_used=4926Kb free=240840Kb
 bounds [0x0000000002740000, 0x0000000002c20000, 0x0000000011740000]
 total_blobs=2141 nmethods=1502 adapters=552
 compilation: enabled

Compilation events (10 events):
Event: 2.855 Thread 0x000000001de2d000 nmethod 1497 0x0000000002bf5e50 code [0x0000000002bf5fa0, 0x0000000002bf6090]
Event: 2.855 Thread 0x000000001de24800 1498       4       java.util.ArrayList::isEmpty (13 bytes)
Event: 2.856 Thread 0x000000001de2d000 1499       3       java.lang.Math::min (45 bytes)
Event: 2.856 Thread 0x000000001de24800 nmethod 1498 0x0000000002b9f450 code [0x0000000002b9f580, 0x0000000002b9f5f8]
Event: 2.856 Thread 0x000000001de2d000 nmethod 1499 0x0000000002c10990 code [0x0000000002c10b00, 0x0000000002c10e50]
Event: 2.863 Thread 0x000000001de2d000 1500       1       javafx.scene.control.Control::isResizable (2 bytes)
Event: 2.863 Thread 0x000000001de2d000 nmethod 1500 0x0000000002c106d0 code [0x0000000002c10820, 0x0000000002c10930]
Event: 2.863 Thread 0x000000001de2d000 1501       1       javafx.scene.layout.Region::access$1600 (5 bytes)
Event: 2.863 Thread 0x000000001de2d000 nmethod 1501 0x0000000002c10410 code [0x0000000002c10560, 0x0000000002c10650]
Event: 2.863 Thread 0x000000001de2d000 1502       3       javafx.scene.Node::getLayoutBounds (11 bytes)

GC Heap History (0 events):
No events

Deoptimization events (10 events):
Event: 0.859 Thread 0x000000001eb49800 Uncommon trap: reason=class_check action=maybe_recompile pc=0x00000000029e14a8 method=java.io.DataInputStream.readShort()S @ 4
Event: 0.859 Thread 0x000000001eb49800 Uncommon trap: reason=class_check action=maybe_recompile pc=0x00000000029e14a8 method=java.io.DataInputStream.readShort()S @ 4
Event: 0.859 Thread 0x000000001eb49800 Uncommon trap: reason=class_check action=maybe_recompile pc=0x00000000029e14a8 method=java.io.DataInputStream.readShort()S @ 4
Event: 0.859 Thread 0x000000001eb49800 Uncommon trap: reason=class_check action=maybe_recompile pc=0x00000000029e14a8 method=java.io.DataInputStream.readShort()S @ 4
Event: 0.863 Thread 0x000000001eb49800 Uncommon trap: reason=class_check action=maybe_recompile pc=0x000000000286a254 method=java.lang.String.equals(Ljava/lang/Object;)Z @ 8
Event: 0.863 Thread 0x000000001eb49800 Uncommon trap: reason=class_check action=maybe_recompile pc=0x000000000286a254 method=java.lang.String.equals(Ljava/lang/Object;)Z @ 8
Event: 0.863 Thread 0x000000001eb49800 Uncommon trap: reason=class_check action=maybe_recompile pc=0x000000000286a254 method=java.lang.String.equals(Ljava/lang/Object;)Z @ 8
Event: 0.868 Thread 0x000000001eb49800 Uncommon trap: reason=class_check action=maybe_recompile pc=0x000000000286a254 method=java.lang.String.equals(Ljava/lang/Object;)Z @ 8
Event: 0.889 Thread 0x000000001eb49800 Uncommon trap: reason=unstable_if action=reinterpret pc=0x0000000002aa7ff4 method=java.lang.String.regionMatches(ZILjava/lang/String;II)Z @ 123
Event: 1.074 Thread 0x000000001eb49800 Uncommon trap: reason=unstable_if action=reinterpret pc=0x0000000002acf210 method=jdk.internal.org.objectweb.asm.Type.getArgumentsAndReturnSizes(Ljava/lang/String;)I @ 47

Internal exceptions (10 events):
Event: 0.169 Thread 0x000000000205e800 Exception <a 'java/lang/NullPointerException'> (0x000000076b1dde38) thrown at [C:\re\workspace\8-2-build-windows-amd64-cygwin\jdk8u51\3951\hotspot\src\share\vm\interpreter\linkResolver.cpp, line 1178]
Event: 0.445 Thread 0x000000001eb49800 Exception <a 'java/lang/NullPointerException'> (0x000000076bebc480) thrown at [C:\re\workspace\8-2-build-windows-amd64-cygwin\jdk8u51\3951\hotspot\src\share\vm\interpreter\linkResolver.cpp, line 1178]
Event: 0.445 Thread 0x000000001eb49800 Exception <a 'java/lang/NullPointerException'> (0x000000076bebc480) thrown at [C:\re\workspace\8-2-build-windows-amd64-cygwin\jdk8u51\3951\hotspot\src\share\vm\prims\jvm.cpp, line 1386]
Event: 0.569 Thread 0x000000001eb49800 Exception <a 'java/lang/ArrayIndexOutOfBoundsException': 58> (0x000000076c490868) thrown at [C:\re\workspace\8-2-build-windows-amd64-cygwin\jdk8u51\3951\hotspot\src\share\vm\interpreter\interpreterRuntime.cpp, line 366]
Event: 0.570 Thread 0x000000001eb49800 Exception <a 'java/lang/ArrayIndexOutOfBoundsException': 18> (0x000000076c491640) thrown at [C:\re\workspace\8-2-build-windows-amd64-cygwin\jdk8u51\3951\hotspot\src\share\vm\interpreter\interpreterRuntime.cpp, line 366]
Event: 0.571 Thread 0x000000001eb49800 Exception <a 'java/lang/ArrayIndexOutOfBoundsException': 86> (0x000000076c492938) thrown at [C:\re\workspace\8-2-build-windows-amd64-cygwin\jdk8u51\3951\hotspot\src\share\vm\interpreter\interpreterRuntime.cpp, line 366]
Event: 0.624 Thread 0x000000001eb49800 Exception <a 'java/lang/ArrayIndexOutOfBoundsException'> (0x000000076c6dfb58) thrown at [C:\re\workspace\8-2-build-windows-amd64-cygwin\jdk8u51\3951\hotspot\src\share\vm\runtime\sharedRuntime.cpp, line 605]
Event: 0.624 Thread 0x000000001eb49800 Exception <a 'java/lang/ArrayIndexOutOfBoundsException'> (0x000000076c6e0e98) thrown at [C:\re\workspace\8-2-build-windows-amd64-cygwin\jdk8u51\3951\hotspot\src\share\vm\runtime\sharedRuntime.cpp, line 605]
Event: 0.626 Thread 0x000000001eb49800 Exception <a 'java/lang/ArrayIndexOutOfBoundsException'> (0x000000076c6f1220) thrown at [C:\re\workspace\8-2-build-windows-amd64-cygwin\jdk8u51\3951\hotspot\src\share\vm\runtime\sharedRuntime.cpp, line 605]
Event: 0.706 Thread 0x000000001eb49800 Implicit null exception at 0x00000000029faf35 to 0x00000000029fb125

Events (10 events):
Event: 1.150 loading class javafx/scene/Node
Event: 1.150 loading class javafx/scene/Node done
Event: 1.735 loading class com/sun/javafx/tk/quantum/GlassViewEventHandler
Event: 1.735 loading class com/sun/javafx/tk/quantum/GlassViewEventHandler done
Event: 1.735 loading class com/sun/javafx/scene/input/KeyCodeMap
Event: 1.735 loading class com/sun/javafx/scene/input/KeyCodeMap done
Event: 1.738 loading class com/sun/javafx/geometry/BoundsUtils
Event: 1.738 loading class com/sun/javafx/geometry/BoundsUtils done
Event: 1.744 loading class com/sun/prism/shape/ShapeRep$InvalidationType
Event: 1.744 loading class com/sun/prism/shape/ShapeRep$InvalidationType done


Dynamic libraries:
0x000000013fe40000 - 0x000000013fe77000 	C:\Program Files\Java\jdk1.8.0_51\jre\bin\java.exe
0x0000000076ea0000 - 0x0000000077049000 	C:\Windows\SYSTEM32\ntdll.dll
0x0000000076c80000 - 0x0000000076d9f000 	C:\Windows\system32\kernel32.dll
0x000007fefcdf0000 - 0x000007fefce5c000 	C:\Windows\system32\KERNELBASE.dll
0x000007fefdfc0000 - 0x000007fefe09b000 	C:\Windows\system32\ADVAPI32.dll
0x000007feff090000 - 0x000007feff12f000 	C:\Windows\system32\msvcrt.dll
0x000007fefdfa0000 - 0x000007fefdfbf000 	C:\Windows\SYSTEM32\sechost.dll
0x000007fefde70000 - 0x000007fefdf9d000 	C:\Windows\system32\RPCRT4.dll
0x0000000076da0000 - 0x0000000076e9a000 	C:\Windows\system32\USER32.dll
0x000007feff140000 - 0x000007feff1a7000 	C:\Windows\system32\GDI32.dll
0x000007feff130000 - 0x000007feff13e000 	C:\Windows\system32\LPK.dll
0x000007fefdda0000 - 0x000007fefde6a000 	C:\Windows\system32\USP10.dll
0x000007fefb5a0000 - 0x000007fefb794000 	C:\Windows\WinSxS\amd64_microsoft.windows.common-controls_6595b64144ccf1df_6.0.7601.18837_none_fa3b1e3d17594757\COMCTL32.dll
0x000007fefd570000 - 0x000007fefd5e1000 	C:\Windows\system32\SHLWAPI.dll
0x000007feff000000 - 0x000007feff02e000 	C:\Windows\system32\IMM32.DLL
0x000007fefe140000 - 0x000007fefe249000 	C:\Windows\system32\MSCTF.dll
0x0000000060e30000 - 0x0000000060f02000 	C:\Program Files\Java\jdk1.8.0_51\jre\bin\msvcr100.dll
0x000000005dbc0000 - 0x000000005e443000 	C:\Program Files\Java\jdk1.8.0_51\jre\bin\server\jvm.dll
0x000007fef85f0000 - 0x000007fef85f9000 	C:\Windows\system32\WSOCK32.dll
0x000007feff040000 - 0x000007feff08d000 	C:\Windows\system32\WS2_32.dll
0x000007feff030000 - 0x000007feff038000 	C:\Windows\system32\NSI.dll
0x000007fefa7a0000 - 0x000007fefa7db000 	C:\Windows\system32\WINMM.dll
0x000007fefc4e0000 - 0x000007fefc4ec000 	C:\Windows\system32\VERSION.dll
0x0000000077060000 - 0x0000000077067000 	C:\Windows\system32\PSAPI.DLL
0x0000000061790000 - 0x000000006179f000 	C:\Program Files\Java\jdk1.8.0_51\jre\bin\verify.dll
0x0000000061660000 - 0x0000000061689000 	C:\Program Files\Java\jdk1.8.0_51\jre\bin\java.dll
0x0000000061640000 - 0x0000000061656000 	C:\Program Files\Java\jdk1.8.0_51\jre\bin\zip.dll
0x000007fefe250000 - 0x000007fefefd9000 	C:\Windows\system32\SHELL32.dll
0x000007fefd8c0000 - 0x000007fefdac3000 	C:\Windows\system32\ole32.dll
0x000007fefcc50000 - 0x000007fefcc5f000 	C:\Windows\system32\profapi.dll
0x000000006cc10000 - 0x000000006cc3c000 	C:\Program Files\Java\jdk1.8.0_51\jre\bin\prism_d3d.dll
0x000007fee5640000 - 0x000007fee583f000 	C:\Windows\system32\d3d9.dll
0x000007fee5630000 - 0x000007fee5637000 	C:\Windows\system32\d3d8thk.dll
0x000007fefc3c0000 - 0x000007fefc3d8000 	C:\Windows\system32\dwmapi.dll
0x000007fefba90000 - 0x000007fefbae6000 	C:\Windows\system32\uxtheme.dll
0x000007fed97e0000 - 0x000007feda6d9000 	C:\Windows\system32\nvd3dumx.dll
0x0000000180000000 - 0x00000001801a7000 	C:\Windows\system32\nvspcap64.dll
0x000007fefd1e0000 - 0x000007fefd2b7000 	C:\Windows\system32\OLEAUT32.dll
0x000007fefd000000 - 0x000007fefd1d7000 	C:\Windows\system32\SETUPAPI.dll
0x000007fefcda0000 - 0x000007fefcdd6000 	C:\Windows\system32\CFGMGR32.dll
0x000007fefcfd0000 - 0x000007fefcfea000 	C:\Windows\system32\DEVOBJ.dll
0x000007fef2360000 - 0x000007fef23d1000 	C:\Windows\system32\WINHTTP.dll
0x000007fef22f0000 - 0x000007fef2354000 	C:\Windows\system32\webio.dll
0x000007fef97b0000 - 0x000007fef9b43000 	C:\Windows\system32\nvapi64.dll
0x000007fefca10000 - 0x000007fefca35000 	C:\Windows\system32\SspiCli.dll
0x0000000052ec0000 - 0x0000000052f01000 	C:\Program Files\Java\jdk1.8.0_51\jre\bin\glass.dll
0x000007fefd4d0000 - 0x000007fefd567000 	C:\Windows\system32\COMDLG32.dll
0x000007fefcae0000 - 0x000007fefcaef000 	C:\Windows\system32\CRYPTBASE.dll
0x000007fefaf50000 - 0x000007fefaf7c000 	C:\Windows\system32\powrprof.dll
0x000007fee3690000 - 0x000007fee3770000 	C:\Program Files (x86)\NVIDIA Corporation\3D Vision\nvSCPAPI64.dll
0x0000000053020000 - 0x0000000053035000 	C:\Program Files\Java\jdk1.8.0_51\jre\bin\javafx_font.dll
0x000007fedf550000 - 0x000007fedf6e7000 	C:\Windows\system32\dwrite.dll
0x000007fefe0a0000 - 0x000007fefe139000 	C:\Windows\system32\CLBCatQ.DLL
0x000007fefacb0000 - 0x000007fefae11000 	C:\Windows\system32\WindowsCodecs.dll
0x000007fefca40000 - 0x000007fefca97000 	C:\Windows\system32\apphelp.dll
0x000007fef4830000 - 0x000007fef486f000 	C:\Users\SISTEMAS\AppData\Local\Microsoft\SkyDrive\17.0.4023.1211\amd64\SkyDriveShell64.dll
0x000007fef30d0000 - 0x000007fef3177000 	C:\Users\SISTEMAS\AppData\Local\Microsoft\SkyDrive\17.0.4023.1211\amd64\MSVCP110.dll
0x000007fef3000000 - 0x000007fef30ce000 	C:\Users\SISTEMAS\AppData\Local\Microsoft\SkyDrive\17.0.4023.1211\amd64\MSVCR110.dll
0x000007fefd650000 - 0x000007fefd8b9000 	C:\Windows\system32\WININET.dll
0x000007fefcd90000 - 0x000007fefcd94000 	C:\Windows\system32\api-ms-win-downlevel-user32-l1-1-0.dll
0x000007fefcde0000 - 0x000007fefcde4000 	C:\Windows\system32\api-ms-win-downlevel-shlwapi-l1-1-0.dll
0x000007fefcc60000 - 0x000007fefcc64000 	C:\Windows\system32\api-ms-win-downlevel-version-l1-1-0.dll
0x000007fefcd80000 - 0x000007fefcd83000 	C:\Windows\system32\api-ms-win-downlevel-normaliz-l1-1-0.dll
0x0000000077070000 - 0x0000000077073000 	C:\Windows\system32\normaliz.DLL
0x000007fefdad0000 - 0x000007fefdd98000 	C:\Windows\system32\iertutil.dll
0x000007fefcff0000 - 0x000007fefcff5000 	C:\Windows\system32\api-ms-win-downlevel-advapi32-l1-1-0.dll
0x000007fefcd10000 - 0x000007fefcd2e000 	C:\Windows\system32\USERENV.dll
0x000007fee3440000 - 0x000007fee367f000 	C:\Program Files\Microsoft Office 15\root\VFS\ProgramFilesX64\Microsoft Office\Office15\GROOVEEX.DLL
0x000000006b840000 - 0x000000006b8d8000 	C:\Program Files\Microsoft Office 15\root\VFS\ProgramFilesX64\Microsoft Office\Office15\MSVCP100.dll
0x000000006b340000 - 0x000000006b36b000 	C:\Program Files\Microsoft Office 15\root\VFS\ProgramFilesX64\Microsoft Office\Office15\ATL100.DLL
0x000007fee3120000 - 0x000007fee343e000 	C:\Windows\system32\msi.dll
0x000007fee0300000 - 0x000007fee0b88000 	C:\Program Files\Microsoft Office 15\root\VFS\ProgramFilesX64\Microsoft Office\Office15\3082\GrooveIntlResource.dll
0x000007fee4680000 - 0x000007fee46f6000 	C:\ProgramData\MEGAsync\ShellExtX64.dll
0x000007fef2fc0000 - 0x000007fef2ff5000 	C:\Windows\system32\EhStorShell.dll
0x000007fefb070000 - 0x000007fefb19c000 	C:\Windows\system32\PROPSYS.dll
0x000007fee2ba0000 - 0x000007fee2c1e000 	C:\Windows\System32\cscui.dll
0x000007fef4820000 - 0x000007fef482c000 	C:\Windows\System32\CSCDLL.dll
0x000007feec510000 - 0x000007feec51f000 	C:\Windows\system32\CSCAPI.dll
0x000007fefa260000 - 0x000007fefa28d000 	C:\Program Files\Common Files\Microsoft Shared\Ink\rtscom.dll
0x0000000052ea0000 - 0x0000000052eb1000 	C:\Program Files\Java\jdk1.8.0_51\jre\bin\prism_common.dll
0x000007feec520000 - 0x000007feec645000 	C:\Windows\system32\dbghelp.dll

VM Arguments:
jvm_args: -Dfile.encoding=UTF-8 
java_command: D:\HACIENTO PROGRAMAS JAVA FX\PUNTOVENTAS\dist\run623485372\PUNTOVENTAS.jar
java_class_path (initial): D:\HACIENTO PROGRAMAS JAVA FX\PUNTOVENTAS\dist\run623485372\PUNTOVENTAS.jar
Launcher Type: SUN_STANDARD

Environment Variables:
JAVA_HOME=C:\Program Files (x86)\Java\jdk1.7.0_07
PATH=C:\ProgramData\Oracle\Java\javapath;C:\Program Files (x86)\AMD APP\bin\x86_64;C:\Windows\system32;C:\Windows;C:\Windows\System32\Wbem;C:\Windows\System32\WindowsPowerShell\v1.0\;C:\Program Files (x86)\ATI Technologies\ATI.ACE\Core-Static;C:\Program Files\Microsoft SQL Server\110\Tools\Binn\;C:\Program Files (x86)\Microsoft SQL Server\110\Tools\Binn\;C:\Program Files\Microsoft SQL Server\110\DTS\Binn\;C:\Program Files (x86)\Microsoft SQL Server\110\Tools\Binn\ManagementStudio\;C:\Program Files (x86)\Microsoft Visual Studio 10.0\Common7\IDE\PrivateAssemblies\;C:\Program Files (x86)\Microsoft SQL Server\110\DTS\Binn\;C:\Program Files\Microsoft SQL Server\120\Tools\Binn\;;C:\Program Files (x86)\NVIDIA Corporation\PhysX\Common;C:\Program Files (x86)\MySQL\MySQL Fabric 1.5.4 & MySQL Utilities 1.5.4 1.5\;C:\Program Files (x86)\MySQL\MySQL Fabric 1.5.4 & MySQL Utilities 1.5.4 1.5\Doctrine extensions for PHP\;C:\Program Files (x86)\Java\jdk1.7.0_07\bin;C:\apache-tomcat-7.0.63\bin;C:\Program Files (x86)\Skype\Phone\;C:\Program Files (x86)\EasyFrom Inc\;C:\Program Files (x86)\QuickTime\QTSystem\;
USERNAME=SISTEMAS
OS=Windows_NT
PROCESSOR_IDENTIFIER=AMD64 Family 21 Model 1 Stepping 2, AuthenticAMD



---------------  S Y S T E M  ---------------

OS: Windows 7 , 64 bit Build 7601 (6.1.7601.19110)

CPU:total 6 (6 cores per cpu, 1 threads per core) family 21 model 1 stepping 2, cmov, cx8, fxsr, mmx, sse, sse2, sse3, ssse3, sse4.1, sse4.2, popcnt, avx, aes, clmul, mmxext, 3dnowpref, lzcnt, sse4a, tsc, tscinvbit, tscinv

Memory: 4k page, physical 16746724k(8637884k free), swap 33491612k(23189240k free)

vm_info: Java HotSpot(TM) 64-Bit Server VM (25.51-b03) for windows-amd64 JRE (1.8.0_51-b16), built on Jun  8 2015 18:03:07 by "java_re" with MS VC++ 10.0 (VS2010)

time: Fri May 06 10:10:39 2016
elapsed time: 2 seconds (0d 0h 0m 2s)

