#
# A fatal error has been detected by the Java Runtime Environment:
#
#  EXCEPTION_ACCESS_VIOLATION (0xc0000005) at pc=0x00000000030d34db, pid=2532, tid=5452
#
# JRE version: Java(TM) SE Runtime Environment (8.0_51-b16) (build 1.8.0_51-b16)
# Java VM: Java HotSpot(TM) 64-Bit Server VM (25.51-b03 mixed mode windows-amd64 compressed oops)
# Problematic frame:
# J 2792 C1 javafx.scene.layout.Region.resize(DD)V (67 bytes) @ 0x00000000030d34db [0x00000000030d3140+0x39b]
#
# Failed to write core dump. Minidumps are not enabled by default on client versions of Windows
#
# If you would like to submit a bug report, please visit:
#   http://bugreport.java.com/bugreport/crash.jsp
#

---------------  T H R E A D  ---------------

Current thread (0x000000001ee65000):  JavaThread "JavaFX Application Thread" [_thread_in_Java, id=5452, stack(0x000000001f880000,0x000000001f980000)]

siginfo: ExceptionCode=0xc0000005, reading address 0x00000000c000001c

Registers:
RAX=0x00000000c000001c, RBX=0x000000001f978b00, RCX=0x00000000030d34db, RDX=0x0000000000000000
RSP=0x000000001f978b00, RBP=0x000000001f978c68, RSI=0x0000000000000108, RDI=0x0000000026502940
R8 =0x000000001f978b00, R9 =0x000000001f978c68, R10=0x0000000000000000, R11=0x0000000000000202
R12=0x0000000000000000, R13=0x00000000030d33ac, R14=0x000000001f978af8, R15=0x000000001ee65000
RIP=0x00000000030d34db, EFLAGS=0x0000000000010202

Top of Stack: (sp=0x000000001f978b00)
0x000000001f978b00:   000000001c2afc58 00000007c00dd840
0x000000001f978b10:   000000001ee65000 000000001ee65000
0x000000001f978b20:   00000007c01aecc8 000000001ee65001
0x000000001f978b30:   000000001ee65000 000000005d629ca3
0x000000001f978b40:   000000001c2afc58 000000001ee65000
0x000000001f978b50:   000000001c2afc58 000000001ee65000
0x000000001f978b60:   000000001eebf7e0 000000001ee92950
0x000000001f978b70:   000000001f978bd0 000000005d630950
0x000000001f978b80:   00000007c01aecc8 000000001f978bc0
0x000000001f978b90:   000000001f978c50 000000001ee65000
0x000000001f978ba0:   000000076b5494b8 000000001de49201
0x000000001f978bb0:   00000007c00bd401 000000001ee65000
0x000000001f978bc0:   4082880000000000 409e000000000000
0x000000001f978bd0:   0000000000000000 000000005d6988dc
0x000000001f978be0:   000000001f978c68 00000000028a7ced
0x000000001f978bf0:   000000001f978bf0 00000000028a7ced 

Instructions: (pc=0x00000000030d34db)
0x00000000030d34bb:   52 68 48 c1 e2 03 48 83 fa 00 48 ba 00 7f 8e 26
0x00000000030d34cb:   00 00 00 00 48 be 08 01 00 00 00 00 00 00 0f 05
0x00000000030d34db:   0a 00 00 00 48 be 18 01 00 00 00 00 00 00 48 8b
0x00000000030d34eb:   3c 32 48 8d 7f 01 48 89 3c 32 0f 85 49 00 00 00 


Register to memory mapping:

RAX=0x00000000c000001c is an unknown value
RBX=0x000000001f978b00 is pointing into the stack for thread: 0x000000001ee65000
RCX=0x00000000030d34db is at entry_point+923 in (nmethod*)0x00000000030d2e50
RDX=0x0000000000000000 is an unknown value
RSP=0x000000001f978b00 is pointing into the stack for thread: 0x000000001ee65000
RBP=0x000000001f978c68 is pointing into the stack for thread: 0x000000001ee65000
RSI=0x0000000000000108 is an unknown value
RDI=0x0000000026502940 is pointing into metadata
R8 =0x000000001f978b00 is pointing into the stack for thread: 0x000000001ee65000
R9 =0x000000001f978c68 is pointing into the stack for thread: 0x000000001ee65000
R10=0x0000000000000000 is an unknown value
R11=0x0000000000000202 is an unknown value
R12=0x0000000000000000 is an unknown value
R13=0x00000000030d33ac is at entry_point+620 in (nmethod*)0x00000000030d2e50
R14=0x000000001f978af8 is pointing into the stack for thread: 0x000000001ee65000
R15=0x000000001ee65000 is a thread


Stack: [0x000000001f880000,0x000000001f980000],  sp=0x000000001f978b00,  free space=994k
Native frames: (J=compiled Java code, j=interpreted, Vv=VM code, C=native code)
C  0x00000000030d34db


---------------  P R O C E S S  ---------------

Java Threads: ( => current thread )
  0x000000001df81000 JavaThread "D3D Screen Updater" daemon [_thread_blocked, id=5708, stack(0x0000000027400000,0x0000000027500000)]
  0x00000000232ed800 JavaThread "AWT-Windows" daemon [_thread_in_native, id=1568, stack(0x0000000025d00000,0x0000000025e00000)]
  0x00000000230f9000 JavaThread "Java2D Disposer" daemon [_thread_blocked, id=6000, stack(0x0000000025e50000,0x0000000025f50000)]
  0x000000001f313000 JavaThread "Prism Font Disposer" daemon [_thread_blocked, id=5732, stack(0x0000000022cc0000,0x0000000022dc0000)]
  0x000000001ee95800 JavaThread "Thread-3" daemon [_thread_in_native, id=6320, stack(0x0000000020dd0000,0x0000000020ed0000)]
  0x000000001ee33000 JavaThread "JavaFX-Launcher" [_thread_blocked, id=6196, stack(0x00000000210b0000,0x00000000211b0000)]
=>0x000000001ee65000 JavaThread "JavaFX Application Thread" [_thread_in_Java, id=5452, stack(0x000000001f880000,0x000000001f980000)]
  0x000000001ee62000 JavaThread "Thread-1" daemon [_thread_blocked, id=3944, stack(0x000000001f750000,0x000000001f850000)]
  0x000000001ee0b800 JavaThread "QuantumRenderer-0" daemon [_thread_blocked, id=7876, stack(0x000000001f5b0000,0x000000001f6b0000)]
  0x000000001de94000 JavaThread "Service Thread" daemon [_thread_blocked, id=6964, stack(0x000000001ea70000,0x000000001eb70000)]
  0x000000001de47000 JavaThread "C1 CompilerThread2" daemon [_thread_blocked, id=6760, stack(0x000000001e830000,0x000000001e930000)]
  0x000000001de1e000 JavaThread "C2 CompilerThread1" daemon [_thread_blocked, id=844, stack(0x000000001e6b0000,0x000000001e7b0000)]
  0x000000001de17000 JavaThread "C2 CompilerThread0" daemon [_thread_blocked, id=1472, stack(0x000000001e540000,0x000000001e640000)]
  0x000000001de15000 JavaThread "Attach Listener" daemon [_thread_blocked, id=7012, stack(0x000000001e410000,0x000000001e510000)]
  0x000000001de14000 JavaThread "Signal Dispatcher" daemon [_thread_blocked, id=2212, stack(0x000000001e310000,0x000000001e410000)]
  0x000000001c5f7800 JavaThread "Finalizer" daemon [_thread_blocked, id=7860, stack(0x000000001d960000,0x000000001da60000)]
  0x000000001c5f0000 JavaThread "Reference Handler" daemon [_thread_blocked, id=7552, stack(0x000000001dcc0000,0x000000001ddc0000)]
  0x000000000216e800 JavaThread "main" [_thread_blocked, id=8172, stack(0x00000000024d0000,0x00000000025d0000)]

Other Threads:
  0x000000001c5ea000 VMThread [stack: 0x000000001dac0000,0x000000001dbc0000] [id=8100]
  0x000000001de97800 WatcherThread [stack: 0x000000001ec90000,0x000000001ed90000] [id=2024]

VM state:not at safepoint (normal execution)

VM Mutex/Monitor currently owned by a thread: None

Heap:
 PSYoungGen      total 76288K, used 35136K [0x000000076ad00000, 0x0000000770200000, 0x00000007c0000000)
  eden space 65536K, 53% used [0x000000076ad00000,0x000000076cf502d8,0x000000076ed00000)
  from space 10752K, 0% used [0x000000076ed00000,0x000000076ed00000,0x000000076f780000)
  to   space 10752K, 0% used [0x000000076f780000,0x000000076f780000,0x0000000770200000)
 ParOldGen       total 75776K, used 9301K [0x00000006c0600000, 0x00000006c5000000, 0x000000076ad00000)
  object space 75776K, 12% used [0x00000006c0600000,0x00000006c0f156d0,0x00000006c5000000)
 Metaspace       used 25808K, capacity 26656K, committed 26880K, reserved 1073152K
  class space    used 3546K, capacity 3735K, committed 3840K, reserved 1048576K

Card table byte_map: [0x0000000011c60000,0x0000000012460000] byte_map_base: 0x000000000e65d000

Marking Bits: (ParMarkBitMap*) 0x000000005dd74040
 Begin Bits: [0x0000000013430000, 0x0000000017418000)
 End Bits:   [0x0000000017418000, 0x000000001b400000)

Polling page: 0x0000000001c60000

CodeCache: size=245760Kb used=8392Kb max_used=8406Kb free=237367Kb
 bounds [0x00000000028a0000, 0x00000000030e0000, 0x00000000118a0000]
 total_blobs=3551 nmethods=2737 adapters=726
 compilation: enabled

Compilation events (10 events):
Event: 24.125 Thread 0x000000001de47000 2792       3       javafx.scene.layout.Region::resize (67 bytes)
Event: 24.126 Thread 0x000000001de47000 nmethod 2792 0x00000000030d2e50 code [0x00000000030d3140, 0x00000000030d4688]
Event: 24.126 Thread 0x000000001de47000 2794       3       javafx.scene.control.Labeled::getLabelPadding (24 bytes)
Event: 24.126 Thread 0x000000001de47000 nmethod 2794 0x00000000030d5250 code [0x00000000030d53c0, 0x00000000030d5728]
Event: 24.126 Thread 0x000000001de47000 2795       3       java.lang.Integer::equals (29 bytes)
Event: 24.126 Thread 0x000000001de47000 nmethod 2795 0x00000000030d5810 code [0x00000000030d5980, 0x00000000030d5df0]
Event: 24.126 Thread 0x000000001de47000 2796       3       javafx.scene.layout.Region::getWidth (22 bytes)
Event: 24.127 Thread 0x000000001de47000 nmethod 2796 0x00000000030d5ed0 code [0x00000000030d6040, 0x00000000030d6408]
Event: 24.127 Thread 0x000000001de47000 2797       3       javafx.scene.layout.Region::snapSpace (14 bytes)
Event: 24.127 Thread 0x000000001de47000 nmethod 2797 0x00000000030d6550 code [0x00000000030d66c0, 0x00000000030d6888]

GC Heap History (4 events):
Event: 11.468 GC heap before
{Heap before GC invocations=1 (full 0):
 PSYoungGen      total 76288K, used 51807K [0x000000076ad00000, 0x0000000770200000, 0x00000007c0000000)
  eden space 65536K, 79% used [0x000000076ad00000,0x000000076df97f48,0x000000076ed00000)
  from space 10752K, 0% used [0x000000076f780000,0x000000076f780000,0x0000000770200000)
  to   space 10752K, 0% used [0x000000076ed00000,0x000000076ed00000,0x000000076f780000)
 ParOldGen       total 175104K, used 0K [0x00000006c0600000, 0x00000006cb100000, 0x000000076ad00000)
  object space 175104K, 0% used [0x00000006c0600000,0x00000006c0600000,0x00000006cb100000)
 Metaspace       used 20525K, capacity 21158K, committed 21296K, reserved 1067008K
  class space    used 2758K, capacity 2936K, committed 2944K, reserved 1048576K
Event: 11.481 GC heap after
Heap after GC invocations=1 (full 0):
 PSYoungGen      total 76288K, used 10748K [0x000000076ad00000, 0x0000000770200000, 0x00000007c0000000)
  eden space 65536K, 0% used [0x000000076ad00000,0x000000076ad00000,0x000000076ed00000)
  from space 10752K, 99% used [0x000000076ed00000,0x000000076f77f0b0,0x000000076f780000)
  to   space 10752K, 0% used [0x000000076f780000,0x000000076f780000,0x0000000770200000)
 ParOldGen       total 175104K, used 781K [0x00000006c0600000, 0x00000006cb100000, 0x000000076ad00000)
  object space 175104K, 0% used [0x00000006c0600000,0x00000006c06c37b0,0x00000006cb100000)
 Metaspace       used 20525K, capacity 21158K, committed 21296K, reserved 1067008K
  class space    used 2758K, capacity 2936K, committed 2944K, reserved 1048576K
}
Event: 11.481 GC heap before
{Heap before GC invocations=2 (full 1):
 PSYoungGen      total 76288K, used 10748K [0x000000076ad00000, 0x0000000770200000, 0x00000007c0000000)
  eden space 65536K, 0% used [0x000000076ad00000,0x000000076ad00000,0x000000076ed00000)
  from space 10752K, 99% used [0x000000076ed00000,0x000000076f77f0b0,0x000000076f780000)
  to   space 10752K, 0% used [0x000000076f780000,0x000000076f780000,0x0000000770200000)
 ParOldGen       total 175104K, used 781K [0x00000006c0600000, 0x00000006cb100000, 0x000000076ad00000)
  object space 175104K, 0% used [0x00000006c0600000,0x00000006c06c37b0,0x00000006cb100000)
 Metaspace       used 20525K, capacity 21158K, committed 21296K, reserved 1067008K
  class space    used 2758K, capacity 2936K, committed 2944K, reserved 1048576K
Event: 11.520 GC heap after
Heap after GC invocations=2 (full 1):
 PSYoungGen      total 76288K, used 0K [0x000000076ad00000, 0x0000000770200000, 0x00000007c0000000)
  eden space 65536K, 0% used [0x000000076ad00000,0x000000076ad00000,0x000000076ed00000)
  from space 10752K, 0% used [0x000000076ed00000,0x000000076ed00000,0x000000076f780000)
  to   space 10752K, 0% used [0x000000076f780000,0x000000076f780000,0x0000000770200000)
 ParOldGen       total 75776K, used 9301K [0x00000006c0600000, 0x00000006c5000000, 0x000000076ad00000)
  object space 75776K, 12% used [0x00000006c0600000,0x00000006c0f156d0,0x00000006c5000000)
 Metaspace       used 20525K, capacity 21158K, committed 21296K, reserved 1067008K
  class space    used 2758K, capacity 2936K, committed 2944K, reserved 1048576K
}

Deoptimization events (10 events):
Event: 23.821 Thread 0x000000001ee65000 Uncommon trap: reason=class_check action=maybe_recompile pc=0x0000000002c8c2b0 method=java.io.FilterInputStream.read()I @ 4
Event: 23.821 Thread 0x000000001ee65000 Uncommon trap: reason=class_check action=maybe_recompile pc=0x0000000002c8c2b0 method=java.io.FilterInputStream.read()I @ 4
Event: 23.821 Thread 0x000000001ee65000 Uncommon trap: reason=class_check action=maybe_recompile pc=0x0000000002c8c2b0 method=java.io.FilterInputStream.read()I @ 4
Event: 23.821 Thread 0x000000001ee65000 Uncommon trap: reason=class_check action=maybe_recompile pc=0x0000000002c8c2b0 method=java.io.FilterInputStream.read()I @ 4
Event: 23.823 Thread 0x000000001ee65000 Uncommon trap: reason=unstable_if action=reinterpret pc=0x0000000002be17c0 method=com.sun.javafx.image.impl.ByteBgra$ToByteBgraPreConv.doConvert([BII[BIIII)V @ 31
Event: 23.823 Thread 0x000000001ee65000 Uncommon trap: reason=unstable_if action=reinterpret pc=0x0000000002beadbc method=com.sun.javafx.image.impl.BaseByteToByteConverter$FourByteReorderer.doConvert([BII[BIIII)V @ 31
Event: 24.113 Thread 0x000000001ee65000 Uncommon trap: reason=array_check action=maybe_recompile pc=0x00000000030be690 method=com.sun.javafx.css.SimpleSelector.applies(Ljavafx/css/Styleable;[Ljava/util/Set;I)Z @ 37
Event: 24.113 Thread 0x000000001ee65000 Uncommon trap: reason=array_check action=maybe_recompile pc=0x00000000030be690 method=com.sun.javafx.css.SimpleSelector.applies(Ljavafx/css/Styleable;[Ljava/util/Set;I)Z @ 37
Event: 24.113 Thread 0x000000001ee65000 Uncommon trap: reason=array_check action=maybe_recompile pc=0x00000000030be690 method=com.sun.javafx.css.SimpleSelector.applies(Ljavafx/css/Styleable;[Ljava/util/Set;I)Z @ 37
Event: 24.113 Thread 0x000000001ee65000 Uncommon trap: reason=array_check action=maybe_recompile pc=0x00000000030be690 method=com.sun.javafx.css.SimpleSelector.applies(Ljavafx/css/Styleable;[Ljava/util/Set;I)Z @ 37

Internal exceptions (10 events):
Event: 0.625 Thread 0x000000001ee65000 Exception <a 'java/lang/ArrayIndexOutOfBoundsException'> (0x000000076c6da2a0) thrown at [C:\re\workspace\8-2-build-windows-amd64-cygwin\jdk8u51\3951\hotspot\src\share\vm\runtime\sharedRuntime.cpp, line 605]
Event: 0.628 Thread 0x000000001ee65000 Exception <a 'java/lang/ArrayIndexOutOfBoundsException'> (0x000000076c6ea658) thrown at [C:\re\workspace\8-2-build-windows-amd64-cygwin\jdk8u51\3951\hotspot\src\share\vm\runtime\sharedRuntime.cpp, line 605]
Event: 0.725 Thread 0x000000001ee65000 Implicit null exception at 0x0000000002b5ad75 to 0x0000000002b5af69
Event: 11.317 Thread 0x000000001ee65000 Implicit null exception at 0x0000000002c8b3d6 to 0x0000000002c8b6ed
Event: 11.438 Thread 0x000000001ee65000 Exception <a 'java/io/FileNotFoundException'> (0x000000076de1cf80) thrown at [C:\re\workspace\8-2-build-windows-amd64-cygwin\jdk8u51\3951\hotspot\src\share\vm\prims\jni.cpp, line 709]
Event: 11.542 Thread 0x000000001ee65000 Exception <a 'java/io/FileNotFoundException'> (0x000000076ad4e870) thrown at [C:\re\workspace\8-2-build-windows-amd64-cygwin\jdk8u51\3951\hotspot\src\share\vm\prims\jni.cpp, line 709]
Event: 11.678 Thread 0x000000001ee65000 Implicit null exception at 0x0000000002ae5816 to 0x0000000002ae5b1d
Event: 23.911 Thread 0x000000001ee65000 Exception <a 'java/lang/ArrayIndexOutOfBoundsException'> (0x000000076c1616f8) thrown at [C:\re\workspace\8-2-build-windows-amd64-cygwin\jdk8u51\3951\hotspot\src\share\vm\runtime\sharedRuntime.cpp, line 605]
Event: 23.917 Thread 0x000000001ee65000 Exception <a 'java/lang/ArrayIndexOutOfBoundsException'> (0x000000076c24ac10) thrown at [C:\re\workspace\8-2-build-windows-amd64-cygwin\jdk8u51\3951\hotspot\src\share\vm\runtime\sharedRuntime.cpp, line 605]
Event: 23.941 Thread 0x000000001ee65000 Exception <a 'java/lang/ArrayIndexOutOfBoundsException'> (0x000000076c6714d8) thrown at [C:\re\workspace\8-2-build-windows-amd64-cygwin\jdk8u51\3951\hotspot\src\share\vm\runtime\sharedRuntime.cpp, line 605]

Events (10 events):
Event: 24.113 Thread 0x000000001ee65000 DEOPT UNPACKING pc=0x00000000028e582a sp=0x000000001f97a0e0 mode 2
Event: 24.113 Thread 0x000000001ee65000 Uncommon trap: trap_request=0xffffffd6 fr.pc=0x00000000030be690
Event: 24.113 Thread 0x000000001ee65000 DEOPT PACKING pc=0x00000000030be690 sp=0x000000001f97a150
Event: 24.113 Thread 0x000000001ee65000 DEOPT UNPACKING pc=0x00000000028e582a sp=0x000000001f97a0e0 mode 2
Event: 24.123 loading class java/util/TreeSet
Event: 24.123 loading class java/util/NavigableSet
Event: 24.123 loading class java/util/SortedSet
Event: 24.123 loading class java/util/SortedSet done
Event: 24.124 loading class java/util/NavigableSet done
Event: 24.124 loading class java/util/TreeSet done


Dynamic libraries:
0x000000013fd60000 - 0x000000013fd97000 	C:\Program Files\Java\jdk1.8.0_51\jre\bin\java.exe
0x0000000076d60000 - 0x0000000076f09000 	C:\Windows\SYSTEM32\ntdll.dll
0x0000000076c40000 - 0x0000000076d5f000 	C:\Windows\system32\kernel32.dll
0x000007fefce50000 - 0x000007fefcebc000 	C:\Windows\system32\KERNELBASE.dll
0x000007fefd060000 - 0x000007fefd13b000 	C:\Windows\system32\ADVAPI32.dll
0x000007fefdc00000 - 0x000007fefdc9f000 	C:\Windows\system32\msvcrt.dll
0x000007fefd2c0000 - 0x000007fefd2df000 	C:\Windows\SYSTEM32\sechost.dll
0x000007fefdac0000 - 0x000007fefdbed000 	C:\Windows\system32\RPCRT4.dll
0x0000000076b40000 - 0x0000000076c3a000 	C:\Windows\system32\USER32.dll
0x000007fefcec0000 - 0x000007fefcf27000 	C:\Windows\system32\GDI32.dll
0x000007fefe2d0000 - 0x000007fefe2de000 	C:\Windows\system32\LPK.dll
0x000007fefd2e0000 - 0x000007fefd3aa000 	C:\Windows\system32\USP10.dll
0x000007fefb4a0000 - 0x000007fefb694000 	C:\Windows\WinSxS\amd64_microsoft.windows.common-controls_6595b64144ccf1df_6.0.7601.18837_none_fa3b1e3d17594757\COMCTL32.dll
0x000007fefcfe0000 - 0x000007fefd051000 	C:\Windows\system32\SHLWAPI.dll
0x000007fefcf30000 - 0x000007fefcf5e000 	C:\Windows\system32\IMM32.DLL
0x000007fefdca0000 - 0x000007fefdda9000 	C:\Windows\system32\MSCTF.dll
0x000000005e5b0000 - 0x000000005e682000 	C:\Program Files\Java\jdk1.8.0_51\jre\bin\msvcr100.dll
0x000000005d570000 - 0x000000005ddf3000 	C:\Program Files\Java\jdk1.8.0_51\jre\bin\server\jvm.dll
0x000007fef3110000 - 0x000007fef3119000 	C:\Windows\system32\WSOCK32.dll
0x000007fefddb0000 - 0x000007fefddfd000 	C:\Windows\system32\WS2_32.dll
0x000007fefdbf0000 - 0x000007fefdbf8000 	C:\Windows\system32\NSI.dll
0x000007fefa620000 - 0x000007fefa65b000 	C:\Windows\system32\WINMM.dll
0x000007fefc3a0000 - 0x000007fefc3ac000 	C:\Windows\system32\VERSION.dll
0x0000000076f30000 - 0x0000000076f37000 	C:\Windows\system32\PSAPI.DLL
0x000000005e560000 - 0x000000005e56f000 	C:\Program Files\Java\jdk1.8.0_51\jre\bin\verify.dll
0x000000005e530000 - 0x000000005e559000 	C:\Program Files\Java\jdk1.8.0_51\jre\bin\java.dll
0x000000005e510000 - 0x000000005e526000 	C:\Program Files\Java\jdk1.8.0_51\jre\bin\zip.dll
0x000007fefe2e0000 - 0x000007feff069000 	C:\Windows\system32\SHELL32.dll
0x000007fefd8b0000 - 0x000007fefdab3000 	C:\Windows\system32\ole32.dll
0x000007fefcb00000 - 0x000007fefcb0f000 	C:\Windows\system32\profapi.dll
0x000000005ae90000 - 0x000000005aebc000 	C:\Program Files\Java\jdk1.8.0_51\jre\bin\prism_d3d.dll
0x000007feda4d0000 - 0x000007feda6cf000 	C:\Windows\system32\d3d9.dll
0x000007fedbfc0000 - 0x000007fedbfc7000 	C:\Windows\system32\d3d8thk.dll
0x000007fefc280000 - 0x000007fefc298000 	C:\Windows\system32\dwmapi.dll
0x000007fefb410000 - 0x000007fefb466000 	C:\Windows\system32\uxtheme.dll
0x000007fed8d10000 - 0x000007fed9c09000 	C:\Windows\system32\nvd3dumx.dll
0x0000000180000000 - 0x00000001801a7000 	C:\Windows\system32\nvspcap64.dll
0x000007fefd140000 - 0x000007fefd217000 	C:\Windows\system32\OLEAUT32.dll
0x000007fefe070000 - 0x000007fefe247000 	C:\Windows\system32\SETUPAPI.dll
0x000007fefcba0000 - 0x000007fefcbd6000 	C:\Windows\system32\CFGMGR32.dll
0x000007fefcb80000 - 0x000007fefcb9a000 	C:\Windows\system32\DEVOBJ.dll
0x000007fef1cb0000 - 0x000007fef1d21000 	C:\Windows\system32\WINHTTP.dll
0x000007fef1c40000 - 0x000007fef1ca4000 	C:\Windows\system32\webio.dll
0x000007fef96a0000 - 0x000007fef9a33000 	C:\Windows\system32\nvapi64.dll
0x000007fefc8d0000 - 0x000007fefc8f5000 	C:\Windows\system32\SspiCli.dll
0x0000000059910000 - 0x0000000059951000 	C:\Program Files\Java\jdk1.8.0_51\jre\bin\glass.dll
0x000007fefd810000 - 0x000007fefd8a7000 	C:\Windows\system32\COMDLG32.dll
0x000007fefc9a0000 - 0x000007fefc9af000 	C:\Windows\system32\CRYPTBASE.dll
0x000007fefadc0000 - 0x000007fefadec000 	C:\Windows\system32\powrprof.dll
0x000007fef62f0000 - 0x000007fef63d0000 	C:\Program Files (x86)\NVIDIA Corporation\3D Vision\nvSCPAPI64.dll
0x000000005aed0000 - 0x000000005aee5000 	C:\Program Files\Java\jdk1.8.0_51\jre\bin\javafx_font.dll
0x000007fef51d0000 - 0x000007fef5367000 	C:\Windows\system32\dwrite.dll
0x000007fefd220000 - 0x000007fefd2b9000 	C:\Windows\system32\CLBCatQ.DLL
0x000007fefab20000 - 0x000007fefac81000 	C:\Windows\system32\WindowsCodecs.dll
0x000007fefc900000 - 0x000007fefc957000 	C:\Windows\system32\apphelp.dll
0x000007feea880000 - 0x000007feea8bf000 	C:\Users\SISTEMAS\AppData\Local\Microsoft\SkyDrive\17.0.4023.1211\amd64\SkyDriveShell64.dll
0x000007feea7c0000 - 0x000007feea867000 	C:\Users\SISTEMAS\AppData\Local\Microsoft\SkyDrive\17.0.4023.1211\amd64\MSVCP110.dll
0x000007feea380000 - 0x000007feea44e000 	C:\Users\SISTEMAS\AppData\Local\Microsoft\SkyDrive\17.0.4023.1211\amd64\MSVCR110.dll
0x000007fefde00000 - 0x000007fefe069000 	C:\Windows\system32\WININET.dll
0x000007fefcd70000 - 0x000007fefcd74000 	C:\Windows\system32\api-ms-win-downlevel-user32-l1-1-0.dll
0x000007fefcb20000 - 0x000007fefcb24000 	C:\Windows\system32\api-ms-win-downlevel-shlwapi-l1-1-0.dll
0x000007fefce40000 - 0x000007fefce44000 	C:\Windows\system32\api-ms-win-downlevel-version-l1-1-0.dll
0x000007fefcbe0000 - 0x000007fefcbe3000 	C:\Windows\system32\api-ms-win-downlevel-normaliz-l1-1-0.dll
0x0000000076f20000 - 0x0000000076f23000 	C:\Windows\system32\normaliz.DLL
0x000007fefd540000 - 0x000007fefd808000 	C:\Windows\system32\iertutil.dll
0x000007fefcb70000 - 0x000007fefcb75000 	C:\Windows\system32\api-ms-win-downlevel-advapi32-l1-1-0.dll
0x000007fefce20000 - 0x000007fefce3e000 	C:\Windows\system32\USERENV.dll
0x000007feea080000 - 0x000007feea2bf000 	C:\Program Files\Microsoft Office 15\root\VFS\ProgramFilesX64\Microsoft Office\Office15\GROOVEEX.DLL
0x000000006e430000 - 0x000000006e4c8000 	C:\Program Files\Microsoft Office 15\root\VFS\ProgramFilesX64\Microsoft Office\Office15\MSVCP100.dll
0x000000006e400000 - 0x000000006e42b000 	C:\Program Files\Microsoft Office 15\root\VFS\ProgramFilesX64\Microsoft Office\Office15\ATL100.DLL
0x000007feeb4a0000 - 0x000007feeb7be000 	C:\Windows\system32\msi.dll
0x000007fee8660000 - 0x000007fee8ee8000 	C:\Program Files\Microsoft Office 15\root\VFS\ProgramFilesX64\Microsoft Office\Office15\3082\GrooveIntlResource.dll
0x000007feeaae0000 - 0x000007feeab56000 	C:\ProgramData\MEGAsync\ShellExtX64.dll
0x000007feeaaa0000 - 0x000007feeaad5000 	C:\Windows\system32\EhStorShell.dll
0x000007fefaee0000 - 0x000007fefb00c000 	C:\Windows\system32\PROPSYS.dll
0x000007feeaa20000 - 0x000007feeaa9e000 	C:\Windows\System32\cscui.dll
0x000007feeaa10000 - 0x000007feeaa1c000 	C:\Windows\System32\CSCDLL.dll
0x000007feec4e0000 - 0x000007feec4ef000 	C:\Windows\system32\CSCAPI.dll
0x000007fef5df0000 - 0x000007fef5e1d000 	C:\Program Files\Common Files\Microsoft Shared\Ink\rtscom.dll
0x000000005ae40000 - 0x000000005ae51000 	C:\Program Files\Java\jdk1.8.0_51\jre\bin\prism_common.dll
0x000000005e4f0000 - 0x000000005e50a000 	C:\Program Files\Java\jdk1.8.0_51\jre\bin\net.dll
0x000007fefbfa0000 - 0x000007fefbff5000 	C:\Windows\system32\mswsock.dll
0x000007fefbf90000 - 0x000007fefbf97000 	C:\Windows\System32\wship6.dll
0x000007fefc470000 - 0x000007fefc477000 	C:\Windows\System32\wshtcpip.dll
0x000007fefbe20000 - 0x000007fefbe7b000 	C:\Windows\system32\DNSAPI.dll
0x0000000073020000 - 0x0000000073046000 	C:\Program Files\Bonjour\mdnsNSP.dll
0x000007fefa050000 - 0x000007fefa077000 	C:\Windows\system32\Iphlpapi.DLL
0x000007fefa040000 - 0x000007fefa04b000 	C:\Windows\system32\WINNSI.DLL
0x000007fef8c30000 - 0x000007fef8c38000 	C:\Windows\system32\rasadhlp.dll
0x000007fef9eb0000 - 0x000007fef9f03000 	C:\Windows\System32\fwpuclnt.dll
0x000000005e220000 - 0x000000005e3b8000 	C:\Program Files\Java\jdk1.8.0_51\jre\bin\awt.dll
0x000000006b8f0000 - 0x000000006b937000 	C:\Program Files\Java\jdk1.8.0_51\jre\bin\fontmanager.dll
0x000007fefcb30000 - 0x000007fefcb6b000 	C:\Windows\system32\WINTRUST.dll
0x000007fefcbf0000 - 0x000007fefcd5d000 	C:\Windows\system32\CRYPT32.dll
0x000007fefcb10000 - 0x000007fefcb1f000 	C:\Windows\system32\MSASN1.dll
0x000000005e4d0000 - 0x000000005e4e1000 	C:\Program Files\Java\jdk1.8.0_51\jre\bin\nio.dll
0x000000005d290000 - 0x000000005d2d2000 	C:\Program Files\Java\jdk1.8.0_51\jre\bin\t2k.dll
0x000007fee63c0000 - 0x000007fee64e5000 	C:\Windows\system32\dbghelp.dll

VM Arguments:
jvm_args: -Dfile.encoding=UTF-8 
java_command: D:\HACIENTO PROGRAMAS JAVA FX\PUNTOVENTAS\dist\run1289516307\PUNTOVENTAS.jar
java_class_path (initial): D:\HACIENTO PROGRAMAS JAVA FX\PUNTOVENTAS\dist\run1289516307\PUNTOVENTAS.jar
Launcher Type: SUN_STANDARD

Environment Variables:
JAVA_HOME=C:\Program Files (x86)\Java\jdk1.7.0_07
PATH=C:\ProgramData\Oracle\Java\javapath;C:\Program Files (x86)\AMD APP\bin\x86_64;C:\Windows\system32;C:\Windows;C:\Windows\System32\Wbem;C:\Windows\System32\WindowsPowerShell\v1.0\;C:\Program Files (x86)\ATI Technologies\ATI.ACE\Core-Static;C:\Program Files\Microsoft SQL Server\110\Tools\Binn\;C:\Program Files (x86)\Microsoft SQL Server\110\Tools\Binn\;C:\Program Files\Microsoft SQL Server\110\DTS\Binn\;C:\Program Files (x86)\Microsoft SQL Server\110\Tools\Binn\ManagementStudio\;C:\Program Files (x86)\Microsoft Visual Studio 10.0\Common7\IDE\PrivateAssemblies\;C:\Program Files (x86)\Microsoft SQL Server\110\DTS\Binn\;C:\Program Files\Microsoft SQL Server\120\Tools\Binn\;;C:\Program Files (x86)\NVIDIA Corporation\PhysX\Common;C:\Program Files (x86)\QuickTime\QTSystem\;C:\Program Files (x86)\MySQL\MySQL Fabric 1.5.4 & MySQL Utilities 1.5.4 1.5\;C:\Program Files (x86)\MySQL\MySQL Fabric 1.5.4 & MySQL Utilities 1.5.4 1.5\Doctrine extensions for PHP\;C:\Program Files (x86)\Java\jdk1.7.0_07\bin;C:\apache-tomcat-7.0.63\bin;C:\Program Files (x86)\Skype\Phone\;C:\Program Files (x86)\EasyFrom Inc\;
USERNAME=SISTEMAS
OS=Windows_NT
PROCESSOR_IDENTIFIER=AMD64 Family 21 Model 1 Stepping 2, AuthenticAMD



---------------  S Y S T E M  ---------------

OS: Windows 7 , 64 bit Build 7601 (6.1.7601.19110)

CPU:total 6 (6 cores per cpu, 1 threads per core) family 21 model 1 stepping 2, cmov, cx8, fxsr, mmx, sse, sse2, sse3, ssse3, sse4.1, sse4.2, popcnt, avx, aes, clmul, mmxext, 3dnowpref, lzcnt, sse4a, tsc, tscinvbit, tscinv

Memory: 4k page, physical 16746724k(9820536k free), swap 33491612k(25043700k free)

vm_info: Java HotSpot(TM) 64-Bit Server VM (25.51-b03) for windows-amd64 JRE (1.8.0_51-b16), built on Jun  8 2015 18:03:07 by "java_re" with MS VC++ 10.0 (VS2010)

time: Wed May 04 09:28:58 2016
elapsed time: 24 seconds (0d 0h 0m 24s)

