#
# A fatal error has been detected by the Java Runtime Environment:
#
#  EXCEPTION_ACCESS_VIOLATION (0xc0000005) at pc=0x000000000339d6e3, pid=6432, tid=3304
#
# JRE version: Java(TM) SE Runtime Environment (8.0_51-b16) (build 1.8.0_51-b16)
# Java VM: Java HotSpot(TM) 64-Bit Server VM (25.51-b03 mixed mode windows-amd64 compressed oops)
# Problematic frame:
# J 4025 C1 javafx.scene.Scene$ClickGenerator.postProcess(Ljavafx/scene/input/MouseEvent;Ljavafx/scene/Scene$TargetWrapper;Ljavafx/scene/Scene$TargetWrapper;)V (258 bytes) @ 0x000000000339d6e3 [0x000000000339be80+0x1863]
#
# Failed to write core dump. Minidumps are not enabled by default on client versions of Windows
#
# If you would like to submit a bug report, please visit:
#   http://bugreport.java.com/bugreport/crash.jsp
#

---------------  T H R E A D  ---------------

Current thread (0x000000001eb4c000):  JavaThread "JavaFX Application Thread" [_thread_in_Java, id=3304, stack(0x000000001fa70000,0x000000001fb70000)]

siginfo: ExceptionCode=0xc0000005, reading address 0x00000000000003d8

Registers:
RAX=0x000000076deb1640, RBX=0x0000000000000398, RCX=0x0000000000000000, RDX=0x0000000027414398
RSP=0x000000001fb6d5f0, RBP=0x000000001fb6dcc0, RSI=0x0000000000000201, RDI=0x00000006c102d2b8
R8 =0x0000000000000108, R9 =0x00000006c0fbadd0, R10=0x00000007c00d9a40, R11=0x0000000000000000
R12=0x0000000000000000, R13=0x00000006c102d2b8, R14=0x0000000000000001, R15=0x000000001eb4c000
RIP=0x000000000339d6e3, EFLAGS=0x0000000000010206

Top of Stack: (sp=0x000000001fb6d5f0)
0x000000001fb6d5f0:   0000000600000000 0000000000000000
0x000000001fb6d600:   0000000600000000 0000000000000000
0x000000001fb6d610:   0000000600000000 0000000000000000
0x000000001fb6d620:   0000000000000000 0000000000000000
0x000000001fb6d630:   4042000000000000 4064a00000000001
0x000000001fb6d640:   000000076d8c0bb0 4067600000000000
0x000000001fb6d650:   0000000002234950 00000006c102cec0
0x000000001fb6d660:   00000006c102cf18 000000076d8c0d48
0x000000001fb6d670:   000000001fb6dcc0 0000000002dff2bc
0x000000001fb6d680:   000000001fb6dcc0 0000000002e5e7c4
0x000000001fb6d690:   0000000000000000 00000006c102d2b8
0x000000001fb6d6a0:   00000006c102cec0 0000000000000005
0x000000001fb6d6b0:   0000000600000006 0000000000000000
0x000000001fb6d6c0:   000000001fb6dcc0 00000000030fde9c
0x000000001fb6d6d0:   000000076d8c0c80 00000006c09a0388
0x000000001fb6d6e0:   00000006c09a07f8 00000006c10d67b8 

Instructions: (pc=0x000000000339d6e3)
0x000000000339d6c3:   38 01 00 00 48 8b 84 24 58 01 00 00 48 ba 98 43
0x000000000339d6d3:   41 27 00 00 00 00 48 03 82 68 01 00 00 01 48 8b
0x000000000339d6e3:   d7 4c 8b c0 e8 34 8f 34 ff 48 81 c4 70 01 00 00
0x000000000339d6f3:   5d 85 05 06 2a f9 fc c3 0f 1f 44 00 00 e9 ba 01 


Register to memory mapping:

RAX=0x000000076deb1640 is an oop

[error occurred during error reporting (printing register info), id 0xc0000005]

Stack: [0x000000001fa70000,0x000000001fb70000],  sp=0x000000001fb6d5f0,  free space=1013k
Native frames: (J=compiled Java code, j=interpreted, Vv=VM code, C=native code)
C  0x000000000339d6e3


---------------  P R O C E S S  ---------------

Java Threads: ( => current thread )
  0x000000001f045800 JavaThread "Prism Font Disposer" daemon [_thread_blocked, id=872, stack(0x0000000022fb0000,0x00000000230b0000)]
  0x000000001eb3e000 JavaThread "Thread-3" daemon [_thread_in_native, id=7996, stack(0x0000000021190000,0x0000000021290000)]
  0x000000001eb22000 JavaThread "JavaFX-Launcher" [_thread_blocked, id=6708, stack(0x00000000212f0000,0x00000000213f0000)]
=>0x000000001eb4c000 JavaThread "JavaFX Application Thread" [_thread_in_Java, id=3304, stack(0x000000001fa70000,0x000000001fb70000)]
  0x000000001eb48000 JavaThread "Thread-1" daemon [_thread_blocked, id=6880, stack(0x000000001f870000,0x000000001f970000)]
  0x000000001eafb800 JavaThread "QuantumRenderer-0" daemon [_thread_blocked, id=4860, stack(0x000000001f370000,0x000000001f470000)]
  0x000000001dde4000 JavaThread "Service Thread" daemon [_thread_blocked, id=2544, stack(0x000000001e850000,0x000000001e950000)]
  0x000000001dd5f000 JavaThread "C1 CompilerThread2" daemon [_thread_blocked, id=3024, stack(0x000000001e100000,0x000000001e200000)]
  0x000000001dd5a000 JavaThread "C2 CompilerThread1" daemon [_thread_blocked, id=7432, stack(0x000000001e6d0000,0x000000001e7d0000)]
  0x000000001dd52800 JavaThread "C2 CompilerThread0" daemon [_thread_blocked, id=3784, stack(0x000000001e560000,0x000000001e660000)]
  0x000000001dd50800 JavaThread "Attach Listener" daemon [_thread_blocked, id=3972, stack(0x000000001e380000,0x000000001e480000)]
  0x000000001dd4f800 JavaThread "Signal Dispatcher" daemon [_thread_blocked, id=8048, stack(0x000000001e230000,0x000000001e330000)]
  0x000000001c084800 JavaThread "Finalizer" daemon [_thread_blocked, id=5648, stack(0x000000001dc00000,0x000000001dd00000)]
  0x000000001c07c800 JavaThread "Reference Handler" daemon [_thread_blocked, id=2272, stack(0x000000001d9e0000,0x000000001dae0000)]
  0x00000000021ce800 JavaThread "main" [_thread_blocked, id=5220, stack(0x00000000022d0000,0x00000000023d0000)]

Other Threads:
  0x000000001c076800 VMThread [stack: 0x000000001d770000,0x000000001d870000] [id=5692]
  0x000000001dde8800 WatcherThread [stack: 0x000000001e980000,0x000000001ea80000] [id=1252]

VM state:not at safepoint (normal execution)

VM Mutex/Monitor currently owned by a thread: None

Heap:
 PSYoungGen      total 76288K, used 51786K [0x000000076ad00000, 0x0000000774200000, 0x00000007c0000000)
  eden space 65536K, 79% used [0x000000076ad00000,0x000000076df929d0,0x000000076ed00000)
  from space 10752K, 0% used [0x000000076ed00000,0x000000076ed00000,0x000000076f780000)
  to   space 10752K, 0% used [0x0000000773780000,0x0000000773780000,0x0000000774200000)
 ParOldGen       total 104960K, used 13282K [0x00000006c0600000, 0x00000006c6c80000, 0x000000076ad00000)
  object space 104960K, 12% used [0x00000006c0600000,0x00000006c12f8930,0x00000006c6c80000)
 Metaspace       used 23249K, capacity 24668K, committed 24832K, reserved 1071104K
  class space    used 3223K, capacity 3507K, committed 3584K, reserved 1048576K

Card table byte_map: [0x0000000011a60000,0x0000000012260000] byte_map_base: 0x000000000e45d000

Marking Bits: (ParMarkBitMap*) 0x000000005dd74040
 Begin Bits: [0x0000000012ec0000, 0x0000000016ea8000)
 End Bits:   [0x0000000016ea8000, 0x000000001ae90000)

Polling page: 0x0000000000330000

CodeCache: size=245760Kb used=13559Kb max_used=13571Kb free=232200Kb
 bounds [0x00000000026a0000, 0x00000000033f0000, 0x00000000116a0000]
 total_blobs=4774 nmethods=4087 adapters=598
 compilation: enabled

Compilation events (10 events):
Event: 14.291 Thread 0x000000001dd5f000 nmethod 4085 0x00000000033e0b50 code [0x00000000033e0ea0, 0x00000000033e2958]
Event: 14.291 Thread 0x000000001dd5f000 4086   !   3       java.lang.StringCoding$StringEncoder::encode (179 bytes)
Event: 14.293 Thread 0x000000001dd5f000 nmethod 4086 0x00000000033e3850 code [0x00000000033e3ba0, 0x00000000033e5898]
Event: 14.293 Thread 0x000000001dd5f000 4087       3       java.lang.String::getBytes (27 bytes)
Event: 14.293 Thread 0x000000001dd5f000 nmethod 4087 0x00000000033d9d50 code [0x00000000033d9ec0, 0x00000000033da158]
Event: 14.294 Thread 0x000000001dd5a000 4089       4       java.nio.Buffer::position (43 bytes)
Event: 14.295 Thread 0x000000001dd5a000 nmethod 4089 0x00000000033df390 code [0x00000000033df4c0, 0x00000000033df578]
Event: 14.335 Thread 0x000000001dd52800 4090 %     4       com.sun.javafx.css.StyleManager$RefList::remove @ 12 (81 bytes)
Event: 14.337 Thread 0x000000001dd5f000 4091   !   3       com.sun.javafx.binding.ExpressionHelper$SingleChange::fireValueChangedEvent (96 bytes)
Event: 14.337 Thread 0x000000001dd5f000 nmethod 4091 0x00000000033de7d0 code [0x00000000033de9a0, 0x00000000033df158]

GC Heap History (8 events):
Event: 3.456 GC heap before
{Heap before GC invocations=1 (full 0):
 PSYoungGen      total 76288K, used 65536K [0x000000076ad00000, 0x0000000770200000, 0x00000007c0000000)
  eden space 65536K, 100% used [0x000000076ad00000,0x000000076ed00000,0x000000076ed00000)
  from space 10752K, 0% used [0x000000076f780000,0x000000076f780000,0x0000000770200000)
  to   space 10752K, 0% used [0x000000076ed00000,0x000000076ed00000,0x000000076f780000)
 ParOldGen       total 175104K, used 0K [0x00000006c0600000, 0x00000006cb100000, 0x000000076ad00000)
  object space 175104K, 0% used [0x00000006c0600000,0x00000006c0600000,0x00000006cb100000)
 Metaspace       used 19505K, capacity 20250K, committed 20352K, reserved 1067008K
  class space    used 2722K, capacity 2910K, committed 2944K, reserved 1048576K
Event: 3.469 GC heap after
Heap after GC invocations=1 (full 0):
 PSYoungGen      total 76288K, used 10732K [0x000000076ad00000, 0x0000000770200000, 0x00000007c0000000)
  eden space 65536K, 0% used [0x000000076ad00000,0x000000076ad00000,0x000000076ed00000)
  from space 10752K, 99% used [0x000000076ed00000,0x000000076f77b2e0,0x000000076f780000)
  to   space 10752K, 0% used [0x000000076f780000,0x000000076f780000,0x0000000770200000)
 ParOldGen       total 175104K, used 5039K [0x00000006c0600000, 0x00000006cb100000, 0x000000076ad00000)
  object space 175104K, 2% used [0x00000006c0600000,0x00000006c0aebf80,0x00000006cb100000)
 Metaspace       used 19505K, capacity 20250K, committed 20352K, reserved 1067008K
  class space    used 2722K, capacity 2910K, committed 2944K, reserved 1048576K
}
Event: 3.719 GC heap before
{Heap before GC invocations=2 (full 0):
 PSYoungGen      total 76288K, used 23652K [0x000000076ad00000, 0x0000000770200000, 0x00000007c0000000)
  eden space 65536K, 19% used [0x000000076ad00000,0x000000076b99df58,0x000000076ed00000)
  from space 10752K, 99% used [0x000000076ed00000,0x000000076f77b2e0,0x000000076f780000)
  to   space 10752K, 0% used [0x000000076f780000,0x000000076f780000,0x0000000770200000)
 ParOldGen       total 175104K, used 5039K [0x00000006c0600000, 0x00000006cb100000, 0x000000076ad00000)
  object space 175104K, 2% used [0x00000006c0600000,0x00000006c0aebf80,0x00000006cb100000)
 Metaspace       used 20275K, capacity 21210K, committed 21504K, reserved 1067008K
  class space    used 2842K, capacity 3014K, committed 3072K, reserved 1048576K
Event: 3.731 GC heap after
Heap after GC invocations=2 (full 0):
 PSYoungGen      total 76288K, used 10732K [0x000000076ad00000, 0x0000000774200000, 0x00000007c0000000)
  eden space 65536K, 0% used [0x000000076ad00000,0x000000076ad00000,0x000000076ed00000)
  from space 10752K, 99% used [0x000000076f780000,0x00000007701fb0e0,0x0000000770200000)
  to   space 10752K, 0% used [0x000000076ed00000,0x000000076ed00000,0x000000076f780000)
 ParOldGen       total 175104K, used 5815K [0x00000006c0600000, 0x00000006cb100000, 0x000000076ad00000)
  object space 175104K, 3% used [0x00000006c0600000,0x00000006c0baddb8,0x00000006cb100000)
 Metaspace       used 20275K, capacity 21210K, committed 21504K, reserved 1067008K
  class space    used 2842K, capacity 3014K, committed 3072K, reserved 1048576K
}
Event: 6.540 GC heap before
{Heap before GC invocations=3 (full 0):
 PSYoungGen      total 76288K, used 15845K [0x000000076ad00000, 0x0000000774200000, 0x00000007c0000000)
  eden space 65536K, 7% used [0x000000076ad00000,0x000000076b1fe548,0x000000076ed00000)
  from space 10752K, 99% used [0x000000076f780000,0x00000007701fb0e0,0x0000000770200000)
  to   space 10752K, 0% used [0x000000076ed00000,0x000000076ed00000,0x000000076f780000)
 ParOldGen       total 175104K, used 5815K [0x00000006c0600000, 0x00000006cb100000, 0x000000076ad00000)
  object space 175104K, 3% used [0x00000006c0600000,0x00000006c0baddb8,0x00000006cb100000)
 Metaspace       used 20636K, capacity 21546K, committed 21628K, reserved 1069056K
  class space    used 2860K, capacity 3058K, committed 3072K, reserved 1048576K
Event: 6.549 GC heap after
Heap after GC invocations=3 (full 0):
 PSYoungGen      total 76288K, used 10566K [0x000000076ad00000, 0x0000000774200000, 0x00000007c0000000)
  eden space 65536K, 0% used [0x000000076ad00000,0x000000076ad00000,0x000000076ed00000)
  from space 10752K, 98% used [0x000000076ed00000,0x000000076f751b20,0x000000076f780000)
  to   space 10752K, 0% used [0x0000000773780000,0x0000000773780000,0x0000000774200000)
 ParOldGen       total 175104K, used 5823K [0x00000006c0600000, 0x00000006cb100000, 0x000000076ad00000)
  object space 175104K, 3% used [0x00000006c0600000,0x00000006c0bafdb8,0x00000006cb100000)
 Metaspace       used 20636K, capacity 21546K, committed 21628K, reserved 1069056K
  class space    used 2860K, capacity 3058K, committed 3072K, reserved 1048576K
}
Event: 6.549 GC heap before
{Heap before GC invocations=4 (full 1):
 PSYoungGen      total 76288K, used 10566K [0x000000076ad00000, 0x0000000774200000, 0x00000007c0000000)
  eden space 65536K, 0% used [0x000000076ad00000,0x000000076ad00000,0x000000076ed00000)
  from space 10752K, 98% used [0x000000076ed00000,0x000000076f751b20,0x000000076f780000)
  to   space 10752K, 0% used [0x0000000773780000,0x0000000773780000,0x0000000774200000)
 ParOldGen       total 175104K, used 5823K [0x00000006c0600000, 0x00000006cb100000, 0x000000076ad00000)
  object space 175104K, 3% used [0x00000006c0600000,0x00000006c0bafdb8,0x00000006cb100000)
 Metaspace       used 20636K, capacity 21546K, committed 21628K, reserved 1069056K
  class space    used 2860K, capacity 3058K, committed 3072K, reserved 1048576K
Event: 6.595 GC heap after
Heap after GC invocations=4 (full 1):
 PSYoungGen      total 76288K, used 0K [0x000000076ad00000, 0x0000000774200000, 0x00000007c0000000)
  eden space 65536K, 0% used [0x000000076ad00000,0x000000076ad00000,0x000000076ed00000)
  from space 10752K, 0% used [0x000000076ed00000,0x000000076ed00000,0x000000076f780000)
  to   space 10752K, 0% used [0x0000000773780000,0x0000000773780000,0x0000000774200000)
 ParOldGen       total 104960K, used 13282K [0x00000006c0600000, 0x00000006c6c80000, 0x000000076ad00000)
  object space 104960K, 12% used [0x00000006c0600000,0x00000006c12f8930,0x00000006c6c80000)
 Metaspace       used 20636K, capacity 21546K, committed 21628K, reserved 1069056K
  class space    used 2860K, capacity 3058K, committed 3072K, reserved 1048576K
}

Deoptimization events (10 events):
Event: 6.952 Thread 0x000000001eb4c000 Uncommon trap: reason=array_check action=maybe_recompile pc=0x0000000002f9f41c method=com.sun.javafx.css.CompoundSelector.applies(Ljavafx/css/Styleable;[Ljava/util/Set;I)Z @ 128
Event: 7.066 Thread 0x000000001eb4c000 Uncommon trap: reason=bimorphic action=maybe_recompile pc=0x0000000002fda16c method=java.util.WeakHashMap.eq(Ljava/lang/Object;Ljava/lang/Object;)Z @ 7
Event: 7.087 Thread 0x000000001eb4c000 Uncommon trap: reason=unstable_if action=reinterpret pc=0x0000000002e4490c method=javafx.scene.Node.updateLocalToParentTransform()V @ 337
Event: 9.576 Thread 0x000000001eb4c000 Uncommon trap: reason=unstable_if action=reinterpret pc=0x00000000031e4218 method=javafx.scene.CssStyleHelper.canReuseStyleHelper(Ljavafx/scene/Node;Lcom/sun/javafx/css/StyleMap;)Z @ 178
Event: 9.598 Thread 0x000000001eafb800 Uncommon trap: reason=unstable_if action=reinterpret pc=0x00000000031fdaf0 method=com.sun.javafx.geom.transform.AffineBase.updateState2D()V @ 33
Event: 9.607 Thread 0x000000001eb4c000 Uncommon trap: reason=class_check action=maybe_recompile pc=0x00000000030cd478 method=javafx.scene.Node.updateLocalToParentTransform()V @ 11
Event: 9.607 Thread 0x000000001eb4c000 Uncommon trap: reason=class_check action=maybe_recompile pc=0x00000000030cd478 method=javafx.scene.Node.updateLocalToParentTransform()V @ 11
Event: 9.607 Thread 0x000000001eb4c000 Uncommon trap: reason=class_check action=maybe_recompile pc=0x00000000030cd478 method=javafx.scene.Node.updateLocalToParentTransform()V @ 11
Event: 9.607 Thread 0x000000001eb4c000 Uncommon trap: reason=class_check action=maybe_recompile pc=0x00000000030cd478 method=javafx.scene.Node.updateLocalToParentTransform()V @ 11
Event: 13.338 Thread 0x000000001eb4c000 Uncommon trap: reason=unstable_if action=reinterpret pc=0x00000000030df1dc method=javafx.scene.Node.impl_intersectsBounds(Lcom/sun/javafx/geom/PickRay;)D @ 902

Internal exceptions (10 events):
Event: 0.698 Thread 0x000000001eb4c000 Implicit null exception at 0x000000000295e1b5 to 0x000000000295e3a5
Event: 3.135 Thread 0x000000001eb4c000 Implicit null exception at 0x00000000029a4396 to 0x00000000029a46ad
Event: 3.439 Thread 0x000000001eb4c000 Exception <a 'java/lang/ArrayIndexOutOfBoundsException'> (0x000000076eae9be0) thrown at [C:\re\workspace\8-2-build-windows-amd64-cygwin\jdk8u51\3951\hotspot\src\share\vm\runtime\sharedRuntime.cpp, line 605]
Event: 3.447 Thread 0x000000001eb4c000 Exception <a 'java/lang/ArrayIndexOutOfBoundsException'> (0x000000076ebd17a8) thrown at [C:\re\workspace\8-2-build-windows-amd64-cygwin\jdk8u51\3951\hotspot\src\share\vm\runtime\sharedRuntime.cpp, line 605]
Event: 3.492 Thread 0x000000001eb4c000 Exception <a 'java/lang/ArrayIndexOutOfBoundsException'> (0x000000076b0b4c18) thrown at [C:\re\workspace\8-2-build-windows-amd64-cygwin\jdk8u51\3951\hotspot\src\share\vm\runtime\sharedRuntime.cpp, line 605]
Event: 4.659 Thread 0x000000001eafb800 Exception <a 'java/lang/ArrayIndexOutOfBoundsException': -1> (0x000000076ad1c668) thrown at [C:\re\workspace\8-2-build-windows-amd64-cygwin\jdk8u51\3951\hotspot\src\share\vm\interpreter\interpreterRuntime.cpp, line 366]
Event: 4.659 Thread 0x000000001eafb800 Exception <a 'java/lang/ArrayIndexOutOfBoundsException'> (0x000000076ad1c848) thrown at [C:\re\workspace\8-2-build-windows-amd64-cygwin\jdk8u51\3951\hotspot\src\share\vm\runtime\sharedRuntime.cpp, line 605]
Event: 4.659 Thread 0x000000001eafb800 Exception <a 'java/lang/ArrayIndexOutOfBoundsException'> (0x000000076ad1ca28) thrown at [C:\re\workspace\8-2-build-windows-amd64-cygwin\jdk8u51\3951\hotspot\src\share\vm\runtime\sharedRuntime.cpp, line 605]
Event: 6.596 Thread 0x000000001c084800 Exception <a 'java/net/SocketException': Socket closed> (0x000000076ae1b2d8) thrown at [C:\re\workspace\8-2-build-windows-amd64-cygwin\jdk8u51\3951\hotspot\src\share\vm\prims\jni.cpp, line 735]
Event: 14.338 Thread 0x000000001eb4c000 Implicit null exception at 0x000000000339d6e3 to 0x0000000000000000

Events (10 events):
Event: 14.139 loading class javafx/scene/text/RadioButton
Event: 14.139 loading class javafx/scene/text/RadioButton done
Event: 14.140 loading class java/lang/RadioButton
Event: 14.140 loading class java/lang/RadioButton done
Event: 14.140 loading class java/net/RadioButton
Event: 14.140 loading class java/net/RadioButton done
Event: 14.140 loading class java/util/RadioButton
Event: 14.140 loading class java/util/RadioButton done
Event: 14.140 loading class javafx/scene/RadioButton
Event: 14.140 loading class javafx/scene/RadioButton done


Dynamic libraries:
0x000000013fa80000 - 0x000000013fab7000 	C:\Program Files\Java\jdk1.8.0_51\jre\bin\java.exe
0x0000000076d60000 - 0x0000000076f09000 	C:\Windows\SYSTEM32\ntdll.dll
0x0000000076c40000 - 0x0000000076d5f000 	C:\Windows\system32\kernel32.dll
0x000007fefce50000 - 0x000007fefcebc000 	C:\Windows\system32\KERNELBASE.dll
0x000007fefd060000 - 0x000007fefd13b000 	C:\Windows\system32\ADVAPI32.dll
0x000007fefdc00000 - 0x000007fefdc9f000 	C:\Windows\system32\msvcrt.dll
0x000007fefd2c0000 - 0x000007fefd2df000 	C:\Windows\SYSTEM32\sechost.dll
0x000007fefdac0000 - 0x000007fefdbed000 	C:\Windows\system32\RPCRT4.dll
0x0000000076b40000 - 0x0000000076c3a000 	C:\Windows\system32\USER32.dll
0x000007fefcec0000 - 0x000007fefcf27000 	C:\Windows\system32\GDI32.dll
0x000007fefe2d0000 - 0x000007fefe2de000 	C:\Windows\system32\LPK.dll
0x000007fefd2e0000 - 0x000007fefd3aa000 	C:\Windows\system32\USP10.dll
0x000007fefb4a0000 - 0x000007fefb694000 	C:\Windows\WinSxS\amd64_microsoft.windows.common-controls_6595b64144ccf1df_6.0.7601.18837_none_fa3b1e3d17594757\COMCTL32.dll
0x000007fefcfe0000 - 0x000007fefd051000 	C:\Windows\system32\SHLWAPI.dll
0x000007fefcf30000 - 0x000007fefcf5e000 	C:\Windows\system32\IMM32.DLL
0x000007fefdca0000 - 0x000007fefdda9000 	C:\Windows\system32\MSCTF.dll
0x000000005e5b0000 - 0x000000005e682000 	C:\Program Files\Java\jdk1.8.0_51\jre\bin\msvcr100.dll
0x000000005d570000 - 0x000000005ddf3000 	C:\Program Files\Java\jdk1.8.0_51\jre\bin\server\jvm.dll
0x000007fef3110000 - 0x000007fef3119000 	C:\Windows\system32\WSOCK32.dll
0x000007fefddb0000 - 0x000007fefddfd000 	C:\Windows\system32\WS2_32.dll
0x000007fefdbf0000 - 0x000007fefdbf8000 	C:\Windows\system32\NSI.dll
0x000007fefa620000 - 0x000007fefa65b000 	C:\Windows\system32\WINMM.dll
0x000007fefc3a0000 - 0x000007fefc3ac000 	C:\Windows\system32\VERSION.dll
0x0000000076f30000 - 0x0000000076f37000 	C:\Windows\system32\PSAPI.DLL
0x000000005e560000 - 0x000000005e56f000 	C:\Program Files\Java\jdk1.8.0_51\jre\bin\verify.dll
0x000000005e530000 - 0x000000005e559000 	C:\Program Files\Java\jdk1.8.0_51\jre\bin\java.dll
0x000000005e510000 - 0x000000005e526000 	C:\Program Files\Java\jdk1.8.0_51\jre\bin\zip.dll
0x000007fefe2e0000 - 0x000007feff069000 	C:\Windows\system32\SHELL32.dll
0x000007fefd8b0000 - 0x000007fefdab3000 	C:\Windows\system32\ole32.dll
0x000007fefcb00000 - 0x000007fefcb0f000 	C:\Windows\system32\profapi.dll
0x000000005ae80000 - 0x000000005aeac000 	C:\Program Files\Java\jdk1.8.0_51\jre\bin\prism_d3d.dll
0x000007feda4d0000 - 0x000007feda6cf000 	C:\Windows\system32\d3d9.dll
0x000007fedbfc0000 - 0x000007fedbfc7000 	C:\Windows\system32\d3d8thk.dll
0x000007fefc280000 - 0x000007fefc298000 	C:\Windows\system32\dwmapi.dll
0x000007fefb410000 - 0x000007fefb466000 	C:\Windows\system32\uxtheme.dll
0x000007fed8d10000 - 0x000007fed9c09000 	C:\Windows\system32\nvd3dumx.dll
0x0000000180000000 - 0x00000001801a7000 	C:\Windows\system32\nvspcap64.dll
0x000007fefd140000 - 0x000007fefd217000 	C:\Windows\system32\OLEAUT32.dll
0x000007fefe070000 - 0x000007fefe247000 	C:\Windows\system32\SETUPAPI.dll
0x000007fefcba0000 - 0x000007fefcbd6000 	C:\Windows\system32\CFGMGR32.dll
0x000007fefcb80000 - 0x000007fefcb9a000 	C:\Windows\system32\DEVOBJ.dll
0x000007fef1cb0000 - 0x000007fef1d21000 	C:\Windows\system32\WINHTTP.dll
0x000007fef1c40000 - 0x000007fef1ca4000 	C:\Windows\system32\webio.dll
0x000007fef96a0000 - 0x000007fef9a33000 	C:\Windows\system32\nvapi64.dll
0x000007fefc8d0000 - 0x000007fefc8f5000 	C:\Windows\system32\SspiCli.dll
0x00000000598c0000 - 0x0000000059901000 	C:\Program Files\Java\jdk1.8.0_51\jre\bin\glass.dll
0x000007fefd810000 - 0x000007fefd8a7000 	C:\Windows\system32\COMDLG32.dll
0x000007fefc9a0000 - 0x000007fefc9af000 	C:\Windows\system32\CRYPTBASE.dll
0x000007fefadc0000 - 0x000007fefadec000 	C:\Windows\system32\powrprof.dll
0x000007fef62f0000 - 0x000007fef63d0000 	C:\Program Files (x86)\NVIDIA Corporation\3D Vision\nvSCPAPI64.dll
0x000000005aec0000 - 0x000000005aed5000 	C:\Program Files\Java\jdk1.8.0_51\jre\bin\javafx_font.dll
0x000007fef5370000 - 0x000007fef5507000 	C:\Windows\system32\dwrite.dll
0x000007fefd220000 - 0x000007fefd2b9000 	C:\Windows\system32\CLBCatQ.DLL
0x000007fefab20000 - 0x000007fefac81000 	C:\Windows\system32\WindowsCodecs.dll
0x000007fefc900000 - 0x000007fefc957000 	C:\Windows\system32\apphelp.dll
0x000007feea880000 - 0x000007feea8bf000 	C:\Users\SISTEMAS\AppData\Local\Microsoft\SkyDrive\17.0.4023.1211\amd64\SkyDriveShell64.dll
0x000007feea7c0000 - 0x000007feea867000 	C:\Users\SISTEMAS\AppData\Local\Microsoft\SkyDrive\17.0.4023.1211\amd64\MSVCP110.dll
0x000007feea380000 - 0x000007feea44e000 	C:\Users\SISTEMAS\AppData\Local\Microsoft\SkyDrive\17.0.4023.1211\amd64\MSVCR110.dll
0x000007fefde00000 - 0x000007fefe069000 	C:\Windows\system32\WININET.dll
0x000007fefcd70000 - 0x000007fefcd74000 	C:\Windows\system32\api-ms-win-downlevel-user32-l1-1-0.dll
0x000007fefcb20000 - 0x000007fefcb24000 	C:\Windows\system32\api-ms-win-downlevel-shlwapi-l1-1-0.dll
0x000007fefce40000 - 0x000007fefce44000 	C:\Windows\system32\api-ms-win-downlevel-version-l1-1-0.dll
0x000007fefcbe0000 - 0x000007fefcbe3000 	C:\Windows\system32\api-ms-win-downlevel-normaliz-l1-1-0.dll
0x0000000076f20000 - 0x0000000076f23000 	C:\Windows\system32\normaliz.DLL
0x000007fefd540000 - 0x000007fefd808000 	C:\Windows\system32\iertutil.dll
0x000007fefcb70000 - 0x000007fefcb75000 	C:\Windows\system32\api-ms-win-downlevel-advapi32-l1-1-0.dll
0x000007fefce20000 - 0x000007fefce3e000 	C:\Windows\system32\USERENV.dll
0x000007feea080000 - 0x000007feea2bf000 	C:\Program Files\Microsoft Office 15\root\VFS\ProgramFilesX64\Microsoft Office\Office15\GROOVEEX.DLL
0x000000006e430000 - 0x000000006e4c8000 	C:\Program Files\Microsoft Office 15\root\VFS\ProgramFilesX64\Microsoft Office\Office15\MSVCP100.dll
0x000000006e400000 - 0x000000006e42b000 	C:\Program Files\Microsoft Office 15\root\VFS\ProgramFilesX64\Microsoft Office\Office15\ATL100.DLL
0x000007feeb4a0000 - 0x000007feeb7be000 	C:\Windows\system32\msi.dll
0x000007fee8660000 - 0x000007fee8ee8000 	C:\Program Files\Microsoft Office 15\root\VFS\ProgramFilesX64\Microsoft Office\Office15\3082\GrooveIntlResource.dll
0x000007feeaae0000 - 0x000007feeab56000 	C:\ProgramData\MEGAsync\ShellExtX64.dll
0x000007feeaaa0000 - 0x000007feeaad5000 	C:\Windows\system32\EhStorShell.dll
0x000007fefaee0000 - 0x000007fefb00c000 	C:\Windows\system32\PROPSYS.dll
0x000007feeaa20000 - 0x000007feeaa9e000 	C:\Windows\System32\cscui.dll
0x000007feeaa10000 - 0x000007feeaa1c000 	C:\Windows\System32\CSCDLL.dll
0x000007feec4e0000 - 0x000007feec4ef000 	C:\Windows\system32\CSCAPI.dll
0x000007fef5dc0000 - 0x000007fef5ded000 	C:\Program Files\Common Files\Microsoft Shared\Ink\rtscom.dll
0x000000005b500000 - 0x000000005b511000 	C:\Program Files\Java\jdk1.8.0_51\jre\bin\prism_common.dll
0x000000005e4f0000 - 0x000000005e50a000 	C:\Program Files\Java\jdk1.8.0_51\jre\bin\net.dll
0x000007fefbfa0000 - 0x000007fefbff5000 	C:\Windows\system32\mswsock.dll
0x000007fefbf90000 - 0x000007fefbf97000 	C:\Windows\System32\wship6.dll
0x000007fefc470000 - 0x000007fefc477000 	C:\Windows\System32\wshtcpip.dll
0x000007fefbe20000 - 0x000007fefbe7b000 	C:\Windows\system32\DNSAPI.dll
0x0000000073020000 - 0x0000000073046000 	C:\Program Files\Bonjour\mdnsNSP.dll
0x000007fefa050000 - 0x000007fefa077000 	C:\Windows\system32\Iphlpapi.DLL
0x000007fefa040000 - 0x000007fefa04b000 	C:\Windows\system32\WINNSI.DLL
0x000007fef8c30000 - 0x000007fef8c38000 	C:\Windows\system32\rasadhlp.dll
0x000007fef9eb0000 - 0x000007fef9f03000 	C:\Windows\System32\fwpuclnt.dll
0x000007fef4bd0000 - 0x000007fef4f94000 	C:\Windows\system32\d2d1.dll
0x000007feebac0000 - 0x000007feebc95000 	C:\Windows\system32\d3d11.dll
0x000007fef9aa0000 - 0x000007fef9afd000 	C:\Windows\system32\dxgi.dll
0x000007fef50f0000 - 0x000007fef5369000 	C:\Windows\system32\D3D10Warp.dll
0x000007fefcb30000 - 0x000007fefcb6b000 	C:\Windows\system32\WINTRUST.dll
0x000007fefcbf0000 - 0x000007fefcd5d000 	C:\Windows\system32\CRYPT32.dll
0x000007fefcb10000 - 0x000007fefcb1f000 	C:\Windows\system32\MSASN1.dll
0x000007fee63c0000 - 0x000007fee64e5000 	C:\Windows\system32\dbghelp.dll

VM Arguments:
jvm_args: -Dfile.encoding=UTF-8 
java_command: D:\HACIENTO PROGRAMAS JAVA FX\PUNTOVENTAS\dist\run230820538\PUNTOVENTAS.jar
java_class_path (initial): D:\HACIENTO PROGRAMAS JAVA FX\PUNTOVENTAS\dist\run230820538\PUNTOVENTAS.jar
Launcher Type: SUN_STANDARD

Environment Variables:
JAVA_HOME=C:\Program Files (x86)\Java\jdk1.7.0_07
PATH=C:\ProgramData\Oracle\Java\javapath;C:\Program Files (x86)\AMD APP\bin\x86_64;C:\Windows\system32;C:\Windows;C:\Windows\System32\Wbem;C:\Windows\System32\WindowsPowerShell\v1.0\;C:\Program Files (x86)\ATI Technologies\ATI.ACE\Core-Static;C:\Program Files\Microsoft SQL Server\110\Tools\Binn\;C:\Program Files (x86)\Microsoft SQL Server\110\Tools\Binn\;C:\Program Files\Microsoft SQL Server\110\DTS\Binn\;C:\Program Files (x86)\Microsoft SQL Server\110\Tools\Binn\ManagementStudio\;C:\Program Files (x86)\Microsoft Visual Studio 10.0\Common7\IDE\PrivateAssemblies\;C:\Program Files (x86)\Microsoft SQL Server\110\DTS\Binn\;C:\Program Files\Microsoft SQL Server\120\Tools\Binn\;;C:\Program Files (x86)\NVIDIA Corporation\PhysX\Common;C:\Program Files (x86)\QuickTime\QTSystem\;C:\Program Files (x86)\MySQL\MySQL Fabric 1.5.4 & MySQL Utilities 1.5.4 1.5\;C:\Program Files (x86)\MySQL\MySQL Fabric 1.5.4 & MySQL Utilities 1.5.4 1.5\Doctrine extensions for PHP\;C:\Program Files (x86)\Java\jdk1.7.0_07\bin;C:\apache-tomcat-7.0.63\bin;C:\Program Files (x86)\Skype\Phone\;C:\Program Files (x86)\EasyFrom Inc\;
USERNAME=SISTEMAS
OS=Windows_NT
PROCESSOR_IDENTIFIER=AMD64 Family 21 Model 1 Stepping 2, AuthenticAMD



---------------  S Y S T E M  ---------------

OS: Windows 7 , 64 bit Build 7601 (6.1.7601.19110)

CPU:total 6 (6 cores per cpu, 1 threads per core) family 21 model 1 stepping 2, cmov, cx8, fxsr, mmx, sse, sse2, sse3, ssse3, sse4.1, sse4.2, popcnt, avx, aes, clmul, mmxext, 3dnowpref, lzcnt, sse4a, tsc, tscinvbit, tscinv

Memory: 4k page, physical 16746724k(10071808k free), swap 33491612k(25317440k free)

vm_info: Java HotSpot(TM) 64-Bit Server VM (25.51-b03) for windows-amd64 JRE (1.8.0_51-b16), built on Jun  8 2015 18:03:07 by "java_re" with MS VC++ 10.0 (VS2010)

time: Wed May 04 09:34:47 2016
elapsed time: 14 seconds (0d 0h 0m 14s)

