#
# A fatal error has been detected by the Java Runtime Environment:
#
#  EXCEPTION_ACCESS_VIOLATION (0xc0000005) at pc=0x0000000002bc44dc, pid=5468, tid=4056
#
# JRE version: Java(TM) SE Runtime Environment (8.0_51-b16) (build 1.8.0_51-b16)
# Java VM: Java HotSpot(TM) 64-Bit Server VM (25.51-b03 mixed mode windows-amd64 compressed oops)
# Problematic frame:
# J 897 C1 java.io.WinNTFileSystem.normalize(Ljava/lang/String;II)Ljava/lang/String; (231 bytes) @ 0x0000000002bc44dc [0x0000000002bc3b00+0x9dc]
#
# Failed to write core dump. Minidumps are not enabled by default on client versions of Windows
#
# If you would like to submit a bug report, please visit:
#   http://bugreport.java.com/bugreport/crash.jsp
#

---------------  T H R E A D  ---------------

Current thread (0x000000001ede8800):  JavaThread "JavaFX Application Thread" [_thread_in_Java, id=4056, stack(0x000000001fd00000,0x000000001fe00000)]

siginfo: ExceptionCode=0xc0000005, writing address 0x000000000009b0bc

Registers:
RAX=0x000000076cfb9228, RBX=0x000000000009b0b8, RCX=0x00000000000001a3, RDX=0x000000076ad2a150
RSP=0x000000001fdfb9c0, RBP=0x000000001fdfbbd8, RSI=0x000000001bb63d38, RDI=0x000000000009b0bc
R8 =0x000000076cfb91f0, R9 =0x0000000000000038, R10=0x000000005e3b1bf0, R11=0x000000076cfb9228
R12=0x0000000000000000, R13=0x00000000000001a4, R14=0x0000000000013616, R15=0x000000001ede8800
RIP=0x0000000002bc44dc, EFLAGS=0x0000000000010202

Top of Stack: (sp=0x000000001fdfb9c0)
0x000000001fdfb9c0:   0000000000000009 0000000018003609
0x000000001fdfb9d0:   0000000000000000 0000000000000010
0x000000001fdfb9e0:   0000000000000030 0000000700000000
0x000000001fdfb9f0:   000000076cfb90c0 0000000002a504c2
0x000000001fdfba00:   000000001fdfba70 00000000028774c0
0x000000001fdfba10:   000000001fdfba70 00000000028774c0
0x000000001fdfba20:   000000076cfb90a8 000000001fdfba28
0x000000001fdfba30:   0000000100000000 0000000000000019
0x000000001fdfba40:   000000001bce3740 0000005c00000038
0x000000001fdfba50:   000000076cfb91f0 000000076cfb9228
0x000000001fdfba60:   000000076ad2a150 0000000002877ced
0x000000001fdfba70:   0000000402877ced 0000000000000001
0x000000001fdfba80:   0000000000000000 000000076cfb8ff0
0x000000001fdfba90:   000000076cfb90f0 0000000002a504c2
0x000000001fdfbaa0:   000000001fdfbaa0 000000001bce50e1
0x000000001fdfbab0:   000000001fdfbb08 000000001bce5370 

Instructions: (pc=0x0000000002bc44dc)
0x0000000002bc44bc:   9e dc 00 00 00 83 c3 08 89 9e dc 00 00 00 48 be
0x0000000002bc44cc:   38 3d b6 1b 00 00 00 00 81 e3 f8 ff 7f 00 03 fb
0x0000000002bc44dc:   00 0f 84 29 23 00 00 83 ff 00 48 be f0 a3 d0 1b
0x0000000002bc44ec:   00 00 00 00 48 bb 08 01 00 00 00 00 00 00 0f 8c 


Register to memory mapping:

RAX=0x000000076cfb9228 is an oop
java.lang.StringBuffer 
 - klass: 'java/lang/StringBuffer'
RBX=0x000000000009b0b8 is an unknown value
RCX=0x00000000000001a3 is an unknown value
RDX=0x000000076ad2a150 is an oop
java.io.WinNTFileSystem 
 - klass: 'java/io/WinNTFileSystem'
RSP=0x000000001fdfb9c0 is pointing into the stack for thread: 0x000000001ede8800
RBP=0x000000001fdfbbd8 is pointing into the stack for thread: 0x000000001ede8800
RSI={method} {0x000000001bb63d40} 'charAt' '(I)C' in 'java/lang/String'
RDI=0x000000000009b0bc is an unknown value
R8 =0x000000076cfb91f0 is an oop
java.lang.String 
 - klass: 'java/lang/String'
R9 =0x0000000000000038 is an unknown value
R10=0x000000005e3b1bf0 is an unknown value
R11=0x000000076cfb9228 is an oop
java.lang.StringBuffer 
 - klass: 'java/lang/StringBuffer'
R12=0x0000000000000000 is an unknown value
R13=0x00000000000001a4 is an unknown value
R14=0x0000000000013616 is an unknown value
R15=0x000000001ede8800 is a thread


Stack: [0x000000001fd00000,0x000000001fe00000],  sp=0x000000001fdfb9c0,  free space=1006k
Native frames: (J=compiled Java code, j=interpreted, Vv=VM code, C=native code)
C  0x0000000002bc44dc


---------------  P R O C E S S  ---------------

Java Threads: ( => current thread )
  0x000000001f17e800 JavaThread "Prism Font Disposer" daemon [_thread_blocked, id=4400, stack(0x0000000023030000,0x0000000023130000)]
  0x000000001ee1b000 JavaThread "Thread-3" daemon [_thread_in_native, id=704, stack(0x00000000212e0000,0x00000000213e0000)]
  0x000000001ee20000 JavaThread "JavaFX-Launcher" [_thread_blocked, id=4808, stack(0x0000000021480000,0x0000000021580000)]
=>0x000000001ede8800 JavaThread "JavaFX Application Thread" [_thread_in_Java, id=4056, stack(0x000000001fd00000,0x000000001fe00000)]
  0x000000001ede7000 JavaThread "Thread-1" daemon [_thread_blocked, id=7892, stack(0x000000001fb30000,0x000000001fc30000)]
  0x000000001edcd000 JavaThread "QuantumRenderer-0" daemon [_thread_blocked, id=7940, stack(0x000000001f590000,0x000000001f690000)]
  0x000000001e121000 JavaThread "Service Thread" daemon [_thread_blocked, id=6452, stack(0x000000001eab0000,0x000000001ebb0000)]
  0x000000001e091000 JavaThread "C1 CompilerThread2" daemon [_thread_blocked, id=7724, stack(0x000000001de30000,0x000000001df30000)]
  0x000000001e08b800 JavaThread "C2 CompilerThread1" daemon [_thread_in_native, id=5456, stack(0x000000001e970000,0x000000001ea70000)]
  0x000000001e084800 JavaThread "C2 CompilerThread0" daemon [_thread_blocked, id=1188, stack(0x000000001e7f0000,0x000000001e8f0000)]
  0x000000001e082800 JavaThread "Attach Listener" daemon [_thread_blocked, id=4124, stack(0x000000001e640000,0x000000001e740000)]
  0x000000001e081800 JavaThread "Signal Dispatcher" daemon [_thread_blocked, id=5496, stack(0x000000001e4b0000,0x000000001e5b0000)]
  0x000000001c554800 JavaThread "Finalizer" daemon [_thread_blocked, id=5164, stack(0x000000001df30000,0x000000001e030000)]
  0x000000001c54c800 JavaThread "Reference Handler" daemon [_thread_blocked, id=824, stack(0x000000001dca0000,0x000000001dda0000)]
  0x000000000233e800 JavaThread "main" [_thread_blocked, id=6076, stack(0x00000000024a0000,0x00000000025a0000)]

Other Threads:
  0x000000001c546800 VMThread [stack: 0x000000001dad0000,0x000000001dbd0000] [id=4256]
  0x000000001e129000 WatcherThread [stack: 0x000000001ec50000,0x000000001ed50000] [id=4588]

VM state:not at safepoint (normal execution)

VM Mutex/Monitor currently owned by a thread: None

Heap:
 PSYoungGen      total 76288K, used 36471K [0x000000076ad00000, 0x0000000770200000, 0x00000007c0000000)
  eden space 65536K, 55% used [0x000000076ad00000,0x000000076d09df80,0x000000076ed00000)
  from space 10752K, 0% used [0x000000076f780000,0x000000076f780000,0x0000000770200000)
  to   space 10752K, 0% used [0x000000076ed00000,0x000000076ed00000,0x000000076f780000)
 ParOldGen       total 175104K, used 0K [0x00000006c0600000, 0x00000006cb100000, 0x000000076ad00000)
  object space 175104K, 0% used [0x00000006c0600000,0x00000006c0600000,0x00000006cb100000)
 Metaspace       used 13665K, capacity 14138K, committed 14464K, reserved 1060864K
  class space    used 1914K, capacity 2057K, committed 2176K, reserved 1048576K

Card table byte_map: [0x0000000011c30000,0x0000000012430000] byte_map_base: 0x000000000e62d000

Marking Bits: (ParMarkBitMap*) 0x000000005e3c4040
 Begin Bits: [0x0000000013390000, 0x0000000017378000)
 End Bits:   [0x0000000017378000, 0x000000001b360000)

Polling page: 0x0000000000130000

CodeCache: size=245760Kb used=3754Kb max_used=3754Kb free=242005Kb
 bounds [0x0000000002870000, 0x0000000002c30000, 0x0000000011870000]
 total_blobs=1529 nmethods=977 adapters=466
 compilation: enabled

Compilation events (10 events):
Event: 0.955 Thread 0x000000001e091000  969       3       java.lang.invoke.LambdaForm$BasicType::basicTypeChar (8 bytes)
Event: 0.955 Thread 0x000000001e091000 nmethod 969 0x0000000002c00450 code [0x0000000002c005e0, 0x0000000002c009e8]
Event: 0.961 Thread 0x000000001e08b800  970       4       java.nio.DirectLongBufferU::get (16 bytes)
Event: 0.962 Thread 0x000000001e08b800 nmethod 970 0x0000000002c04c10 code [0x0000000002c04d40, 0x0000000002c04dd8]
Event: 0.963 Thread 0x000000001e091000  971       3       java.lang.invoke.MethodHandleNatives::findMethodHandleType (7 bytes)
Event: 0.963 Thread 0x000000001e091000 nmethod 971 0x0000000002c04890 code [0x0000000002c04a00, 0x0000000002c04b68]
Event: 0.963 Thread 0x000000001e091000  972       3       java.lang.invoke.TypeConvertingMethodAdapter::convertType (299 bytes)
Event: 0.967 Thread 0x000000001e084800  975       4       java.lang.CharacterDataLatin1::toUpperCase (53 bytes)
Event: 0.968 Thread 0x000000001e084800 nmethod 975 0x0000000002c045d0 code [0x0000000002c04700, 0x0000000002c047d8]
Event: 0.968 Thread 0x000000001e08b800  977       4       java.util.zip.ZipFile::getZipEntry (239 bytes)

GC Heap History (0 events):
No events

Deoptimization events (10 events):
Event: 0.791 Thread 0x000000001ede8800 Uncommon trap: reason=unstable_if action=reinterpret pc=0x0000000002b9bfec method=sun.net.www.ParseUtil.encodePath(Ljava/lang/String;Z)Ljava/lang/String; @ 109
Event: 0.885 Thread 0x000000001ede8800 Uncommon trap: reason=class_check action=maybe_recompile pc=0x0000000002b147e8 method=java.io.DataInputStream.readShort()S @ 4
Event: 0.885 Thread 0x000000001ede8800 Uncommon trap: reason=class_check action=maybe_recompile pc=0x0000000002b147e8 method=java.io.DataInputStream.readShort()S @ 4
Event: 0.885 Thread 0x000000001ede8800 Uncommon trap: reason=class_check action=maybe_recompile pc=0x0000000002b147e8 method=java.io.DataInputStream.readShort()S @ 4
Event: 0.885 Thread 0x000000001ede8800 Uncommon trap: reason=class_check action=maybe_recompile pc=0x0000000002b147e8 method=java.io.DataInputStream.readShort()S @ 4
Event: 0.890 Thread 0x000000001ede8800 Uncommon trap: reason=class_check action=maybe_recompile pc=0x000000000299a094 method=java.lang.String.equals(Ljava/lang/Object;)Z @ 8
Event: 0.890 Thread 0x000000001ede8800 Uncommon trap: reason=class_check action=maybe_recompile pc=0x000000000299a094 method=java.lang.String.equals(Ljava/lang/Object;)Z @ 8
Event: 0.890 Thread 0x000000001ede8800 Uncommon trap: reason=class_check action=maybe_recompile pc=0x000000000299a094 method=java.lang.String.equals(Ljava/lang/Object;)Z @ 8
Event: 0.895 Thread 0x000000001ede8800 Uncommon trap: reason=class_check action=maybe_recompile pc=0x000000000299a094 method=java.lang.String.equals(Ljava/lang/Object;)Z @ 8
Event: 0.918 Thread 0x000000001ede8800 Uncommon trap: reason=unstable_if action=reinterpret pc=0x0000000002bdf4b4 method=java.lang.String.regionMatches(ZILjava/lang/String;II)Z @ 123

Internal exceptions (10 events):
Event: 0.171 Thread 0x000000000233e800 Exception <a 'java/lang/NullPointerException'> (0x000000076b1ddc88) thrown at [C:\re\workspace\8-2-build-windows-amd64-cygwin\jdk8u51\3951\hotspot\src\share\vm\interpreter\linkResolver.cpp, line 1178]
Event: 0.455 Thread 0x000000001ede8800 Exception <a 'java/lang/NullPointerException'> (0x000000076bebc8d0) thrown at [C:\re\workspace\8-2-build-windows-amd64-cygwin\jdk8u51\3951\hotspot\src\share\vm\interpreter\linkResolver.cpp, line 1178]
Event: 0.455 Thread 0x000000001ede8800 Exception <a 'java/lang/NullPointerException'> (0x000000076bebc8d0) thrown at [C:\re\workspace\8-2-build-windows-amd64-cygwin\jdk8u51\3951\hotspot\src\share\vm\prims\jvm.cpp, line 1386]
Event: 0.573 Thread 0x000000001ede8800 Exception <a 'java/lang/ArrayIndexOutOfBoundsException': 58> (0x000000076c490ba0) thrown at [C:\re\workspace\8-2-build-windows-amd64-cygwin\jdk8u51\3951\hotspot\src\share\vm\interpreter\interpreterRuntime.cpp, line 366]
Event: 0.573 Thread 0x000000001ede8800 Exception <a 'java/lang/ArrayIndexOutOfBoundsException': 18> (0x000000076c491978) thrown at [C:\re\workspace\8-2-build-windows-amd64-cygwin\jdk8u51\3951\hotspot\src\share\vm\interpreter\interpreterRuntime.cpp, line 366]
Event: 0.574 Thread 0x000000001ede8800 Exception <a 'java/lang/ArrayIndexOutOfBoundsException': 86> (0x000000076c492c70) thrown at [C:\re\workspace\8-2-build-windows-amd64-cygwin\jdk8u51\3951\hotspot\src\share\vm\interpreter\interpreterRuntime.cpp, line 366]
Event: 0.627 Thread 0x000000001ede8800 Exception <a 'java/lang/ArrayIndexOutOfBoundsException'> (0x000000076c6e0060) thrown at [C:\re\workspace\8-2-build-windows-amd64-cygwin\jdk8u51\3951\hotspot\src\share\vm\runtime\sharedRuntime.cpp, line 605]
Event: 0.627 Thread 0x000000001ede8800 Exception <a 'java/lang/ArrayIndexOutOfBoundsException'> (0x000000076c6e13a0) thrown at [C:\re\workspace\8-2-build-windows-amd64-cygwin\jdk8u51\3951\hotspot\src\share\vm\runtime\sharedRuntime.cpp, line 605]
Event: 0.630 Thread 0x000000001ede8800 Exception <a 'java/lang/ArrayIndexOutOfBoundsException'> (0x000000076c6f1758) thrown at [C:\re\workspace\8-2-build-windows-amd64-cygwin\jdk8u51\3951\hotspot\src\share\vm\runtime\sharedRuntime.cpp, line 605]
Event: 0.720 Thread 0x000000001ede8800 Implicit null exception at 0x0000000002b2d8f5 to 0x0000000002b2daed

Events (10 events):
Event: 0.966 loading class javafx/scene/control/MenuItem$1
Event: 0.966 loading class javafx/scene/control/MenuItem$1 done
Event: 0.966 loading class javafx/scene/layout/VBox
Event: 0.966 loading class javafx/scene/layout/VBox done
Event: 0.966 loading class com/sun/javafx/scene/control/skin/ContextMenuContent$MenuItemContainer
Event: 0.966 loading class com/sun/javafx/scene/control/skin/ContextMenuContent$MenuItemContainer done
Event: 0.967 loading class javafx/scene/control/MenuItem$2
Event: 0.967 loading class javafx/scene/control/MenuItem$2 done
Event: 0.967 loading class com/sun/javafx/scene/control/skin/resources/ControlResources
Event: 0.967 loading class com/sun/javafx/scene/control/skin/resources/ControlResources done


Dynamic libraries:
0x000000013fca0000 - 0x000000013fcd7000 	C:\Program Files\Java\jdk1.8.0_51\jre\bin\java.exe
0x0000000076ea0000 - 0x0000000077049000 	C:\Windows\SYSTEM32\ntdll.dll
0x0000000076c80000 - 0x0000000076d9f000 	C:\Windows\system32\kernel32.dll
0x000007fefcdf0000 - 0x000007fefce5c000 	C:\Windows\system32\KERNELBASE.dll
0x000007fefdfc0000 - 0x000007fefe09b000 	C:\Windows\system32\ADVAPI32.dll
0x000007feff090000 - 0x000007feff12f000 	C:\Windows\system32\msvcrt.dll
0x000007fefdfa0000 - 0x000007fefdfbf000 	C:\Windows\SYSTEM32\sechost.dll
0x000007fefde70000 - 0x000007fefdf9d000 	C:\Windows\system32\RPCRT4.dll
0x0000000076da0000 - 0x0000000076e9a000 	C:\Windows\system32\USER32.dll
0x000007feff140000 - 0x000007feff1a7000 	C:\Windows\system32\GDI32.dll
0x000007feff130000 - 0x000007feff13e000 	C:\Windows\system32\LPK.dll
0x000007fefdda0000 - 0x000007fefde6a000 	C:\Windows\system32\USP10.dll
0x000007fefb5a0000 - 0x000007fefb794000 	C:\Windows\WinSxS\amd64_microsoft.windows.common-controls_6595b64144ccf1df_6.0.7601.18837_none_fa3b1e3d17594757\COMCTL32.dll
0x000007fefd570000 - 0x000007fefd5e1000 	C:\Windows\system32\SHLWAPI.dll
0x000007feff000000 - 0x000007feff02e000 	C:\Windows\system32\IMM32.DLL
0x000007fefe140000 - 0x000007fefe249000 	C:\Windows\system32\MSCTF.dll
0x0000000060e30000 - 0x0000000060f02000 	C:\Program Files\Java\jdk1.8.0_51\jre\bin\msvcr100.dll
0x000000005dbc0000 - 0x000000005e443000 	C:\Program Files\Java\jdk1.8.0_51\jre\bin\server\jvm.dll
0x000007fef85f0000 - 0x000007fef85f9000 	C:\Windows\system32\WSOCK32.dll
0x000007feff040000 - 0x000007feff08d000 	C:\Windows\system32\WS2_32.dll
0x000007feff030000 - 0x000007feff038000 	C:\Windows\system32\NSI.dll
0x000007fefa7a0000 - 0x000007fefa7db000 	C:\Windows\system32\WINMM.dll
0x000007fefc4e0000 - 0x000007fefc4ec000 	C:\Windows\system32\VERSION.dll
0x0000000077060000 - 0x0000000077067000 	C:\Windows\system32\PSAPI.DLL
0x0000000061790000 - 0x000000006179f000 	C:\Program Files\Java\jdk1.8.0_51\jre\bin\verify.dll
0x0000000061660000 - 0x0000000061689000 	C:\Program Files\Java\jdk1.8.0_51\jre\bin\java.dll
0x0000000061640000 - 0x0000000061656000 	C:\Program Files\Java\jdk1.8.0_51\jre\bin\zip.dll
0x000007fefe250000 - 0x000007fefefd9000 	C:\Windows\system32\SHELL32.dll
0x000007fefd8c0000 - 0x000007fefdac3000 	C:\Windows\system32\ole32.dll
0x000007fefcc50000 - 0x000007fefcc5f000 	C:\Windows\system32\profapi.dll
0x000000006cc10000 - 0x000000006cc3c000 	C:\Program Files\Java\jdk1.8.0_51\jre\bin\prism_d3d.dll
0x000007fee5640000 - 0x000007fee583f000 	C:\Windows\system32\d3d9.dll
0x000007fee5630000 - 0x000007fee5637000 	C:\Windows\system32\d3d8thk.dll
0x000007fefc3c0000 - 0x000007fefc3d8000 	C:\Windows\system32\dwmapi.dll
0x000007fefba90000 - 0x000007fefbae6000 	C:\Windows\system32\uxtheme.dll
0x000007fed97e0000 - 0x000007feda6d9000 	C:\Windows\system32\nvd3dumx.dll
0x0000000180000000 - 0x00000001801a7000 	C:\Windows\system32\nvspcap64.dll
0x000007fefd1e0000 - 0x000007fefd2b7000 	C:\Windows\system32\OLEAUT32.dll
0x000007fefd000000 - 0x000007fefd1d7000 	C:\Windows\system32\SETUPAPI.dll
0x000007fefcda0000 - 0x000007fefcdd6000 	C:\Windows\system32\CFGMGR32.dll
0x000007fefcfd0000 - 0x000007fefcfea000 	C:\Windows\system32\DEVOBJ.dll
0x000007fef2360000 - 0x000007fef23d1000 	C:\Windows\system32\WINHTTP.dll
0x000007fef22f0000 - 0x000007fef2354000 	C:\Windows\system32\webio.dll
0x000007fef97b0000 - 0x000007fef9b43000 	C:\Windows\system32\nvapi64.dll
0x000007fefca10000 - 0x000007fefca35000 	C:\Windows\system32\SspiCli.dll
0x0000000052ec0000 - 0x0000000052f01000 	C:\Program Files\Java\jdk1.8.0_51\jre\bin\glass.dll
0x000007fefd4d0000 - 0x000007fefd567000 	C:\Windows\system32\COMDLG32.dll
0x000007fefcae0000 - 0x000007fefcaef000 	C:\Windows\system32\CRYPTBASE.dll
0x000007fefaf50000 - 0x000007fefaf7c000 	C:\Windows\system32\powrprof.dll
0x000007fee3690000 - 0x000007fee3770000 	C:\Program Files (x86)\NVIDIA Corporation\3D Vision\nvSCPAPI64.dll
0x0000000053020000 - 0x0000000053035000 	C:\Program Files\Java\jdk1.8.0_51\jre\bin\javafx_font.dll
0x000007fedf550000 - 0x000007fedf6e7000 	C:\Windows\system32\dwrite.dll
0x000007fefe0a0000 - 0x000007fefe139000 	C:\Windows\system32\CLBCatQ.DLL
0x000007fefacb0000 - 0x000007fefae11000 	C:\Windows\system32\WindowsCodecs.dll
0x000007fefca40000 - 0x000007fefca97000 	C:\Windows\system32\apphelp.dll
0x000007fef4830000 - 0x000007fef486f000 	C:\Users\SISTEMAS\AppData\Local\Microsoft\SkyDrive\17.0.4023.1211\amd64\SkyDriveShell64.dll
0x000007fef30d0000 - 0x000007fef3177000 	C:\Users\SISTEMAS\AppData\Local\Microsoft\SkyDrive\17.0.4023.1211\amd64\MSVCP110.dll
0x000007fef3000000 - 0x000007fef30ce000 	C:\Users\SISTEMAS\AppData\Local\Microsoft\SkyDrive\17.0.4023.1211\amd64\MSVCR110.dll
0x000007fefd650000 - 0x000007fefd8b9000 	C:\Windows\system32\WININET.dll
0x000007fefcd90000 - 0x000007fefcd94000 	C:\Windows\system32\api-ms-win-downlevel-user32-l1-1-0.dll
0x000007fefcde0000 - 0x000007fefcde4000 	C:\Windows\system32\api-ms-win-downlevel-shlwapi-l1-1-0.dll
0x000007fefcc60000 - 0x000007fefcc64000 	C:\Windows\system32\api-ms-win-downlevel-version-l1-1-0.dll
0x000007fefcd80000 - 0x000007fefcd83000 	C:\Windows\system32\api-ms-win-downlevel-normaliz-l1-1-0.dll
0x0000000077070000 - 0x0000000077073000 	C:\Windows\system32\normaliz.DLL
0x000007fefdad0000 - 0x000007fefdd98000 	C:\Windows\system32\iertutil.dll
0x000007fefcff0000 - 0x000007fefcff5000 	C:\Windows\system32\api-ms-win-downlevel-advapi32-l1-1-0.dll
0x000007fefcd10000 - 0x000007fefcd2e000 	C:\Windows\system32\USERENV.dll
0x000007fee3440000 - 0x000007fee367f000 	C:\Program Files\Microsoft Office 15\root\VFS\ProgramFilesX64\Microsoft Office\Office15\GROOVEEX.DLL
0x000000006b840000 - 0x000000006b8d8000 	C:\Program Files\Microsoft Office 15\root\VFS\ProgramFilesX64\Microsoft Office\Office15\MSVCP100.dll
0x000000006b340000 - 0x000000006b36b000 	C:\Program Files\Microsoft Office 15\root\VFS\ProgramFilesX64\Microsoft Office\Office15\ATL100.DLL
0x000007fee3120000 - 0x000007fee343e000 	C:\Windows\system32\msi.dll
0x000007fee0300000 - 0x000007fee0b88000 	C:\Program Files\Microsoft Office 15\root\VFS\ProgramFilesX64\Microsoft Office\Office15\3082\GrooveIntlResource.dll
0x000007fee4680000 - 0x000007fee46f6000 	C:\ProgramData\MEGAsync\ShellExtX64.dll
0x000007fef2fc0000 - 0x000007fef2ff5000 	C:\Windows\system32\EhStorShell.dll
0x000007fefb070000 - 0x000007fefb19c000 	C:\Windows\system32\PROPSYS.dll
0x000007fee2ba0000 - 0x000007fee2c1e000 	C:\Windows\System32\cscui.dll
0x000007fef4820000 - 0x000007fef482c000 	C:\Windows\System32\CSCDLL.dll
0x000007feec510000 - 0x000007feec51f000 	C:\Windows\system32\CSCAPI.dll
0x000007fefa260000 - 0x000007fefa28d000 	C:\Program Files\Common Files\Microsoft Shared\Ink\rtscom.dll
0x000007feec520000 - 0x000007feec645000 	C:\Windows\system32\dbghelp.dll

VM Arguments:
jvm_args: -Dfile.encoding=UTF-8 
java_command: D:\HACIENTO PROGRAMAS JAVA FX\PUNTOVENTAS\dist\run1868821973\PUNTOVENTAS.jar
java_class_path (initial): D:\HACIENTO PROGRAMAS JAVA FX\PUNTOVENTAS\dist\run1868821973\PUNTOVENTAS.jar
Launcher Type: SUN_STANDARD

Environment Variables:
JAVA_HOME=C:\Program Files (x86)\Java\jdk1.7.0_07
PATH=C:\ProgramData\Oracle\Java\javapath;C:\Program Files (x86)\AMD APP\bin\x86_64;C:\Windows\system32;C:\Windows;C:\Windows\System32\Wbem;C:\Windows\System32\WindowsPowerShell\v1.0\;C:\Program Files (x86)\ATI Technologies\ATI.ACE\Core-Static;C:\Program Files\Microsoft SQL Server\110\Tools\Binn\;C:\Program Files (x86)\Microsoft SQL Server\110\Tools\Binn\;C:\Program Files\Microsoft SQL Server\110\DTS\Binn\;C:\Program Files (x86)\Microsoft SQL Server\110\Tools\Binn\ManagementStudio\;C:\Program Files (x86)\Microsoft Visual Studio 10.0\Common7\IDE\PrivateAssemblies\;C:\Program Files (x86)\Microsoft SQL Server\110\DTS\Binn\;C:\Program Files\Microsoft SQL Server\120\Tools\Binn\;;C:\Program Files (x86)\NVIDIA Corporation\PhysX\Common;C:\Program Files (x86)\MySQL\MySQL Fabric 1.5.4 & MySQL Utilities 1.5.4 1.5\;C:\Program Files (x86)\MySQL\MySQL Fabric 1.5.4 & MySQL Utilities 1.5.4 1.5\Doctrine extensions for PHP\;C:\Program Files (x86)\Java\jdk1.7.0_07\bin;C:\apache-tomcat-7.0.63\bin;C:\Program Files (x86)\Skype\Phone\;C:\Program Files (x86)\EasyFrom Inc\;C:\Program Files (x86)\QuickTime\QTSystem\;
USERNAME=SISTEMAS
OS=Windows_NT
PROCESSOR_IDENTIFIER=AMD64 Family 21 Model 1 Stepping 2, AuthenticAMD



---------------  S Y S T E M  ---------------

OS: Windows 7 , 64 bit Build 7601 (6.1.7601.19110)

CPU:total 6 (6 cores per cpu, 1 threads per core) family 21 model 1 stepping 2, cmov, cx8, fxsr, mmx, sse, sse2, sse3, ssse3, sse4.1, sse4.2, popcnt, avx, aes, clmul, mmxext, 3dnowpref, lzcnt, sse4a, tsc, tscinvbit, tscinv

Memory: 4k page, physical 16746724k(8653936k free), swap 33491612k(23218340k free)

vm_info: Java HotSpot(TM) 64-Bit Server VM (25.51-b03) for windows-amd64 JRE (1.8.0_51-b16), built on Jun  8 2015 18:03:07 by "java_re" with MS VC++ 10.0 (VS2010)

time: Fri May 06 10:08:16 2016
elapsed time: 1 seconds (0d 0h 0m 1s)

