#
# A fatal error has been detected by the Java Runtime Environment:
#
#  EXCEPTION_ACCESS_VIOLATION (0xc0000005) at pc=0x0000000002a886d9, pid=3368, tid=5160
#
# JRE version: Java(TM) SE Runtime Environment (8.0_51-b16) (build 1.8.0_51-b16)
# Java VM: Java HotSpot(TM) 64-Bit Server VM (25.51-b03 mixed mode windows-amd64 compressed oops)
# Problematic frame:
# J 482 C1 java.util.WeakHashMap.put(Ljava/lang/Object;Ljava/lang/Object;)Ljava/lang/Object; (162 bytes) @ 0x0000000002a886d9 [0x0000000002a885c0+0x119]
#
# Failed to write core dump. Minidumps are not enabled by default on client versions of Windows
#
# If you would like to submit a bug report, please visit:
#   http://bugreport.java.com/bugreport/crash.jsp
#

---------------  T H R E A D  ---------------

Current thread (0x000000001ea89800):  JavaThread "JavaFX Application Thread" [_thread_in_Java, id=5160, stack(0x000000001f8c0000,0x000000001f9c0000)]

siginfo: ExceptionCode=0xc0000005, reading address 0xffffffffffffffff

Registers:
RAX=0x000000001b8ceed8, RBX=0x000000000000020b, RCX=0x000000076bd16f68, RDX=0x000000076bd16f68
RSP=0x000000001f9bb290, RBP=0x000000001f9bb418, RSI=0x00000000f8004303, RDI=0x000000001bba4d70
R8 =0x000000076bd17558, R9 =0x000000076bd174e8, R10=0x00000000646fbb50, R11=0x0000000002a885e0
R12=0x0000000000000000, R13=0x000000001f9bb3a0, R14=0x00000007c0021818, R15=0x000000001ea89800
RIP=0x0000000002a886d9, EFLAGS=0x0000000000010202

Top of Stack: (sp=0x000000001f9bb290)
0x000000001f9bb290:   0000000002887800 00000000028a2bcc
0x000000001f9bb2a0:   000000001ea89800 00000000000000bc
0x000000001f9bb2b0:   000000001f9bb2c8 000000001f9bb318
0x000000001f9bb2c0:   0000000002887ced 00000000028a2b94
0x000000001f9bb2d0:   000000076bd17558 000000001f9bb2d8
0x000000001f9bb2e0:   000000001b9f6131 000000001f9bb340
0x000000001f9bb2f0:   000000001b9f69e8 0000000000000000
0x000000001f9bb300:   000000001b9f6158 0000000000000000
0x000000001f9bb310:   000000001f9bb328 000000001f9bb388
0x000000001f9bb320:   0000000002887ced 0000000000000129
0x000000001f9bb330:   000000076bd174e8 000000076bd17488
0x000000001f9bb340:   000000076bd16f68 000000001f9bb348
0x000000001f9bb350:   000000076bd174e8 000000001f9bb3b8
0x000000001f9bb360:   000000001b9f6e30 0000000000000000
0x000000001f9bb370:   000000001b9f55a8 0000000000000000
0x000000001f9bb380:   000000001f9bb418 0000000002887b44 

Instructions: (pc=0x0000000002a886d9)
0x0000000002a886b9:   60 f1 d2 6a 07 00 00 00 4c 89 8c 24 c0 00 00 00
0x0000000002a886c9:   48 8b f2 48 bf 70 4d ba 1b 00 00 00 00 8b 76 08
0x0000000002a886d9:   48 41 e6 03 48 3b b7 20 01 00 00 75 0d 48 83 87
0x0000000002a886e9:   28 01 00 00 01 e9 66 00 00 00 48 3b b7 30 01 00 


Register to memory mapping:

RAX={method} {0x000000001b8ceee0} 'put' '(Ljava/lang/Object;Ljava/lang/Object;)Ljava/lang/Object;' in 'java/util/WeakHashMap'
RBX=0x000000000000020b is an unknown value
RCX=0x000000076bd16f68 is an oop
java.util.WeakHashMap 
 - klass: 'java/util/WeakHashMap'
RDX=0x000000076bd16f68 is an oop
java.util.WeakHashMap 
 - klass: 'java/util/WeakHashMap'
RSP=0x000000001f9bb290 is pointing into the stack for thread: 0x000000001ea89800
RBP=0x000000001f9bb418 is pointing into the stack for thread: 0x000000001ea89800
RSI=0x00000000f8004303 is an unknown value
RDI=0x000000001bba4d70 is pointing into metadata
R8 =0x000000076bd17558 is an oop
java.util.zip.ZipFile$ZipFileInflaterInputStream 
 - klass: 'java/util/zip/ZipFile$ZipFileInflaterInputStream'
R9 =0x000000076bd174e8 is an oop
java.util.zip.Inflater 
 - klass: 'java/util/zip/Inflater'
R10=0x00000000646fbb50 is an unknown value
R11=0x0000000002a885e0 is at entry_point+32 in (nmethod*)0x0000000002a88390
R12=0x0000000000000000 is an unknown value
R13=0x000000001f9bb3a0 is pointing into the stack for thread: 0x000000001ea89800
R14=0x00000007c0021818 is pointing into metadata
R15=0x000000001ea89800 is a thread


Stack: [0x000000001f8c0000,0x000000001f9c0000],  sp=0x000000001f9bb290,  free space=1004k
Native frames: (J=compiled Java code, j=interpreted, Vv=VM code, C=native code)
C  0x0000000002a886d9


---------------  P R O C E S S  ---------------

Java Threads: ( => current thread )
  0x000000001eab4800 JavaThread "Thread-3" daemon [_thread_in_native, id=4092, stack(0x00000000210e0000,0x00000000211e0000)]
  0x000000001eab0800 JavaThread "JavaFX-Launcher" [_thread_blocked, id=916, stack(0x0000000021360000,0x0000000021460000)]
=>0x000000001ea89800 JavaThread "JavaFX Application Thread" [_thread_in_Java, id=5160, stack(0x000000001f8c0000,0x000000001f9c0000)]
  0x000000001ea87000 JavaThread "Thread-1" daemon [_thread_blocked, id=2408, stack(0x000000001f720000,0x000000001f820000)]
  0x000000001ea55000 JavaThread "QuantumRenderer-0" daemon [_thread_blocked, id=4320, stack(0x000000001f270000,0x000000001f370000)]
  0x000000001deb8000 JavaThread "Service Thread" daemon [_thread_blocked, id=1728, stack(0x000000001e760000,0x000000001e860000)]
  0x000000001de2b000 JavaThread "C1 CompilerThread2" daemon [_thread_blocked, id=6620, stack(0x000000001e630000,0x000000001e730000)]
  0x000000001de29800 JavaThread "C2 CompilerThread1" daemon [_thread_blocked, id=4112, stack(0x000000001d9d0000,0x000000001dad0000)]
  0x000000001de22800 JavaThread "C2 CompilerThread0" daemon [_thread_blocked, id=5652, stack(0x000000001e470000,0x000000001e570000)]
  0x000000001de20800 JavaThread "Attach Listener" daemon [_thread_blocked, id=4208, stack(0x000000001e370000,0x000000001e470000)]
  0x000000001de1f800 JavaThread "Signal Dispatcher" daemon [_thread_blocked, id=2756, stack(0x000000001e210000,0x000000001e310000)]
  0x000000001c1b4800 JavaThread "Finalizer" daemon [_thread_blocked, id=4012, stack(0x000000001dcd0000,0x000000001ddd0000)]
  0x000000001c1ac800 JavaThread "Reference Handler" daemon [_thread_blocked, id=6752, stack(0x000000001dae0000,0x000000001dbe0000)]
  0x00000000021fe800 JavaThread "main" [_thread_blocked, id=7108, stack(0x00000000024b0000,0x00000000025b0000)]

Other Threads:
  0x000000001c1a6800 VMThread [stack: 0x000000001d820000,0x000000001d920000] [id=6820]
  0x000000001debc000 WatcherThread [stack: 0x000000001e8f0000,0x000000001e9f0000] [id=4676]

VM state:not at safepoint (normal execution)

VM Mutex/Monitor currently owned by a thread: None

Heap:
 PSYoungGen      total 76288K, used 17071K [0x000000076ad00000, 0x0000000770200000, 0x00000007c0000000)
  eden space 65536K, 26% used [0x000000076ad00000,0x000000076bdabe58,0x000000076ed00000)
  from space 10752K, 0% used [0x000000076f780000,0x000000076f780000,0x0000000770200000)
  to   space 10752K, 0% used [0x000000076ed00000,0x000000076ed00000,0x000000076f780000)
 ParOldGen       total 175104K, used 0K [0x00000006c0600000, 0x00000006cb100000, 0x000000076ad00000)
  object space 175104K, 0% used [0x00000006c0600000,0x00000006c0600000,0x00000006cb100000)
 Metaspace       used 6870K, capacity 7244K, committed 7424K, reserved 1056768K
  class space    used 821K, capacity 925K, committed 1024K, reserved 1048576K

Card table byte_map: [0x0000000011c40000,0x0000000012440000] byte_map_base: 0x000000000e63d000

Marking Bits: (ParMarkBitMap*) 0x0000000064714040
 Begin Bits: [0x0000000012ff0000, 0x0000000016fd8000)
 End Bits:   [0x0000000016fd8000, 0x000000001afc0000)

Polling page: 0x0000000000140000

CodeCache: size=245760Kb used=2085Kb max_used=2097Kb free=243674Kb
 bounds [0x0000000002880000, 0x0000000002af0000, 0x0000000011880000]
 total_blobs=856 nmethods=485 adapters=285
 compilation: enabled

Compilation events (10 events):
Event: 0.379 Thread 0x000000001de29800  479       4       java.lang.String::startsWith (7 bytes)
Event: 0.381 Thread 0x000000001de29800 nmethod 479 0x0000000002a87f10 code [0x0000000002a88060, 0x0000000002a88218]
Event: 0.382 Thread 0x000000001de2b000  480       3       java.util.WeakHashMap::remove (133 bytes)
Event: 0.383 Thread 0x000000001de2b000 nmethod 480 0x0000000002a7f950 code [0x0000000002a7fb40, 0x0000000002a80628]
Event: 0.383 Thread 0x000000001de2b000  481       3       java.lang.String::indexOf (166 bytes)
Event: 0.384 Thread 0x000000001de2b000 nmethod 481 0x0000000002a87350 code [0x0000000002a87500, 0x0000000002a87b50]
Event: 0.384 Thread 0x000000001de2b000  482       3       java.util.WeakHashMap::put (162 bytes)
Event: 0.384 Thread 0x000000001de22800  485       4       java.lang.StringBuilder::append (8 bytes)
Event: 0.384 Thread 0x000000001de2b000 nmethod 482 0x0000000002a88390 code [0x0000000002a885c0, 0x0000000002a89478]
Event: 0.385 Thread 0x000000001de2b000  484       3       java.nio.Buffer::position (43 bytes)

GC Heap History (0 events):
No events

Deoptimization events (2 events):
Event: 0.377 Thread 0x000000001ea89800 Uncommon trap: reason=unstable_if action=reinterpret pc=0x0000000002a63d84 method=java.lang.String.indexOf([CII[CIII)I @ 134
Event: 0.377 Thread 0x000000001ea89800 Uncommon trap: reason=unstable_if action=reinterpret pc=0x0000000002a3741c method=java.lang.String.replace(CC)Ljava/lang/String; @ 26

Internal exceptions (9 events):
Event: 0.037 Thread 0x00000000021fe800 Exception <a 'java/lang/NoSuchMethodError': Method sun.misc.Unsafe.defineClass(Ljava/lang/String;[BII)Ljava/lang/Class; name or signature does not match> (0x000000076ad0d768) thrown at [C:\re\workspace\8-2-build-windows-amd64-cygwin\jdk8u51\3951\hotspot\srµ4ÿ:¯×¢?
Event: 0.037 Thread 0x00000000021fe800 Exception <a 'java/lang/NoSuchMethodError': Method sun.misc.Unsafe.prefetchRead(Ljava/lang/Object;J)V name or signature does not match> (0x000000076ad0d9f8) thrown at [C:\re\workspace\8-2-build-windows-amd64-cygwin\jdk8u51\3951\hotspot\src\share\vm\prims\j¸ú¼ãûÂ?
Event: 0.148 Thread 0x00000000021fe800 Exception <a 'java/lang/NoSuchFieldError': method resolution failed> (0x000000076b13f2c8) thrown at [C:\re\workspace\8-2-build-windows-amd64-cygwin\jdk8u51\3951\hotspot\src\share\vm\prims\methodHandles.cpp, line 1125]
Event: 0.150 Thread 0x00000000021fe800 Exception <a 'java/lang/NoSuchFieldError': method resolution failed> (0x000000076b14d998) thrown at [C:\re\workspace\8-2-build-windows-amd64-cygwin\jdk8u51\3951\hotspot\src\share\vm\prims\methodHandles.cpp, line 1125]
Event: 0.170 Thread 0x00000000021fe800 Exception <a 'java/security/PrivilegedActionException'> (0x000000076b1d7300) thrown at [C:\re\workspace\8-2-build-windows-amd64-cygwin\jdk8u51\3951\hotspot\src\share\vm\prims\jvm.cpp, line 1382]
Event: 0.170 Thread 0x00000000021fe800 Exception <a 'java/security/PrivilegedActionException'> (0x000000076b1d74b8) thrown at [C:\re\workspace\8-2-build-windows-amd64-cygwin\jdk8u51\3951\hotspot\src\share\vm\prims\jvm.cpp, line 1382]
Event: 0.170 Thread 0x00000000021fe800 Exception <a 'java/security/PrivilegedActionException'> (0x000000076b1db250) thrown at [C:\re\workspace\8-2-build-windows-amd64-cygwin\jdk8u51\3951\hotspot\src\share\vm\prims\jvm.cpp, line 1382]
Event: 0.170 Thread 0x00000000021fe800 Exception <a 'java/security/PrivilegedActionException'> (0x000000076b1db408) thrown at [C:\re\workspace\8-2-build-windows-amd64-cygwin\jdk8u51\3951\hotspot\src\share\vm\prims\jvm.cpp, line 1382]
Event: 0.171 Thread 0x00000000021fe800 Exception <a 'java/lang/NullPointerException'> (0x000000076b1db988) thrown at [C:\re\workspace\8-2-build-windows-amd64-cygwin\jdk8u51\3951\hotspot\src\share\vm\interpreter\linkResolver.cpp, line 1178]

Events (10 events):
Event: 0.381 loading class sun/misc/URLClassPath$1
Event: 0.381 loading class sun/misc/URLClassPath$1 done
Event: 0.382 loading class java/net/URLClassLoader$3
Event: 0.382 loading class java/net/URLClassLoader$3 done
Event: 0.382 loading class sun/misc/CompoundEnumeration
Event: 0.382 loading class sun/misc/CompoundEnumeration done
Event: 0.382 loading class java/net/URLClassLoader$3$1
Event: 0.382 loading class java/net/URLClassLoader$3$1 done
Event: 0.383 loading class sun/misc/URLClassPath$FileLoader
Event: 0.383 loading class sun/misc/URLClassPath$FileLoader done


Dynamic libraries:
0x000000013f5a0000 - 0x000000013f5d7000 	C:\Program Files\Java\jdk1.8.0_51\jre\bin\java.exe
0x00000000773a0000 - 0x0000000077549000 	C:\Windows\SYSTEM32\ntdll.dll
0x0000000077180000 - 0x000000007729f000 	C:\Windows\system32\kernel32.dll
0x000007fefd410000 - 0x000007fefd47c000 	C:\Windows\system32\KERNELBASE.dll
0x000007feff150000 - 0x000007feff22b000 	C:\Windows\system32\ADVAPI32.dll
0x000007fefd6a0000 - 0x000007fefd73f000 	C:\Windows\system32\msvcrt.dll
0x000007fefefa0000 - 0x000007fefefbf000 	C:\Windows\SYSTEM32\sechost.dll
0x000007fefd570000 - 0x000007fefd69d000 	C:\Windows\system32\RPCRT4.dll
0x00000000772a0000 - 0x000000007739a000 	C:\Windows\system32\USER32.dll
0x000007feff5f0000 - 0x000007feff657000 	C:\Windows\system32\GDI32.dll
0x000007fefd560000 - 0x000007fefd56e000 	C:\Windows\system32\LPK.dll
0x000007feff520000 - 0x000007feff5ea000 	C:\Windows\system32\USP10.dll
0x000007fefbbe0000 - 0x000007fefbdd4000 	C:\Windows\WinSxS\amd64_microsoft.windows.common-controls_6595b64144ccf1df_6.0.7601.18837_none_fa3b1e3d17594757\COMCTL32.dll
0x000007fefd8d0000 - 0x000007fefd941000 	C:\Windows\system32\SHLWAPI.dll
0x000007fefefc0000 - 0x000007fefefee000 	C:\Windows\system32\IMM32.DLL
0x000007feff230000 - 0x000007feff339000 	C:\Windows\system32\MSCTF.dll
0x0000000064f50000 - 0x0000000065022000 	C:\Program Files\Java\jdk1.8.0_51\jre\bin\msvcr100.dll
0x0000000063f10000 - 0x0000000064793000 	C:\Program Files\Java\jdk1.8.0_51\jre\bin\server\jvm.dll
0x000007fef4300000 - 0x000007fef4309000 	C:\Windows\system32\WSOCK32.dll
0x000007feff660000 - 0x000007feff6ad000 	C:\Windows\system32\WS2_32.dll
0x000007fefd9f0000 - 0x000007fefd9f8000 	C:\Windows\system32\NSI.dll
0x000007fefaca0000 - 0x000007fefacdb000 	C:\Windows\system32\WINMM.dll
0x000007fefcaa0000 - 0x000007fefcaac000 	C:\Windows\system32\VERSION.dll
0x0000000077560000 - 0x0000000077567000 	C:\Windows\system32\PSAPI.DLL
0x000000006a1a0000 - 0x000000006a1af000 	C:\Program Files\Java\jdk1.8.0_51\jre\bin\verify.dll
0x0000000068f10000 - 0x0000000068f39000 	C:\Program Files\Java\jdk1.8.0_51\jre\bin\java.dll
0x000000006a170000 - 0x000000006a186000 	C:\Program Files\Java\jdk1.8.0_51\jre\bin\zip.dll
0x000007fefe000000 - 0x000007fefed89000 	C:\Windows\system32\SHELL32.dll
0x000007fefed90000 - 0x000007fefef93000 	C:\Windows\system32\ole32.dll
0x000007fefd150000 - 0x000007fefd15f000 	C:\Windows\system32\profapi.dll
0x0000000060a50000 - 0x0000000060a7c000 	C:\Program Files\Java\jdk1.8.0_51\jre\bin\prism_d3d.dll
0x000007fee5910000 - 0x000007fee5b0f000 	C:\Windows\system32\d3d9.dll
0x000007fee58e0000 - 0x000007fee58e7000 	C:\Windows\system32\d3d8thk.dll
0x000007fefc150000 - 0x000007fefc168000 	C:\Windows\system32\dwmapi.dll
0x000007fefc900000 - 0x000007fefc956000 	C:\Windows\system32\uxtheme.dll
0x000007fee2f10000 - 0x000007fee3e09000 	C:\Windows\system32\nvd3dumx.dll
0x0000000180000000 - 0x00000001801a7000 	C:\Windows\system32\nvspcap64.dll
0x000007fefeff0000 - 0x000007feff0c7000 	C:\Windows\system32\OLEAUT32.dll
0x000007feff340000 - 0x000007feff517000 	C:\Windows\system32\SETUPAPI.dll
0x000007fefd4b0000 - 0x000007fefd4e6000 	C:\Windows\system32\CFGMGR32.dll
0x000007fefd1a0000 - 0x000007fefd1ba000 	C:\Windows\system32\DEVOBJ.dll
0x000007fef2720000 - 0x000007fef2791000 	C:\Windows\system32\WINHTTP.dll
0x000007fef26b0000 - 0x000007fef2714000 	C:\Windows\system32\webio.dll
0x000007fef9dc0000 - 0x000007fefa153000 	C:\Windows\system32\nvapi64.dll
0x000007fefcf10000 - 0x000007fefcf35000 	C:\Windows\system32\SspiCli.dll
0x0000000060a00000 - 0x0000000060a41000 	C:\Program Files\Java\jdk1.8.0_51\jre\bin\glass.dll
0x000007fefd950000 - 0x000007fefd9e7000 	C:\Windows\system32\COMDLG32.dll
0x000007fefcfe0000 - 0x000007fefcfef000 	C:\Windows\system32\CRYPTBASE.dll
0x000007fefb2a0000 - 0x000007fefb2cc000 	C:\Windows\system32\powrprof.dll
0x000007fef6250000 - 0x000007fef6330000 	C:\Program Files (x86)\NVIDIA Corporation\3D Vision\nvSCPAPI64.dll
0x000007feecb60000 - 0x000007feecc85000 	C:\Windows\system32\dbghelp.dll

VM Arguments:
jvm_args: -Dfile.encoding=UTF-8 
java_command: D:\HACIENTO PROGRAMAS JAVA FX\PUNTOVENTAS\dist\run1746734652\PUNTOVENTAS.jar
java_class_path (initial): D:\HACIENTO PROGRAMAS JAVA FX\PUNTOVENTAS\dist\run1746734652\PUNTOVENTAS.jar
Launcher Type: SUN_STANDARD

Environment Variables:
JAVA_HOME=C:\Program Files (x86)\Java\jdk1.7.0_07
PATH=C:\ProgramData\Oracle\Java\javapath;C:\Program Files (x86)\AMD APP\bin\x86_64;C:\Windows\system32;C:\Windows;C:\Windows\System32\Wbem;C:\Windows\System32\WindowsPowerShell\v1.0\;C:\Program Files (x86)\ATI Technologies\ATI.ACE\Core-Static;C:\Program Files\Microsoft SQL Server\110\Tools\Binn\;C:\Program Files (x86)\Microsoft SQL Server\110\Tools\Binn\;C:\Program Files\Microsoft SQL Server\110\DTS\Binn\;C:\Program Files (x86)\Microsoft SQL Server\110\Tools\Binn\ManagementStudio\;C:\Program Files (x86)\Microsoft Visual Studio 10.0\Common7\IDE\PrivateAssemblies\;C:\Program Files (x86)\Microsoft SQL Server\110\DTS\Binn\;C:\Program Files\Microsoft SQL Server\120\Tools\Binn\;;C:\Program Files (x86)\NVIDIA Corporation\PhysX\Common;C:\Program Files (x86)\QuickTime\QTSystem\;C:\Program Files (x86)\MySQL\MySQL Fabric 1.5.4 & MySQL Utilities 1.5.4 1.5\;C:\Program Files (x86)\MySQL\MySQL Fabric 1.5.4 & MySQL Utilities 1.5.4 1.5\Doctrine extensions for PHP\;C:\Program Files (x86)\Java\jdk1.7.0_07\bin;C:\apache-tomcat-7.0.63\bin;C:\Program Files (x86)\Skype\Phone\;C:\Program Files (x86)\EasyFrom Inc\;
USERNAME=SISTEMAS
OS=Windows_NT
PROCESSOR_IDENTIFIER=AMD64 Family 21 Model 1 Stepping 2, AuthenticAMD



---------------  S Y S T E M  ---------------

OS: Windows 7 , 64 bit Build 7601 (6.1.7601.19110)

CPU:total 6 (6 cores per cpu, 1 threads per core) family 21 model 1 stepping 2, cmov, cx8, fxsr, mmx, sse, sse2, sse3, ssse3, sse4.1, sse4.2, popcnt, avx, aes, clmul, mmxext, 3dnowpref, lzcnt, sse4a, tsc, tscinvbit, tscinv

Memory: 4k page, physical 16746724k(11145376k free), swap 33491612k(26654996k free)

vm_info: Java HotSpot(TM) 64-Bit Server VM (25.51-b03) for windows-amd64 JRE (1.8.0_51-b16), built on Jun  8 2015 18:03:07 by "java_re" with MS VC++ 10.0 (VS2010)

time: Thu Apr 21 15:58:40 2016
elapsed time: 0 seconds (0d 0h 0m 0s)

